129 44 168 183 47 62 47 58 86 174 5 40 88 33 87 96 63 96 97 76 97 91 2 188 16 54 152 79 61 26 128 190 177 65 27 160 28 15 145 0 82 171 121 150 121 53 191 57 123 49 155 17 8 48 189 27 55 31 10 110 14 69 126 39 178 175 42 21 64 163 60 78 125 108 114 151 140 196 25 59 95 156 99 56 51 6 85 195 157 29 194 23 192 105 98 109 107 100 122 30 184 30 66 30 111 142 180 13 50 81 158 141 11 4 197 167 101 84 80 161 9 103 12 89 137 92 83 130 36 83 129
100
36 36
130 130
92 92
137 137
89 89
103 103
9 9
161 161
84 84
101 101
197 197
4 4
11 11
158 158
81 81
50 50
13 13
180 180
142 142
66 66
184 184
122 122
100 100
107 107
109 109
98 98
105 105
192 192
23 23
194 194
29 29
157 157
195 195
85 85
6 6
51 51
56 56
99 99
156 156
95 95
59 59
25 25
196 196
151 151
114 114
108 108
125 125
163 163
64 64
21 21
175 175
178 178
39 39
126 126
14 14
110 110
55 55
189 189
48 48
8 8
17 17
155 155
49 49
123 123
57 57
191 191
53 53
121 121
150 150
171 171
82 82
0 0
145 145
15 15
160 160
65 65
177 177
190 190
128 128
26 26
61 61
152 152
16 16
188 188
2 2
91 91
97 97
76 76
96 96
63 63
87 87
33 33
88 88
40 40
5 5
174 174
58 58
44 44
183 183
62 62
