85 24 0 24 81 24 43 85 54 61 8 61 57 19 64 88 27 4 69 42 92 42 53 45 14 55 14 48 80 49 46 49 37 21 7 21 76 21 15 74 50 74 82 51 82 87 10 93 10 6 35 13 34 52 32 86 31 83 16 66 47 41 22 70 68 59 44 91 60 96 60 99 56 33 71 5 1 70 38 14 17 95 29 98 25 23 25 77 72 63 89 79 89 11 36 28 36 94 85
50
43 43
81 81
0 0
94 94
28 28
11 11
79 79
77 77
23 23
98 98
17 17
38 38
1 1
71 71
56 56
99 99
96 96
91 91
44 44
68 68
22 22
47 47
16 16
31 31
86 86
52 52
34 34
13 13
35 35
93 93
87 87
51 51
50 50
15 15
76 76
7 7
37 37
46 46
80 80
48 48
55 55
45 45
53 53
92 92
69 69
27 27
64 64
57 57
54 54
8 8
