99 58 102 58 149 154 122 48 88 101 111 45 41 45 185 16 17 16 190 16 148 121 18 43 97 43 66 43 56 96 157 119 157 96 132 96 157 172 157 168 86 181 86 146 2 47 8 135 61 54 129 28 137 150 137 186 85 127 85 174 85 63 2 40 2 112 71 192 71 80 62 73 62 128 164 95 24 95 106 159 131 105 92 52 22 52 103 52 167 76 161 139 33 139 12 1 19 184 95 183 29 13 68 187 38 25 69 173 69 83 69 82 31 94 107 9 81 100 81 158 81 126 49 10 49 125 49 123 116 163 116 117 116 27 46 55 144 169 104 130 162 53 162 0 21 78 21 5 138 20 138 170 113 124 113 51 113 30 113 114 113 59 64 165 23 180 120 171 120 160 84 166 74 42 199 26 199 39 176 35 14 4 118 142 156 70 175 15 175 188 79 178 79 75 6 34 32 152 90 152 98 36 155 110 151 176 99
101
99 99
151 151
155 155
98 98
90 90
34 34
75 75
178 178
188 188
15 15
70 70
142 142
4 4
35 35
39 39
26 26
42 42
166 166
160 160
171 171
180 180
165 165
59 59
114 114
30 30
51 51
124 124
170 170
20 20
5 5
78 78
0 0
53 53
130 130
169 169
55 55
27 27
117 117
163 163
123 123
125 125
10 10
126 126
158 158
100 100
9 9
94 94
82 82
83 83
173 173
25 25
68 68
183 183
184 184
1 1
12 12
33 33
161 161
167 167
52 22
103 103
22 22
92 92
131 131
106 106
24 24
164 164
73 73
80 80
192 192
112 112
40 40
63 63
174 174
127 127
186 186
150 150
28 28
61 61
8 8
47 47
146 146
181 181
168 168
172 172
132 132
119 119
56 56
66 66
97 97
18 18
148 148
190 190
17 17
185 185
41 41
111 111
88 88
122 122
149 149
102 102
