destitute namesake jewel Auberge Modesto Elizabethan combine extractor mediate bobble McCall tate diligent swingy midget funny Gilmore Hindi MN Isfahan balustrade stanza Injun illusion amateur slowdown schedule connubial shroud choice fatten trill yogurt Vega Andersen Halstead embassy Dominican Bleeker minion Dominican covariate Fisk anvil sacrifice swordfish Hewlett decor Hewlett creekside septillion transpiration septillion papal ripe Darwin Rio Loomis destitute
50
Loomis Loomis
Rio Rio
Darwin Darwin
ripe ripe
papal papal
septillion septillion
transpiration transpiration
creekside creekside
Hewlett Hewlett
decor decor
swordfish swordfish
anvil anvil
Fisk Fisk
Dominican Dominican
minion minion
Bleeker Bleeker
embassy embassy
Halstead Halstead
Andersen Andersen
Vega Vega
yogurt yogurt
trill trill
fatten fatten
choice choice
shroud shroud
connubial connubial
schedule schedule
slowdown slowdown
amateur amateur
illusion illusion
Injun Injun
stanza stanza
balustrade balustrade
Isfahan Isfahan
MN MN
Hindi Hindi
Gilmore Gilmore
funny funny
midget midget
swingy swingy
diligent diligent
tate tate
McCall McCall
bobble bobble
mediate mediate
extractor extractor
Elizabethan Elizabethan
Modesto Modesto
Auberge Auberge
jewel jewel
