woebegone encumbrance transonic atom bifurcate update icon torus coarse Zorn December Hewlett Durango Reilly Durango sinh monotonous dreadnought monotonous MN exothermic MN casserole renaissance casserole felony tate felony equipping felony Isfahan thoroughfare balustrade babysat balustrade imperishable switchmen Gilmore simulate Stephen PDP whatsoever Sunday silage Sunday PDP limitate PDP oriole bunch midstream noon inform secondary inform millennium funky mediate Fisk swingy dull archive papal car softball anvil administer stanza numerology diligent numerology viscous numerology directory bat Winchester connubial Simon yogurt trimester transfuse illusion griddle illusion trimester Curtis deduce Tucson extrovert Andersen cowhand explosion cowhand Irvin mack clout Injun Modesto swordfish Rodney Auberge Rodney Simon Goodrich Elizabethan Darwin catenate thirteen broil barnacle yearn funny wingspread shovel choice lexicon Vega lexicon slowdown involuntary mitre spill involuntary backplate relaxation postscript Wheller hamper sphalerite McCall septillion embroil fulsome trill woebegone
99
fulsome fulsome
embroil embroil
septillion septillion
McCall McCall
sphalerite sphalerite
Wheller Wheller
postscript postscript
relaxation relaxation
backplate backplate
involuntary involuntary
spill spill
mitre mitre
slowdown slowdown
Vega Vega
choice choice
shovel shovel
wingspread wingspread
funny funny
yearn yearn
barnacle barnacle
broil broil
thirteen thirteen
catenate catenate
Darwin Darwin
Goodrich Goodrich
Simon Simon
Rodney Rodney
Auberge Auberge
swordfish swordfish
Modesto Modesto
mack mack
Irvin Irvin
explosion explosion
Andersen Andersen
extrovert extrovert
Tucson Tucson
deduce deduce
Curtis Curtis
trimester trimester
illusion illusion
griddle griddle
transfuse transfuse
yogurt yogurt
connubial connubial
Winchester Winchester
bat bat
directory directory
numerology numerology diligent
viscous viscous
stanza stanza
administer administer
anvil anvil
softball softball
car car
papal papal
archive archive
dull dull
swingy swingy
Fisk Fisk
mediate mediate
funky funky
millennium millennium
inform inform
secondary secondary
noon noon
midstream midstream
bunch bunch
oriole oriole
PDP PDP
limitate limitate
Sunday Sunday
silage silage
whatsoever whatsoever
Stephen Stephen
simulate simulate
Gilmore Gilmore
imperishable imperishable
babysat babysat
thoroughfare thoroughfare
Isfahan Isfahan
felony felony
equipping equipping
tate tate
casserole casserole
renaissance renaissance
exothermic exothermic
monotonous monotonous
dreadnought dreadnought
sinh sinh
transonic transonic
bifurcate bifurcate
update update
icon icon
coarse coarse
Zorn Zorn
December December
Hewlett Hewlett
Durango Durango
Reilly Reilly
