exothermic felony Irvin decor shovel trill combine Iowa FPC extrovert sacrifice Sicilian Halstead choice tate coarse midget lordosis intangible Tucson Bernini amateur Injun Curtis McCall Andersen McCall namesake Dominican yogurt swordfish wafer swordfish exothermic
25
swordfish swordfish
wafer wafer
yogurt yogurt
namesake namesake
McCall McCall
Andersen Andersen
Curtis Curtis
Injun Injun
amateur amateur
Bernini Bernini
Tucson Tucson
lordosis lordosis
midget midget
coarse coarse
Halstead Halstead
sacrifice sacrifice
extrovert extrovert
FPC FPC
Iowa Iowa
combine combine
trill trill
shovel shovel
decor decor
Irvin Irvin
felony felony
