fmdhlepsteinstdnkill nhmkilllsftepsteindd ddepsteinhltfkillsmn nmlfshtdkillepsteind depsteinnlsfmhtkilld fkillepsteinmldnhstd epsteinkillnmsdhtdlf nepsteinlmdkilldhfts ntlepsteindmfdshkill killmlepsteindthnfsd fepsteinhsntddkilllm lsdepsteinfmkillndth tlmsdhdnkillfepstein lsdepsteinfmkillndth tlmsdhdnkillfepstein hsndepsteindlmtkillf lndsdkilltmepsteinhf fshtdepsteinmldnkill dmepsteinfnhltkillsd stepsteinhkillfmnldd lnsmkilltfdepsteindh lhsepsteindtdnmkillf fhndskillepsteintldm ddlmnftepsteinhskill hnsdkilllftdmepstein epsteinfsddmthkillnl tlsfdmdepsteinnhkill epsteinfsddmthkillnl dhepsteindsnlkillfmt epsteinfsddmthkillnl hnsdkilllftdmepstein dnkillepsteinlshdtfm lmhdtfdepsteinnkills ndkillftdsmepsteinlh dhkilllsepsteinmntdf killepsteinlhtfdsmdn epsteinlshkilldnfdmt flepsteindndhmtkills killdmnsfhldepsteint epsteintdkilllnfdhms killdmnsfhldepsteint msfltdkillnepsteinhd hnfdtmlepsteinkillds hdepsteinskillldtnfm hnfdtmlepsteinkillds epsteindfhlmdnskillt dlnsthfmepsteinkilld epsteindfhlmdnskillt fmsepsteindntldhkill tlmsdhdnkillfepstein tmlepsteinsdnfkillhd epsteinskilldlndhmtf lthfkilldnsmepsteind hepsteinsddnfkillmlt nkilltdhlmdepsteinsf hepsteinsddnfkillmlt ddtmkillepsteinflsnh fddsepsteinhnlkilltm fdshnmkillepsteinltd killnsfmhdepsteindtl nfdhkilllsmtepsteind dfkilllmtepsteinhdsn tdfepsteinnlhdkillsm epsteinmhndfkilltdls tdfepsteinnlhdkillsm tfdmdslepsteinkillnh hsdfepsteintlnkilldm lhepsteinkilldtnmfsd tmsdnfdlkillhepstein mftkillepsteinndlhsd tmsdnfdlkillhepstein nltdmsfepsteinkilldh fkillepsteindlhdnsmt epsteinkillmsftnddlh dnkillepsteinlshdtfm epsteindlsfdntmkillh fmdhlepsteinstdnkill
51
epsteindlsfdntmkillh epsteindlsfdntmkillh
dnkillepsteinlshdtfm dnkillepsteinlshdtfm
epsteinkillmsftnddlh epsteinkillmsftnddlh
nltdmsfepsteinkilldh nltdmsfepsteinkilldh
mftkillepsteinndlhsd mftkillepsteinndlhsd
lhepsteinkilldtnmfsd lhepsteinkilldtnmfsd
hsdfepsteintlnkilldm hsdfepsteintlnkilldm
epsteinmhndfkilltdls epsteinmhndfkilltdls
dfkilllmtepsteinhdsn dfkilllmtepsteinhdsn
nfdhkilllsmtepsteind nfdhkilllsmtepsteind
killnsfmhdepsteindtl killnsfmhdepsteindtl
fdshnmkillepsteinltd fdshnmkillepsteinltd
ddtmkillepsteinflsnh ddtmkillepsteinflsnh
hepsteinsddnfkillmlt hepsteinsddnfkillmlt
nkilltdhlmdepsteinsf nkilltdhlmdepsteinsf
epsteinskilldlndhmtf epsteinskilldlndhmtf
tmlepsteinsdnfkillhd tmlepsteinsdnfkillhd
tlmsdhdnkillfepstein tlmsdhdnkillfepstein
fmsepsteindntldhkill fmsepsteindntldhkill
epsteindfhlmdnskillt epsteindfhlmdnskillt
dlnsthfmepsteinkilld dlnsthfmepsteinkilld
hnfdtmlepsteinkillds hnfdtmlepsteinkillds
hdepsteinskillldtnfm hdepsteinskillldtnfm
msfltdkillnepsteinhd msfltdkillnepsteinhd
killdmnsfhldepsteint killdmnsfhldepsteint
epsteintdkilllnfdhms epsteintdkilllnfdhms
flepsteindndhmtkills flepsteindndhmtkills
epsteinlshkilldnfdmt epsteinlshkilldnfdmt
killepsteinlhtfdsmdn killepsteinlhtfdsmdn
dhkilllsepsteinmntdf dhkilllsepsteinmntdf
ndkillftdsmepsteinlh ndkillftdsmepsteinlh
lmhdtfdepsteinnkills lmhdtfdepsteinnkills
hnsdkilllftdmepstein hnsdkilllftdmepstein
epsteinfsddmthkillnl dhepsteindsnlkillfmt
dhepsteindsnlkillfmt dhepsteindsnlkillfmt
tlsfdmdepsteinnhkill tlsfdmdepsteinnhkill
ddlmnftepsteinhskill ddlmnftepsteinhskill
fhndskillepsteintldm fhndskillepsteintldm
lnsmkilltfdepsteindh lnsmkilltfdepsteindh
stepsteinhkillfmnldd stepsteinhkillfmnldd
dmepsteinfnhltkillsd dmepsteinfnhltkillsd
fshtdepsteinmldnkill fshtdepsteinmldnkill
lndsdkilltmepsteinhf lndsdkilltmepsteinhf
hsndepsteindlmtkillf hsndepsteindlmtkillf
nhmkilllsftepsteindd nhmkilllsftepsteindd
depsteinnlsfmhtkilld depsteinnlsfmhtkilld
nepsteinlmdkilldhfts nepsteinlmdkilldhfts
ntlepsteindmfdshkill ntlepsteindmfdshkill
killmlepsteindthnfsd killmlepsteindthnfsd
fepsteinhsntddkilllm fepsteinhsntddkilllm
lsdepsteinfmkillndth lsdepsteinfmkillndth
