tepsteinfdkilldlmhns hdepsteinsmdtnflkill fnlskillhtepsteindmd thsfnmkilldlepsteind tskillepsteinhfmddnl thsfnmkilldlepsteind ndlepsteinhdtskillfm ldnmepsteinhfstdkill skilldnmlhdftepstein ldnmepsteinhfstdkill nmhdkilltslepsteinfd hldmepsteindsnkilltf nmhdkilltslepsteinfd ldnmepsteinhfstdkill hepsteinnfstkilllmdd hfskillnepsteinldtdm killnfhdsdltepsteinm dhlepsteindkillsmtnf mfskillnhlddtepstein epsteindsmnlfdtkillh mfskillnhlddtepstein htskillepsteindnlfdm ndlmhepsteintdskillf tmhsnfepsteinldkilld nkillsdtdhfmlepstein epsteinthsdmndkillfl snldmtkillfepsteindh msnepsteinfkillhtdld fnmhskilldepsteinltd msnepsteinfkillhtdld hkillmepsteinstdfdnl msnepsteinfkillhtdld epsteinsdfmhltkillnd slepsteinftndkillmdh thmepsteinlkillfsndd nfdhepsteinltsdmkill lepsteinfdkillsdnmht dhlepsteindkillsmtnf killepsteintdldshfnm nlhtdsdepsteinfmkill tepsteinfdkilldlmhns
25
nlhtdsdepsteinfmkill nlhtdsdepsteinfmkill
killepsteintdldshfnm killepsteintdldshfnm
dhlepsteindkillsmtnf dhlepsteindkillsmtnf
lepsteinfdkillsdnmht lepsteinfdkillsdnmht
nfdhepsteinltsdmkill nfdhepsteinltsdmkill
thmepsteinlkillfsndd thmepsteinlkillfsndd
epsteinsdfmhltkillnd epsteinsdfmhltkillnd
msnepsteinfkillhtdld msnepsteinfkillhtdld
hkillmepsteinstdfdnl hkillmepsteinstdfdnl
fnmhskilldepsteinltd fnmhskilldepsteinltd
snldmtkillfepsteindh snldmtkillfepsteindh
epsteinthsdmndkillfl epsteinthsdmndkillfl
nkillsdtdhfmlepstein nkillsdtdhfmlepstein
tmhsnfepsteinldkilld tmhsnfepsteinldkilld
ndlmhepsteintdskillf ndlmhepsteintdskillf
htskillepsteindnlfdm htskillepsteindnlfdm
epsteindsmnlfdtkillh epsteindsmnlfdtkillh
killnfhdsdltepsteinm killnfhdsdltepsteinm
hepsteinnfstkilllmdd hepsteinnfstkilllmdd
hldmepsteindsnkilltf hldmepsteindsnkilltf
skilldnmlhdftepstein skilldnmlhdftepstein
ndlepsteinhdtskillfm ndlepsteinhdtskillfm
hdepsteinsmdtnflkill hdepsteinsmdtnflkill
fnlskillhtepsteindmd fnlskillhtepsteindmd
tskillepsteinhfmddnl tskillepsteinhfmddnl
