0 156 175 143 21 43 146 166 108 20 108 37 177 106 59 199 52 78 72 184 122 173 175 117 14 13 102 30 197 22 74 38 145 26 167 69 176 51 164 111 112 80 2 98 89 96 124 70 94 17 137 129 47 151 31 24 152 138 157 35 3 27 193 39 56 67 172 134 172 88 183 100 12 120 12 76 33 76 113 192 18 196 101 68 101 191 141 159 42 160 5 17 114 154 163 1 133 86 84 131 93 135 8 71 8 135 182 50 125 119 174 119 4 9 103 9 130 83 15 16 116 190 87 11 65 187 28 128 81 123 158 107 115 153 23 185 66 0
99
0 0
66 66
23 23
153 153
115 115
107 107
158 158
81 81
128 128
28 28
187 187
65 65
11 11
190 190
116 116
16 16
15 15
83 83
130 130
9 9
103 103
4 4
174 174
125 125
50 50
182 182
8 8
71 71
93 93
84 84
86 86
133 133
1 1
154 154
114 114
17 17
5 5
160 160
42 42
159 159
141 141
101 101
68 68
18 18
33 33
120 120
100 100
183 183
172 172 134
67 67
56 56
39 39
193 193
27 27
3 3
35 35
157 157
138 138
152 152
24 24
31 31
151 151
47 47
129 129
137 137
94 94
70 70
96 96
89 89
98 98
2 2
80 80
111 111
164 164
51 51
69 69
167 167
26 26
38 38
74 74
22 22
197 197
102 102
13 13
14 14
143 143
21 21
43 43
146 146
166 166
20 20
177 177
59 59
199 199
52 52
78 78
72 72
184 184
173 173
