Jingzhou Ghugus Manduria CroixdesBouquets Sagalo CoonRapids Tabatinga Kabarnet BurgbeiMagdeburg Chittaranjan NiagaraFalls elCampello Carmichael Carouge Kheri Malnate Srinagar Kirovsk Sapele Ermelo ZapadnoyeDegunino Crespo Khabarovsk Chegem Entroncamento Ouarzazat Ketrzyn SanJosedeOcoa Tottori Thamaga Rembangan Gangtok BeneBeraq Ibri Colachel FortLauderdale Depok Bejucal TanahMerah LondonderryCountyBor Ghugus Veenendaal Shizunaifurukawacho Shumen Jeypore Sarzedo Sanaa JabalosSaraj Frosinone Ronse AzZuwaytinah RioFormoso Radnor Frosinone SaintMichael Rangae Shively Lysva Jingzhou
50
Lysva Lysva
Shively Shively
Rangae Rangae
SaintMichael SaintMichael
Radnor Radnor
RioFormoso RioFormoso
AzZuwaytinah AzZuwaytinah
Ronse Ronse
JabalosSaraj JabalosSaraj
Sanaa Sanaa
Sarzedo Sarzedo
Jeypore Jeypore
Shumen Shumen
Shizunaifurukawacho Shizunaifurukawacho
Veenendaal Veenendaal
Ghugus Ghugus
LondonderryCountyBor LondonderryCountyBor
TanahMerah TanahMerah
Bejucal Bejucal
Depok Depok
FortLauderdale FortLauderdale
Colachel Colachel
Ibri Ibri
BeneBeraq BeneBeraq
Gangtok Gangtok
Rembangan Rembangan
Thamaga Thamaga
Tottori Tottori
SanJosedeOcoa SanJosedeOcoa
Ketrzyn Ketrzyn
Ouarzazat Ouarzazat
Entroncamento Entroncamento
Chegem Chegem
Khabarovsk Khabarovsk
Crespo Crespo
Ermelo Ermelo
Kirovsk Kirovsk
Srinagar Srinagar
Malnate Malnate
Kheri Kheri
Carouge Carouge
Carmichael Carmichael
elCampello elCampello
Chittaranjan Chittaranjan
BurgbeiMagdeburg BurgbeiMagdeburg
Kabarnet Kabarnet
Tabatinga Tabatinga
CoonRapids CoonRapids
Sagalo Sagalo
Manduria Manduria
