Kaimganj Leixlip Mesa EncarnaciondeDiaz Kansk PinhalNovo Racine Gobo Tocache Fandriana Tocache MilpaAlta Anahuac Novopokrovskaya Tsukawaki Karasuyama Albi Novopokrovskaya GobernadorGalvez Narangba Dankov MontecatiniTerme Isakogorka Yucheng Korolev Tsirang Brecht Norristown Pilibhit Irvine Pilibhit Fagaras Kaimganj
25
Fagaras Fagaras
Pilibhit Pilibhit
Irvine Irvine
Brecht Brecht
Tsirang Tsirang
Korolev Korolev
Yucheng Yucheng
Isakogorka Isakogorka
MontecatiniTerme MontecatiniTerme
Dankov Dankov
Narangba Narangba
GobernadorGalvez GobernadorGalvez
Novopokrovskaya Novopokrovskaya
Albi Albi
Karasuyama Karasuyama
Tsukawaki Tsukawaki
Anahuac Anahuac
MilpaAlta MilpaAlta
Leixlip Leixlip
EncarnaciondeDiaz EncarnaciondeDiaz
PinhalNovo PinhalNovo
Racine Racine
Gobo Gobo
Tocache Tocache
Fandriana Fandriana
