pace king guarantee buffet exclusive class disclose injury disclose skeleton understand figure understand paper deposit circulation output autonomy glasses tool dialogue prison dialogue likely dialogue guarantee due seize sunrise title shy nationalist dip joint demand pain demand cigarette tablet swear other approval mystery enter mystery chair brake mature headline quality straighten romantic sign legislation enhance thumb enhance dough linger vegetarian forge tolerate forge vegetarian forge winner forge vegetarian throne interactive feature honor feature interactive throne imposter fortune page lake rob bitter respect financial voice pace
49
voice voice
financial financial
bitter bitter
rob rob
lake lake
page page
imposter imposter
throne throne
honor honor
vegetarian vegetarian
winner winner
tolerate tolerate
linger linger
dough dough
enhance enhance
thumb thumb
legislation legislation
sign sign
quality quality
headline headline
brake brake
mystery mystery
enter enter
other other
swear swear
tablet tablet
cigarette cigarette
demand demand pain
dip dip
nationalist nationalist
shy shy
title title
sunrise sunrise
seize seize
king king
guarantee guarantee
buffet buffet
exclusive exclusive
class class
injury injury
figure figure
paper paper
circulation circulation
output output
autonomy autonomy
glasses glasses
tool tool
prison prison
likely likely
