pace other likely comfortable likely viable atmosphere rent swear coast profound view dive coincide identity straighten pig pier interactive error home flag injury tolerate expression assignment winner virgin blonde pipe buffet election lifestyle cotton paper autonomy quality boom throne respect chair mixture mercy financial injection desk spoil desk enemy control enemy stress enemy illusion joint output structure bowel brake scheme brake headline smile bleed curriculum bleed environment interface electronics swop joystick guarantee pardon vegetarian exclusive dip opposed demand rob demand feature write lake begin greeting decisive linger dough physics linger vegetarian exile vegetarian market banana widen banana driver banana widen extort chew offset chew drawer certain bitter rage bitter coffin attraction excuse teacher hospitality terms thumb terms deter note tablet imposter pound confrontation forge confrontation development exempt dramatic audience ignore shiver ignore due ignore liver tool railcar assume acceptance nationalist page mature native development skeleton knot country triple candle ask quadruple other pace
100
pace pace
other other
likely likely
comfortable comfortable
viable viable
atmosphere atmosphere
rent rent
swear swear
coast coast
profound profound
dive dive
coincide coincide
identity identity
straighten straighten
pig pig
interactive interactive
error error
home home
flag flag
injury injury
assignment assignment
virgin virgin
pipe pipe
buffet buffet
election election
lifestyle lifestyle
cotton cotton
autonomy autonomy
boom boom
throne throne
respect respect
chair chair
mercy mercy
financial financial
injection injection
spoil spoil
enemy enemy
control control
stress stress
illusion illusion
output output
structure structure
bowel bowel
scheme scheme
headline headline
smile smile
curriculum curriculum
environment environment
interface interface
electronics electronics
swop swop
guarantee guarantee
pardon pardon
exclusive exclusive
dip dip
rob rob
feature feature
begin begin
greeting greeting
decisive decisive
dough dough
physics physics
exile exile
market market
widen widen
driver driver
offset offset
drawer drawer
rage rage
coffin coffin
attraction attraction
excuse excuse
teacher teacher
thumb thumb
deter deter
note note
tablet tablet
imposter imposter
confrontation confrontation
forge forge
quadruple quadruple
ask ask
candle candle
triple triple
country country
knot knot
skeleton skeleton
development development
native native
mature mature
page page
acceptance acceptance
railcar railcar
tool tool
liver liver
ignore ignore
due due
shiver shiver
audience audience
exempt exempt
