pace exclusive throne exclusive output injury skeleton deposit enter thumb exempt thumb opposed brake nationalist feature nationalist brake headline audience due excuse gate tablet approval king page guarantee page likely circulation likely market mixture voice write environment honor prison view winner exclusive pace
25
exclusive throne
output output
injury injury
skeleton skeleton
deposit deposit
enter enter
exempt exempt
opposed opposed
brake brake
nationalist nationalist
feature feature
headline headline
audience audience
excuse excuse
gate gate
approval approval
king king
page page
guarantee guarantee
honor honor
voice voice
mixture mixture
market market
likely likely
circulation circulation
