1 11 24 23 48 35 72 47 96 59 120 71 144 83 1 95 1 107 1 119 1 131 1 143 1 140 3 128 3 116 3 104 3 92 3 80 3 136 130 112 106 88 82 64 58 40 34 16 10 4 22 28 46 52 70 76 94 100 118 124 142 5 6 8 18 17 30 20 42 29 54 32 66 41 78 44 90 53 102 56 114 65 126 68 138 77 3 89 3 101 3 113 3 125 3 137 1 134 1 122 1 110 1 98 1 86 1 74 132 62 108 50 84 38 60 26 36 14 12 2 1
79
1 95 107 119 131 143 134 122 110 98 86
11 11
24 24
23 23
48 48
35 35
72 72
47 47
96 96
59 59
120 120
71 71
144 144
83 83
137 137
3 125 113 101 89 80 92 104 116 128
77 77
138 138
68 68
126 126
65 65
114 114
56 56
102 102
53 53
90 90
44 44
78 78
41 41
66 66
32 32
54 54
29 29
42 42
20 20
30 30
17 17
18 18
8 8
6 6
5 5
142 142
124 124
118 118
100 100
94 94
76 76
70 70
52 52
46 46
28 28
22 22
4 4
10 10
16 16
34 34
40 40
58 58
64 64
82 82
88 88
106 106
112 112
130 130
136 136
140 140
74 74
132 132
62 62
108 108
50 50
84 84
38 38
60 60
26 26
36 36
14 14
12 12
2 2
