CH AZ BL CS BC CU BF CP AY DG DS BU CA AX BS CB DB CB DU CQ DU CN AJ AF AJ BR DO BR AN BZ AM DA BP DF BH DQ BT DP BI DP BV AD AT DL BA DC AL BN BG CF CW CF BD DV AV AU DI CB DM CL CD CZ DD BY DN AP CV CH
49
CV CV
AP AP
BY BY
DD DD
CZ CZ
CD CD
CL CL
DM DM
CB CB
DU DU
CQ CQ
CN CN
AJ AJ
AF AF
DO DO
AN AN
BZ BZ
AM AM
BP BP
DF DF
DQ DQ
DP DP BI
BV BV
AT AT
DL DL
DC DC
AL AL
BN BN
BG BG
DI DI
AU AU
AV AV
DV DV
BD BD
CF CF
CW CW
DB DB
BS BS
CA CA
BU BU
DG DG
AY AY
CP CP
BF BF
CU CU
BC BC
CS CS
BL BL
AZ AZ
