BU HF CA CY FP AF AO DX CV GT DS BA CR BN CK FD BH BM HI HG HI BW CD EG HC CI CS AD GO AD FW DE FY DE AQ CX EQ AR CQ DT FC DZ GH FS EC AP DI GA HR DV DH EI BS AV AN BZ FF DU BT FG HM HP GV DM DK GE BQ FL FU EO GP DD FR ES CO AX EH AM GK EK GQ HO CM AT GM BE HJ DP DQ HH EV BF BY AH FI GS FI BK AE EL AE CE GN CE CZ EN FN CW GY BG DJ CB ER HA ET EY DR AY FB CT DL BU
100
BU BU
DL DL
CT CT
FB FB
AY AY
DR DR
EY EY
ET ET
HA HA
ER ER
DJ DJ
BG BG
GY GY
CW CW
FN FN
EN EN
CZ CZ
GN GN
AE AE
EL EL
BK BK
FI FI
GS GS
BY BY
BF BF
EV EV
HH HH
DQ DQ
DP DP
HJ HJ
BE BE
GM GM
AT AT
CM CM
GQ GQ
EK EK
GK GK
EH EH
AX AX
CO CO
ES ES
FR FR
DD DD
GP GP
EO EO
FU FU
FL FL
BQ BQ
GE GE
DK DK
DM DM
HP HP
HM HM
FG FG
DU DU
FF FF
BZ BZ
AN AN
AV AV
DV DV
GA GA
DI DI
AP AP
EC EC
FS FS
GH GH
DZ DZ
DT DT
CQ CQ
AR AR
EQ EQ
CX CX
AQ AQ
DE DE
FY FY
FW FW
GO GO
CS CS
CI CI
HC HC
EG EG
CD CD
BW BW
HF HF
CA CA
CY CY
FP FP
AF AF
DX DX
CV CV
GT GT
DS DS
BA BA
CR CR
BN BN
CK CK
FD FD
BH BH
BM BM
HG HG
