Brightmere Westmill Butterbush Esterfall Newley Freyview Bluedell Courtwall Rosemill Buttermead Foxhaven Dellwyn Fairsage Eriwall Woodice Snowshore Newby Erilyn Stoneglass Goldwyvern Oldmoor Morwald Lightmere Wellmage Foxvale Morwall Esterash Stonefair Clearnesse Wildemarsh Marbleiron Lochmage Westvale Ironriver Greyice Valhaven Westerlight Corbank Greenshore Eastcastle Courtcastle Irondeer Oakmere Southwheat Bushgate Wolflea Violetley Shoreburn Ironshore Clearland Brightmere
50
Brightmere Brightmere
Westmill Westmill
Butterbush Butterbush
Esterfall Esterfall
Newley Newley
Freyview Freyview
Bluedell Bluedell
Courtwall Courtwall
Rosemill Rosemill
Buttermead Buttermead
Foxhaven Foxhaven
Dellwyn Dellwyn
Fairsage Fairsage
Eriwall Eriwall
Woodice Woodice
Snowshore Snowshore
Newby Newby
Erilyn Erilyn
Stoneglass Stoneglass
Goldwyvern Goldwyvern
Oldmoor Oldmoor
Morwald Morwald
Lightmere Lightmere
Wellmage Wellmage
Foxvale Foxvale
Morwall Morwall
Esterash Esterash
Stonefair Stonefair
Clearnesse Clearnesse
Wildemarsh Wildemarsh
Marbleiron Marbleiron
Lochmage Lochmage
Westvale Westvale
Ironriver Ironriver
Greyice Greyice
Valhaven Valhaven
Westerlight Westerlight
Corbank Corbank
Greenshore Greenshore
Eastcastle Eastcastle
Courtcastle Courtcastle
Irondeer Irondeer
Oakmere Oakmere
Southwheat Southwheat
Bushgate Bushgate
Wolflea Wolflea
Violetley Violetley
Shoreburn Shoreburn
Ironshore Ironshore
Clearland Clearland
