Clearnesse Ironshore Violetley Westvale Courtcastle Valhaven Woodice Corbank Ironriver Goldwyvern Esterfall Morwald Foxvale Marbleiron Foxhaven Courtwall Eriwall Oldmoor Morwall Butterbush Oakmere Dellwyn Buttermead Newby Freyview Clearnesse
25
Clearnesse Clearnesse
Ironshore Ironshore
Violetley Violetley
Westvale Westvale
Courtcastle Courtcastle
Valhaven Valhaven
Woodice Woodice
Corbank Corbank
Ironriver Ironriver
Goldwyvern Goldwyvern
Esterfall Esterfall
Morwald Morwald
Foxvale Foxvale
Marbleiron Marbleiron
Foxhaven Foxhaven
Courtwall Courtwall
Eriwall Eriwall
Oldmoor Oldmoor
Morwall Morwall
Butterbush Butterbush
Oakmere Oakmere
Dellwyn Dellwyn
Buttermead Buttermead
Newby Newby
Freyview Freyview
