129 137 16 25 46 2 55 165 40 165 27 94 139 45 22 45 4 157 110 154 193 154 196 37 160 74 127 175 192 121 192 103 192 121 170 58 170 73 136 73 170 101 52 101 97 48 34 109 184 85 133 106 181 8 142 122 69 167 130 6 128 187 32 181 169 181 106 178 47 173 64 71 90 152 91 152 90 71 64 119 163 79 112 61 31 88 1 88 115 197 107 82 180 145 172 89 68 95 11 96 70 96 7 19 43 72 79 72 21 67 21 182 190 182 21 151 153 148 5 28 10 100 10 118 166 118 13 92 124 92 179 76 49 171 145 99 129
66
16 16
25 25
46 46
55 55
40 40
94 94
139 139
22 22
4 4
157 157
154 154
193 193
196 196
37 37
160 160
127 127
175 175
121 121
103 103
58 58
73 73
136 136
52 52
97 97
34 34
109 109
184 184
85 85
133 133
106 106
181 181
142 142
130 130
187 187
169 169
178 178
64 64
91 91
163 163
79 79
112 112
61 61
31 31
88 88
1 1
115 115
82 82
145 145
172 172
70 70
7 7
19 19
43 43
67 67
190 190
151 151
148 148
28 28
10 10
100 100
118 118
166 166
13 13
124 124
76 76
49 49
