FacultyClub MLK SutardjaDai BancroftLibrary Library FPF HealthServices EastAsianLibrary PhysicsLibrary Evans Hilgard DonnerLaboratory MediaCenter UpperHearstParking InnovationStudio Investigative MelvinLaboratory EthnicLibrary Senior VLSB HearstFountain Stanley Jacobs BioscienceLibrary OptometryLibrary McCone HearstFieldAnnex NewspapersLibrary AnthropologyLibrary StudentUnion LawrenceofScience SproulPlaza Etcheverry Underhill EarthLibrary NorthGate Pimentel HearstGym TAAP Manville SocialLibrary BrainImagingCenter WooHonFai Bechtel Bowles AquaticCenter MSRI LawSchool Boalt ArtHistoryLibrary Durham HaasClubhouse Unit3 BerkeleyWayWest LatinAmerican EngineeringLibrary FoundersRock SEAsianLibrary Warren UniversityHouse CesarChavez MartinezCommons PacificFilmArchive Cheit StowPlaza HearstGreekTheatre InternationalHouse Davis FoxCottage SimpsonCenter Latimer SummerSession MaxwellField VisualCenter AndersenAuditorium Durant Soda CareerCenter Wheeler Wellman EnergyBuilding IdaHouse EnergyBuilding OBrien Stephens Birge LeConte Campbell IRLE SpringerGateway AlumniHouse EastGate Koshland MathLibrary Hildebrand Mulford BancroftDance Giauque Spieker CITRIS BerkeleyLawLibrary BanwayBuilding Sproul Morrison EarthquakeLibrary FacultyClub
100
FacultyClub FacultyClub
MLK MLK
SutardjaDai SutardjaDai
BancroftLibrary BancroftLibrary
Library Library
FPF FPF
HealthServices HealthServices
EastAsianLibrary EastAsianLibrary
PhysicsLibrary PhysicsLibrary
Evans Evans
Hilgard Hilgard
DonnerLaboratory DonnerLaboratory
MediaCenter MediaCenter
UpperHearstParking UpperHearstParking
Investigative Investigative
MelvinLaboratory MelvinLaboratory
EthnicLibrary EthnicLibrary
Senior Senior
VLSB VLSB
HearstFountain HearstFountain
Stanley Stanley
Jacobs Jacobs
BioscienceLibrary BioscienceLibrary
OptometryLibrary OptometryLibrary
McCone McCone
HearstFieldAnnex HearstFieldAnnex
NewspapersLibrary NewspapersLibrary
AnthropologyLibrary AnthropologyLibrary
StudentUnion StudentUnion
LawrenceofScience LawrenceofScience
SproulPlaza SproulPlaza
Etcheverry Etcheverry
Underhill Underhill
EarthLibrary EarthLibrary
NorthGate NorthGate
Pimentel Pimentel
HearstGym HearstGym
TAAP TAAP
Manville Manville
SocialLibrary SocialLibrary
BrainImagingCenter BrainImagingCenter
WooHonFai WooHonFai
Bechtel Bechtel
Bowles Bowles
AquaticCenter AquaticCenter
MSRI MSRI
LawSchool LawSchool
Boalt Boalt
ArtHistoryLibrary ArtHistoryLibrary
Durham Durham
Unit3 Unit3
BerkeleyWayWest BerkeleyWayWest
LatinAmerican LatinAmerican
EngineeringLibrary EngineeringLibrary
FoundersRock FoundersRock
SEAsianLibrary SEAsianLibrary
Warren Warren
UniversityHouse UniversityHouse
CesarChavez CesarChavez
MartinezCommons MartinezCommons
PacificFilmArchive PacificFilmArchive
Cheit Cheit
StowPlaza StowPlaza
HearstGreekTheatre HearstGreekTheatre
InternationalHouse InternationalHouse
Davis Davis
FoxCottage FoxCottage
SimpsonCenter SimpsonCenter
Latimer Latimer
MaxwellField MaxwellField
VisualCenter VisualCenter
AndersenAuditorium AndersenAuditorium
Durant Durant
Soda Soda
CareerCenter CareerCenter
Wheeler Wheeler
Wellman Wellman
EnergyBuilding EnergyBuilding
IdaHouse IdaHouse
OBrien OBrien
Stephens Stephens
Birge Birge
LeConte LeConte
Campbell Campbell
IRLE IRLE
SpringerGateway SpringerGateway
AlumniHouse AlumniHouse
Koshland Koshland
MathLibrary MathLibrary
Hildebrand Hildebrand
Mulford Mulford
BancroftDance BancroftDance
Giauque Giauque
Spieker Spieker
CITRIS CITRIS
BerkeleyLawLibrary BerkeleyLawLibrary
BanwayBuilding BanwayBuilding
Sproul Sproul
Morrison Morrison
EarthquakeLibrary EarthquakeLibrary
