FacultyClub LawrenceofScience PacificFilmArchive OBrien Library Etcheverry HearstGym BioscienceLibrary Pimentel Manville Hilgard Wheeler Durham MartinezCommons SproulPlaza Cheit SutardjaDai UniversityHouse FPF EarthquakeLibrary StudentUnion BrainImagingCenter Morrison Mulford Warren Spieker Unit3 CareerCenter FacultyClub
25
FacultyClub FacultyClub
LawrenceofScience LawrenceofScience
PacificFilmArchive PacificFilmArchive
OBrien OBrien
Library Library
Etcheverry Etcheverry
HearstGym HearstGym
BioscienceLibrary BioscienceLibrary
Pimentel Pimentel
Manville Manville
Hilgard Hilgard
Wheeler Wheeler
Durham Durham
SproulPlaza SproulPlaza
Cheit Cheit
SutardjaDai SutardjaDai
UniversityHouse UniversityHouse
FPF FPF
EarthquakeLibrary EarthquakeLibrary
StudentUnion StudentUnion
BrainImagingCenter BrainImagingCenter
Morrison Morrison
Mulford Mulford
Spieker Spieker
CareerCenter CareerCenter
