FacultyClub IRLE Cheit Wheeler EarthquakeLibrary Warren PacificFilmArchive Manville Unit3 Pimentel Jacobs HearstGym EnergyBuilding McCone InternationalHouse McCone Mulford BancroftDance NewspapersLibrary LawrenceofScience Bechtel BrainImagingCenter Etcheverry MLK CITRIS DonnerLaboratory SpringerGateway Investigative MartinezCommons UniversityHouse SproulPlaza OptometryLibrary Library AndersenAuditorium Stephens Morrison CareerCenter StowPlaza Sproul AnthropologyLibrary Hilgard BioscienceLibrary MediaCenter ArtHistoryLibrary Spieker Birge FPF MelvinLaboratory Koshland OBrien EarthLibrary StudentUnion SutardjaDai Durham FacultyClub
50
FacultyClub FacultyClub
IRLE IRLE
Cheit Cheit
Wheeler Wheeler
EarthquakeLibrary EarthquakeLibrary
Warren Warren
PacificFilmArchive PacificFilmArchive
Manville Manville
Unit3 Unit3
Pimentel Pimentel
Jacobs Jacobs
HearstGym HearstGym
EnergyBuilding EnergyBuilding
InternationalHouse InternationalHouse
Mulford Mulford
BancroftDance BancroftDance
NewspapersLibrary NewspapersLibrary
LawrenceofScience LawrenceofScience
BrainImagingCenter BrainImagingCenter
Etcheverry Etcheverry
CITRIS CITRIS
DonnerLaboratory DonnerLaboratory
SpringerGateway SpringerGateway
Investigative Investigative
MartinezCommons MartinezCommons
UniversityHouse UniversityHouse
SproulPlaza SproulPlaza
OptometryLibrary OptometryLibrary
Library Library
AndersenAuditorium AndersenAuditorium
Stephens Stephens
Morrison Morrison
CareerCenter CareerCenter
StowPlaza StowPlaza
Sproul Sproul
AnthropologyLibrary AnthropologyLibrary
Hilgard Hilgard
BioscienceLibrary BioscienceLibrary
MediaCenter MediaCenter
ArtHistoryLibrary ArtHistoryLibrary
Spieker Spieker
Birge Birge
FPF FPF
MelvinLaboratory MelvinLaboratory
Koshland Koshland
OBrien OBrien
EarthLibrary EarthLibrary
StudentUnion StudentUnion
SutardjaDai SutardjaDai
Durham Durham
