0 169 83 19 56 112 60 155 168 47 88 181 32 42 90 25 141 46 76 191 82 75 85 38 64 162 167 69 124 102 65 180 171 8 33 170 80 197 123 154 92 91 96 106 136 174 48 87 99 135 44 94 173 74 35 178 49 93 73 71 67 18 139 103 105 161 188 22 131 3 13 133 26 134 117 158 148 120 149 140 114 58 175 144 77 145 51 97 199 153 172 52 113 132 143 119 195 177 15 55 17 0
98
169 169
83 83
19 19
56 56
112 112
60 60
155 155
168 168
47 47
88 88
181 181
32 32
42 42
90 90
25 25
141 141
46 46
76 76
191 191
82 82
75 75
85 85
38 38
64 64
162 162
167 167
69 69
124 124
102 102
65 65
180 180
171 171
8 8
33 33
170 170
80 80
197 197
123 123
154 154
92 92
91 91
96 96
106 106
136 136
174 174
48 48
87 87
99 99
135 135
44 44
94 94
173 173
74 74
35 35
178 178
49 49
93 93
73 73
71 71
67 67
18 18
139 139
103 103
105 105
161 161
188 188
131 131
3 3
13 13
133 133
26 26
134 134
117 117
158 158
148 148
120 120
149 149
140 140
114 114
58 58
175 175
77 77
145 145
51 51
97 97
199 199
153 153
172 172
52 52
113 113
132 132
143 143
119 119
195 195
177 177
15 15
55 55
17 17
