1 15 2 61 38 61 93 9 71 39 179 101 167 83 167 67 41 72 56 162 149 99 74 149 78 3 78 194 29 33 85 33 59 44 40 45 166 98 166 46 166 16 21 53 95 42 64 42 95 53 55 27 87 32 87 107 23 104 91 104 73 104 23 194 100 6 100 58 35 57 60 157 10 8 79 76 68 69 30 69 161 19 161 17 50 86 164 94 52 82 11 88 34 12 51 54 65 75 65 137 43 66 90 66 13 66 70 80 20 80 36 63 22 14 89 48 26 114 37 24 97 92 28 84 172 62 92 18 176 96 5 81 4 25 77 49 77 139 198 187 47 187 159 31 7 1
100
15 15
2 2
61 61
38 38
93 93
9 9
71 71
39 39
101 101
83 83
67 67
41 41
72 72
56 56
99 99
74 74
78 78
3 3
29 29
33 33
85 85
59 59
44 44
40 40
45 45
98 98
46 46
16 16
21 21
53 53
95 95
42 42
64 64
55 55
27 27
87 87
32 32
23 23
91 91
73 73
100 100
6 6
58 58
35 35
57 57
60 60
10 10
8 8
79 79
76 76
68 68
69 69
30 30
19 19
17 17
50 50
86 86
94 94
52 52
82 82
11 11
88 88
34 34
12 12
51 51
54 54
65 65
75 75
43 43
66 66
90 90
13 13
70 70
80 80
20 20
36 36
63 63
22 22
14 14
89 89
48 48
26 26
37 37
24 24
97 97
92 92
28 28
84 84
62 62
18 18
96 96
5 5
81 81
4 4
25 25
77 77
49 49
47 47
31 31
7 7
