33 51 37 79 36 99 19 50 88 69 34 69 67 54 30 54 67 57 67 60 31 22 2 22 31 16 94 47 94 25 94 16 29 16 39 82 40 82 7 35 5 43 26 43 98 91 46 75 46 91 98 13 98 83 42 73 20 15 20 100 20 80 9 10 90 68 90 10 9 14 50 19 99 36 53 71 48 71 53 36 18 65 52 38 32 6 81 61 81 6 32 89 14 97 8 97 14 63 12 63 17 27 23 27 17 85 95 100 11 86 64 86 33
50
51 51
79 79
19 19
50 50
88 88
69 69
34 34
67 67
54 54
30 30
57 57
60 60
31 31
22 22
2 2
94 94
47 47
25 25
29 29
82 82
40 40
7 7
35 35
5 5
26 26
75 75
13 13
42 42
20 20
15 15
100 100
80 80
9 9
10 10
68 68
48 48
65 65
52 52
61 61
89 89
97 97
8 8
63 63
12 12
17 17
23 23
95 95
11 11
86 86
64 64
