159 77 190 77 140 14 97 126 172 119 86 129 41 20 24 193 180 122 180 109 127 146 127 61 127 137 85 137 76 184 165 65 26 65 51 148 47 182 48 117 7 72 45 25 138 69 155 69 138 81 28 81 30 11 104 20 87 91 139 71 157 147 101 132 163 53 193 8 178 8 167 15 129 78 96 162 191 162 96 56 14 140 77 75 108 38 108 94 1 101 147 40 147 59 100 199 100 181 23 194 21 194 23 149 4 44 60 44 131 88 160 79 3 79 32 98 65 93 154 2 154 179 16 13 106 13 63 121 166 27 169 27 145 27 173 133 17 36 66 10 200 46 37 46 192 130 107 134 120 134 107 130 64 177 174 177 111 34 111 128 111 177 5 102 123 102 82 102 158 74 185 74 158 99 158 92 116 92 114 35 114 31 156 52 6 164 43 164 159 22 159
100
77 77
190 190
140 140
14 14
97 97
126 126
172 172
86 86
41 41
24 24
193 193
180 180
122 122
109 109
146 146
61 61
137 137
85 85
76 76
165 165
65 65
26 26
51 51
148 148
47 47
48 48
7 7
72 72
45 45
138 138
155 155
28 28
11 11
87 87
139 139
71 71
157 157
101 101
132 132
53 53
178 178
167 167
15 15
96 96
191 191
38 38
40 40
59 59
100 100
199 199
181 181
21 21
4 4
60 60
88 88
79 79
3 3
32 32
98 98
93 93
154 154
2 2
13 13
106 106
63 63
121 121
169 169
145 145
133 133
17 17
36 36
10 10
200 200
46 46
37 37
192 192
107 107
134 134
120 120
64 64
174 174
111 111
34 34
128 128
102 102
123 123
82 82
158 158
74 74
185 185
99 99
116 116
114 114
35 35
31 31
156 156
52 52
6 6
43 43
22 22
