IIII1I1 II1I1Il I1I1111 IIllIl1 IlllI11 lIIIllI 1IlII1I IIlIlI1 I1I111I lll1lII I11IIlI lll1lII lII1I11 lll1lII 1lIIl11 1lI11l1 lI11l1l 1lI11l1 lII1lll l1IlIl1 11lI11I IIlIIII IIIlI1l lIlllll IIIlI1l lI1l1II 11I1Ill 11I1lll 1IIlIIl II111I1 11IIl1I IIII1ll l1IlIII III1lII II1I1Il IIII1I1
25
II1I1Il II1I1Il
I1I1111 I1I1111
IIllIl1 IIllIl1
IlllI11 IlllI11
lIIIllI lIIIllI
1IlII1I 1IlII1I
IIlIlI1 IIlIlI1
I1I111I I1I111I
I11IIlI I11IIlI
lII1I11 lII1I11
1lI11l1 1lI11l1
lI11l1l lI11l1l
l1IlIl1 l1IlIl1
11lI11I 11lI11I
IIlIIII IIlIIII
lIlllll lIlllll
lI1l1II lI1l1II
11I1Ill 11I1Ill
11I1lll 11I1lll
1IIlIIl 1IIlIIl
II111I1 II111I1
11IIl1I 11IIl1I
IIII1ll IIII1ll
l1IlIII l1IlIII
III1lII III1lII
