K CG AA BI AC O AM AF J CO AG BV A AK D CH BR BL CM V BZ CP B BM E AY CT T H AZ BJ R AT X CE BW AR BD BG Y L BH AJ F AS BP AQ BA AB AL AV CS AD BX BU CN CF CQ BS CC BF BC N CU AP U BY CR AE AU AX AN CK CV C AI P BQ AW CB AH M BT G BE Q BN BK CD CJ AO CI W BB I CA Z CL S BO K
100
K K
CG CG
AA AA
BI BI
AC AC
O O
AM AM
AF AF
J J
CO CO
AG AG
BV BV
A A
AK AK
D D
CH CH
BR BR
BL BL
CM CM
V V
BZ BZ
CP CP
B B
BM BM
E E
AY AY
CT CT
T T
H H
AZ AZ
BJ BJ
R R
AT AT
X X
CE CE
BW BW
AR AR
BD BD
BG BG
Y Y
L L
BH BH
AJ AJ
F F
AS AS
BP BP
AQ AQ
BA BA
AB AB
AL AL
AV AV
CS CS
AD AD
BX BX
BU BU
CN CN
CF CF
CQ CQ
BS BS
CC CC
BF BF
BC BC
N N
CU CU
AP AP
U U
BY BY
CR CR
AE AE
AU AU
AX AX
AN AN
CK CK
CV CV
C C
AI AI
P P
BQ BQ
AW AW
CB CB
AH AH
M M
BT BT
G G
BE BE
Q Q
BN BN
BK BK
CD CD
CJ CJ
AO AO
CI CI
W W
BB BB
I I
CA CA
Z Z
CL CL
S S
BO BO
