36 21 36 80 36 71 36 58 36 30 36 43 36 16 36 92 36 34 36 41 36 98 36 29 36 78 36 50 36 25 36 51 36 88 36 55 36 74 36 4 36 44 36 77 36 45 36 59 36 32 39 32 60 32 36 0 36 40 36 6 36 65 36 17 36 61 36 81 36 19 36 73 36 7 36 18 36 11 36 15 36 42 36 37 36 66 36 89 36 10 36 56 36 5 36 35 36 91 36 48 36 76 36
50
21 21
80 80
71 71
58 58
30 30
43 43
16 16
92 92
34 34
41 41
98 98
29 29
78 78
50 50
25 25
51 51
88 88
55 55
74 74
4 4
44 44
77 77
45 45
59 59
39 39
60 60
0 0
40 40
6 6
65 65
17 17
61 61
81 81
19 19
73 73
7 7
18 18
11 11
15 15
42 42
37 37
66 66
89 89
10 10
56 56
5 5
35 35
91 91
48 48
76 76
