50 40 50 181 50 113 50 80 50 177 50 61 50 102 50 187 50 144 50 133 50 126 50 115 50 180 50 169 50 118 50 71 50 57 50 49 50 18 50 111 50 138 50 157 50 127 50 134 50 14 50 10 50 186 50 69 50 47 50 153 50 92 50 13 50 139 50 195 50 110 50 29 50 36 50 81 50 0 50 25 50 176 50 141 50 147 50 78 50 82 50 143 50 112 50 123 50 55 50 109 84 109 62 109 50 51 50 117 50 146 50 77 50 30 50 85 50 170 50 31 50 198 50 1 50 107 50 44 50 124 50 96 50 101 50 7 50 54 50 108 50 179 50 99 50 56 50 4 50 156 50 86 50 142 50 128 50 41 50 182 50 76 50 121 50 197 50 136 50 120 50 185 50 53 50 38 50 125 50 148 50 129 50 23 50 9 50 162 50 172 50 89 50 161 50 88 50 83 50 27 50 164 50
100
40 40
181 181
113 113
80 80
177 177
61 61
102 102
187 187
144 144
133 133
126 126
115 115
180 180
169 169
118 118
71 71
57 57
49 49
18 18
111 111
138 138
157 157
127 127
134 134
14 14
10 10
186 186
69 69
47 47
153 153
92 92
13 13
139 139
195 195
110 110
29 29
36 36
81 81
0 0
25 25
176 176
141 141
147 147
78 78
82 82
143 143
112 112
123 123
55 55
84 84
62 62
51 51
117 117
146 146
77 77
30 30
85 85
170 170
31 31
198 198
1 1
107 107
44 44
124 124
96 96
101 101
7 7
54 54
108 108
179 179
99 99
56 56
4 4
156 156
86 86
142 142
128 128
41 41
182 182
76 76
121 121
197 197
136 136
120 120
185 185
53 53
38 38
125 125
148 148
129 129
23 23
9 9
162 162
172 172
89 89
161 161
88 88
83 83
27 27
164 164
