Satish R6VBAVZ0B PTWCQ ZY9VPYMXA PZMGYZL 4INC2D8SDN ICTGXV TBFPZEBP KSHB2KG WZ1MC3189 ZRYV5F YXBMACC 9XFF FS1RWBVR7 BVNZ 399VM5PU6 UVP4WIKK BBFYA9B ER2YSPML1C Z6H98 NSBI OXWYDF PTL1QU VFRT26 1BZLEM 92R432 KRM4B PYD9SISJI Satish
25
R6VBAVZ0B R6VBAVZ0B
PTWCQ PTWCQ
ZY9VPYMXA ZY9VPYMXA
PZMGYZL PZMGYZL
4INC2D8SDN 4INC2D8SDN
ICTGXV ICTGXV
KSHB2KG KSHB2KG
WZ1MC3189 WZ1MC3189
ZRYV5F ZRYV5F
YXBMACC YXBMACC
9XFF 9XFF
FS1RWBVR7 FS1RWBVR7
399VM5PU6 399VM5PU6
UVP4WIKK UVP4WIKK
BBFYA9B BBFYA9B
ER2YSPML1C ER2YSPML1C
Z6H98 Z6H98
NSBI NSBI
OXWYDF OXWYDF
PTL1QU PTL1QU
VFRT26 VFRT26
1BZLEM 1BZLEM
92R432 92R432
KRM4B KRM4B
PYD9SISJI PYD9SISJI
