Satish 4VE7V DDB26ZHC SQLSVN 5XYO CXQDH6YMZ8 J2ETZ1C CV6NHW7M 7T8I47 ETNCY9XH2 YQB2CII950 VOAV 02X2C C8WREP RP28W1 IHN21LA4 01G9IQ2 KCOFJD ARTWTP9 L2MG8NMU M71OYIS EEZS HQG39M ZE5CVXXZC KBI1CALMNJ DST5W4G0 B3R68HYWZ ZRI9UW LM7KL5G3V O44VZ E37ZKA8WK 91ZONFE M35E QW15YTSV H41HZ6 E2DHWGC HM48FZD0 26PG GILAN21GR3 PMXEOGGIQ DNIV2BOR2P YSRPP 8TH7QVQY GNVXN E5HD 2BLLD3SK 7622OJ ET82NVH9 ZZACWP FM2HEMVR1 Q7Z37G5 VGYKKKOFLZ 6PVQIBNB9 3WJYJDDU 4TME HBQM42U GN4G0L2 CB93 B690 MLKOJ 1UCE YU3U1T JX6GCY 8MDFNIK8AY FWM5C G7PWWJ 0TRB9358 W71YV1R66L 79KTC8AS9 P6RI91D87 3IXHQXHYBV LBR67PCKBJ 2B1K6EW9CL ETB2 YDG8AEOM DYYG23O 4RGA A8WYICH3 9K8PLAET 9V10EOH E9DZLL M649OA ZMQ5BH L7QS0UEPJ Q7ZEY 7GAD3F A118 H1LQ91V PIW6IC50D 4P0LGP0 EFIKTK4Y0Y 8UPUEGO G4QE3I GH8C 3J6SSA 5HULMUDLAQ ZH2INF FPZT G90OCSZY FM2G14H8I 9QJRN MXJIYJYNH4 LQQ5IH 4UE11 ZMZIWZ CKNDWG PUW25N 4C88SXD Satish
100
4VE7V 4VE7V
DDB26ZHC DDB26ZHC
SQLSVN SQLSVN
5XYO 5XYO
CXQDH6YMZ8 CXQDH6YMZ8
J2ETZ1C J2ETZ1C
CV6NHW7M CV6NHW7M
7T8I47 7T8I47
ETNCY9XH2 ETNCY9XH2
YQB2CII950 YQB2CII950
VOAV VOAV
02X2C 02X2C
C8WREP C8WREP
RP28W1 RP28W1
IHN21LA4 IHN21LA4
01G9IQ2 01G9IQ2
KCOFJD KCOFJD
ARTWTP9 ARTWTP9
M71OYIS M71OYIS
EEZS EEZS
HQG39M HQG39M
KBI1CALMNJ KBI1CALMNJ
DST5W4G0 DST5W4G0
B3R68HYWZ B3R68HYWZ
LM7KL5G3V LM7KL5G3V
O44VZ O44VZ
E37ZKA8WK E37ZKA8WK
91ZONFE 91ZONFE
M35E M35E
QW15YTSV QW15YTSV
H41HZ6 H41HZ6
E2DHWGC E2DHWGC
HM48FZD0 HM48FZD0
26PG 26PG
GILAN21GR3 GILAN21GR3
PMXEOGGIQ PMXEOGGIQ
DNIV2BOR2P DNIV2BOR2P
YSRPP YSRPP
8TH7QVQY 8TH7QVQY
GNVXN GNVXN
E5HD E5HD
2BLLD3SK 2BLLD3SK
7622OJ 7622OJ
ET82NVH9 ET82NVH9
ZZACWP ZZACWP
FM2HEMVR1 FM2HEMVR1
Q7Z37G5 Q7Z37G5
VGYKKKOFLZ VGYKKKOFLZ
6PVQIBNB9 6PVQIBNB9
3WJYJDDU 3WJYJDDU
HBQM42U HBQM42U
GN4G0L2 GN4G0L2
CB93 CB93
B690 B690
MLKOJ MLKOJ
1UCE 1UCE
YU3U1T YU3U1T
JX6GCY JX6GCY
8MDFNIK8AY 8MDFNIK8AY
FWM5C FWM5C
0TRB9358 0TRB9358
W71YV1R66L W71YV1R66L
79KTC8AS9 79KTC8AS9
P6RI91D87 P6RI91D87
3IXHQXHYBV 3IXHQXHYBV
LBR67PCKBJ LBR67PCKBJ
2B1K6EW9CL 2B1K6EW9CL
ETB2 ETB2
DYYG23O DYYG23O
A8WYICH3 A8WYICH3
9K8PLAET 9K8PLAET
9V10EOH 9V10EOH
E9DZLL E9DZLL
M649OA M649OA
ZMQ5BH ZMQ5BH
L7QS0UEPJ L7QS0UEPJ
Q7ZEY Q7ZEY
7GAD3F 7GAD3F
A118 A118
H1LQ91V H1LQ91V
PIW6IC50D PIW6IC50D
4P0LGP0 4P0LGP0
EFIKTK4Y0Y EFIKTK4Y0Y
8UPUEGO 8UPUEGO
G4QE3I G4QE3I
GH8C GH8C
3J6SSA 3J6SSA
5HULMUDLAQ 5HULMUDLAQ
ZH2INF ZH2INF
FPZT FPZT
G90OCSZY G90OCSZY
FM2G14H8I FM2G14H8I
9QJRN 9QJRN
MXJIYJYNH4 MXJIYJYNH4
LQQ5IH LQQ5IH
4UE11 4UE11
ZMZIWZ ZMZIWZ
CKNDWG CKNDWG
PUW25N PUW25N
4C88SXD 4C88SXD
