129 44 168 183 47 62 47 58 86 174 5 40 88 33 87 96 63 96 97 76 97 91 2 188 16 54 152 79 61 26 128 190 177 65 27 160 28 15 145 0 82 171 121 150 121 53 191 57 123 49 155 17 8 48 189 27 55 31 10 110 14 69 126 39 178 175 42 21 64 163 60 78 125 108 114 151 140 196 25 59 95 156 99 56 51 6 85 195 157 29 194 23 192 105 98 109 107 100 122 30 184 30 66 30 111 142 180 13 50 81 158 141 11 4 197 167 101 84 80 161 9 103 12 89 137 92 83 130 36 83 129
100
44 44
183 183
62 62
58 58
174 174
5 5
40 40
88 88
33 33
87 87
96 96
63 63
97 97
76 76
91 91
2 2
188 188
16 16
152 152
61 61
26 26
128 128
190 190
177 177
65 65
160 160
15 15
145 145
0 0
82 82
171 171
121 121
150 150
53 53
191 191
57 57
123 123
49 49
155 155
17 17
8 8
48 48
189 189
55 55
110 110
14 14
126 126
39 39
178 178
175 175
21 21
64 64
163 163
125 125
108 108
114 114
151 151
196 196
25 25
59 59
95 95
156 156
99 99
56 56
51 51
6 6
85 85
195 195
157 157
29 29
194 194
23 23
192 192
105 105
98 98
109 109
107 107
100 100
122 122
184 184
66 66
142 142
180 180
13 13
50 50
81 81
158 158
11 11
4 4
197 197
101 101
84 84
161 161
9 9
103 103
89 89
137 137
92 92
130 130
36 36
