awsq33VKPi6omYhDxD EEGmmDga qaNF4 9NiO9NIt6mT XwqXZ5 10rY1cuVgs IU22L8 10rY1cuVgs e2CQ 10rY1cuVgs tH7nO948j59TD GqPS06 3l6XBJU8C1Vc5ugKIhUy J Tgw4KRLY56280J0 o2TJY8U 3AZZS7ZlVKs4rRsl T930LVMZqWnRhtA bIXpEU56v5EwRurYx T930LVMZqWnRhtA 3AZZS7ZlVKs4rRsl gE2u1BLhV0VP9W4K zvAc9Z2d7eDxV LgZ3kgV 5NI1AGh6XyxT39yE eh31Ty 4o t4g038uD0J7N2MjjK 4o b88Y9j2qm7Ik9Uc1Akg B6zwxFUTXP7207OU 23LQ1uFKh l 23LQ1uFKh K8FRNDo9AOC85 owJxU5AByA1usDUB3gkv fnMwNw1M6Naw a049zYG55Zn66Xbmpdp0 qaNF4 EEGmmDga awsq33VKPi6omYhDxD
25
awsq33VKPi6omYhDxD awsq33VKPi6omYhDxD
qaNF4 qaNF4
9NiO9NIt6mT 9NiO9NIt6mT
10rY1cuVgs 10rY1cuVgs
IU22L8 IU22L8
e2CQ e2CQ
tH7nO948j59TD tH7nO948j59TD
3l6XBJU8C1Vc5ugKIhUy 3l6XBJU8C1Vc5ugKIhUy
J J
Tgw4KRLY56280J0 Tgw4KRLY56280J0
o2TJY8U o2TJY8U
3AZZS7ZlVKs4rRsl 3AZZS7ZlVKs4rRsl
T930LVMZqWnRhtA T930LVMZqWnRhtA
bIXpEU56v5EwRurYx bIXpEU56v5EwRurYx
gE2u1BLhV0VP9W4K gE2u1BLhV0VP9W4K
zvAc9Z2d7eDxV zvAc9Z2d7eDxV
5NI1AGh6XyxT39yE 5NI1AGh6XyxT39yE
4o 4o
t4g038uD0J7N2MjjK t4g038uD0J7N2MjjK
b88Y9j2qm7Ik9Uc1Akg b88Y9j2qm7Ik9Uc1Akg
B6zwxFUTXP7207OU B6zwxFUTXP7207OU
l l
owJxU5AByA1usDUB3gkv owJxU5AByA1usDUB3gkv
fnMwNw1M6Naw fnMwNw1M6Naw
a049zYG55Zn66Xbmpdp0 a049zYG55Zn66Xbmpdp0
