0 59 0 86 0 123 15 123 0 137 37 137 52 137 0 140 53 128 45 128 8 67 71 148 94 160 138 89 73 99 124 35 100 134 44 134 100 35 184 69 184 35 100 40 49 121 11 75 85 68 58 6 51 30 103 20 53 57 1 57 16 139 12 3 65 61 70 61 14 29 174 56 36 2 27 2 78 2 33 74 33 72 83 72 28 41 46 22 109 5 13 17 21 122 10 42 18 82 127 48 42 145 95 147 99 32 25 32 99 73 96 73 89 23 89 26 108 54 98 54 24 63 55 107 47 107 81 174 93 38 93 124 92 105 19 116 142 199 39 199 142 107 9 80 9 50 9 64 141 31 141 60 198 88 173 97 84 87 125 77 125 34 76 7 33 7 149 167 175 91 175 167 153 66 153 121 171 4 79 90 0 62 0 43 0
100
0 0
59 59
86 86
15 15
37 37
52 52
53 53
45 45
8 8
67 67
71 71
94 94
89 89
73 73
99 99
35 35
44 44
69 69
40 40
49 49
11 11
75 75
85 85
68 68
58 58
6 6
51 51
30 30
20 20
57 57
1 1
16 16
12 12
3 3
65 65
61 61
70 70
14 14
29 29
56 56
36 36
2 2
27 27
78 78
33 33
74 74
72 72
83 83
28 28
41 41
46 46
22 22
5 5
13 13
17 17
21 21
10 10
42 42
18 18
82 82
48 48
95 95
32 32
25 25
96 96
23 23
26 26
54 54
98 98
24 24
63 63
55 55
47 47
81 81
93 93
38 38
92 92
19 19
39 39
9 9
80 80
50 50
64 64
31 31
60 60
88 88
97 97
84 84
87 87
77 77
34 34
76 76
7 7
91 91
66 66
4 4
79 79
90 90
62 62
43 43
