0 20 0 26 0 38 0 49 22 49 0 11 45 13 85 78 25 6 25 78 18 33 18 35 57 4 40 53 71 30 14 10 63 48 69 17 69 34 47 27 47 41 15 41 1 41 21 56 7 5 3 2 19 13 45 12 28 96 8 96 31 96 8 86 97 46 24 97 36 97 86 39 68 73 16 23 42 88 99 9 43 9 37 29 98 32 98 37 44 11 0
50
0 0
20 20
26 26
38 38
49 49
22 22
11 11
45 45
13 13
25 25
6 6
18 18
33 33
35 35
4 4
40 40
30 30
14 14
10 10
48 48
17 17
34 34
47 47
27 27
41 41
15 15
1 1
21 21
7 7
5 5
3 3
2 2
19 19
12 12
28 28
8 8
31 31
46 46
24 24
36 36
39 39
16 16
23 23
42 42
9 9
43 43
37 37
29 29
32 32
44 44
