69 56 25 191 33 121 5 160 2 83 132 192 188 0 162 106 63 166 80 71 72 74 165 81 185 198 14 99 110 58 3 133 3 97 147 146 11 104 11 112 90 16 148 186 4 82 52 30 1 31 1 64 87 59 1 46 118 113 193 51 195 12 197 44 4 134 37 190 171 3 50 24 150 119 26 117 27 8 163 100 149 128 158 1 53 194 77 8 135 131 7 36 7 101 127 115 69
80
56 56
25 25
191 191
33 33
121 121
5 5
160 160
2 2
83 83
132 132
192 192
188 188
162 162
106 106
63 63
166 166
80 80
71 71
72 72
74 74
165 165
81 81
185 185
198 198
14 14
99 99
110 110
58 58
133 133
97 97
147 147
146 146
11 11
104 104
112 112
90 90
16 16
148 148
186 186
82 82
52 52
30 30
1 1
31 31
64 64
87 87
59 59
46 46
118 118
113 113
193 193
51 51
195 195
197 197
44 44
134 134
37 37
190 190
171 171
50 50
24 24
150 150
119 119
26 26
117 117
27 27
163 163
100 100
149 149
128 128
158 158
53 53
194 194
77 77
135 135
131 131
36 36
101 101
127 127
115 115
