74 123 81 167 162 91 131 53 98 125 157 125 80 56 76 33 108 33 151 135 151 130 28 58 68 23 25 44 107 112 114 112 134 100 173 132 30 176 178 176 142 42 8 146 45 186 127 47 152 16 140 11 99 137 97 100 73 125 83 60 59 14 118 14 166 131 200 131 166 169 116 70 43 158 43 187 17 150 39 32 27 103 147 95 172 5 172 12 35 188 88 113 198 120 116 138 139 63 66 50 66 122 143 198 100 72 110 18 34 52 34 94 163 129 141 61 76 154 76 89 76 21 31 86 128 86 57 63 174 63 115 148 105 148 192 13 121 111 199 133 54 179 168 4 193 51 77 51 190 155 90 64 165 171 136 184 96 20 161 109 123 74
100
123 123
81 81
167 167
91 91
53 53
98 98
125 125
157 157
80 80
56 56
76 76
108 108
135 135
130 130
58 58
23 23
44 44
107 107
112 112
114 114
134 134
100 100
173 173
132 132
178 178
142 142
42 42
146 146
45 45
127 127
47 47
152 152
16 16
140 140
11 11
99 99
97 97
73 73
83 83
60 60
59 59
14 14
118 118
200 200
116 116
158 158
17 17
39 39
32 32
27 27
103 103
95 95
5 5
12 12
88 88
113 113
198 198
120 120
138 138
139 139
63 63
66 66
50 50
143 143
72 72
18 18
52 52
94 94
163 163
129 129
61 61
154 154
89 89
31 31
86 86
128 128
174 174
115 115
105 105
192 192
111 111
199 199
133 133
54 54
179 179
4 4
193 193
51 51
77 77
190 190
155 155
90 90
165 165
171 171
136 136
184 184
96 96
20 20
161 161
109 109
