AA AC AJ AC AA AB AH BM BP CE BW AI BW CE BP BM AH BN BS FF BS BN AH AB AE AO AP AO AQ AO AE AB AF AB AG AZ BD AZ AG BB BH BB BI BB AG BA BE BA BF BA BG BA AG BC BJ BC BK FE DZ EC EB EA EI FB EI EA FC EA EB EC DX DY DX EC EE ED EP ED EE EF EL EW EX EY EX EW EL EF EN EQ EO EQ EN EF EH FA EH EJ EZ EJ EH EF EE EC DZ FE BK BC AG AB AA AD DN CT AM CW DP CW DQ CW AM CV DR CV AM CT DN AD AL AD AK AD AN CY DV CY AN CY DW CY AN CX DS CX DU CX DT AA
46
AA AA
AC AC
AJ AJ
AB AB
AH AH
AI AI
FF FF
AE AE
AO AO
AP AP
AQ AQ
AF AF
AG AG
BD BD
BH BH
BI BI
BE BE
BF BF
BG BG
BJ BJ
BK BK
DZ DZ
FB FB
FC FC
DX DX
DY DY
EP EP
EX EX
EY EY
EN EN
EO EO
FA FA
EZ EZ
AD AD
AM AM
DP DP
DQ DQ
DR DR
AL AL
AK AK
AN AN
DV DV
DW DW
DS DS
DU DU
DT DT
