112 123 8 73 109 69 147 11 20 171 72 70 158 53 27 29 126 127 84 146 23 183 34 78 181 184 194 49 107 152 174 81 52 83 71 33 190 36 85 129 168 97 172 121 169 136 120 66 149 64 80 162 14 58 59 130 124 54 56 42 131 24 160 154 6 187 99 41 163 68 9 170 17 105 188 157 21 44 182 75 114 165 144 119 138 104 0 166 117 28 95 35 102 151 118 96 60 143 13 94 40 112
100
123 123
8 8
73 73
109 109
69 69
147 147
11 11
20 20
171 171
72 72
70 70
158 158
53 53
27 27
29 29
126 126
127 127
84 84
146 146
23 23
183 183
34 34
78 78
181 181
184 184
194 194
49 49
107 107
152 152
174 174
81 81
52 52
83 83
71 71
33 33
190 190
36 36
85 85
129 129
168 168
97 97
172 172
121 121
169 169
136 136
120 120
66 66
149 149
64 64
80 80
162 162
14 14
58 58
59 59
130 130
124 124
54 54
56 56
42 42
131 131
24 24
160 160
154 154
6 6
187 187
99 99
41 41
163 163
68 68
9 9
170 170
17 17
105 105
188 188
157 157
21 21
44 44
182 182
75 75
114 114
165 165
144 144
119 119
138 138
104 104
0 0
166 166
117 117
28 28
95 95
35 35
102 102
151 151
118 118
96 96
60 60
143 143
13 13
94 94
40 40
