0 144 27 44 41 19 41 79 160 167 89 51 59 7 73 100 61 148 85 9 98 8 38 35 78 111 75 111 70 11 64 40 124 140 81 192 95 192 69 157 178 43 132 76 47 37 139 86 39 29 39 86 106 13 106 50 106 102 46 36 58 145 34 97 194 66 169 84 169 66 149 23 12 10 12 62 22 82 52 130 94 24 16 24 87 31 80 71 83 68 54 53 174 59 7 195 57 4 74 4 133 20 28 181 120 96 110 26 110 17 125 14 121 91 67 60 92 177 33 177 92 177 72 48 49 3 90 88 63 93 21 6 25 1 113 15 113 30 176 42 176 30 113 99 56 45 123 65 5 196 18 32 77 55 151 53 54 53 2 0
100
27 27
44 44
41 41
19 19
79 79
89 89
51 51
59 59
7 7
73 73
100 100
61 61
85 85
9 9
98 98
8 8
38 38
35 35
78 78
75 75
70 70
11 11
64 64
40 40
81 81
95 95
69 69
43 43
76 76
47 47
37 37
86 86
39 39
29 29
13 13
50 50
46 46
36 36
58 58
34 34
97 97
66 66
84 84
23 23
12 12
10 10
62 62
22 22
82 82
52 52
94 94
24 24
16 16
87 87
31 31
80 80
71 71
83 83
68 68
54 54
53 53
57 57
4 4
74 74
20 20
28 28
96 96
26 26
17 17
14 14
91 91
67 67
60 60
92 92
33 33
72 72
48 48
49 49
3 3
90 90
88 88
63 63
93 93
21 21
6 6
25 25
1 1
15 15
30 30
42 42
99 99
56 56
45 45
65 65
5 5
18 18
32 32
77 77
55 55
2 2
