0 31 43 31 4 47 4 21 89 5 15 69 38 77 36 77 68 11 3 37 3 11 18 12 70 17 70 35 28 33 28 30 13 14 25 65 46 65 83 49 40 48 42 34 44 23 83 41 83 45 39 19 4 31 51 24 51 16 8 95 9 89 27 50 18 22 29 20 2 26 2 32 1 10 1 7 6 84 0
50
31 31
43 43
4 4
47 47
21 21
5 5
15 15
38 38
36 36
11 11
3 3
37 37
18 18
12 12
17 17
35 35
28 28
33 33
30 30
13 13
14 14
25 25
46 46
49 49
40 40
48 48
42 42
34 34
44 44
23 23
41 41
45 45
39 39
19 19
24 24
16 16
8 8
9 9
27 27
50 50
22 22
29 29
20 20
2 2
26 26
32 32
1 1
10 10
7 7
6 6
