48 73 171 163 36 55 47 108 72 186 72 54 50 15 4 56 124 2 23 39 85 152 29 152 136 129 141 199 138 78 185 190 185 78 7 175 7 154 53 154 115 10 46 196 176 40 16 98 38 117 189 162 123 114 157 194 193 52 156 180 9 42 25 90 87 107 66 74 149 92 177 158 96 191 96 181 113 69 113 182 94 126 119 93 133 106 64 106 170 3 155 3 65 5 99 102 110 102 179 174 125 143 167 143 137 43 101 98 67 98 103 57 151 57 60 84 135 147 38 165 34 61 197 159 120 121 19 77 164 58 118 145 173 88 173 35 81 148 21 79 11 6 109 168 20 48
100
48 48
73 73
171 171
163 163
36 36
55 55
108 108
186 186
56 56
2 2
23 23
39 39
85 85
152 152
29 29
136 136
129 129
141 141
199 199
138 138
78 78
185 185
190 190
7 7
175 175
154 154
53 53
115 115
10 10
46 46
196 196
176 176
40 40
16 16
98 98
38 38
117 117
123 123
157 157
194 194
193 193
52 52
156 156
180 180
9 9
42 42
25 25
90 90
87 87
107 107
66 66
74 74
149 149
177 177
158 158
191 191
181 181
113 113
69 69
182 182
126 126
119 119
93 93
133 133
64 64
170 170
3 3
155 155
5 5
110 110
179 179
125 125
143 143
167 167
137 137
101 101
67 67
103 103
151 151
60 60
84 84
135 135
147 147
165 165
34 34
197 197
120 120
19 19
164 164
58 58
118 118
145 145
88 88
35 35
148 148
21 21
79 79
11 11
109 109
20 20
