gucdicwxmb epdwcjuvdr vugkhjygfe vkrlpmybdj zpjhxyylhb koawdpgqdx aokbiptbzc psiebvskfb zumetrybth psiebvskfb xtvbrolacp chjuuxuacs jedsthbmzo lkvobxyfca lbuiysostx tvuprbwofb siatqqydwf yiwwdwbzth oggftsricu qzdrdcxoib wtyqwjwskq gwnccktgki ztplgyvqhm gwnccktgki seeyrseflx gjmmikaxih zpjhxyylhb rnpokwoqgt iwdghbmiai rnpokwoqgt jqtguzxxsl evdoyagqfp gkcfktyute zjbarjhmau xawkqmfmmx smwxdupkdv unihwwnyqz koawdpgqdx zpjhxyylhb vkrlpmybdj vugkhjygfe ahqdrcepub vugkhjygfe epdwcjuvdr gucdicwxmb
21
epdwcjuvdr epdwcjuvdr
vugkhjygfe vugkhjygfe
vkrlpmybdj vkrlpmybdj
zpjhxyylhb zpjhxyylhb
koawdpgqdx koawdpgqdx
psiebvskfb psiebvskfb
zumetrybth zumetrybth
lkvobxyfca lkvobxyfca
tvuprbwofb tvuprbwofb
yiwwdwbzth yiwwdwbzth
oggftsricu oggftsricu
wtyqwjwskq wtyqwjwskq
ztplgyvqhm ztplgyvqhm
seeyrseflx seeyrseflx
rnpokwoqgt rnpokwoqgt
iwdghbmiai iwdghbmiai
evdoyagqfp evdoyagqfp
gkcfktyute gkcfktyute
zjbarjhmau zjbarjhmau
xawkqmfmmx xawkqmfmmx
ahqdrcepub ahqdrcepub
