mdyuzxshey mysadifwma mdyuzxshey vkrlpmybdj tvcolajnao qcktwemqbm wkwwcqjtxf zjbarjhmau kdujdjjwot zjbarjhmau bulywvvpni lndsfxewdc mswyvpdrsy lndsfxewdc zpybghfdbe cmdqzmgvfi qfbvncxldf cmdqzmgvfi qydclznxrd psiebvskfb bswhowadhl wtyqwjwskq yiwwdwbzth jqtguzxxsl hadchvmijq wynbxuuxru epdwcjuvdr wtlzrefwav hsjqtjkukk smwxdupkdv aokbiptbzc koawdpgqdx unihwwnyqz qepegujmaa xtvbrolacp qepegujmaa unihwwnyqz koawdpgqdx smwxdupkdv hsjqtjkukk wtlzrefwav jrmlkfexfk gllungmori rkyixxpcbx optviwhmbr ixyurvbpvu uooysjrxsb seeyrseflx vugkhjygfe seeyrseflx uooysjrxsb ixyurvbpvu gwnccktgki ixyurvbpvu optviwhmbr rkyixxpcbx eooyfwmxln rkyixxpcbx gllungmori rkyixxpcbx optviwhmbr ixyurvbpvu siatqqydwf ahqdrcepub lazlsvgukx idfvjoquhh lbuiysostx oegfbrwyrp tgbmxdmvwe oegfbrwyrp lbuiysostx sjtuxgdwms fznfvsgjhc lkvobxyfca oggftsricu euqbrkzdsw oggftsricu lnicnhmajr owusjcmdkp oewptytlja jedsthbmzo xftptyrlvl knfzsnhzvx oewptytlja nwlccbonas oewptytlja owusjcmdkp ljhmnbaicr ebqxbaqnmm zumetrybth jatkaoyfxb bnmegnfgii jatkaoyfxb vkrlpmybdj zmfuudfatm vkrlpmybdj mdyuzxshey
49
mdyuzxshey mdyuzxshey
mysadifwma mysadifwma
vkrlpmybdj vkrlpmybdj
qcktwemqbm qcktwemqbm
zjbarjhmau zjbarjhmau
kdujdjjwot kdujdjjwot
bulywvvpni bulywvvpni
lndsfxewdc lndsfxewdc
mswyvpdrsy mswyvpdrsy
cmdqzmgvfi cmdqzmgvfi
qfbvncxldf qfbvncxldf
qydclznxrd qydclznxrd
psiebvskfb psiebvskfb
wtyqwjwskq wtyqwjwskq
jqtguzxxsl jqtguzxxsl
hadchvmijq hadchvmijq
wynbxuuxru wynbxuuxru
wtlzrefwav wtlzrefwav
aokbiptbzc aokbiptbzc
koawdpgqdx koawdpgqdx
qepegujmaa qepegujmaa
xtvbrolacp xtvbrolacp
gllungmori gllungmori
rkyixxpcbx rkyixxpcbx
optviwhmbr optviwhmbr
seeyrseflx seeyrseflx
vugkhjygfe vugkhjygfe
gwnccktgki gwnccktgki
eooyfwmxln eooyfwmxln
ahqdrcepub ahqdrcepub
lazlsvgukx lazlsvgukx
lbuiysostx lbuiysostx
tgbmxdmvwe tgbmxdmvwe
fznfvsgjhc fznfvsgjhc
lkvobxyfca lkvobxyfca
euqbrkzdsw euqbrkzdsw
lnicnhmajr lnicnhmajr
owusjcmdkp owusjcmdkp
oewptytlja oewptytlja
jedsthbmzo jedsthbmzo
xftptyrlvl xftptyrlvl
knfzsnhzvx knfzsnhzvx
nwlccbonas nwlccbonas
ljhmnbaicr ljhmnbaicr
ebqxbaqnmm ebqxbaqnmm
zumetrybth zumetrybth
jatkaoyfxb jatkaoyfxb
bnmegnfgii bnmegnfgii
zmfuudfatm zmfuudfatm
