0 16 58 59 16 23 62 63 23 19 54 55 19 84 83 82 19 1 60 61 1 40 64 65 40 90 89 88 40 12 94 12 96 95 94 12 14 70 14 72 71 70 14 48 97 98 99 48 81 48 79 80 79 48 49 85 86 87 49 85 49 5 91 5 93 92 91 5 21 76 77 78 21 76 21 11 69 68 11 10 67 66 10 2 73 74 73 2 75 2 32 53 52 32 6 57 56 6 42 51 50 42 0
50
58 58
59 59
62 62
63 63
54 54
55 55
84 84
83 83
82 82
60 60
61 61
64 64
65 65
90 90
89 89
88 88
94 94
96 96
95 95
70 70
72 72
71 71
97 97
98 98
99 99
81 81
79 79
80 80
85 85
86 86
87 87
91 91
93 93
92 92
76 76
77 77
78 78
69 69
68 68
67 67
66 66
73 73
74 74
75 75
53 53
52 52
57 57
56 56
51 51
50 50
