0 3 0 40 43 40 75 78 75 185 187 185 65 68 65 30 32 58 55 95 97 95 87 95 145 148 145 99 105 100 15 17 104 17 16 17 113 110 57 56 57 110 44 140 142 141 132 131 132 186 42 41 42 186 132 141 72 129 139 149 159 124 64 94 170 172 170 69 54 74 125 128 117 166 117 168 117 116 77 115 118 27 25 28 2 13 2 101 102 108 82 169 114 150 152 150 20 35 37 36 37 35 38 35 190 192 191 92 91 92 90 10 12 11 12 66 67 123 120 122 120 47 183 180 182 181 182 189 179 195 197 195 79 184 154 144 160 162 161 162 160 137 136 137 135 52 135 138 135 134 39 130 133 130 0
100
3 3
43 43
78 78
187 187
65 65
68 68
30 30
32 32
58 58
55 55
95 95
97 97
87 87
145 145
148 148
99 99
105 105
100 100
15 15
17 17
104 104
16 16
113 113
110 110
57 57
56 56
44 44
142 142
141 141
132 132
131 131
186 186
42 42
41 41
72 72
129 129
139 139
149 149
159 159
124 124
64 64
94 94
172 172
69 69
54 54
74 74
125 125
128 128
166 166
168 168
116 116
118 118
27 27
25 25
28 28
2 2
13 13
101 101
102 102
108 108
82 82
114 114
152 152
20 20
35 35
37 37
36 36
38 38
192 192
92 92
91 91
12 12
11 11
66 66
67 67
123 123
120 120
122 122
47 47
183 183
180 180
182 182
181 181
189 189
179 179
195 195
197 197
79 79
184 184
154 154
144 144
160 160
161 161
136 136
135 135
52 52
138 138
134 134
39 39
133 133
