0 40 5 8 5 7 71 72 70 20 23 20 15 18 15 17 16 17 49 32 31 32 68 67 96 97 95 30 33 30 85 87 86 87 85 77 76 77 75 50 52 51 52 99 94 29 25 28 25 10 13 10 12 11 12 81 82 80 83 80 4 79 54 89 44 39 84 90 92 90 65 55 57 55 58 42 88 37 88 47 46 47 45 48 45 60 63 60 0
50
40 40
5 5
8 8
71 71
20 20
23 23
18 18
16 16
49 49
32 32
31 31
68 68
67 67
97 97
33 33
85 85
86 86
76 76
52 52
51 51
99 99
94 94
29 29
28 28
13 13
11 11
81 81
82 82
80 80
83 83
4 4
79 79
54 54
89 89
44 44
39 39
84 84
90 90
92 92
65 65
55 55
57 57
58 58
42 42
88 88
37 37
46 46
48 48
60 60
63 63
