85 24 0 24 81 24 43 85 54 61 8 61 57 19 64 88 27 4 69 42 92 42 53 45 14 55 14 48 80 49 46 49 37 21 7 21 76 21 15 74 50 74 82 51 82 87 10 93 10 6 35 13 34 52 32 86 31 83 16 66 47 41 22 70 68 59 44 91 60 96 60 99 56 33 71 5 1 70 38 14 17 95 29 98 25 23 25 77 72 63 89 79 89 11 36 28 36 94 85
50
0 0
81 81
43 43
54 54
8 8
57 57
64 64
27 27
69 69
92 92
53 53
45 45
55 55
48 48
80 80
46 46
37 37
7 7
76 76
15 15
50 50
51 51
87 87
93 93
35 35
13 13
34 34
52 52
86 86
31 31
16 16
47 47
22 22
68 68
44 44
91 91
96 96
99 99
56 56
71 71
1 1
38 38
17 17
98 98
23 23
77 77
79 79
11 11
28 28
94 94
