99 58 102 58 149 154 122 48 88 101 111 45 41 45 185 16 17 16 190 16 148 121 18 43 97 43 66 43 56 96 157 119 157 96 132 96 157 172 157 168 86 181 86 146 2 47 8 135 61 54 129 28 137 150 137 186 85 127 85 174 85 63 2 40 2 112 71 192 71 80 62 73 62 128 164 95 24 95 106 159 131 105 92 52 22 52 103 52 167 76 161 139 33 139 12 1 19 184 95 183 29 13 68 187 38 25 69 173 69 83 69 82 31 94 107 9 81 100 81 158 81 126 49 10 49 125 49 123 116 163 116 117 116 27 46 55 144 169 104 130 162 53 162 0 21 78 21 5 138 20 138 170 113 124 113 51 113 30 113 114 113 59 64 165 23 180 120 171 120 160 84 166 74 42 199 26 199 39 176 35 14 4 118 142 156 70 175 15 175 188 79 178 79 75 6 34 32 152 90 152 98 36 155 110 151 176 99
100
99 99
102 102
149 149
122 122
88 88
111 111
41 41
185 185
17 17
190 190
148 148
18 18
97 97
66 66
56 56
119 119
132 132
172 172
168 168
181 181
146 146
47 47
8 8
61 61
28 28
150 150
186 186
127 127
174 174
63 63
40 40
112 112
192 192
80 80
73 73
164 164
24 24
106 106
131 131
92 92
22 22
103 103
167 167
161 161
33 33
12 12
1 1
184 184
183 183
68 68
25 25
173 173
83 83
82 82
94 94
9 9
100 100
158 158
126 126
10 10
125 125
123 123
163 163
117 117
27 27
55 55
169 169
130 130
53 53
0 0
78 78
5 5
20 20
170 170
124 124
51 51
30 30
114 114
59 59
165 165
180 180
171 171
160 160
166 166
42 42
26 26
39 39
35 35
4 4
142 142
70 70
15 15
188 188
178 178
75 75
34 34
90 90
98 98
155 155
151 151
