81 58 23 16 108 200 93 127 96 100 161 115 53 195 52 71 109 124 78 34 48 88 188 182 14 125 179 59 64 24 191 8 196 86 178 76 95 87 162 80 12 92 121 159 1 90 74 184 165 49 46 158 166 164 199 17 45 135 57 130 70 138 84 41 197 43 9 107 56 153 97 167 126 170 132 42 65 189 36 89 145 183 35 156 103 77 180 198 152 33 141 18 123 154 20 85 69 27 117 150 81
100
81 81
58 58
23 23
16 16
108 108
200 200
93 93
127 127
96 96
100 100
161 161
115 115
53 53
195 195
52 52
71 71
109 109
124 124
78 78
34 34
48 48
88 88
188 188
182 182
14 14
125 125
179 179
59 59
64 64
24 24
191 191
8 8
196 196
86 86
178 178
76 76
95 95
87 87
162 162
80 80
12 12
92 92
121 121
159 159
1 1
90 90
74 74
184 184
165 165
49 49
46 46
158 158
166 166
164 164
199 199
17 17
45 45
135 135
57 57
130 130
70 70
138 138
84 84
41 41
197 197
43 43
9 9
107 107
56 56
153 153
97 97
167 167
126 126
170 170
132 132
42 42
65 65
189 189
36 36
89 89
145 145
183 183
35 35
156 156
103 103
77 77
180 180
198 198
152 152
33 33
141 141
18 18
123 123
154 154
20 20
85 85
69 69
27 27
117 117
150 150
