10 5 3 1 2 10 50 187 186 185 184 51 52 53 54 193 192 190 191 56 57 58 59 199 198 196 197 61 62 63 64 66 67 68 69 71 72 73 74 76 77 78 79 81 82 83 84 86 87 88 89 91 92 93 94 96 97 98 99 101 102 103 104 106 107 108 109 111 112 50 10 39 36 37 38 42 34 8 7 6 32 35 43 41 12 11 29 15 25 23 21 22 10
87
5 5
3 3
1 1
2 2
187 187
186 186
185 185
184 184
51 51
52 52
53 53
54 54
193 193
192 192
190 190
191 191
56 56
57 57
58 58
59 59
199 199
198 198
196 196
197 197
61 61
62 62
63 63
64 64
66 66
67 67
68 68
69 69
71 71
72 72
73 73
74 74
76 76
77 77
78 78
79 79
81 81
82 82
83 83
84 84
86 86
87 87
88 88
89 89
91 91
92 92
93 93
94 94
96 96
97 97
98 98
99 99
101 101
102 102
103 103
104 104
106 106
107 107
108 108
109 109
111 111
112 112
39 39
36 36
37 37
38 38
42 42
34 34
8 8
7 7
6 6
32 32
35 35
43 43
41 41
12 12
11 11
29 29
15 15
25 25
23 23
21 21
22 22
