0 30 10 43 49 27 39 27 9 78 99 86 29 14 73 52 64 67 25 15 3 58 6 96 7 54 149 18 45 161 44 176 97 31 55 76 33 85 16 83 10 2 75 79 90 77 36 41 42 28 12 113 135 82 146 19 48 100 61 88 8 88 98 158 84 81 20 35 56 35 20 63 24 104 92 51 189 60 23 65 125 72 46 38 46 87 5 62 17 89 17 70 94 21 13 21 71 93 10 43 74 37 47 95 66 4 32 80 34 1 11 59 40 69 26 50 22 57 53 68 91 0
100
30 30
10 10
43 43
49 49
27 27
39 39
9 9
78 78
99 99
86 86
29 29
14 14
73 73
52 52
64 64
67 67
25 25
15 15
3 3
58 58
6 6
96 96
7 7
54 54
18 18
45 45
44 44
97 97
31 31
55 55
76 76
33 33
85 85
16 16
83 83
2 2
75 75
79 79
90 90
77 77
36 36
41 41
42 42
28 28
12 12
82 82
19 19
48 48
100 100
61 61
88 88
8 8
98 98
84 84
81 81
20 20
35 35
56 56
63 63
24 24
92 92
51 51
60 60
23 23
65 65
72 72
46 46
38 38
87 87
5 5
62 62
17 17
89 89
70 70
94 94
21 21
13 13
71 71
93 93
74 74
37 37
47 47
95 95
66 66
4 4
32 32
80 80
34 34
1 1
11 11
59 59
40 40
69 69
26 26
50 50
22 22
57 57
53 53
68 68
91 91
