OYUinzd4zxVxIptSBcML lM0uQphyVNPO90DR8P6A TOlchSnWWkR7rRWP9Cdc 6YPXen0OkUAjsBQbugH8 5dLU2ihY8weFRtdH0NCX 4R5nKw333ATOizKdSrav ysFvkOBVEgTOFmcR2xc1 paxbzGIrGUKuLL8gNR12 29cQGjH4xgr2WjuBLLEb 7sEAL87eVGtPRFGU7wZL 2LHGJx7lje13o5VgjaWa 5euTHFaulIyTMDOpAOiL xtyNkgmQQDlFdBVfN1o5 jVnJVrQfkUuQ5PfgtD65 0rs0of9LUAzWTuABwTnG mSL1gwuFl7ezuWmYhoWX ugVnD0zzPxsfEn932v1t knZxc5ZrIrcQzv054Pss 0Y8GuXeRCg3UQ8iw3rJM n14fgY77RxYuy7mkbJU1 3SpSgYRcx99pESu1D9Wi KRZBWx1Sd8wB0uU3QWeQ wDv7iczN6LiK2xDJOu0N 2mMEW336zlvoabKQ0Mze dVfyZ8osOWlPeWeMnteY C4iWe9yR2mvfNmTv1Ujg OYUinzd4zxVxIptSBcML
25
lM0uQphyVNPO90DR8P6A lM0uQphyVNPO90DR8P6A
TOlchSnWWkR7rRWP9Cdc TOlchSnWWkR7rRWP9Cdc
6YPXen0OkUAjsBQbugH8 6YPXen0OkUAjsBQbugH8
5dLU2ihY8weFRtdH0NCX 5dLU2ihY8weFRtdH0NCX
4R5nKw333ATOizKdSrav 4R5nKw333ATOizKdSrav
ysFvkOBVEgTOFmcR2xc1 ysFvkOBVEgTOFmcR2xc1
paxbzGIrGUKuLL8gNR12 paxbzGIrGUKuLL8gNR12
29cQGjH4xgr2WjuBLLEb 29cQGjH4xgr2WjuBLLEb
7sEAL87eVGtPRFGU7wZL 7sEAL87eVGtPRFGU7wZL
2LHGJx7lje13o5VgjaWa 2LHGJx7lje13o5VgjaWa
5euTHFaulIyTMDOpAOiL 5euTHFaulIyTMDOpAOiL
xtyNkgmQQDlFdBVfN1o5 xtyNkgmQQDlFdBVfN1o5
jVnJVrQfkUuQ5PfgtD65 jVnJVrQfkUuQ5PfgtD65
0rs0of9LUAzWTuABwTnG 0rs0of9LUAzWTuABwTnG
mSL1gwuFl7ezuWmYhoWX mSL1gwuFl7ezuWmYhoWX
ugVnD0zzPxsfEn932v1t ugVnD0zzPxsfEn932v1t
knZxc5ZrIrcQzv054Pss knZxc5ZrIrcQzv054Pss
0Y8GuXeRCg3UQ8iw3rJM 0Y8GuXeRCg3UQ8iw3rJM
n14fgY77RxYuy7mkbJU1 n14fgY77RxYuy7mkbJU1
3SpSgYRcx99pESu1D9Wi 3SpSgYRcx99pESu1D9Wi
KRZBWx1Sd8wB0uU3QWeQ KRZBWx1Sd8wB0uU3QWeQ
wDv7iczN6LiK2xDJOu0N wDv7iczN6LiK2xDJOu0N
2mMEW336zlvoabKQ0Mze 2mMEW336zlvoabKQ0Mze
dVfyZ8osOWlPeWeMnteY dVfyZ8osOWlPeWeMnteY
C4iWe9yR2mvfNmTv1Ujg C4iWe9yR2mvfNmTv1Ujg
