destitute namesake jewel Auberge Modesto Elizabethan combine extractor mediate bobble McCall tate diligent swingy midget funny Gilmore Hindi MN Isfahan balustrade stanza Injun illusion amateur slowdown schedule connubial shroud choice fatten trill yogurt Vega Andersen Halstead embassy Dominican Bleeker minion Dominican covariate Fisk anvil sacrifice swordfish Hewlett decor Hewlett creekside septillion transpiration septillion papal ripe Darwin Rio Loomis destitute
50
jewel jewel
Auberge Auberge
Modesto Modesto
Elizabethan Elizabethan
extractor extractor
mediate mediate
bobble bobble
McCall McCall
tate tate
diligent diligent
swingy swingy
midget midget
funny funny
Gilmore Gilmore
Hindi Hindi
MN MN
Isfahan Isfahan
balustrade balustrade
stanza stanza
Injun Injun
illusion illusion
amateur amateur
slowdown slowdown
schedule schedule
connubial connubial
shroud shroud
choice choice
fatten fatten
trill trill
yogurt yogurt
Vega Vega
Andersen Andersen
Halstead Halstead
embassy embassy
Dominican Dominican
Bleeker Bleeker
minion minion
Fisk Fisk
anvil anvil
swordfish swordfish
Hewlett Hewlett
decor decor
creekside creekside
septillion septillion
transpiration transpiration
papal papal
ripe ripe
Darwin Darwin
Rio Rio
Loomis Loomis
