woebegone encumbrance transonic atom bifurcate update icon torus coarse Zorn December Hewlett Durango Reilly Durango sinh monotonous dreadnought monotonous MN exothermic MN casserole renaissance casserole felony tate felony equipping felony Isfahan thoroughfare balustrade babysat balustrade imperishable switchmen Gilmore simulate Stephen PDP whatsoever Sunday silage Sunday PDP limitate PDP oriole bunch midstream noon inform secondary inform millennium funky mediate Fisk swingy dull archive papal car softball anvil administer stanza numerology diligent numerology viscous numerology directory bat Winchester connubial Simon yogurt trimester transfuse illusion griddle illusion trimester Curtis deduce Tucson extrovert Andersen cowhand explosion cowhand Irvin mack clout Injun Modesto swordfish Rodney Auberge Rodney Simon Goodrich Elizabethan Darwin catenate thirteen broil barnacle yearn funny wingspread shovel choice lexicon Vega lexicon slowdown involuntary mitre spill involuntary backplate relaxation postscript Wheller hamper sphalerite McCall septillion embroil fulsome trill woebegone
100
transonic transonic
bifurcate bifurcate
update update
icon icon
coarse coarse
Zorn Zorn
December December
Hewlett Hewlett
Durango Durango
Reilly Reilly
sinh sinh
monotonous monotonous
dreadnought dreadnought
exothermic exothermic
casserole casserole
renaissance renaissance
felony felony
tate tate
equipping equipping
Isfahan Isfahan
thoroughfare thoroughfare
babysat babysat
imperishable imperishable
Gilmore Gilmore
simulate simulate
Stephen Stephen
PDP PDP
whatsoever whatsoever
Sunday Sunday
silage silage
limitate limitate
oriole oriole
bunch bunch
midstream midstream
noon noon
inform inform
secondary secondary
millennium millennium
funky funky
mediate mediate
Fisk Fisk
swingy swingy
dull dull
archive archive
papal papal
car car
softball softball
anvil anvil
administer administer
stanza stanza
numerology numerology
diligent diligent
viscous viscous
directory directory
bat bat
Winchester Winchester
connubial connubial
Simon Simon
yogurt yogurt
trimester trimester
transfuse transfuse
illusion illusion
griddle griddle
Curtis Curtis
deduce deduce
Tucson Tucson
extrovert extrovert
Andersen Andersen
explosion explosion
Irvin Irvin
mack mack
Modesto Modesto
swordfish swordfish
Rodney Rodney
Auberge Auberge
Goodrich Goodrich
Darwin Darwin
catenate catenate
thirteen thirteen
broil broil
barnacle barnacle
yearn yearn
funny funny
wingspread wingspread
shovel shovel
choice choice
Vega Vega
slowdown slowdown
involuntary involuntary
mitre mitre
spill spill
backplate backplate
relaxation relaxation
postscript postscript
Wheller Wheller
sphalerite sphalerite
McCall McCall
septillion septillion
embroil embroil
fulsome fulsome
