exothermic felony Irvin decor shovel trill combine Iowa FPC extrovert sacrifice Sicilian Halstead choice tate coarse midget lordosis intangible Tucson Bernini amateur Injun Curtis McCall Andersen McCall namesake Dominican yogurt swordfish wafer swordfish exothermic
25
felony felony
Irvin Irvin
decor decor
shovel shovel
trill trill
combine combine
Iowa Iowa
FPC FPC
extrovert extrovert
sacrifice sacrifice
Halstead Halstead
coarse coarse
midget midget
lordosis lordosis
Tucson Tucson
Bernini Bernini
amateur amateur
Injun Injun
Curtis Curtis
McCall McCall
Andersen Andersen
namesake namesake
yogurt yogurt
swordfish swordfish
wafer wafer
