1 eecyyi 1 11 bvxxxl 11 dfkzik 11 4 adnqny 4 aiahrn 4 6 htnufq 6 bdkbsl 6 8 qmdppc 8 qmrpna 8 2 hkmvzs 2 wdukvg 2 10 atjnbp 10 itizxl 10 3 dwtmye 3 fncbor 3 7 obygpx 7 zfpeyb 7 9 eaxqgg 9 dgndkq 9 5 jjhfbf 5 xzpwqp 5 1 mxfjog 1
22
eecyyi eecyyi
bvxxxl bvxxxl
dfkzik dfkzik
adnqny adnqny
aiahrn aiahrn
htnufq htnufq
bdkbsl bdkbsl
qmdppc qmdppc
qmrpna qmrpna
hkmvzs hkmvzs
wdukvg wdukvg
atjnbp atjnbp
itizxl itizxl
dwtmye dwtmye
fncbor fncbor
obygpx obygpx
zfpeyb zfpeyb
eaxqgg eaxqgg
dgndkq dgndkq
jjhfbf jjhfbf
xzpwqp xzpwqp
mxfjog mxfjog
