1 49 1 16 133 16 91 16 22 71 22 94 22 3 97 3 112 3 34 50 34 77 34 41 106 41 137 41 2 81 2 62 2 29 129 29 96 29 5 93 5 90 5 48 58 48 68 48 39 57 39 52 39 32 135 32 139 32 24 134 24 88 24 10 76 10 132 10 42 89 42 104 42 26 121 26 100 26 4 51 4 118 4 35 92 35 84 35 45 74 45 122 45 40 117 40 87 40 15 85 15 103 15 46 144 46 54 46 33 67 33 127 33 12 59 12 116 12 11 142 11 65 11 23 55 23 108 23 14 105 14 75 14 25 80 25 86 25 13 79 13 109 13 21 138 21 82 21 47 113 47 141 47 20 115 20 124 20 43 64 43 136 43 17 60 17 66 17 27 140 27 78 27 19 98 19 53 19 37 99 37 125 37 6 119 6 126 6 30 95 30 101 30 28 131 28 83 28 36 130 36 110 36 7 120 7 107 7 18 63 18 69 18 44 114 44 102 44 31 70 31 143 31 38 61 38 111 38 9 73 9 72 9 8 123 8 56 8 1 128 1
96
49 49
133 133
91 91
71 71
94 94
97 97
112 112
50 50
77 77
106 106
137 137
81 81
62 62
129 129
96 96
93 93
90 90
58 58
68 68
57 57
52 52
135 135
139 139
134 134
88 88
76 76
132 132
89 89
104 104
121 121
100 100
51 51
118 118
92 92
84 84
74 74
122 122
117 117
87 87
85 85
103 103
144 144
54 54
67 67
127 127
59 59
116 116
142 142
65 65
55 55
108 108
105 105
75 75
80 80
86 86
79 79
109 109
138 138
82 82
113 113
141 141
115 115
124 124
64 64
136 136
60 60
66 66
140 140
78 78
98 98
53 53
99 99
125 125
119 119
126 126
95 95
101 101
131 131
83 83
130 130
110 110
120 120
107 107
63 63
69 69
114 114
102 102
70 70
143 143
61 61
111 111
73 73
72 72
123 123
56 56
128 128
