g3ylJsdLuC idQHxtSnxr BUMLJo6sc3 jPXsbXPNMq BUMLJo6sc3 fecMfiAuGC BUMLJo6sc3 idQHxtSnxr dj8JMfo3hX QrJxLpX875 dj8JMfo3hX 4znnlMjVra MXIvZpEPtW uIf3wnJUdn MXIvZpEPtW biWuM2iRnz 4TTtdOaCTp PcFJuErB3q CxfzSa2YOV M2hatQPY96 tubjzjzUpV 8ZKCAWlImg t25XjDwQhD 8ZKCAWlImg z9nRKYQ1ub AL20k9yp9D pKK7T4agKn TyL7NE2puV GQ4F0g3Mdj TP2TNyk7wl GQ4F0g3Mdj fXy828RCG4 GQ4F0g3Mdj XW1Wn7EqpN rCoEuOa7EU 8KtuAXHUy3 rCoEuOa7EU mwzQG3SxnO 97ZNlakBoq 7ZWqK2F5XG 2O61j91J3T K05xB79KZo srT70dfQEr Pz3egMzKU8 gZXiityEnU J3muHocLp9 7wS9dKOnJR 12ECENJIev Oiowits7js FvzkpZRSj8 YAqGe4tKAP yky49wE4YG WRd4lScvm6 yky49wE4YG Pv5LMSkQii yky49wE4YG BNkM7qaRNw XlU2fx0ZPn 7wS9dKOnJR IT4pKw3giW pWVnBerIra bWDewy6WbV oCk2Yieytb Tk8ERvdKxF WAi18jd2vJ S8BtTu4yH9 WAi18jd2vJ fWIjO8yhE3 KHDeTTvJC1 fWIjO8yhE3 x066w6eh4W Pijq8aHqIR fXy828RCG4 KUJdxKVZFO 0wTk0mYkLH KUJdxKVZFO 7g0Idy1nzK 03xK87sjTf nKHFs5cKTX s3eMpsYH00 oIVQ2qkgnR bhojeHeddF oIVQ2qkgnR 0hs3CNDF4L nFqfAnhO3U TBzLS0OAYU 723MhcLxt0 1QXjsHNYao 2S929yZddP YpRs8m6oyX oEdovEhrWM CUEWGmB7Gt dMOAUqH7Z3 qnkfLCmfDn QTNhZIciNJ h5Si5BAPN0 QTNhZIciNJ CSjLrGbUz3 xtp1B5q0W1 CSjLrGbUz3 QTNhZIciNJ qnkfLCmfDn Pijq8aHqIR lfdanPGo3c jBYJ7v19BQ qjDSEKmZMW FqFik17fFH r8njDwxc2t JD3uem81Lg IA0Uf143OT uvoepIQg9n LCKLTNE1vp uNliYB9ELN x7iq98BiN3 IGpxjveim7 TSSOUimHPg Q1N77BLmyb bsEkAY2K41 vUu8ijgxxf yvMowGbkvn u4LnQNaaiz 0mnwiU4XrT wRn7Oi1bcW 0mnwiU4XrT bserQRNqfz KpxiCfRqh3 WYEDqSuNRX oVMPVsMWrZ g2I4si69gU u4FAx2sHZm 2OsmeZV9xh u4FAx2sHZm 1TfvXd6dPZ mbSdju1TJK 1TfvXd6dPZ dC48GQHGzO RN0bCAV6rQ pk0Vh75DnH Qu2MUNKITj yU6iUY8YgO XOxGPscMMG WcyuqGYOzU oWmQcQwHPo 2eMl9AO5o8 emYRLTiyj9 LeZK9UvMT9 33omYiVXOD 5SSy593K31 WvFZJEkTrw aEo62SfMqH j98kcW9qGB onlLq65Azx idQHxtSnxr g3ylJsdLuC
100
idQHxtSnxr idQHxtSnxr
BUMLJo6sc3 BUMLJo6sc3
jPXsbXPNMq jPXsbXPNMq
fecMfiAuGC fecMfiAuGC
dj8JMfo3hX dj8JMfo3hX
QrJxLpX875 QrJxLpX875
4znnlMjVra 4znnlMjVra
uIf3wnJUdn uIf3wnJUdn
biWuM2iRnz biWuM2iRnz
CxfzSa2YOV CxfzSa2YOV
M2hatQPY96 M2hatQPY96
tubjzjzUpV tubjzjzUpV
t25XjDwQhD t25XjDwQhD
z9nRKYQ1ub z9nRKYQ1ub
TyL7NE2puV TyL7NE2puV
GQ4F0g3Mdj GQ4F0g3Mdj
TP2TNyk7wl TP2TNyk7wl
fXy828RCG4 fXy828RCG4
XW1Wn7EqpN XW1Wn7EqpN
8KtuAXHUy3 8KtuAXHUy3
mwzQG3SxnO mwzQG3SxnO
97ZNlakBoq 97ZNlakBoq
2O61j91J3T 2O61j91J3T
K05xB79KZo K05xB79KZo
srT70dfQEr srT70dfQEr
Pz3egMzKU8 Pz3egMzKU8
gZXiityEnU gZXiityEnU
12ECENJIev 12ECENJIev
Oiowits7js Oiowits7js
FvzkpZRSj8 FvzkpZRSj8
YAqGe4tKAP YAqGe4tKAP
yky49wE4YG yky49wE4YG
WRd4lScvm6 WRd4lScvm6
Pv5LMSkQii Pv5LMSkQii
BNkM7qaRNw BNkM7qaRNw
XlU2fx0ZPn XlU2fx0ZPn
IT4pKw3giW IT4pKw3giW
bWDewy6WbV bWDewy6WbV
oCk2Yieytb oCk2Yieytb
Tk8ERvdKxF Tk8ERvdKxF
WAi18jd2vJ WAi18jd2vJ
S8BtTu4yH9 S8BtTu4yH9
KHDeTTvJC1 KHDeTTvJC1
Pijq8aHqIR Pijq8aHqIR
KUJdxKVZFO KUJdxKVZFO
0wTk0mYkLH 0wTk0mYkLH
7g0Idy1nzK 7g0Idy1nzK
03xK87sjTf 03xK87sjTf
nKHFs5cKTX nKHFs5cKTX
s3eMpsYH00 s3eMpsYH00
oIVQ2qkgnR oIVQ2qkgnR
bhojeHeddF bhojeHeddF
0hs3CNDF4L 0hs3CNDF4L
TBzLS0OAYU TBzLS0OAYU
723MhcLxt0 723MhcLxt0
1QXjsHNYao 1QXjsHNYao
2S929yZddP 2S929yZddP
YpRs8m6oyX YpRs8m6oyX
oEdovEhrWM oEdovEhrWM
CUEWGmB7Gt CUEWGmB7Gt
dMOAUqH7Z3 dMOAUqH7Z3
qnkfLCmfDn qnkfLCmfDn
QTNhZIciNJ QTNhZIciNJ
h5Si5BAPN0 h5Si5BAPN0
CSjLrGbUz3 CSjLrGbUz3
xtp1B5q0W1 xtp1B5q0W1
lfdanPGo3c lfdanPGo3c
jBYJ7v19BQ jBYJ7v19BQ
qjDSEKmZMW qjDSEKmZMW
r8njDwxc2t r8njDwxc2t
JD3uem81Lg JD3uem81Lg
IA0Uf143OT IA0Uf143OT
uvoepIQg9n uvoepIQg9n
LCKLTNE1vp LCKLTNE1vp
x7iq98BiN3 x7iq98BiN3
Q1N77BLmyb Q1N77BLmyb
bsEkAY2K41 bsEkAY2K41
vUu8ijgxxf vUu8ijgxxf
yvMowGbkvn yvMowGbkvn
u4LnQNaaiz u4LnQNaaiz
0mnwiU4XrT 0mnwiU4XrT
wRn7Oi1bcW wRn7Oi1bcW
KpxiCfRqh3 KpxiCfRqh3
oVMPVsMWrZ oVMPVsMWrZ
g2I4si69gU g2I4si69gU
u4FAx2sHZm u4FAx2sHZm
2OsmeZV9xh 2OsmeZV9xh
1TfvXd6dPZ 1TfvXd6dPZ
mbSdju1TJK mbSdju1TJK
RN0bCAV6rQ RN0bCAV6rQ
pk0Vh75DnH pk0Vh75DnH
yU6iUY8YgO yU6iUY8YgO
WcyuqGYOzU WcyuqGYOzU
oWmQcQwHPo oWmQcQwHPo
emYRLTiyj9 emYRLTiyj9
LeZK9UvMT9 LeZK9UvMT9
5SSy593K31 5SSy593K31
WvFZJEkTrw WvFZJEkTrw
aEo62SfMqH aEo62SfMqH
onlLq65Azx onlLq65Azx
