ctUVEJSyNR Z82QDWb0Pr 7d3UA4fKWz 8Jejdr7ynm QwY2G6aX6c VbPBW7rmhF 6lpxgUxCxO oPQmRUijH5 gLI8ArV2Ui osdKgXyg1e MuYreynm57 f91pUtm9EZ RLF9v27sOQ VbPBW7rmhF UphA2uAaYC vzXeZbLrSW UphA2uAaYC VbPBW7rmhF BtCEVbHoQI I4iTN5KXjB Z82QDWb0Pr HTp005294X IU0Ia8127Z HTp005294X VBTKstUXwG 8UaR4YpZys VBTKstUXwG oWdH0Xcxwv HG8olhhcTZ BtCEVbHoQI I4iTN5KXjB Z82QDWb0Pr U5XdtBFGOe uVIshS2g8a zUWT7uduzq uVIshS2g8a qg08r1Pg6g N4DMbR59L3 MzId8uwrPz TDmNOuGJBk T3o9dNVbcG ctUVEJSyNR
25
Z82QDWb0Pr Z82QDWb0Pr
7d3UA4fKWz 7d3UA4fKWz
8Jejdr7ynm 8Jejdr7ynm
QwY2G6aX6c QwY2G6aX6c
6lpxgUxCxO 6lpxgUxCxO
oPQmRUijH5 oPQmRUijH5
gLI8ArV2Ui gLI8ArV2Ui
osdKgXyg1e osdKgXyg1e
MuYreynm57 MuYreynm57
f91pUtm9EZ f91pUtm9EZ
RLF9v27sOQ RLF9v27sOQ
UphA2uAaYC UphA2uAaYC
vzXeZbLrSW vzXeZbLrSW
BtCEVbHoQI BtCEVbHoQI
I4iTN5KXjB I4iTN5KXjB
IU0Ia8127Z IU0Ia8127Z
VBTKstUXwG VBTKstUXwG
8UaR4YpZys 8UaR4YpZys
HG8olhhcTZ HG8olhhcTZ
U5XdtBFGOe U5XdtBFGOe
zUWT7uduzq zUWT7uduzq
qg08r1Pg6g qg08r1Pg6g
MzId8uwrPz MzId8uwrPz
TDmNOuGJBk TDmNOuGJBk
T3o9dNVbcG T3o9dNVbcG
