6Zg7j6t8kt lrFRnKniRv MpRNDD0glq 4ViGHxfdlc 0gqiqztWgj fhmE7A9rVl 79JJ9GZF8c s8EkvbOYAX 1iUrZ2N0MA ESDdDChkYw 1aPtXDhYtV wXTrLT9dUx dojrtYXceT YZKJeBb8Pe gSP0irArmo M9d0z6OccV gSP0irArmo N08DpqDewo oQb2PqTM8x H0NdoJawvz 4JtfcKJvHu H0NdoJawvz oQb2PqTM8x Iroa6leixY tvKOOMQ7Sv rCrtLJTXdv fbxiHLAsv4 KpPj50fAfy vCSWEyz4PC KpPj50fAfy zG9cl6Gy30 7cteJXIZM1 YrPP1U1r20 ckEVpwA8CD YQKcyMibnc ckEVpwA8CD YrPP1U1r20 I1RTFIGWhc pzbJYPJ1Je uXkvSfF7Kv OpwMnuSGmp uXkvSfF7Kv pm1Yq2dCLL iyQiEnpG35 pm1Yq2dCLL Ma7DUhMrCQ UgxUR9jKcJ NgxnYo41LY 4lUeyqYb0U NgxnYo41LY cqCbnI2bkr b3jUAAPOlA cqCbnI2bkr NgxnYo41LY I1RTFIGWhc TH1GgoG5GU Octagmmhko 1koyFI8rlU G05S6XZiBa 4RZs4XFvF9 OR78sPVsV9 EZQ9HUGjRN OR78sPVsV9 oRs9wR3IGE 8pgnfE3xKu OGWcs2X8pk 8pgnfE3xKu vD4d0BZ03p zH4Z0p0Ftj VWD9Yy5Xrg MImiDijd1o 97dvK2Az7S Dkc5CxJ6RV 97dvK2Az7S GSDEYlNcCM ka4cgDWgq7 6Zg7j6t8kt
50
lrFRnKniRv lrFRnKniRv
MpRNDD0glq MpRNDD0glq
4ViGHxfdlc 4ViGHxfdlc
0gqiqztWgj 0gqiqztWgj
fhmE7A9rVl fhmE7A9rVl
79JJ9GZF8c 79JJ9GZF8c
s8EkvbOYAX s8EkvbOYAX
ESDdDChkYw ESDdDChkYw
1aPtXDhYtV 1aPtXDhYtV
wXTrLT9dUx wXTrLT9dUx
dojrtYXceT dojrtYXceT
YZKJeBb8Pe YZKJeBb8Pe
M9d0z6OccV M9d0z6OccV
N08DpqDewo N08DpqDewo
H0NdoJawvz H0NdoJawvz
4JtfcKJvHu 4JtfcKJvHu
Iroa6leixY Iroa6leixY
tvKOOMQ7Sv tvKOOMQ7Sv
fbxiHLAsv4 fbxiHLAsv4
KpPj50fAfy KpPj50fAfy
vCSWEyz4PC vCSWEyz4PC
7cteJXIZM1 7cteJXIZM1
YrPP1U1r20 YrPP1U1r20
ckEVpwA8CD ckEVpwA8CD
YQKcyMibnc YQKcyMibnc
I1RTFIGWhc I1RTFIGWhc
uXkvSfF7Kv uXkvSfF7Kv
OpwMnuSGmp OpwMnuSGmp
iyQiEnpG35 iyQiEnpG35
UgxUR9jKcJ UgxUR9jKcJ
NgxnYo41LY NgxnYo41LY
4lUeyqYb0U 4lUeyqYb0U
cqCbnI2bkr cqCbnI2bkr
b3jUAAPOlA b3jUAAPOlA
TH1GgoG5GU TH1GgoG5GU
Octagmmhko Octagmmhko
1koyFI8rlU 1koyFI8rlU
G05S6XZiBa G05S6XZiBa
4RZs4XFvF9 4RZs4XFvF9
EZQ9HUGjRN EZQ9HUGjRN
oRs9wR3IGE oRs9wR3IGE
8pgnfE3xKu 8pgnfE3xKu
OGWcs2X8pk OGWcs2X8pk
vD4d0BZ03p vD4d0BZ03p
zH4Z0p0Ftj zH4Z0p0Ftj
VWD9Yy5Xrg VWD9Yy5Xrg
97dvK2Az7S 97dvK2Az7S
Dkc5CxJ6RV Dkc5CxJ6RV
GSDEYlNcCM GSDEYlNcCM
ka4cgDWgq7 ka4cgDWgq7
