153 20 7 76 124 76 196 13 86 22 126 16 75 182 75 136 181 146 194 135 194 177 137 41 108 79 172 26 11 168 150 134 74 28 152 89 31 4 103 42 147 189 8 189 78 163 162 88 98 122 187 17 48 3 48 56 100 127 160 37 160 2 179 52 186 19 81 119 158 96 128 50 156 192 5 192 29 109 99 58 47 120 36 188 183 95 77 53 145 178 131 138 61 138 139 43 139 60 0 195 80 140 80 39 70 180 197 68 118 169 35 90 23 40 92 171 92 83 105 112 60 161 21 184 34 113 49 167 93 12 129 15 170 153
100
153 153
20 20
7 7
124 124
196 196
13 13
86 86
126 126
16 16
182 182
136 136
146 146
194 194
135 135
177 177
137 137
41 41
108 108
79 79
172 172
26 26
11 11
168 168
150 150
134 134
74 74
28 28
152 152
89 89
4 4
42 42
147 147
8 8
163 163
88 88
98 98
122 122
187 187
3 3
56 56
127 127
160 160
37 37
2 2
179 179
52 52
19 19
81 81
119 119
96 96
128 128
50 50
156 156
192 192
5 5
29 29
99 99
58 58
47 47
120 120
36 36
188 188
95 95
77 77
53 53
145 145
178 178
131 131
138 138
61 61
43 43
60 60
0 0
195 195
140 140
70 70
180 180
197 197
68 68
118 118
169 169
35 35
90 90
23 23
40 40
171 171
83 83
112 112
161 161
21 21
184 184
34 34
113 113
49 49
167 167
93 93
12 12
129 129
15 15
170 170
