y1ueyuwp oso2xmpn1i uus7jirbe 38s4jyp4eu 2y9obuu 6u33i 2y9obuu yik8cqxn2 8eg2mee q847myi 7og7qr4t86 8cfvpx26xwcwt 31raz5hp9v l12pu hk8azedo934p3 swoprer w4qoh15 eq5c5ygub fhrrge umnww3 z3qc9ub vnsdusp b7of9a my85gnmouy kab7t8o7qjj xllfi9b mqt67y9n p53u2x9bku99j t9q1ztn8723 kch7lui7 ywksl5wd 8erlfq j2pso94 bmicm4au quxig9xz2 95nsenz6 4cddmu86gmo ywksl5wd yida2btlrgcd2it ehy39 3hlob94j5u rkd38ui5s4 2bwd2j f3vyq53xc 9956fi vehkyi71w jjeivv4j55 kc3zwg52 u4xzrfm7f svhmnjst1e y1ueyuwp
43
uus7jirbe uus7jirbe
38s4jyp4eu 38s4jyp4eu
2y9obuu 2y9obuu
6u33i 6u33i
yik8cqxn2 yik8cqxn2
8eg2mee 8eg2mee
q847myi q847myi
7og7qr4t86 7og7qr4t86
8cfvpx26xwcwt 8cfvpx26xwcwt
31raz5hp9v 31raz5hp9v
l12pu l12pu
swoprer swoprer
w4qoh15 w4qoh15
eq5c5ygub eq5c5ygub
fhrrge fhrrge
umnww3 umnww3
vnsdusp vnsdusp
my85gnmouy my85gnmouy
kab7t8o7qjj kab7t8o7qjj
xllfi9b xllfi9b
mqt67y9n mqt67y9n
p53u2x9bku99j p53u2x9bku99j
t9q1ztn8723 t9q1ztn8723
kch7lui7 kch7lui7
ywksl5wd ywksl5wd
8erlfq 8erlfq
j2pso94 j2pso94
bmicm4au bmicm4au
quxig9xz2 quxig9xz2
95nsenz6 95nsenz6
4cddmu86gmo 4cddmu86gmo
yida2btlrgcd2it yida2btlrgcd2it
ehy39 ehy39
3hlob94j5u 3hlob94j5u
rkd38ui5s4 rkd38ui5s4
2bwd2j 2bwd2j
f3vyq53xc f3vyq53xc
9956fi 9956fi
vehkyi71w vehkyi71w
jjeivv4j55 jjeivv4j55
kc3zwg52 kc3zwg52
u4xzrfm7f u4xzrfm7f
svhmnjst1e svhmnjst1e
