hC71hIuyRaST3AiaSZqg cXmjc3Wu4kjM1IHGgfA5 COVfDobG5VcfcSxLDUch YygsiZkXDS9oQ07w4psX v0QCMKnmfkXllH4nQHen OAcbYkMyAi1Iu0vWaaFc 5doygtE58PVlrfBbaaxD nOsoIFzZBhdd6bjP45Ba kITtdSORrLGuHqAl2YGb oq1GulTWdKtwAlNIQxnY ZUt08qPkISJA3VT4fdsK VkEnPX1CQCoh4CxlXSlf kITtdSORrLGuHqAl2YGb EEWjQ3rZ3GM9oucA2vc5 ymIUUgCvgB7r5le0Mh11 P6PcaiimLTne6w5m7SJi qyWH5Ui5kFJGpXM7i2RZ ivvO5yUvAxjOjLiwMPV4 yMXdJdorJpzOHHt9uIfg Z2YJKymsE6JEohxl2CgC 2TderjwrXrNV2UBZ77eD LI8fhHKJlh7mQx1nNK0m IWOalMs6IXX5Ln6F9Eov 2QgUKFj4HV0dn5Ia55tj QYsTJmc2IUi36H1YK47s Tgouk8HApNFShyYjQedR Dv6lwBgjbbZceuQXFzFf Tgouk8HApNFShyYjQedR sCcEFmBkhTop4sycKzuM Tgouk8HApNFShyYjQedR Mufarp9xGx29xj0P1ijS lVjpvSHc5hBrS7dzTmI1 EqrhH8oFQmMRN10foGjV wqyhoOJuJuNfuZ1c9ZhU 6KcltWtleWJ6izN3XL0F RDnAjQbgrCahBSBieO1p dsEyS8WvuzfBZPrbbzZx 63EFNMvLteBrV7Lj9nA4 laRDyozSdXcFtmdQ5VqD 61VEe5QpRdEG1AHTZmSn ddzqPXECnHQT4a4RIpSF rW1b1NT9NaRlIIxoT8XF W5rNQea9NsCafaUbLgWC nmwnnNlPCMIjajSEo2R3 2YL9dYowMkTTxjU0fVal 468JV90VoJDfHRf7bwGC x81SdeDfzbsk8wgCHcJT eULKHiriYHElwEbrQo2X NjrNYv2s9TjuFmdhy6vq aGWdv30UuUFiszMErlJF nP45x6vSjSYCI8DDOBiZ bw0K7NVh1sgqlnescYkX gY86LqbQLTIYrcgU8Crt l5OFQGDhW1xJJ8ERuglz RP9IQz70eEvTJVIHw5Lv CgUyoeVDFzkf0g6EiF8w XzID4BBPQnOnz9XMetpC NqvNOj5h3GSbJm5NawjL WWEBxNNG20y6nEEMPvzN WgneGAZv4qtDq8Q5DYZf NWAZrSnr0i1Dj5TA6dLc 24YcTAlCtPoNC11H3BAQ jLS4UljOCe6h8LwAOGRX 24YcTAlCtPoNC11H3BAQ fuNQ8Sfy86k6zaBQjwEz RSJQdRAK7H6zYHVeXyPj yXrak2UUHdgFCsCWvgfp oakCd1HozhO35GtImcF2 C5aQkckiWq5qVUhbiI57 R22TNV5lr1tmI44FcHvv mUdsQgC4b4x2HD8wqon6 mkGdh9qd7uj9x5W3Koxj PqB0lgs9Brze4wJGQzAM FE29I03FH1qEyEvIQNGT fxnnXXAtldMGBgqECnVx DmIjX4adnoqSEDmx2f39 1ae7bJScGomdGEdgag5b 8IUV6HBSYn47shRwVW5F JuSdCG8HSUzwufkmRvTN RNtZ6m1O9hQj2ovJiJE3 1uTE034Q24DWmybWBbX4 8w6JkwNghwwfzVWZlMG6 OLGSBuAPLZmdhTN6ApoS KqTw626stjcdChciHrJ6 4MuL6AbQo2ozZ4x7psrd EfhuR5UGBxqkoqdQBn2E fzCA3w8Mu664WC0yRZb5 EfhuR5UGBxqkoqdQBn2E 6jnt0RQvUBeXBhrLOwzh EnQuMk7pVZUnmn2BboBv QHOT9LWV0s6xVVreglDh EnQuMk7pVZUnmn2BboBv g6Fit1BcwBIbAAJnBKGn OBEPyJuvhH0Z9VoT2UNC g6Fit1BcwBIbAAJnBKGn 1Oc2bGjHzXrMLiYLik5Z h52UeNen88U7Y4iFuOF7 z0rRwRZbA1TaaAgS8PYu x74MQe7pEH17MLQqDD8H t9sTQNaMU9o2HF5pm7xT 8X2kWfVN7ACYeLRlwU5k g5fwwkfUKem4JdibLkXM PFAHK1LPbENiUm01N8B0 xtgYSd34f56WAH3CCBpW IC3wlDskAWyf0o1M61kl tb41LamjPxrSZBTCVL4N b9q1t3OMZ6dXE5R6ca5w vXrEXAmThLoQVXFImZcg 7DZfG4yobV0xCcSaxf27 1wSeohNTb1oCspxe2x4j MCc3yEIO8tXzzu5ZknlT kuIwHVHn49UEM4TprHKr CMQ0OeWc1jOFVxmSr3hH 3MmCPAjYheu6g9TkIxDm qsbRHSDlSHG3Ep5gugbq NXZByMrsstrrXRLxVcyg gZiMcGUkLd8qaWleLH1T NXZByMrsstrrXRLxVcyg Mi1upMhcgP7iV16OWKN5 2dfprAgHp3T6RrgooKgP nnG2z19YXqYOoAxMQkFV 72cxNTZ1Tw5teVGiR2xj nnG2z19YXqYOoAxMQkFV uJlmjikTUoEO48jGpFMW TrUW9m3qjkTMvqHNRot0 zbsjvfwSdNExCnTFLo8x 4wWd3kvalFkda9M583i7 btiXecpJBKmrIHtQ7jPA UQEmoPmHSH2FlTDuXOEx Wf6tYlitgmZKoXfughsS Ca5sYccbD9TUz7JLHrcf hC71hIuyRaST3AiaSZqg
100
cXmjc3Wu4kjM1IHGgfA5 cXmjc3Wu4kjM1IHGgfA5
COVfDobG5VcfcSxLDUch COVfDobG5VcfcSxLDUch
YygsiZkXDS9oQ07w4psX YygsiZkXDS9oQ07w4psX
v0QCMKnmfkXllH4nQHen v0QCMKnmfkXllH4nQHen
OAcbYkMyAi1Iu0vWaaFc OAcbYkMyAi1Iu0vWaaFc
5doygtE58PVlrfBbaaxD 5doygtE58PVlrfBbaaxD
nOsoIFzZBhdd6bjP45Ba nOsoIFzZBhdd6bjP45Ba
oq1GulTWdKtwAlNIQxnY oq1GulTWdKtwAlNIQxnY
VkEnPX1CQCoh4CxlXSlf VkEnPX1CQCoh4CxlXSlf
EEWjQ3rZ3GM9oucA2vc5 EEWjQ3rZ3GM9oucA2vc5
ymIUUgCvgB7r5le0Mh11 ymIUUgCvgB7r5le0Mh11
P6PcaiimLTne6w5m7SJi P6PcaiimLTne6w5m7SJi
qyWH5Ui5kFJGpXM7i2RZ qyWH5Ui5kFJGpXM7i2RZ
yMXdJdorJpzOHHt9uIfg yMXdJdorJpzOHHt9uIfg
Z2YJKymsE6JEohxl2CgC Z2YJKymsE6JEohxl2CgC
2TderjwrXrNV2UBZ77eD 2TderjwrXrNV2UBZ77eD
LI8fhHKJlh7mQx1nNK0m LI8fhHKJlh7mQx1nNK0m
IWOalMs6IXX5Ln6F9Eov IWOalMs6IXX5Ln6F9Eov
2QgUKFj4HV0dn5Ia55tj 2QgUKFj4HV0dn5Ia55tj
QYsTJmc2IUi36H1YK47s QYsTJmc2IUi36H1YK47s
Tgouk8HApNFShyYjQedR Tgouk8HApNFShyYjQedR
Dv6lwBgjbbZceuQXFzFf Dv6lwBgjbbZceuQXFzFf
sCcEFmBkhTop4sycKzuM sCcEFmBkhTop4sycKzuM
Mufarp9xGx29xj0P1ijS Mufarp9xGx29xj0P1ijS
lVjpvSHc5hBrS7dzTmI1 lVjpvSHc5hBrS7dzTmI1
EqrhH8oFQmMRN10foGjV EqrhH8oFQmMRN10foGjV
wqyhoOJuJuNfuZ1c9ZhU wqyhoOJuJuNfuZ1c9ZhU
6KcltWtleWJ6izN3XL0F 6KcltWtleWJ6izN3XL0F
RDnAjQbgrCahBSBieO1p RDnAjQbgrCahBSBieO1p
dsEyS8WvuzfBZPrbbzZx dsEyS8WvuzfBZPrbbzZx
63EFNMvLteBrV7Lj9nA4 63EFNMvLteBrV7Lj9nA4
laRDyozSdXcFtmdQ5VqD laRDyozSdXcFtmdQ5VqD
61VEe5QpRdEG1AHTZmSn 61VEe5QpRdEG1AHTZmSn
ddzqPXECnHQT4a4RIpSF ddzqPXECnHQT4a4RIpSF
rW1b1NT9NaRlIIxoT8XF rW1b1NT9NaRlIIxoT8XF
W5rNQea9NsCafaUbLgWC W5rNQea9NsCafaUbLgWC
nmwnnNlPCMIjajSEo2R3 nmwnnNlPCMIjajSEo2R3
2YL9dYowMkTTxjU0fVal 2YL9dYowMkTTxjU0fVal
468JV90VoJDfHRf7bwGC 468JV90VoJDfHRf7bwGC
x81SdeDfzbsk8wgCHcJT x81SdeDfzbsk8wgCHcJT
eULKHiriYHElwEbrQo2X eULKHiriYHElwEbrQo2X
aGWdv30UuUFiszMErlJF aGWdv30UuUFiszMErlJF
bw0K7NVh1sgqlnescYkX bw0K7NVh1sgqlnescYkX
l5OFQGDhW1xJJ8ERuglz l5OFQGDhW1xJJ8ERuglz
CgUyoeVDFzkf0g6EiF8w CgUyoeVDFzkf0g6EiF8w
NqvNOj5h3GSbJm5NawjL NqvNOj5h3GSbJm5NawjL
WgneGAZv4qtDq8Q5DYZf WgneGAZv4qtDq8Q5DYZf
NWAZrSnr0i1Dj5TA6dLc NWAZrSnr0i1Dj5TA6dLc
24YcTAlCtPoNC11H3BAQ 24YcTAlCtPoNC11H3BAQ
jLS4UljOCe6h8LwAOGRX jLS4UljOCe6h8LwAOGRX
fuNQ8Sfy86k6zaBQjwEz fuNQ8Sfy86k6zaBQjwEz
RSJQdRAK7H6zYHVeXyPj RSJQdRAK7H6zYHVeXyPj
yXrak2UUHdgFCsCWvgfp yXrak2UUHdgFCsCWvgfp
oakCd1HozhO35GtImcF2 oakCd1HozhO35GtImcF2
C5aQkckiWq5qVUhbiI57 C5aQkckiWq5qVUhbiI57
R22TNV5lr1tmI44FcHvv R22TNV5lr1tmI44FcHvv
mkGdh9qd7uj9x5W3Koxj mkGdh9qd7uj9x5W3Koxj
FE29I03FH1qEyEvIQNGT FE29I03FH1qEyEvIQNGT
DmIjX4adnoqSEDmx2f39 DmIjX4adnoqSEDmx2f39
1ae7bJScGomdGEdgag5b 1ae7bJScGomdGEdgag5b
8IUV6HBSYn47shRwVW5F 8IUV6HBSYn47shRwVW5F
JuSdCG8HSUzwufkmRvTN JuSdCG8HSUzwufkmRvTN
RNtZ6m1O9hQj2ovJiJE3 RNtZ6m1O9hQj2ovJiJE3
1uTE034Q24DWmybWBbX4 1uTE034Q24DWmybWBbX4
8w6JkwNghwwfzVWZlMG6 8w6JkwNghwwfzVWZlMG6
OLGSBuAPLZmdhTN6ApoS OLGSBuAPLZmdhTN6ApoS
KqTw626stjcdChciHrJ6 KqTw626stjcdChciHrJ6
4MuL6AbQo2ozZ4x7psrd 4MuL6AbQo2ozZ4x7psrd
fzCA3w8Mu664WC0yRZb5 fzCA3w8Mu664WC0yRZb5
6jnt0RQvUBeXBhrLOwzh 6jnt0RQvUBeXBhrLOwzh
QHOT9LWV0s6xVVreglDh QHOT9LWV0s6xVVreglDh
g6Fit1BcwBIbAAJnBKGn g6Fit1BcwBIbAAJnBKGn
OBEPyJuvhH0Z9VoT2UNC OBEPyJuvhH0Z9VoT2UNC
1Oc2bGjHzXrMLiYLik5Z 1Oc2bGjHzXrMLiYLik5Z
z0rRwRZbA1TaaAgS8PYu z0rRwRZbA1TaaAgS8PYu
t9sTQNaMU9o2HF5pm7xT t9sTQNaMU9o2HF5pm7xT
g5fwwkfUKem4JdibLkXM g5fwwkfUKem4JdibLkXM
PFAHK1LPbENiUm01N8B0 PFAHK1LPbENiUm01N8B0
xtgYSd34f56WAH3CCBpW xtgYSd34f56WAH3CCBpW
IC3wlDskAWyf0o1M61kl IC3wlDskAWyf0o1M61kl
b9q1t3OMZ6dXE5R6ca5w b9q1t3OMZ6dXE5R6ca5w
vXrEXAmThLoQVXFImZcg vXrEXAmThLoQVXFImZcg
7DZfG4yobV0xCcSaxf27 7DZfG4yobV0xCcSaxf27
1wSeohNTb1oCspxe2x4j 1wSeohNTb1oCspxe2x4j
kuIwHVHn49UEM4TprHKr kuIwHVHn49UEM4TprHKr
3MmCPAjYheu6g9TkIxDm 3MmCPAjYheu6g9TkIxDm
qsbRHSDlSHG3Ep5gugbq qsbRHSDlSHG3Ep5gugbq
NXZByMrsstrrXRLxVcyg NXZByMrsstrrXRLxVcyg
gZiMcGUkLd8qaWleLH1T gZiMcGUkLd8qaWleLH1T
Mi1upMhcgP7iV16OWKN5 Mi1upMhcgP7iV16OWKN5
2dfprAgHp3T6RrgooKgP 2dfprAgHp3T6RrgooKgP
nnG2z19YXqYOoAxMQkFV nnG2z19YXqYOoAxMQkFV
72cxNTZ1Tw5teVGiR2xj 72cxNTZ1Tw5teVGiR2xj
TrUW9m3qjkTMvqHNRot0 TrUW9m3qjkTMvqHNRot0
zbsjvfwSdNExCnTFLo8x zbsjvfwSdNExCnTFLo8x
4wWd3kvalFkda9M583i7 4wWd3kvalFkda9M583i7
btiXecpJBKmrIHtQ7jPA btiXecpJBKmrIHtQ7jPA
UQEmoPmHSH2FlTDuXOEx UQEmoPmHSH2FlTDuXOEx
Wf6tYlitgmZKoXfughsS Wf6tYlitgmZKoXfughsS
Ca5sYccbD9TUz7JLHrcf Ca5sYccbD9TUz7JLHrcf
