200 101 1 100 1 98 1 96 1 94 1 92 1 90 1 88 1 86 1 84 1 82 1 80 1 78 1 76 1 74 1 72 1 70 1 68 1 66 1 64 1 62 1 60 1 58 1 56 1 54 1 52 1 50 1 48 1 46 1 44 1 42 1 40 1 38 1 36 1 34 1 32 1 30 1 28 1 26 1 24 1 22 1 20 1 18 1 16 1 14 1 12 1 10 1 8 1 6 1 4 1 2 1 3 1 5 1 7 1 9 1 11 1 13 1 15 1 17 1 19 1 21 1 23 1 25 1 27 1 29 1 31 1 33 1 35 1 37 1 39 1 41 1 43 1 45 1 47 1 49 1 51 1 53 1 55 1 57 1 59 1 61 1 63 1 65 1 67 1 69 1 71 1 73 1 75 1 77 1 79 1 81 1 83 1 85 1 87 1 89 1 91 1 93 1 95 1 97 1 99 1 101 200
99
100 100
98 98
96 96
94 94
92 92
90 90
88 88
86 86
84 84
82 82
80 80
78 78
76 76
74 74
72 72
70 70
68 68
66 66
64 64
62 62
60 60
58 58
56 56
54 54
52 52
50 50
48 48
46 46
44 44
42 42
40 40
38 38
36 36
34 34
32 32
30 30
28 28
26 26
24 24
22 22
20 20
18 18
16 16
14 14
12 12
10 10
8 8
6 6
4 4
2 2
3 3
5 5
7 7
9 9
11 11
13 13
15 15
17 17
19 19
21 21
23 23
25 25
27 27
29 29
31 31
33 33
35 35
37 37
39 39
41 41
43 43
45 45
47 47
49 49
51 51
53 53
55 55
57 57
59 59
61 61
63 63
65 65
67 67
69 69
71 71
73 73
75 75
77 77
79 79
81 81
83 83
85 85
87 87
89 89
91 91
93 93
95 95
97 97
99 99
