100 51 1 50 1 48 1 46 1 44 1 42 1 40 1 38 1 36 1 34 1 32 1 30 1 28 1 26 1 24 1 22 1 20 1 18 1 16 1 14 1 12 1 10 1 8 1 6 1 4 1 2 1 3 1 5 1 7 1 9 1 11 1 13 1 15 1 17 1 19 1 21 1 23 1 25 1 27 1 29 1 31 1 33 1 35 1 37 1 39 1 41 1 43 1 45 1 47 1 49 1 51 100
49
50 50
48 48
46 46
44 44
42 42
40 40
38 38
36 36
34 34
32 32
30 30
28 28
26 26
24 24
22 22
20 20
18 18
16 16
14 14
12 12
10 10
8 8
6 6
4 4
2 2
3 3
5 5
7 7
9 9
11 11
13 13
15 15
17 17
19 19
21 21
23 23
25 25
27 27
29 29
31 31
33 33
35 35
37 37
39 39
41 41
43 43
45 45
47 47
49 49
