Chattanooga Cleveland SanAntonio Memphis Wichita Carrollton Bakersfield BatonRouge Detroit Vancouver Austin DesMoines NewportNews Alexandria HuntingtonBeach Jackson Brownsville Boston Salem Ontario Thornton Tampa Miramar Honolulu SanFrancisco ElkGrove McAllen Newark RanchoCucamonga Akron Hayward SantaClarita NewYork Syracuse Irvine Norfolk Raleigh Norfolk SaintPaul Washington Chandler PortStLucie Miramar Olathe Mobile Midland Anchorage Phoenix Indianapolis FortLauderdale Savannah FortLauderdale Indianapolis Riverside Scottsdale Tempe Scottsdale OverlandPark Surprise Stockton Richmond Fayetteville Aurora Lexington Baltimore Aurora Orange Frisco KansasCity Gilbert Denton Gilbert Tallahassee Buffalo Pomona Fontana Oceanside Paterson Cincinnati Albuquerque LosAngeles Albuquerque Waco Albuquerque Orlando Naperville Chicago Portland Glendale CapeCoral LittleRock Shreveport Macon Montgomery SanJose Jacksonville Clarksville StPetersburg Sunnyvale SanDiego Arlington ChulaVista Anaheim MorenoValley Henderson Toledo GardenGrove Salinas Murfreesboro Charlotte Murfreesboro Omaha Louisville Hollywood GrandPrairie LongBeach Cincinnati WinstonSalem Knoxville Berkeley Springfield Spokane Oxnard Tacoma Huntsville Honolulu Fremont SanBernardino Boise SanBernardino Joliet Madison Lincoln OklahomaCity SantaAna Lubbock Corona FortWorth Roseville Durham Yonkers Plano Fresno GrandRapids Fresno Worcester CorpusChristi ElPaso Chattanooga
100
Cleveland Cleveland
SanAntonio SanAntonio
Memphis Memphis
Wichita Wichita
Bakersfield Bakersfield
BatonRouge BatonRouge
Vancouver Vancouver
Austin Austin
DesMoines DesMoines
NewportNews NewportNews
Alexandria Alexandria
Jackson Jackson
Brownsville Brownsville
Boston Boston
Salem Salem
Ontario Ontario
Honolulu Honolulu
SanFrancisco SanFrancisco
McAllen McAllen
Newark Newark
Akron Akron
Hayward Hayward
SantaClarita SantaClarita
NewYork NewYork
Syracuse Syracuse
Irvine Irvine
Raleigh Raleigh
SaintPaul SaintPaul
Washington Washington
PortStLucie PortStLucie
Olathe Olathe
Midland Midland
Anchorage Anchorage
Phoenix Phoenix
Indianapolis Indianapolis
FortLauderdale FortLauderdale
Savannah Savannah
Riverside Riverside
Scottsdale Scottsdale
Tempe Tempe
Surprise Surprise
Richmond Richmond
Fayetteville Fayetteville
Aurora Aurora
Lexington Lexington
Baltimore Baltimore
Orange Orange
Frisco Frisco
KansasCity KansasCity
Denton Denton
Tallahassee Tallahassee
Buffalo Buffalo
Pomona Pomona
Fontana Fontana
Oceanside Oceanside
Paterson Paterson
Cincinnati Cincinnati
LosAngeles LosAngeles
Waco Waco
Orlando Orlando
Naperville Naperville
Chicago Chicago
Glendale Glendale
CapeCoral CapeCoral
LittleRock LittleRock
Shreveport Shreveport
SanJose SanJose
Jacksonville Jacksonville
SanDiego SanDiego
ChulaVista ChulaVista
Anaheim Anaheim
Henderson Henderson
Toledo Toledo
GardenGrove GardenGrove
Murfreesboro Murfreesboro
Charlotte Charlotte
Louisville Louisville
GrandPrairie GrandPrairie
Knoxville Knoxville
Berkeley Berkeley
Springfield Springfield
Spokane Spokane
Oxnard Oxnard
Tacoma Tacoma
Fremont Fremont
SanBernardino SanBernardino
Boise Boise
Joliet Joliet
Madison Madison
Lincoln Lincoln
SantaAna SantaAna
Lubbock Lubbock
Corona Corona
FortWorth FortWorth
Durham Durham
Yonkers Yonkers
Plano Plano
GrandRapids GrandRapids
Worcester Worcester
ElPaso ElPaso
