Jacksonville Atlanta Louisville Arlington Portland Seattle LasVegas LongBeach Oakland Miami SanAntonio Boston SanJose FortWorth OklahomaCity Phoenix Oakland Philadelphia Oakland Albuquerque Tulsa Minneapolis Tulsa Detroit Columbus Tucson Milwaukee Austin Raleigh Memphis Raleigh LosAngeles Indianapolis LosAngeles ElPaso Nashville VirginiaBeach Nashville SanFrancisco Atlanta Fresno Atlanta SanFrancisco Atlanta Jacksonville
25
Jacksonville Jacksonville
Atlanta Atlanta
Louisville Louisville
Portland Portland
Seattle Seattle
LasVegas LasVegas
LongBeach LongBeach
Boston Boston
SanJose SanJose
FortWorth FortWorth
Phoenix Phoenix
Philadelphia Philadelphia
Albuquerque Albuquerque
Tulsa Tulsa
Minneapolis Minneapolis
Columbus Columbus
Tucson Tucson
Austin Austin
Memphis Memphis
LosAngeles LosAngeles
Indianapolis Indianapolis
ElPaso ElPaso
VirginiaBeach VirginiaBeach
SanFrancisco SanFrancisco
Fresno Fresno
