Porterton Wallton Danielleport Melissaview Cheyennefurt Watsonville Robertomouth Watsonville Christyland Watsonville Cheyennefurt Thompsonshire Cheyennefurt Melissaview Campbellhaven Annberg Houstonchester Annberg Dyerport Annberg Campbellhaven Melissaview Danielleport Scottburgh Laurenbury Haleview Hallstad Haleview Laurenbury Scottburgh Danielleport Cooperton Lopezborough Waltersmouth Adamport Waltersmouth Adkinsberg Waltersmouth Lopezborough Cooperton Danielleport Wallton Davisstad Leechester Castanedachester Suttonville Castanedachester Leechester Pettyton Jonesfurt Pettyton Bondmouth Mercedesmouth Bondmouth Taylorton Bondmouth Pettyton Leechester Davisstad Jacksonton Singletonton Clarkbury Jermaineton Clarkbury Singletonton Jacksonton Davisstad Newmanburgh Gallowaymouth Rioshaven Josephstad Rioshaven Gallowaymouth Newmanburgh Davisstad Wallton Derekmouth Geraldside Joseport Hallborough Kylieview Hallborough Joseport Gabrielburgh Hodgesstad Gabrielburgh Joseport Geraldside Michellehaven Cranemouth Joneschester Cranemouth Michellehaven Ramosborough Fordhaven Ramosborough Michellehaven Geraldside Derekmouth Jeffreyfort Garytown Audreyfort Patriciaside Audreyfort Garytown Jeffreyfort Johnsonchester Susanfort Johnsonchester Nealfurt Johnsonchester Jeffreyfort Derekmouth Charlesberg Sethland Ellisstad Osbornemouth Ellisstad Sethland Tannerhaven Sethland Charlesberg Weberbury Clarkport Weberbury Kimberlyburgh Candiceland Kimberlyburgh Weberbury Charlesberg Kevinberg Patriciabury Thomasmouth Patriciabury Troyfort Patriciabury Kevinberg Adamside Andrewschester Adamside Bradberg Adamside Kevinberg Charlesberg Derekmouth Wallton Porterton Dianashire Ashleyborough Paulburgh Walltown Scotttown Jacksonview Danielville Jacksonview Scotttown Walltown Johnberg Williamshire Johnberg Walltown Callahantown Maryport Combsville Maryport Reynoldsview Maryport Callahantown Walltown Paulburgh Robertsstad Toddtown Swansonshire Abigailhaven Swansonshire Toddtown Robertsstad Paulburgh Ashleyborough Clarkberg Burtonview Murphyside Bakertown Jameston Bakertown Derekville Bakertown Murphyside Burtonview Clarkberg Reevestown Judithview Michaelview Clarenceview Michaelview Judithview Reevestown Clarkberg Ashleyborough Osborneville Christophermouth Shawnhaven Candaceborough Shawnhaven Dannyside Shawnhaven Christophermouth Osborneville Payneview Teresafort Calvinton Teresafort Smithtown Abigailville Smithtown Jacksonland Smithtown Teresafort Payneview Barnesmouth Harrisport Brendaview Harrisport Barnesmouth Clarkborough Barnesmouth Payneview Jacksonville Christopherhaven Jacksonville Jennifertown Feliciaville Jennifertown Jacksonville Payneview Osborneville Ashleyborough Dianashire Burgessview Billton Banksburgh Yvonneborough Parkermouth Shawnfort Parkermouth Yvonneborough Banksburgh Simmonsburgh Michaelville Williamland Michaelville Simmonsburgh Banksburgh Billton Burgessview Williamfort Thomasville Lopezburgh Byrdfurt Loweryborough Byrdfurt Garciamouth Byrdfurt Lopezburgh Leahmouth Lopezburgh Thomasville Williamfort Moodyburgh Gregoryberg Smithfort Millerborough Smithfort Gregoryberg Moodyburgh Heatherberg Thomasborough Masseyside Thomasborough Ortegaberg Thomasborough Heatherberg Moodyburgh Williamfort Williamport Ashleystad Holthaven Vickiville Holthaven Ashleystad Codyton Ryanside Codyton Mindyview Codyton Ashleystad Williamport Williamfort Burgessview Marcusburgh Fletcherland Kingview Williamschester Mirandaview Williamschester Kingview Fletcherland Willisfurt Ortizberg Willisfurt Fletcherland Marcusburgh Tylerbury Paultown Hansonbury Paultown Tylerbury Jamestown Wilsonstad Jamestown Tylerbury Marcusburgh Matthewburgh Virginiastad Johnsonberg Virginiastad Robinsonmouth Horneside Robinsonmouth Virginiastad Matthewburgh Bondfort Adamview Harrisborough Adamview Bondfort Shawnmouth Buckleyside Shawnmouth Priceville Shawnmouth Bondfort Matthewburgh Marcusburgh Burgessview Dianashire Porterton
100
Watsonville Watsonville
Robertomouth Robertomouth
Christyland Christyland
Thompsonshire Thompsonshire
Annberg Annberg
Houstonchester Houstonchester
Dyerport Dyerport
Haleview Haleview
Hallstad Hallstad
Adamport Adamport
Adkinsberg Adkinsberg
Suttonville Suttonville
Jonesfurt Jonesfurt
Bondmouth Bondmouth
Mercedesmouth Mercedesmouth
Taylorton Taylorton
Clarkbury Clarkbury
Jermaineton Jermaineton
Rioshaven Rioshaven
Josephstad Josephstad
Hallborough Hallborough
Kylieview Kylieview
Gabrielburgh Gabrielburgh
Hodgesstad Hodgesstad
Cranemouth Cranemouth
Joneschester Joneschester
Ramosborough Ramosborough
Fordhaven Fordhaven
Audreyfort Audreyfort
Patriciaside Patriciaside
Susanfort Susanfort
Nealfurt Nealfurt
Ellisstad Ellisstad
Osbornemouth Osbornemouth
Tannerhaven Tannerhaven
Clarkport Clarkport
Kimberlyburgh Kimberlyburgh
Candiceland Candiceland
Patriciabury Patriciabury
Thomasmouth Thomasmouth
Troyfort Troyfort
Adamside Adamside
Andrewschester Andrewschester
Bradberg Bradberg
Jacksonview Jacksonview
Danielville Danielville
Williamshire Williamshire
Maryport Maryport
Combsville Combsville
Reynoldsview Reynoldsview
Swansonshire Swansonshire
Abigailhaven Abigailhaven
Bakertown Bakertown
Jameston Jameston
Derekville Derekville
Michaelview Michaelview
Clarenceview Clarenceview
Candaceborough Candaceborough
Dannyside Dannyside
Calvinton Calvinton
Smithtown Smithtown
Abigailville Abigailville
Jacksonland Jacksonland
Harrisport Harrisport
Brendaview Brendaview
Clarkborough Clarkborough
Christopherhaven Christopherhaven
Jennifertown Jennifertown
Feliciaville Feliciaville
Parkermouth Parkermouth
Shawnfort Shawnfort
Michaelville Michaelville
Williamland Williamland
Byrdfurt Byrdfurt
Loweryborough Loweryborough
Garciamouth Garciamouth
Leahmouth Leahmouth
Smithfort Smithfort
Millerborough Millerborough
Thomasborough Thomasborough
Masseyside Masseyside
Ortegaberg Ortegaberg
Holthaven Holthaven
Vickiville Vickiville
Codyton Codyton
Ryanside Ryanside
Mindyview Mindyview
Williamschester Williamschester
Mirandaview Mirandaview
Ortizberg Ortizberg
Hansonbury Hansonbury
Wilsonstad Wilsonstad
Johnsonberg Johnsonberg
Robinsonmouth Robinsonmouth
Horneside Horneside
Adamview Adamview
Harrisborough Harrisborough
Shawnmouth Shawnmouth
Buckleyside Buckleyside
Priceville Priceville
