Taylorville Alejandroport Deborahfurt Anthonyburgh Martinezfort Ericksonmouth Martinezfort Anthonyburgh Deborahfurt Jacobberg Foleyhaven Jacobberg Deborahfurt Alejandroport Ashleyland Kathyfort Hawkinsland Ayalabury Hawkinsland Camposstad Hawkinsland Kathyfort Ashleyland Alejandroport Shawnport Mariaview Kristenmouth Alexmouth Kristenmouth Stevenshire Kristenmouth Mariaview Saraport Underwoodmouth Saraport Lewisburgh Saraport Mariaview Shawnport Alejandroport Taylorville Valerietown Johnmouth Kempshire Grahambury Johnsonside Grahambury Kempshire Michaelfort Kempshire Johnmouth Valerietown Stewartberg Tinaville Nicholasshire Tinaville Steventown Tinaville Stewartberg Valerietown Taylorville Weberside Jonesbury Jamestown Glasston Jamestown Nicholefurt Jamestown Jonesbury Lloydton Smithborough Lloydton Stephensonburgh Lloydton Jonesbury Weberside Eduardotown Sullivanmouth Michaelville Sullivanmouth Underwoodborough Sullivanmouth Eduardotown Weberside Taylorville
25
Martinezfort Martinezfort
Ericksonmouth Ericksonmouth
Foleyhaven Foleyhaven
Hawkinsland Hawkinsland
Ayalabury Ayalabury
Camposstad Camposstad
Kristenmouth Kristenmouth
Alexmouth Alexmouth
Stevenshire Stevenshire
Saraport Saraport
Underwoodmouth Underwoodmouth
Lewisburgh Lewisburgh
Grahambury Grahambury
Johnsonside Johnsonside
Michaelfort Michaelfort
Nicholasshire Nicholasshire
Steventown Steventown
Jamestown Jamestown
Glasston Glasston
Nicholefurt Nicholefurt
Lloydton Lloydton
Smithborough Smithborough
Stephensonburgh Stephensonburgh
Michaelville Michaelville
Underwoodborough Underwoodborough
