Hernandezville Joelview Mitchellchester Lopezmouth Dixonton Francesmouth Richardville Francesmouth Dixonton Keithton Andrewland Keithton Aprilstad Keithton Dixonton Lopezmouth Heathermouth Emilymouth Heathermouth Lopezview Robertsfort Lopezview Heathermouth Lopezmouth Mitchellchester Sheabury Maysfort Huynhton Maysfort Sheabury Mitchellchester Joelview Downsville Richardhaven Tammychester Rebeccaton Tammychester Richardhaven Downsville Williammouth Haasville Williammouth Downsville Joelview Farmerside Ryanton Williamsmouth Mcdonaldmouth Adkinsfurt Mcdonaldmouth Williamsmouth Johnstonmouth Williamsmouth Ryanton Farmerside Gabriellabury Courtneyfurt Contrerasland Courtneyfurt Morrisbury Courtneyfurt Gabriellabury Murphyberg Hendersonchester Murphyberg Gabriellabury Farmerside Ralphtown Stricklandbury Tylermouth Deanstad Tylermouth Stricklandbury Ralphtown Garciaport Charlesburgh Angelaview Charlesburgh Garciaport Ralphtown Farmerside Joelview Hernandezville Beckyshire Derekton Wallaceville Morenoside Amberfurt Morenoside Johnport Morenoside Wallaceville Derekton Thomaschester Mcfarlandville Belindamouth Mcfarlandville Thomaschester Derekton Beckyshire Ponceville Bridgesville Esparzaberg Kristinbury Allenberg Kristinbury Esparzaberg Thomasburgh Sanchezland Thomasburgh Johnsonmouth Thomasburgh Esparzaberg Bridgesville Dennisstad Wilsonburgh Harristown Wilsonburgh Josephton Wilsonburgh Dennisstad Bridgesville Riveramouth Martinton Deborahfort Martinton Brianland Martinton Riveramouth Bradshawside Wandaside Bradshawside Riveramouth Bridgesville Ponceville Garymouth Camposstad Donaldstad Thomastown Donaldstad Camposstad Williamsville Camposstad Garymouth Christophertown Crystaltown Johnsontown Crystaltown Christophertown Garymouth Ponceville Mcculloughchester Jonestown Kellyfort Pittsland Kellyfort Tinatown Kellyfort Jonestown Barbarachester Jonesberg Barbarachester Jonestown Mcculloughchester Crystalchester Smithmouth Robertborough Smithmouth Crystalchester Mcculloughchester Ponceville Beckyshire Hernandezville
50
Francesmouth Francesmouth
Richardville Richardville
Keithton Keithton
Andrewland Andrewland
Aprilstad Aprilstad
Emilymouth Emilymouth
Lopezview Lopezview
Robertsfort Robertsfort
Huynhton Huynhton
Tammychester Tammychester
Rebeccaton Rebeccaton
Haasville Haasville
Mcdonaldmouth Mcdonaldmouth
Adkinsfurt Adkinsfurt
Johnstonmouth Johnstonmouth
Contrerasland Contrerasland
Morrisbury Morrisbury
Hendersonchester Hendersonchester
Tylermouth Tylermouth
Deanstad Deanstad
Charlesburgh Charlesburgh
Angelaview Angelaview
Amberfurt Amberfurt
Johnport Johnport
Belindamouth Belindamouth
Kristinbury Kristinbury
Allenberg Allenberg
Thomasburgh Thomasburgh
Sanchezland Sanchezland
Johnsonmouth Johnsonmouth
Wilsonburgh Wilsonburgh
Harristown Harristown
Josephton Josephton
Martinton Martinton
Deborahfort Deborahfort
Brianland Brianland
Bradshawside Bradshawside
Wandaside Wandaside
Donaldstad Donaldstad
Thomastown Thomastown
Williamsville Williamsville
Crystaltown Crystaltown
Johnsontown Johnsontown
Kellyfort Kellyfort
Pittsland Pittsland
Tinatown Tinatown
Barbarachester Barbarachester
Jonesberg Jonesberg
Smithmouth Smithmouth
Robertborough Robertborough
