A0 A6 A1 A2 A7 B2 B0 A8 B5 A3 B8 C1 B9 C0 C8 C2 C3 C9 C4 D1 D6 D7 E0 E1 D8 E5 E6 E9 E3 F6 F3 F8 G4 G6 G7 G5 G9 G3 H2 H1 H4 H5 I2 I8 I9 J5 I6 J2 J0 J3 J1 J9 J7 J6 J8 K0 J4 I4 I5 H3 I3 H8 I7 H7 I1 H6 H9 I0 H0 G8 F0 F4 F2 F5 F9 E4 G1 G2 G0 F7 E8 F1 E7 E2 D0 D5 D2 C6 D9 D4 D3 C7 C5 B3 B6 B7 A5 B4 B1 A9 A4 A0
100
A6 A6
A1 A1
A2 A2
A7 A7
B2 B2
B0 B0
A8 A8
B5 B5
A3 A3
B8 B8
C1 C1
B9 B9
C0 C0
C8 C8
C2 C2
C3 C3
C9 C9
C4 C4
D1 D1
D6 D6
D7 D7
E0 E0
E1 E1
D8 D8
E5 E5
E6 E6
E9 E9
E3 E3
F6 F6
F3 F3
F8 F8
G4 G4
G6 G6
G7 G7
G5 G5
G9 G9
G3 G3
H2 H2
H1 H1
H4 H4
H5 H5
I2 I2
I8 I8
I9 I9
J5 J5
I6 I6
J2 J2
J0 J0
J3 J3
J1 J1
J9 J9
J7 J7
J6 J6
J8 J8
K0 K0
J4 J4
I4 I4
I5 I5
H3 H3
I3 I3
H8 H8
I7 I7
H7 H7
I1 I1
H6 H6
H9 H9
I0 I0
H0 H0
G8 G8
F0 F0
F4 F4
F2 F2
F5 F5
F9 F9
E4 E4
G1 G1
G2 G2
G0 G0
F7 F7
E8 E8
F1 F1
E7 E7
E2 E2
D0 D0
D5 D5
D2 D2
C6 C6
D9 D9
D4 D4
D3 D3
C7 C7
C5 C5
B3 B3
B6 B6
B7 B7
A5 A5
B4 B4
B1 B1
A9 A9
A4 A4
