K BH FS CQ FG AU FR GK FT BR CJ FH CK BQ EG AG GG EI AF BB L BB CW CV X DJ GC ED GC CI CY EV DE EO GR CM EZ C DR FX FU EH FM DZ AB I AX BO AP FV FE EC P FJ GJ BP EA EM DX DB BI GI CT GF V BY BE G BA CB FO EK T EK GE GO FI DD FZ AJ DK DI EL DG U DC EB AN DS DH J Z BG J EQ CE FP Y AS R BF GL DP BX EU AH AW CP BL M BT CF AM FD BJ DV EN CA GD CA EJ B K
100
FS FS
CQ CQ
FG FG
FR FR
GK GK
BR BR
CJ CJ
FH FH
CK CK
BQ BQ
EG EG
AG AG
GG GG
AF AF
BB BB
L L
CW CW
X X
GC GC
ED ED
CY CY
EV EV
EO EO
GR GR
CM CM
EZ EZ
DR DR
FX FX
FU FU
EH EH
FM FM
DZ DZ
AB AB
I I
AX AX
BO BO
FV FV
FE FE
EC EC
P P
FJ FJ
GJ GJ
BP BP
EA EA
EM EM
DX DX
DB DB
BI BI
GI GI
CT CT
GF GF
V V
BY BY
BE BE
G G
BA BA
CB CB
FO FO
EK EK
T T
GE GE
GO GO
FI FI
FZ FZ
AJ AJ
DK DK
DI DI
EL EL
DG DG
U U
DC DC
AN AN
DS DS
DH DH
Z Z
BG BG
EQ EQ
CE CE
FP FP
Y Y
AS AS
R R
BF BF
GL GL
DP DP
BX BX
EU EU
AH AH
AW AW
BL BL
M M
CF CF
AM AM
FD FD
BJ BJ
DV DV
EN EN
GD GD
EJ EJ
B B
