dldkilltnmhfepsteins msddkilllthepsteinfn dlfdkilltepsteinhnms fhnmkillepsteinsdltd lepsteindnhstfdmkill tdkillepsteinsmhdfnl epsteintfhndkilllmsd epsteinsnmflhtdkilld dtsmdnlhfepsteinkill mkillthfdlnepsteinds skillthlfndepsteindm fsepsteindkillhmtdln epsteinlmkillfshnddt fsepsteindkillhmtdln killhdfnsepsteinmltd killhtdmdlnsfepstein sndldftmkillepsteinh killhtdmdlnsfepstein nfltdmkillsdepsteinh killhtdmdlnsfepstein hmdkilllnepsteinfsdt lsmftnepsteinkillhdd dflstmkillepsteindhn killdepsteinmfltdshn tsdnhkilllmepsteindf tdfkillslepsteinhdmn sldhnfmtdkillepstein msepsteintlhnfkilldd sldhnfmtdkillepstein tepsteinhsdkillmldfn epsteinldtnfmshdkill fdmtdepsteinkilllsnh lntkillepsteinfsddhm mhdskillldftnepstein fmtnkilldepsteindhsl mkillldnhepsteinstfd fmtnkilldepsteindhsl killtdslhfdepsteinnm slepsteinkillfmddhtn depsteinlfnmkilldsht tldkillhsfnmepsteind fhdmnepsteindkillslt nftmskilldldepsteinh mdkillnlsdtepsteinhf lhsntdepsteindkillmf lmkillepsteintsndfhd hepsteinntdkillsdmfl depsteintkilllnmsfdh hepsteinntdkillsdmfl lmkillepsteintsndfhd ndshkilldmlepsteinft shfnmltepsteindkilld killtdslhfdepsteinnm shfnmltepsteindkilld killdldepsteinmfsthn dnldkillhmfstepstein dmtlsfhnkilldepstein thdlskillnfdmepstein lepsteinkilldhfmstnd thdlskillnfdmepstein hnddkilltslmfepstein killtepsteinddhlmnsf hnddkilltslmfepstein lkillfthdsepsteindnm dtnkillsepsteinmdfhl lkillfthdsepsteindnm nsepsteinfmdkillhldt hnskillepsteintfdmld hnsepsteinmkillfddtl dhtepsteinkillsdflmn hdntepsteinkilllsdfm mhkillepsteinddlfsnt hdntepsteinkilllsdfm dkillnmhldstfepstein epsteinshlkilldmnfdt dfdepsteintlnskillhm ldepsteindhkilltsmfn mfndlsdepsteinhkillt dsftepsteindhkillmnl sdlhfnmdepsteintkill dsftepsteindhkillmnl mfndlsdepsteinhkillt dmldfhskillntepstein mdkillntepsteindfhsl tndskilldfepsteinmhl dkillnmsfhtlepsteind ndkillthdepsteinlsmf lkillfthdsepsteindnm skillmfepsteinthddnl killepsteinfdlhdtnms killmfndshdtepsteinl depsteinslkillhdftmn killthsepsteindmlfdn nepsteindhkillltmsfd hdmndfepsteinstkilll lkillepsteintdshmfnd mdkilllfdnstepsteinh epsteinfthkilldnslmd ntmdhepsteinsdkillfl fddsmepsteintnkillhl dhsepsteintlkillmfnd epsteinhdkillltsmfdn mkilldlshdtfepsteinn epsteinhnkillsldfdmt nmdhepsteinkilltfsld hsepsteinfkillnmddtl epsteindmshtfldnkill hmndfkillslepsteintd dkillldfepsteintsmnh dlshdtepsteinnkillfm dkillldfepsteintsmnh ldfsmnepsteinkilltdh mndtkillepsteindlfhs dftkillhmldnepsteins mltdhfdepsteinkillsn ltfnsdhepsteinkilldm tepsteinmdfldhnskill ltfnsdhepsteinkilldm killtdmsdfhnepsteinl dhkillldsepsteintnmf epsteinfsltkillnhddm fmltddhnepsteinskill epsteinfsltkillnhddm dhkillldsepsteintnmf sdndhepsteinltkillfm dfkilllepsteinsnmhtd sdndhepsteinltkillfm killmdshdtnflepstein fdskillndtmepsteinlh killmdshdtnflepstein fthlkillnepsteindsdm thnkillmddsepsteinfl fthlkillnepsteindsdm depsteinftndhmkillsl epsteindkilltlmnhsfd depsteinftndhmkillsl hepsteinnfdmlsdtkill lkilldtnmsepsteindfh dhmkillfdltnsepstein lkilldtnmsepsteindfh tsmdepsteinkillhfdln depsteinlfnmkilldsht lhepsteintndkilldsmf depsteinlfnmkilldsht tsmdepsteinkillhfdln killfthnmsdlepsteind killsepsteindmtflhnd msddkilllthepsteinfn dldkilltnmhfepsteins
100
msddkilllthepsteinfn msddkilllthepsteinfn
dlfdkilltepsteinhnms dlfdkilltepsteinhnms
fhnmkillepsteinsdltd fhnmkillepsteinsdltd
lepsteindnhstfdmkill lepsteindnhstfdmkill
tdkillepsteinsmhdfnl tdkillepsteinsmhdfnl
epsteintfhndkilllmsd epsteintfhndkilllmsd
epsteinsnmflhtdkilld epsteinsnmflhtdkilld
dtsmdnlhfepsteinkill dtsmdnlhfepsteinkill
mkillthfdlnepsteinds mkillthfdlnepsteinds
skillthlfndepsteindm skillthlfndepsteindm
fsepsteindkillhmtdln fsepsteindkillhmtdln
epsteinlmkillfshnddt epsteinlmkillfshnddt
killhdfnsepsteinmltd killhdfnsepsteinmltd
killhtdmdlnsfepstein killhtdmdlnsfepstein
sndldftmkillepsteinh sndldftmkillepsteinh
nfltdmkillsdepsteinh nfltdmkillsdepsteinh
hmdkilllnepsteinfsdt hmdkilllnepsteinfsdt
lsmftnepsteinkillhdd lsmftnepsteinkillhdd
dflstmkillepsteindhn dflstmkillepsteindhn
killdepsteinmfltdshn killdepsteinmfltdshn
tsdnhkilllmepsteindf tsdnhkilllmepsteindf
tdfkillslepsteinhdmn tdfkillslepsteinhdmn
sldhnfmtdkillepstein sldhnfmtdkillepstein
msepsteintlhnfkilldd msepsteintlhnfkilldd
tepsteinhsdkillmldfn tepsteinhsdkillmldfn
epsteinldtnfmshdkill epsteinldtnfmshdkill
fdmtdepsteinkilllsnh fdmtdepsteinkilllsnh
mhdskillldftnepstein mhdskillldftnepstein
fmtnkilldepsteindhsl fmtnkilldepsteindhsl
mkillldnhepsteinstfd mkillldnhepsteinstfd
killtdslhfdepsteinnm killtdslhfdepsteinnm
slepsteinkillfmddhtn slepsteinkillfmddhtn
depsteinlfnmkilldsht depsteinlfnmkilldsht
tldkillhsfnmepsteind tldkillhsfnmepsteind
fhdmnepsteindkillslt fhdmnepsteindkillslt
nftmskilldldepsteinh nftmskilldldepsteinh
mdkillnlsdtepsteinhf mdkillnlsdtepsteinhf
lhsntdepsteindkillmf lhsntdepsteindkillmf
lmkillepsteintsndfhd lmkillepsteintsndfhd
hepsteinntdkillsdmfl hepsteinntdkillsdmfl
depsteintkilllnmsfdh depsteintkilllnmsfdh
ndshkilldmlepsteinft ndshkilldmlepsteinft
shfnmltepsteindkilld shfnmltepsteindkilld
killdldepsteinmfsthn killdldepsteinmfsthn
dnldkillhmfstepstein dnldkillhmfstepstein
dmtlsfhnkilldepstein dmtlsfhnkilldepstein
thdlskillnfdmepstein thdlskillnfdmepstein
lepsteinkilldhfmstnd lepsteinkilldhfmstnd
killtepsteinddhlmnsf killtepsteinddhlmnsf
dtnkillsepsteinmdfhl dtnkillsepsteinmdfhl
hnskillepsteintfdmld hnskillepsteintfdmld
hnsepsteinmkillfddtl hnsepsteinmkillfddtl
dhtepsteinkillsdflmn dhtepsteinkillsdflmn
mhkillepsteinddlfsnt mhkillepsteinddlfsnt
dkillnmhldstfepstein dkillnmhldstfepstein
dfdepsteintlnskillhm dfdepsteintlnskillhm
ldepsteindhkilltsmfn ldepsteindhkilltsmfn
sdlhfnmdepsteintkill sdlhfnmdepsteintkill
dmldfhskillntepstein dmldfhskillntepstein
mdkillntepsteindfhsl mdkillntepsteindfhsl
tndskilldfepsteinmhl tndskilldfepsteinmhl
dkillnmsfhtlepsteind dkillnmsfhtlepsteind
ndkillthdepsteinlsmf ndkillthdepsteinlsmf
skillmfepsteinthddnl skillmfepsteinthddnl
killmfndshdtepsteinl killmfndshdtepsteinl
depsteinslkillhdftmn depsteinslkillhdftmn
killthsepsteindmlfdn killthsepsteindmlfdn
nepsteindhkillltmsfd nepsteindhkillltmsfd
lkillepsteintdshmfnd lkillepsteintdshmfnd
mdkilllfdnstepsteinh mdkilllfdnstepsteinh
epsteinfthkilldnslmd epsteinfthkilldnslmd
ntmdhepsteinsdkillfl ntmdhepsteinsdkillfl
fddsmepsteintnkillhl fddsmepsteintnkillhl
dhsepsteintlkillmfnd dhsepsteintlkillmfnd
epsteinhdkillltsmfdn epsteinhdkillltsmfdn
mkilldlshdtfepsteinn mkilldlshdtfepsteinn
epsteinhnkillsldfdmt epsteinhnkillsldfdmt
nmdhepsteinkilltfsld nmdhepsteinkilltfsld
hsepsteinfkillnmddtl hsepsteinfkillnmddtl
epsteindmshtfldnkill epsteindmshtfldnkill
hmndfkillslepsteintd hmndfkillslepsteintd
dlshdtepsteinnkillfm dlshdtepsteinnkillfm
ldfsmnepsteinkilltdh ldfsmnepsteinkilltdh
mndtkillepsteindlfhs mndtkillepsteindlfhs
ltfnsdhepsteinkilldm ltfnsdhepsteinkilldm
tepsteinmdfldhnskill tepsteinmdfldhnskill
killtdmsdfhnepsteinl killtdmsdfhnepsteinl
fmltddhnepsteinskill fmltddhnepsteinskill
sdndhepsteinltkillfm sdndhepsteinltkillfm
dfkilllepsteinsnmhtd dfkilllepsteinsnmhtd
fdskillndtmepsteinlh fdskillndtmepsteinlh
thnkillmddsepsteinfl thnkillmddsepsteinfl
depsteinftndhmkillsl depsteinftndhmkillsl
epsteindkilltlmnhsfd epsteindkilltlmnhsfd
hepsteinnfdmlsdtkill hepsteinnfdmlsdtkill
lkilldtnmsepsteindfh lkilldtnmsepsteindfh
dhmkillfdltnsepstein dhmkillfdltnsepstein
tsmdepsteinkillhfdln tsmdepsteinkillhfdln
lhepsteintndkilldsmf lhepsteintndkilldsmf
killfthnmsdlepsteind killfthnmsdlepsteind
