tepsteinfdkilldlmhns hdepsteinsmdtnflkill fnlskillhtepsteindmd thsfnmkilldlepsteind tskillepsteinhfmddnl thsfnmkilldlepsteind ndlepsteinhdtskillfm ldnmepsteinhfstdkill skilldnmlhdftepstein ldnmepsteinhfstdkill nmhdkilltslepsteinfd hldmepsteindsnkilltf nmhdkilltslepsteinfd ldnmepsteinhfstdkill hepsteinnfstkilllmdd hfskillnepsteinldtdm killnfhdsdltepsteinm dhlepsteindkillsmtnf mfskillnhlddtepstein epsteindsmnlfdtkillh mfskillnhlddtepstein htskillepsteindnlfdm ndlmhepsteintdskillf tmhsnfepsteinldkilld nkillsdtdhfmlepstein epsteinthsdmndkillfl snldmtkillfepsteindh msnepsteinfkillhtdld fnmhskilldepsteinltd msnepsteinfkillhtdld hkillmepsteinstdfdnl msnepsteinfkillhtdld epsteinsdfmhltkillnd slepsteinftndkillmdh thmepsteinlkillfsndd nfdhepsteinltsdmkill lepsteinfdkillsdnmht dhlepsteindkillsmtnf killepsteintdldshfnm nlhtdsdepsteinfmkill tepsteinfdkilldlmhns
25
hdepsteinsmdtnflkill hdepsteinsmdtnflkill
fnlskillhtepsteindmd fnlskillhtepsteindmd
tskillepsteinhfmddnl tskillepsteinhfmddnl
ndlepsteinhdtskillfm ndlepsteinhdtskillfm
skilldnmlhdftepstein skilldnmlhdftepstein
hldmepsteindsnkilltf hldmepsteindsnkilltf
hepsteinnfstkilllmdd hepsteinnfstkilllmdd
killnfhdsdltepsteinm killnfhdsdltepsteinm
dhlepsteindkillsmtnf dhlepsteindkillsmtnf
epsteindsmnlfdtkillh epsteindsmnlfdtkillh
htskillepsteindnlfdm htskillepsteindnlfdm
ndlmhepsteintdskillf ndlmhepsteintdskillf
tmhsnfepsteinldkilld tmhsnfepsteinldkilld
nkillsdtdhfmlepstein nkillsdtdhfmlepstein
epsteinthsdmndkillfl epsteinthsdmndkillfl
snldmtkillfepsteindh snldmtkillfepsteindh
msnepsteinfkillhtdld msnepsteinfkillhtdld
fnmhskilldepsteinltd fnmhskilldepsteinltd
hkillmepsteinstdfdnl hkillmepsteinstdfdnl
epsteinsdfmhltkillnd epsteinsdfmhltkillnd
thmepsteinlkillfsndd thmepsteinlkillfsndd
nfdhepsteinltsdmkill nfdhepsteinltsdmkill
lepsteinfdkillsdnmht lepsteinfdkillsdnmht
killepsteintdldshfnm killepsteintdldshfnm
nlhtdsdepsteinfmkill nlhtdsdepsteinfmkill
