149 060 062 070 067 069 070 071 068 071 070 062 054 059 054 053 050 053 056 066 056 053 054 063 064 063 065 063 079 078 083 078 077 076 080 076 081 076 075 074 085 074 086 084 088 087 089 087 086 084 072 063 090 091 092 097 096 099 090 063 054 062 060 149 000 001 002 013 024 025 035 027 028 038 048 038 037 036 044 031 024 015 006 015 024 025 026 025 024 013 002 001 000 149 100 107 116 121 125 140 142 140 125 123 122 126 117 115 116 107 100 105 109 111 109 105 103 104 102 101 100 149
36
060 060
067 067
069 069
068 068
054 054
059 059
053 053
050 050
056 056
066 066
064 064
065 065
079 079
078 078
083 083
080 080
081 081
085 085
086 086
088 088
089 089
091 091
097 097
096 096
048 048
037 037
031 031
006 006
026 026
142 142
123 123
126 126
115 115
111 111
103 103
104 104
