BatonRouge Bellevue Bradenton Cambridge Anchorage Augusta Albany Augusta Barnstable Baltimore Atlanta Berkeley Amarillo BonitaSprings Bethlehem Akron Aurora Aberdeen BoiseCity Boston Albuquerque Abilene Allentown Arvada Allentown Beaumont AnnArbor Birmingham Bryan Boulder AtlanticCity Buffalo Burbank BatonRouge
25
BatonRouge BatonRouge
Bradenton Bradenton
Cambridge Cambridge
Anchorage Anchorage
Albany Albany
Barnstable Barnstable
Atlanta Atlanta
Berkeley Berkeley
Amarillo Amarillo
Bethlehem Bethlehem
Aurora Aurora
Aberdeen Aberdeen
BoiseCity BoiseCity
Boston Boston
Albuquerque Albuquerque
Abilene Abilene
Arvada Arvada
Beaumont Beaumont
AnnArbor AnnArbor
Birmingham Birmingham
Bryan Bryan
Boulder Boulder
AtlanticCity AtlanticCity
Buffalo Buffalo
Burbank Burbank
