FortCollins Harlingen Knoxville Hemet Independence Bellevue Lakeland CollegeStation Boise CollegeStation ElPaso GardenGrove Carrollton Lakewood Lafayette Hampton Frederick Carrollton Berkeley CapeCoral Berkeley ElMonte Berkeley DavidsonCounty Irvine Harrisburg Fontana Atlanta Howell Lubbock Louisville Anchorage Lancaster Fairfield Joliet LasCruces Killeen GrandRapids Garland Indianapolis Burbank Fremont Cary Irving Brighton Lacey Detroit CedarRapids Lorain Austin Layton Denver Layton ColoradoSprings Cleveland Kennewick Anaheim Danbury Evansville Clearwater Chicago McAllen Bridgeport Bradenton Hollywood Grayslake Denton Augusta Gilbert Jacksonville Bethlehem Beaumont Eugene BoiseCity Manchester Henderson Bremerton Allentown AppleValley Amarillo Alexandria FortWaltonBeach Fargo Arvada Erie Albuquerque Hickory Inglewood DesMoines Chandler LittleRock Greensboro Abilene Dallas Jefferson Marysville Aberdeen Barnstable Appleton Brownsville Fayetteville DalyCity Houston Fresno Kalamazoo Leominster Akron Elizabeth Elkhart Champaign Baltimore BonitaSprings AnnArbor Bakersfield FortCollins
100
FortCollins FortCollins
Harlingen Harlingen
Knoxville Knoxville
Hemet Hemet
Independence Independence
Bellevue Bellevue
Lakeland Lakeland
CollegeStation CollegeStation
Boise Boise
ElPaso ElPaso
Carrollton Carrollton
Lakewood Lakewood
Lafayette Lafayette
Hampton Hampton
Frederick Frederick
Berkeley Berkeley
CapeCoral CapeCoral
ElMonte ElMonte
DavidsonCounty DavidsonCounty
Irvine Irvine
Harrisburg Harrisburg
Fontana Fontana
Atlanta Atlanta
Lubbock Lubbock
Louisville Louisville
Anchorage Anchorage
Lancaster Lancaster
Fairfield Fairfield
Joliet Joliet
LasCruces LasCruces
GrandRapids GrandRapids
Garland Garland
Indianapolis Indianapolis
Burbank Burbank
Fremont Fremont
Cary Cary
Irving Irving
Brighton Brighton
Lacey Lacey
Detroit Detroit
CedarRapids CedarRapids
Lorain Lorain
Austin Austin
Layton Layton
Denver Denver
ColoradoSprings ColoradoSprings
Cleveland Cleveland
Kennewick Kennewick
Anaheim Anaheim
Danbury Danbury
Evansville Evansville
Chicago Chicago
Bradenton Bradenton
Hollywood Hollywood
Grayslake Grayslake
Augusta Augusta
Gilbert Gilbert
Jacksonville Jacksonville
Bethlehem Bethlehem
Beaumont Beaumont
Eugene Eugene
BoiseCity BoiseCity
Manchester Manchester
Henderson Henderson
Bremerton Bremerton
Allentown Allentown
AppleValley AppleValley
Amarillo Amarillo
Alexandria Alexandria
FortWaltonBeach FortWaltonBeach
Fargo Fargo
Arvada Arvada
Erie Erie
Albuquerque Albuquerque
Hickory Hickory
Inglewood Inglewood
DesMoines DesMoines
Chandler Chandler
LittleRock LittleRock
Abilene Abilene
Dallas Dallas
Jefferson Jefferson
Aberdeen Aberdeen
Barnstable Barnstable
Appleton Appleton
Brownsville Brownsville
Fayetteville Fayetteville
DalyCity DalyCity
Houston Houston
Fresno Fresno
Kalamazoo Kalamazoo
Leominster Leominster
Akron Akron
Elizabeth Elizabeth
Elkhart Elkhart
Champaign Champaign
Baltimore Baltimore
BonitaSprings BonitaSprings
AnnArbor AnnArbor
Bakersfield Bakersfield
