CorpusChristi CapeCoral CorpusChristi Beaumont Austin Asheville Brownsville Columbia Canton Charleston Clearwater Boulder BoiseCity Danbury DavidsonCounty ColoradoSprings DavidsonCounty AppleValley Chandler Alexandria BonitaSprings Dallas Bridgeport Chicago Appleton Chicago Denton Bremerton CathedralCity Anaheim Champaign Elkhart Davenport Bloomington Arvada Elizabeth Carrollton Deltona Anchorage BelAir Bryan Escondido Chattanooga Boise Amarillo Cincinnati ElPaso Akron DalyCity ClarkeCounty Augusta BatonRouge Chesapeake Durham Albuquerque Columbus Denver Burbank ElMonte Downey CorpusChristi
50
CorpusChristi CorpusChristi
CapeCoral CapeCoral
Beaumont Beaumont
Austin Austin
Asheville Asheville
Brownsville Brownsville
Columbia Columbia
Canton Canton
Charleston Charleston
Clearwater Clearwater
Boulder Boulder
BoiseCity BoiseCity
Danbury Danbury
ColoradoSprings ColoradoSprings
AppleValley AppleValley
Chandler Chandler
Alexandria Alexandria
BonitaSprings BonitaSprings
Dallas Dallas
Bridgeport Bridgeport
Chicago Chicago
Appleton Appleton
Denton Denton
Bremerton Bremerton
CathedralCity CathedralCity
Anaheim Anaheim
Champaign Champaign
Elkhart Elkhart
Davenport Davenport
Bloomington Bloomington
Arvada Arvada
Elizabeth Elizabeth
Carrollton Carrollton
Deltona Deltona
BelAir BelAir
Bryan Bryan
Escondido Escondido
Chattanooga Chattanooga
Amarillo Amarillo
Cincinnati Cincinnati
ElPaso ElPaso
Akron Akron
DalyCity DalyCity
Augusta Augusta
Durham Durham
Albuquerque Albuquerque
Columbus Columbus
Denver Denver
ElMonte ElMonte
Downey Downey
