152 75 153 50 183 9 81 166 35 95 0 62 145 60 89 108 136 8 187 156 45 160 175 160 157 121 155 58 186 12 182 5 113 4 161 56 84 147 66 171 49 37 126 69 82 102 181 102 53 59 115 54 170 123 78 2 0 179 184 179 0 172 51 180 130 94 151 143 24 163 119 101 139 65 144 6 38 13 42 28 142 87 36 169 134 165 116 90 41 149 24 173 94 105 74 21 92 21 73 168 111 31 112 22 96 85 79 27 97 152
73
75 75
153 153
50 50
183 183
9 9
81 81
166 166
35 35
95 95
0 0
145 145
60 60
89 89
136 136
8 8
45 45
175 175
157 157
121 121
58 58
12 12
182 182
5 5
113 113
56 56
66 66
171 171
37 37
126 126
181 181
53 53
54 54
170 170
78 78
2 2
184 184
172 172
51 51
180 180
130 130
94 94
151 151
143 143
163 163
101 101
139 139
65 65
144 144
38 38
13 13
42 42
28 28
142 142
87 87
169 169
134 134
165 165
116 116
90 90
41 41
149 149
105 105
92 92
73 73
168 168
111 111
31 31
112 112
96 96
85 85
79 79
27 27
97 97
