WNYCV K1ZSD XTUSM UGOIO HZ80H XBRKQ H212X UUOP5 1UWW5 QSI1X F07YB XDKMD 1NBGE KRLTG 77EY5 2FT0Z URMBF 65TK9 HHCET WH9QK XPFOM 7CXN0 ULCTZ H8ZPW CUG55 BMC9X ZA57Z 1BUOS V11OW 5I6U4 2KYXC XRQ65 EQWAL OE5TB HR8IA GXYLV EYREL PQ40E 91RFG TG5ZG X2AM4 KB443 YMTTJ BO3AW 9HVLF GAXPM QTZLJ 42QVU KR27P B8UZ8 1ACIU XD7IR F5YBY 18R1B UUOP5 WNYCV
50
K1ZSD K1ZSD
XTUSM XTUSM
UGOIO UGOIO
HZ80H HZ80H
XBRKQ XBRKQ
H212X H212X
UUOP5 UUOP5
1UWW5 1UWW5
QSI1X QSI1X
F07YB F07YB
XDKMD XDKMD
1NBGE 1NBGE
KRLTG KRLTG
77EY5 77EY5
2FT0Z 2FT0Z
URMBF URMBF
65TK9 65TK9
HHCET HHCET
XPFOM XPFOM
7CXN0 7CXN0
ULCTZ ULCTZ
H8ZPW H8ZPW
CUG55 CUG55
BMC9X BMC9X
ZA57Z ZA57Z
1BUOS 1BUOS
V11OW V11OW
5I6U4 5I6U4
2KYXC 2KYXC
XRQ65 XRQ65
EQWAL EQWAL
OE5TB OE5TB
HR8IA HR8IA
GXYLV GXYLV
EYREL EYREL
91RFG 91RFG
TG5ZG TG5ZG
X2AM4 X2AM4
KB443 KB443
YMTTJ YMTTJ
BO3AW BO3AW
9HVLF 9HVLF
GAXPM GAXPM
QTZLJ QTZLJ
42QVU 42QVU
B8UZ8 B8UZ8
1ACIU 1ACIU
XD7IR XD7IR
F5YBY F5YBY
18R1B 18R1B
