4HOMU JXLE1 X180A DDXG0 LIRLU 2C63O XEEQB P419D OIPRN C7WKJ V8GEC 8EXDQ PYPSO DCHO3 SKPO7 Q5DAA ZZH8Z 0D2BR Q02X6 945CN 1RS2N CM5WA 6NY7T BE5V8 FCYPJ RAAD4 TI35I LEBVZ L2PQE TCC7B 9WSXC FC0PR WBT4L PXCIN CFGE5 6OA3K K50JQ 53Y1R 7U3JG 68VRF 0VPRW V22SY KY9LT LLTLN LKP22 MC71K BVMDZ C45HH BVMDZ H1LTE OLLV9 H1LTE HWKGJ T9O11 C8O6I UDYJK DOLRQ 45JXE PTADN Q7FCL W2M5C 4WDJE ELH5L UW44H 52MNN SA6G0 HV4Z2 WP2MA HV4Z2 SYV5N Y4WG4 PMFJ2 3AIXW KOYRV Z22CS 8CLEZ YJ67U K92O5 768ZF FRZVP 69BJO IF7TL 6ACGE ZN2EP 0U9HU KC9RF IZESQ 1Y2CG WXZHF Y61KP TBPBM M1HJR NPDI9 M1HJR ZHSBU WI88U EDSMH L2GJ5 1F0YL TORQI DTPF4 JF7TT WZB33 W2H22 VHCFR AT3CI SHOOM 50J5H RU85S HZHRA A1QRL 2BUI5 6WOBI 7GA8O TY0L7 61QWU ZRPB5 4HOMU
100
JXLE1 JXLE1
X180A X180A
DDXG0 DDXG0
LIRLU LIRLU
2C63O 2C63O
XEEQB XEEQB
P419D P419D
OIPRN OIPRN
C7WKJ C7WKJ
V8GEC V8GEC
8EXDQ 8EXDQ
PYPSO PYPSO
DCHO3 DCHO3
SKPO7 SKPO7
Q5DAA Q5DAA
ZZH8Z ZZH8Z
0D2BR 0D2BR
945CN 945CN
1RS2N 1RS2N
CM5WA CM5WA
BE5V8 BE5V8
FCYPJ FCYPJ
RAAD4 RAAD4
TI35I TI35I
LEBVZ LEBVZ
L2PQE L2PQE
TCC7B TCC7B
9WSXC 9WSXC
FC0PR FC0PR
PXCIN PXCIN
CFGE5 CFGE5
6OA3K 6OA3K
K50JQ K50JQ
53Y1R 53Y1R
7U3JG 7U3JG
0VPRW 0VPRW
V22SY V22SY
LLTLN LLTLN
LKP22 LKP22
MC71K MC71K
BVMDZ BVMDZ
C45HH C45HH
H1LTE H1LTE
OLLV9 OLLV9
HWKGJ HWKGJ
T9O11 T9O11
C8O6I C8O6I
DOLRQ DOLRQ
45JXE 45JXE
PTADN PTADN
Q7FCL Q7FCL
W2M5C W2M5C
4WDJE 4WDJE
ELH5L ELH5L
UW44H UW44H
52MNN 52MNN
SA6G0 SA6G0
WP2MA WP2MA
SYV5N SYV5N
PMFJ2 PMFJ2
3AIXW 3AIXW
KOYRV KOYRV
8CLEZ 8CLEZ
YJ67U YJ67U
768ZF 768ZF
FRZVP FRZVP
69BJO 69BJO
IF7TL IF7TL
6ACGE 6ACGE
ZN2EP ZN2EP
0U9HU 0U9HU
KC9RF KC9RF
IZESQ IZESQ
WXZHF WXZHF
Y61KP Y61KP
TBPBM TBPBM
M1HJR M1HJR
NPDI9 NPDI9
ZHSBU ZHSBU
WI88U WI88U
EDSMH EDSMH
L2GJ5 L2GJ5
1F0YL 1F0YL
TORQI TORQI
DTPF4 DTPF4
WZB33 WZB33
W2H22 W2H22
VHCFR VHCFR
AT3CI AT3CI
SHOOM SHOOM
50J5H 50J5H
RU85S RU85S
HZHRA HZHRA
A1QRL A1QRL
2BUI5 2BUI5
6WOBI 6WOBI
7GA8O 7GA8O
TY0L7 TY0L7
61QWU 61QWU
ZRPB5 ZRPB5
