cy4fm I2lfX zQjQm P8Fbf rUUVt uWr4y C0eRL FnVf8 DCl5F Iks3D hOy4D lA2MC LNh60 dU1Ub G6G4p kbRYl 7XIxZ di7h7 KYsbm 6ceXl C565q yMPWG 1H2uK NvAYI wdXpe 8RNd8 EWhpw vSPJ5 yFKGt Cfmbw Xhpv3 19YKC tao9t 8aYYW BoNoJ w4BF1 qt5AA uT5W0 P3lE7 gk2cW Vjg5l jse5F Dkq13 GHZOS F2nEN X6hJp yFKGt OFvld OoKEI nogr2 3iQ53 IjjWK 5rdYI 7l0Vw cy4fm
50
zQjQm zQjQm
P8Fbf P8Fbf
rUUVt rUUVt
uWr4y uWr4y
C0eRL C0eRL
FnVf8 FnVf8
DCl5F DCl5F
Iks3D Iks3D
hOy4D hOy4D
lA2MC lA2MC
LNh60 LNh60
dU1Ub dU1Ub
G6G4p G6G4p
kbRYl kbRYl
7XIxZ 7XIxZ
di7h7 di7h7
KYsbm KYsbm
6ceXl 6ceXl
C565q C565q
yMPWG yMPWG
1H2uK 1H2uK
NvAYI NvAYI
wdXpe wdXpe
8RNd8 8RNd8
EWhpw EWhpw
vSPJ5 vSPJ5
yFKGt yFKGt
Cfmbw Cfmbw
Xhpv3 Xhpv3
19YKC 19YKC
tao9t tao9t
8aYYW 8aYYW
BoNoJ BoNoJ
w4BF1 w4BF1
qt5AA qt5AA
uT5W0 uT5W0
P3lE7 P3lE7
gk2cW gk2cW
Vjg5l Vjg5l
jse5F jse5F
GHZOS GHZOS
F2nEN F2nEN
X6hJp X6hJp
OFvld OFvld
OoKEI OoKEI
nogr2 nogr2
3iQ53 3iQ53
IjjWK IjjWK
5rdYI 5rdYI
7l0Vw 7l0Vw
