fab8g ciJ7c Vjk2Z lJJK2 gwQSf uQK8T G944F 2Z0oU iy8Ty PpZP8 lJfgZ KB016 CT8M8 Q0oXi tEdSo VIl39 LBzlR 8xyrX fr0Bd HKgVO 1SvIs XDGuI 0YoJb dAx9s aiycm O1QPI 7J90B tQXF5 L54Jg 4ORRk 8tK4L obqW1 DHhK9 5Ix1v nRTkO l0HDP 9u8oD zgyDJ BybTG guI5B 8PY0r pesnn 1pNjr x8KLa eDWES GHmnJ P5ucv 4b2sA TtUXd AGorf FW6DI n9AEE 1OpM2 1xx4U adW6k fhc2k 015ql lcarA b4E7v kCdcu bD2TR wKKkJ BJ1iC RnwlC qchZ3 c17Qf TQZik KzS0e Nbb6U cDkiZ BWyM2 KWmhW RhMSo wiGnS cm8oa F7m3U nScgp sF84c o4F0A yM9nQ HaHFT Bw1D7 Flgse ZlgGe mgHYN Gt2w1 f5Qx2 3XMfZ VUKiE 9ZatH RgC1Q rzyrR H6HgM g1WJz G91ym Lqz0g 3FUsL cQMFl B3NSd bepE0 4GEPG fab8g
100
fab8g fab8g
ciJ7c ciJ7c
Vjk2Z Vjk2Z
lJJK2 lJJK2
gwQSf gwQSf
uQK8T uQK8T
G944F G944F
2Z0oU 2Z0oU
iy8Ty iy8Ty
PpZP8 PpZP8
lJfgZ lJfgZ
KB016 KB016
CT8M8 CT8M8
Q0oXi Q0oXi
tEdSo tEdSo
VIl39 VIl39
LBzlR LBzlR
8xyrX 8xyrX
fr0Bd fr0Bd
HKgVO HKgVO
1SvIs 1SvIs
XDGuI XDGuI
0YoJb 0YoJb
dAx9s dAx9s
aiycm aiycm
O1QPI O1QPI
7J90B 7J90B
tQXF5 tQXF5
L54Jg L54Jg
4ORRk 4ORRk
8tK4L 8tK4L
obqW1 obqW1
DHhK9 DHhK9
5Ix1v 5Ix1v
nRTkO nRTkO
l0HDP l0HDP
9u8oD 9u8oD
BybTG BybTG
guI5B guI5B
8PY0r 8PY0r
pesnn pesnn
1pNjr 1pNjr
x8KLa x8KLa
eDWES eDWES
GHmnJ GHmnJ
P5ucv P5ucv
4b2sA 4b2sA
TtUXd TtUXd
AGorf AGorf
FW6DI FW6DI
n9AEE n9AEE
1OpM2 1OpM2
1xx4U 1xx4U
adW6k adW6k
fhc2k fhc2k
015ql 015ql
lcarA lcarA
b4E7v b4E7v
kCdcu kCdcu
bD2TR bD2TR
wKKkJ wKKkJ
BJ1iC BJ1iC
RnwlC RnwlC
qchZ3 qchZ3
c17Qf c17Qf
TQZik TQZik
KzS0e KzS0e
Nbb6U Nbb6U
cDkiZ cDkiZ
BWyM2 BWyM2
KWmhW KWmhW
RhMSo RhMSo
wiGnS wiGnS
cm8oa cm8oa
F7m3U F7m3U
nScgp nScgp
sF84c sF84c
o4F0A o4F0A
yM9nQ yM9nQ
HaHFT HaHFT
Bw1D7 Bw1D7
Flgse Flgse
ZlgGe ZlgGe
mgHYN mgHYN
Gt2w1 Gt2w1
f5Qx2 f5Qx2
3XMfZ 3XMfZ
VUKiE VUKiE
9ZatH 9ZatH
RgC1Q RgC1Q
rzyrR rzyrR
H6HgM H6HgM
g1WJz g1WJz
G91ym G91ym
Lqz0g Lqz0g
3FUsL 3FUsL
cQMFl cQMFl
B3NSd B3NSd
bepE0 bepE0
4GEPG 4GEPG
