0 162 0 92 158 92 157 92 159 5 192 191 142 143 60 144 15 164 101 43 102 43 100 163 164 2 176 119 50 120 50 118 175 118 23 109 17 111 17 110 170 169 36 150 88 148 195 148 149 196 2 123 94 121 177 121 94 122 178 12 21 154 93 155 93 156 93 14 116 174 116 25 117 25 115 173 115 30 104 59 105 59 104 103 165 166 30 189 139 96 141 96 140 190 140 96 85 137 188 187 136 85 138 85 64 35 114 35 112 171 112 113 172 22 131 184 131 95 132 95 130 183 38 126 97 124 125 180 179 33 186 33 185 133 91 135 91 134 41 181 182 181 127 77 128 77 129 41 66 91 78 31 107 168 167 106 31 108 7 51 152 198 197 151 51 153 7 146 194 193 145 80 147 18 161 160 161 0
99
162 162
158 158
157 157
159 159
192 192
191 191
142 142
143 143
144 144
164 164
101 101
102 102
100 100
163 163
176 176
119 119
120 120
118 118
175 175
109 109
111 111
110 110
170 170
169 169
150 150
148 148
195 195
149 149
196 196
123 123
121 121
177 177
122 122
178 178
154 154
155 155
156 156
116 116
174 174
117 117
115 115
173 173
104 104
105 105
103 103
165 165
166 166
189 189
139 139
141 141
140 140
190 190
137 137
188 188
187 187
136 136
138 138
114 114
112 112
171 171
113 113
172 172
131 131
184 184
132 132
130 130
183 183
126 126
124 124
125 125
180 180
179 179
186 186
185 185
133 133
135 135
134 134
181 181
182 182
127 127
128 128
129 129
107 107
168 168
167 167
106 106
108 108
152 152
198 198
197 197
151 151
153 153
146 146
194 194
193 193
145 145
147 147
161 161
160 160
