Soda InternationalHouse DeltaDelta Venus BayStreet AlphaCentauri Saturn Mars Compton Ashby Upland Emeryville Chino Tijuana SanBernardino SouthGate Jalisco Talpa Tuxcacuesco Guadalajara ElGrullo Myto Tuhuamixtel Kips Tang ChezPanisse Bechtel Riverside FantasticComics SantaBarbara LosAngeles Platano Cancun DKingGallery Rasputin Irvine VictoryPoint Sacramento CafeTibet BAMPFA Tako CREAM TripleRock MexicoCity SanMiguel SanDiego Whittier Fontana Perris Gregoire Pomona Jupiter BerkeleyHillel BerkeleyHigh AlphaChi SigmaKappa ChiOmega Soda
55
InternationalHouse InternationalHouse
DeltaDelta DeltaDelta
Venus Venus
BayStreet BayStreet
AlphaCentauri AlphaCentauri
Saturn Saturn
Mars Mars
Compton Compton
Ashby Ashby
Upland Upland
Emeryville Emeryville
Chino Chino
Tijuana Tijuana
SanBernardino SanBernardino
SouthGate SouthGate
Jalisco Jalisco
Talpa Talpa
Tuxcacuesco Tuxcacuesco
Guadalajara Guadalajara
ElGrullo ElGrullo
Myto Myto
Tuhuamixtel Tuhuamixtel
Kips Kips
Tang Tang
ChezPanisse ChezPanisse
Riverside Riverside
FantasticComics FantasticComics
SantaBarbara SantaBarbara
LosAngeles LosAngeles
Platano Platano
Cancun Cancun
DKingGallery DKingGallery
Rasputin Rasputin
Irvine Irvine
VictoryPoint VictoryPoint
Sacramento Sacramento
CafeTibet CafeTibet
BAMPFA BAMPFA
Tako Tako
CREAM CREAM
TripleRock TripleRock
MexicoCity MexicoCity
SanMiguel SanMiguel
SanDiego SanDiego
Whittier Whittier
Fontana Fontana
Perris Perris
Gregoire Gregoire
Pomona Pomona
Jupiter Jupiter
BerkeleyHillel BerkeleyHillel
BerkeleyHigh BerkeleyHigh
AlphaChi AlphaChi
SigmaKappa SigmaKappa
ChiOmega ChiOmega
