Soda Barrows Stephans Wheeler Haas RSF MLK BWW Mulford Unit1 Unit2 MainStacks Unit3 Blackwell BC Foothill LakeMerrit GoldenStatePark TheRoof Dwinelle ClarkKerr Wellman Sproul Morgan MemorialStadium GBC Hertz Doe Soda
26
Barrows Barrows
Stephans Stephans
Wheeler Wheeler
Haas Haas
RSF RSF
MLK MLK
BWW BWW
Mulford Mulford
Unit1 Unit1
Unit2 Unit2
MainStacks MainStacks
Unit3 Unit3
Blackwell Blackwell
BC BC
Foothill Foothill
LakeMerrit LakeMerrit
GoldenStatePark GoldenStatePark
TheRoof TheRoof
ClarkKerr ClarkKerr
Wellman Wellman
Sproul Sproul
Morgan Morgan
MemorialStadium MemorialStadium
GBC GBC
Hertz Hertz
Doe Doe
