5 94 39 92 39 94 20 11 36 91 36 62 123 40 155 96 175 22 35 110 188 35 135 86 44 86 70 26 70 178 72 90 166 32 166 122 166 199 48 56 118 113 61 138 55 102 158 80 78 179 78 100 192 119 71 119 15 156 76 81 19 151 19 81 47 43 119 67 41 67 139 45 14 45 158 2 60 72 149 90 159 90 149 28 180 65 30 25 105 17 66 75 109 58 152 58 38 193 29 164 140 186 189 103 189 77 143 77 196 184 85 18 190 16 74 31 74 191 194 191 74 170 136 117 83 104 171 112 10 112 82 129 146 129 27 0 53 0 27 174 101 1 99 134 50 134 116 138 69 153 69 183 51 183 69 138 34 9 34 133 68 133 34 121 157 121 52 162 84 168 18 177 37 64 130 46 154 187 154 165 173 165 63 165 42 137 33 4 5
100
39 39
92 92
20 20
11 11
91 91
123 123
96 96
22 22
110 110
188 188
135 135
44 44
26 26
178 178
32 32
122 122
199 199
48 48
56 56
61 61
138 138
55 55
102 102
158 158
80 80
78 78
179 179
100 100
192 192
71 71
156 156
76 76
81 81
151 151
47 47
43 43
67 67
41 41
14 14
2 2
149 149
159 159
28 28
180 180
25 25
105 105
17 17
75 75
58 58
152 152
193 193
164 164
140 140
189 189
103 103
77 77
143 143
196 196
184 184
85 85
18 18
16 16
31 31
194 194
170 170
83 83
104 104
171 171
10 10
146 146
53 53
174 174
101 101
1 1
99 99
50 50
116 116
69 69
153 153
183 183
51 51
34 34
9 9
133 133
68 68
157 157
52 52
162 162
168 168
177 177
37 37
64 64
46 46
154 154
187 187
173 173
63 63
42 42
137 137
33 33
