2 78 79 81 3 81 79 16 40 16 76 35 25 41 65 37 28 70 17 70 59 68 23 18 71 18 20 34 61 69 42 69 60 0 19 94 58 47 66 49 1 78 14 86 14 29 11 29 62 7 72 99 93 10 93 99 72 5 72 98 6 87 74 56 88 4 88 22 83 13 77 50 96 89 30 89 24 31 24 43 38 44 38 43 63 78 2 67 2
50
81 81
3 3
16 16
40 40
76 76
35 35
25 25
41 41
65 65
28 28
70 70
17 17
59 59
23 23
71 71
34 34
61 61
69 69
42 42
60 60
0 0
94 94
58 58
47 47
66 66
1 1
14 14
86 86
29 29
11 11
62 62
7 7
72 72
10 10
5 5
98 98
74 74
88 88
4 4
83 83
13 13
50 50
96 96
30 30
24 24
31 31
38 38
44 44
63 63
67 67
