COM REU SDN REU AFG REU GLP MDA PAN MHL MAC MHL CPV MLI MEX POL ARE ALB AND ARM MYT MUS SGS PRK NIU CZE CYP DEU CXR MWI ITA MWI ATG AUS NIC ABW NIC IRL IOT IRN MYS DZA MYS IRN NIU PRY MOZ PRY PNG CPV LIE LTU KWT LKA BVT CIV CAF CRI MLT PSE NRU NPL MMR HMD HRV LCA KOR LBN JPN HUN PAK GNQ COD COG CHN SHN SGS NZL SGS LBR SGS KHM IDN COL IDN RUS BLZ BEN BLM BHR BDI AZE BIH BHS BRB BMU NGA JEY NFK ALA NFK NGA FSM FIN GAB ETH EGY GIB GHA GEO ESP ECU ESH FRA GBR GIN FSM NGA GMB GRC HND MAR HND COK CAN HTI GUM HTI HKG KAZ KNA LAO LUX RWA DMA DJI MUS MYT NER MTQ NER COM
100
REU REU
SDN SDN
AFG AFG
MDA MDA
PAN PAN
MAC MAC
CPV CPV
MLI MLI
MEX MEX
POL POL
ARE ARE
ALB ALB
ARM ARM
MYT MYT
SGS SGS
NIU NIU
CYP CYP
DEU DEU
CXR CXR
ITA ITA
ATG ATG
AUS AUS
NIC NIC
ABW ABW
IRL IRL
IOT IOT
IRN IRN
DZA DZA
PRY PRY
MOZ MOZ
PNG PNG
LIE LIE
LTU LTU
KWT KWT
LKA LKA
CIV CIV
CAF CAF
PSE PSE
NRU NRU
NPL NPL
MMR MMR
HMD HMD
HRV HRV
KOR KOR
LBN LBN
JPN JPN
HUN HUN
PAK PAK
GNQ GNQ
COD COD
COG COG
CHN CHN
SHN SHN
NZL NZL
LBR LBR
KHM KHM
IDN IDN
COL COL
RUS RUS
BEN BEN
BLM BLM
BHR BHR
BDI BDI
AZE AZE
BHS BHS
BMU BMU
JEY JEY
NFK NFK
ALA ALA
FSM FSM
FIN FIN
GAB GAB
EGY EGY
GIB GIB
GHA GHA
GEO GEO
ESP ESP
ECU ECU
ESH ESH
FRA FRA
GBR GBR
GIN GIN
GMB GMB
GRC GRC
HND HND
MAR MAR
COK COK
CAN CAN
HTI HTI
GUM GUM
HKG HKG
KAZ KAZ
KNA KNA
LAO LAO
LUX LUX
RWA RWA
DMA DMA
DJI DJI
NER NER
MTQ MTQ
