DZA ALB ARG ALB AND ESP GIN BVT CAF COG GTM GNQ GRD GUM HMD GUY CUB GUY GRC BRA BLM BFA BLM BES BLR CCK CMR HKG GRL GLP GNB HND GEO FRO FRA GBR ECU GHA FSM ERI FIN FLK FIN AFG ABW AFG FIN ERI AUT BEN BDI BEL BRN COD CHE CIV CAN BRB BGD CYM CZE CXR CYM ARE DNK CUW DOM AUS DOM BHS DOM ASM ATF ATA DMA DJI DMA DZA
50
ALB ALB
ARG ARG
AND AND
BVT BVT
CAF CAF
COG COG
GNQ GNQ
GRD GRD
HMD HMD
CUB CUB
GRC GRC
BLM BLM
BFA BFA
BES BES
BLR BLR
CCK CCK
HKG HKG
GLP GLP
HND HND
GEO GEO
FRO FRO
FRA FRA
GBR GBR
ECU ECU
GHA GHA
FSM FSM
ERI ERI
FIN FIN
FLK FLK
ABW ABW
BEN BEN
BDI BDI
BRN BRN
COD COD
CHE CHE
CAN CAN
BRB BRB
BGD BGD
CYM CYM
CZE CZE
CXR CXR
ARE ARE
DNK DNK
CUW CUW
DOM DOM
AUS AUS
BHS BHS
ATF ATF
ATA ATA
DJI DJI
