Soda 124 119 188 180 173 148 176 104 139 111 108 146 154 183 164 158 193 197 129 138 152 131 157 178 179 168 185 163 195 182 124 181 190 122 156 128 186 166 136 177 165 112 126 109 118 162 153 125 189 175 103 143 106 174 116 161 184 145 101 191 127 187 144 134 172 142 194 171 140 105 198 137 196 120 155 121 169 192 160 113 130 114 151 141 110 170 149 159 150 123 117 115 147 133 107 102 132 100 135 99 167 Soda
100
124 124
119 119
188 188
180 180
173 173
148 148
176 176
104 104
139 139
111 111
108 108
146 146
154 154
183 183
164 164
158 158
193 193
197 197
129 129
138 138
152 152
131 131
157 157
178 178
179 179
168 168
185 185
163 163
195 195
182 182
181 181
190 190
122 122
156 156
128 128
186 186
166 166
136 136
177 177
165 165
112 112
126 126
109 109
118 118
162 162
153 153
125 125
189 189
175 175
103 103
143 143
106 106
174 174
116 116
161 161
184 184
145 145
101 101
191 191
127 127
187 187
144 144
134 134
172 172
142 142
194 194
171 171
140 140
105 105
198 198
137 137
196 196
120 120
155 155
121 121
169 169
192 192
160 160
113 113
130 130
114 114
151 151
141 141
110 110
170 170
149 149
159 159
150 150
123 123
117 117
115 115
147 147
133 133
107 107
102 102
132 132
100 100
135 135
99 99
167 167
