Soda 14 20 26 16 57 45 34 32 97 87 96 49 77 78 51 66 29 13 15 70 82 50 43 60 73 76 63 47 84 85 59 69 8 39 81 72 71 44 7 24 33 99 18 74 55 93 10 25 42 37 6 11 19 61 31 30 53 88 83 54 89 62 91 48 40 92 68 58 9 28 90 5 80 22 100 98 27 17 41 52 75 64 86 35 56 46 67 2 36 38 95 12 94 101 65 79 21 23 4 3 Soda
100
14 14
20 20
26 26
16 16
57 57
45 45
34 34
32 32
97 97
87 87
96 96
49 49
77 77
78 78
51 51
66 66
29 29
13 13
15 15
70 70
82 82
50 50
43 43
60 60
73 73
76 76
63 63
47 47
84 84
85 85
59 59
69 69
8 8
39 39
81 81
72 72
71 71
44 44
7 7
24 24
33 33
99 99
18 18
74 74
55 55
93 93
10 10
25 25
42 42
37 37
6 6
11 11
19 19
61 61
31 31
30 30
53 53
88 88
83 83
54 54
89 89
62 62
91 91
48 48
40 40
92 92
68 68
58 58
9 9
28 28
90 90
5 5
80 80
22 22
100 100
98 98
27 27
17 17
41 41
52 52
75 75
64 64
86 86
35 35
56 56
46 46
67 67
2 2
36 36
38 38
95 95
12 12
94 94
101 101
65 65
79 79
21 21
23 23
4 4
3 3
