Wurster Goldman Recreational California Hesse Salem Boston Brain Moffitt Spieker Kleeberger Barrows Simon Maxwell Anthony Hazardous Gilman Florida Sutardja Cory Pitzer McLaughlin Optometry Blackwell Parking Observatory Indianapolis Pennsylvania Hilgard Class Montgomery Tennessee Honolulu Frank Silver Nevada North Chan Oregon Raleigh Juneau Idaho Vermont Simpson Stanley Massachusetts Alabama Sather Moses Visitor Wurster
50
Wurster Wurster
Goldman Goldman
Recreational Recreational
California California
Hesse Hesse
Salem Salem
Boston Boston
Brain Brain
Moffitt Moffitt
Spieker Spieker
Kleeberger Kleeberger
Barrows Barrows
Simon Simon
Maxwell Maxwell
Anthony Anthony
Hazardous Hazardous
Gilman Gilman
Florida Florida
Sutardja Sutardja
Cory Cory
Pitzer Pitzer
McLaughlin McLaughlin
Optometry Optometry
Blackwell Blackwell
Parking Parking
Observatory Observatory
Indianapolis Indianapolis
Pennsylvania Pennsylvania
Hilgard Hilgard
Class Class
Montgomery Montgomery
Tennessee Tennessee
Honolulu Honolulu
Frank Frank
Silver Silver
Nevada Nevada
North North
Chan Chan
Oregon Oregon
Raleigh Raleigh
Juneau Juneau
Idaho Idaho
Vermont Vermont
Simpson Simpson
Stanley Stanley
Massachusetts Massachusetts
Alabama Alabama
Sather Sather
Moses Moses
Visitor Visitor
