Rhode Donner University Valley Life Hellman Martin Harrisburg Silver Hargrove Cory Moses Santa Berkeley Madison Krutch Austin Lansing Mulford Florida Columbus Chou Birge Hawaii Springer Minnesota Jacobs Insectary Observatory Mississippi Durant Tennessee Police Little Hertz Maxwell Trenton Boalt Montana Hartford Jones Concord Haste Morrison Moffitt McLaughlin West Montgomery Bancroft Sproul International Barrows Nashville Hearst Topeka Illinois Providence Richmond Salt Mathematical Edwards Class Simon Energy Utah Lower Etcheverry Maryland Wisconsin Durham Heating Clark CNMAT BART Columbia Cleary Warren Oregon Blackwell LeConte Jefferson Tang Bowles Chvez Brain Nevada Simpson Pennsylvania Stadium Foothill Grinnell Michigan Campanile Baton Annapolis Kentucky Cheyenne East Olympia McEnerney Rhode
100
Rhode Rhode
Donner Donner
University University
Valley Valley
Life Life
Hellman Hellman
Martin Martin
Harrisburg Harrisburg
Silver Silver
Hargrove Hargrove
Cory Cory
Moses Moses
Santa Santa
Berkeley Berkeley
Madison Madison
Krutch Krutch
Austin Austin
Lansing Lansing
Mulford Mulford
Florida Florida
Columbus Columbus
Chou Chou
Birge Birge
Hawaii Hawaii
Springer Springer
Minnesota Minnesota
Jacobs Jacobs
Insectary Insectary
Observatory Observatory
Mississippi Mississippi
Durant Durant
Tennessee Tennessee
Police Police
Little Little
Hertz Hertz
Maxwell Maxwell
Trenton Trenton
Boalt Boalt
Montana Montana
Hartford Hartford
Jones Jones
Concord Concord
Haste Haste
Morrison Morrison
Moffitt Moffitt
McLaughlin McLaughlin
West West
Montgomery Montgomery
Bancroft Bancroft
Sproul Sproul
International International
Barrows Barrows
Nashville Nashville
Hearst Hearst
Topeka Topeka
Illinois Illinois
Providence Providence
Richmond Richmond
Salt Salt
Mathematical Mathematical
Edwards Edwards
Class Class
Simon Simon
Energy Energy
Utah Utah
Lower Lower
Etcheverry Etcheverry
Maryland Maryland
Wisconsin Wisconsin
Durham Durham
Heating Heating
Clark Clark
CNMAT CNMAT
BART BART
Columbia Columbia
Cleary Cleary
Warren Warren
Oregon Oregon
Blackwell Blackwell
LeConte LeConte
Jefferson Jefferson
Tang Tang
Bowles Bowles
Chvez Chvez
Brain Brain
Nevada Nevada
Simpson Simpson
Pennsylvania Pennsylvania
Stadium Stadium
Foothill Foothill
Grinnell Grinnell
Michigan Michigan
Campanile Campanile
Baton Baton
Annapolis Annapolis
Kentucky Kentucky
Cheyenne Cheyenne
East East
Olympia Olympia
McEnerney McEnerney
