Donner Santa McCone Optometry Juneau North Cyclotron Helena Iowa Foothill Gilman Tallahassee Old Minnesota Ishi Illinois Topeka Life Gayley Recreational Phoenix Haas Providence Wurster Haste Donner
25
Donner Donner
Santa Santa
McCone McCone
Optometry Optometry
Juneau Juneau
North North
Cyclotron Cyclotron
Helena Helena
Iowa Iowa
Foothill Foothill
Gilman Gilman
Tallahassee Tallahassee
Old Old
Minnesota Minnesota
Ishi Ishi
Illinois Illinois
Topeka Topeka
Life Life
Gayley Gayley
Recreational Recreational
Phoenix Phoenix
Haas Haas
Providence Providence
Wurster Wurster
Haste Haste
