YuhuaEast Sennett SerangoonGarden SingaporeRiver ChinaSquare SerangoonNorth TagoreSindo Punggol BenoiSector RafflesPlace BedokSouth Trafalgar PasirRisPark Shipyard SembawangStraits OneTreeHill HongKah UpperThomson Kembangan ChoaChuKang DefuIndustrialPark HougangCentral Saujana BoatQuay Aljunied YioChuKang Mountbatten Northland WoodlandsWest BukitBatokSouth PasirPanjang2 SerangoonCentral PasirPanjang2 PunggolField TuasBay TiongBahru TuasBay SembawangEast TuasPromenade Tanglin ChangiWest NatureReserve EastCoast Sembawang TampinesNorth JooSengPayaLebar JurongPort PeiChun DairyFarm PangSua Kranji SungeiRoad WaterwayEast SungeiRoad Commonwealth KentRidge Commonwealth Chatsworth InstitutionHill Chatsworth TuasNorthPioneer WestCoast SouthernIslands HongKahNorth KeatHong Dunearn SembawangHills Dunearn UluPandan YioChuKangEast UluPandan Serangoon Brickworks KampongUbi TelokBlangahRise Sentosa TelokBlangahRise SungeiKadut BayfrontSubzone PeoplesPark OrangeGrove Matilda Geylang Mandai PasirRis Mandai ChengSan BoonLayPlace LowerSeletar PearlsHill MandaiEast Boulevard RochorCanal Port AlexandraNorth SimpangNorth Paterson SimpangNorth Khatib PulauPunggolTimor ReservoirView EvertonPark ClementiNorth PasirRisDrive TohGuan PayaLebarEast Museum Moulmein GeylangEast MountEmily KebunBahru Tampines PengSiang BukitBatokWest DhobyGhaut Cairnhill ChangiPoint AngMoKioTownCentre Anson OneNorth JurongWestCentral ClementiWest IstanaNegara BedokNorth CityHall TelokBlangahDrive YuhuaEast
100
Sennett Sennett
SerangoonGarden SerangoonGarden
SingaporeRiver SingaporeRiver
ChinaSquare ChinaSquare
SerangoonNorth SerangoonNorth
TagoreSindo TagoreSindo
Punggol Punggol
BenoiSector BenoiSector
BedokSouth BedokSouth
Trafalgar Trafalgar
PasirRisPark PasirRisPark
Shipyard Shipyard
SembawangStraits SembawangStraits
OneTreeHill OneTreeHill
HongKah HongKah
UpperThomson UpperThomson
Kembangan Kembangan
ChoaChuKang ChoaChuKang
DefuIndustrialPark DefuIndustrialPark
HougangCentral HougangCentral
Saujana Saujana
BoatQuay BoatQuay
Aljunied Aljunied
YioChuKang YioChuKang
Mountbatten Mountbatten
Northland Northland
WoodlandsWest WoodlandsWest
BukitBatokSouth BukitBatokSouth
SerangoonCentral SerangoonCentral
PunggolField PunggolField
TuasBay TuasBay
TiongBahru TiongBahru
TuasPromenade TuasPromenade
Tanglin Tanglin
ChangiWest ChangiWest
EastCoast EastCoast
Sembawang Sembawang
TampinesNorth TampinesNorth
JooSengPayaLebar JooSengPayaLebar
JurongPort JurongPort
PeiChun PeiChun
DairyFarm DairyFarm
PangSua PangSua
SungeiRoad SungeiRoad
WaterwayEast WaterwayEast
Commonwealth Commonwealth
KentRidge KentRidge
Chatsworth Chatsworth
InstitutionHill InstitutionHill
TuasNorthPioneer TuasNorthPioneer
SouthernIslands SouthernIslands
HongKahNorth HongKahNorth
KeatHong KeatHong
SembawangHills SembawangHills
UluPandan UluPandan
YioChuKangEast YioChuKangEast
Serangoon Serangoon
Brickworks Brickworks
TelokBlangahRise TelokBlangahRise
Sentosa Sentosa
SungeiKadut SungeiKadut
BayfrontSubzone BayfrontSubzone
PeoplesPark PeoplesPark
OrangeGrove OrangeGrove
Matilda Matilda
Geylang Geylang
Mandai Mandai
PasirRis PasirRis
BoonLayPlace BoonLayPlace
LowerSeletar LowerSeletar
PearlsHill PearlsHill
MandaiEast MandaiEast
RochorCanal RochorCanal
Port Port
AlexandraNorth AlexandraNorth
SimpangNorth SimpangNorth
Paterson Paterson
Khatib Khatib
PulauPunggolTimor PulauPunggolTimor
ReservoirView ReservoirView
EvertonPark EvertonPark
ClementiNorth ClementiNorth
PasirRisDrive PasirRisDrive
TohGuan TohGuan
PayaLebarEast PayaLebarEast
Museum Museum
Moulmein Moulmein
GeylangEast GeylangEast
KebunBahru KebunBahru
Tampines Tampines
BukitBatokWest BukitBatokWest
DhobyGhaut DhobyGhaut
Cairnhill Cairnhill
ChangiPoint ChangiPoint
AngMoKioTownCentre AngMoKioTownCentre
OneNorth OneNorth
JurongWestCentral JurongWestCentral
IstanaNegara IstanaNegara
BedokNorth BedokNorth
CityHall CityHall
