LeonieHill ChangiPoint SungeiKadut KampongUbi BukitBatokCentral NorthCoast AnchorvaleBuangkok YioChuKang MandaiWest YioChuKang Boulevard KallangWay SungeiRoad Semakau Frankel FarrerPark KampongGlam SembawangSprings PasirRisPark Sentosa Guilin GreenwoodPark Trafalgar Townsville Victoria SerangoonGarden Phillip Yishun BishanEast Ridout Changi CompassvaleTrafalgar ConeyIsland PunggolTownCentre Woodgrove YishunCentral ClementiCentral ChangiWest AirportRoad GeylangBahru TanjongRhu PasirPanjang2 Springleaf ChoaChuKangCentral LoyangEast YuhuaWestBoonLay TampinesWest Novena SingaporePolytechnic TuasBay TanglinHalt Kranji MonksHill Outram Sennett JurongWestCentral NeeSoon Shipyard NeeSoon OrangeGrove DefuIndustrialPark Tyersall DefuIndustrialPark LeonieHill
50
SungeiKadut SungeiKadut
BukitBatokCentral BukitBatokCentral
NorthCoast NorthCoast
AnchorvaleBuangkok AnchorvaleBuangkok
YioChuKang YioChuKang
MandaiWest MandaiWest
Boulevard Boulevard
KallangWay KallangWay
SungeiRoad SungeiRoad
Semakau Semakau
FarrerPark FarrerPark
KampongGlam KampongGlam
SembawangSprings SembawangSprings
Sentosa Sentosa
Guilin Guilin
GreenwoodPark GreenwoodPark
Trafalgar Trafalgar
Townsville Townsville
Victoria Victoria
SerangoonGarden SerangoonGarden
Phillip Phillip
Yishun Yishun
BishanEast BishanEast
Ridout Ridout
ConeyIsland ConeyIsland
PunggolTownCentre PunggolTownCentre
Woodgrove Woodgrove
ClementiCentral ClementiCentral
ChangiWest ChangiWest
AirportRoad AirportRoad
PasirPanjang2 PasirPanjang2
Springleaf Springleaf
ChoaChuKangCentral ChoaChuKangCentral
LoyangEast LoyangEast
YuhuaWestBoonLay YuhuaWestBoonLay
TampinesWest TampinesWest
Novena Novena
SingaporePolytechnic SingaporePolytechnic
TuasBay TuasBay
TanglinHalt TanglinHalt
Kranji Kranji
MonksHill MonksHill
Outram Outram
Sennett Sennett
JurongWestCentral JurongWestCentral
NeeSoon NeeSoon
Shipyard Shipyard
OrangeGrove OrangeGrove
DefuIndustrialPark DefuIndustrialPark
Tyersall Tyersall
