BukitBatokEast LeonieHill LowerSeletar DowntownCore Gombak Redhill PearlsHill ChoaChuKang Bayshore Hillcrest Tyersall AirportRoad NeeSoon Bendemeer GaliBatuMandai RiverValley Sembawang JooKoon SimpangNorth GhimMoh Safti Tengeh Frankel SwissClub TanjongPagar CityHall Sudong TiongBahruStation SungeiRoad Simei BukitBatokEast
25
LeonieHill LeonieHill
LowerSeletar LowerSeletar
DowntownCore DowntownCore
Redhill Redhill
PearlsHill PearlsHill
ChoaChuKang ChoaChuKang
Hillcrest Hillcrest
Tyersall Tyersall
NeeSoon NeeSoon
GaliBatuMandai GaliBatuMandai
RiverValley RiverValley
Sembawang Sembawang
JooKoon JooKoon
SimpangNorth SimpangNorth
GhimMoh GhimMoh
Safti Safti
Tengeh Tengeh
Frankel Frankel
SwissClub SwissClub
TanjongPagar TanjongPagar
CityHall CityHall
Sudong Sudong
TiongBahruStation TiongBahruStation
SungeiRoad SungeiRoad
Simei Simei
