139 58 1 47 32 74 7 60 39 57 43 13 30 21 78 9 84 44 41 22 105 127 134 186 122 166 89 119 142 144 45 152 96 145 96 27 125 131 31 25 101 64 184 147 198 49 84 189 102 109 108 111 114 79 182 95 81 67 33 104 71 148 128 173 113 112 91 75 118 55 188 55 165 162 187 191 141 48 26 153 106 158 98 156 123 146 193 161 130 123 77 138 82 69 72 2 85 11 18 15 14 23 37 5 35 65 16 172 1 178 8 157 176 139
100
58 58
1 1
47 47
32 32
74 74
7 7
60 60
39 39
57 57
43 43
13 13
30 30
21 21
78 78
9 9
84 84
44 44
41 41
22 22
105 105
127 127
134 134
186 186
122 122
89 89
119 119
142 142
144 144
152 152
96 96
145 145
27 27
125 125
131 131
31 31
25 25
101 101
64 64
184 184
147 147
198 198
189 189
109 109
108 108
111 111
114 114
79 79
182 182
95 95
81 81
67 67
33 33
104 104
71 71
148 148
128 128
173 173
113 113
112 112
91 91
75 75
118 118
188 188
165 165
187 187
191 191
141 141
48 48
26 26
153 153
106 106
158 158
98 98
156 156
123 123
146 146
161 161
130 130
77 77
138 138
82 82
69 69
72 72
2 2
85 85
11 11
18 18
15 15
14 14
23 23
37 37
5 5
35 35
65 65
16 16
172 172
178 178
8 8
157 157
176 176
