Qwilfish Drampa Shellos Nincada Whismur Bounsweet Froakie Magnemite Amoonguss Crawdaunt Scatterbug Taillow Drapion Lotad Metang Slurpuff Inkay Magmar Volcarona Vullaby Porygon2 Meloetta Sandile Simisear Noibat Skiddo Skorupi Honedge Kakuna Tauros Weezing Vespiquen Shellder Bastiodon Seaking Treecko Seaking Munna Gengar Metapod Jumpluff Steenee Jumpluff Plusle Wailord Tauros Swadloon Magnemite Comfey Magnemite Weepinbell Escavalier Woobat Stufful Conkeldurr Stufful Whismur Nincada Shellos Tropius Qwilfish
50
Qwilfish Qwilfish
Drampa Drampa
Shellos Shellos
Nincada Nincada
Whismur Whismur
Bounsweet Bounsweet
Froakie Froakie
Magnemite Magnemite
Amoonguss Amoonguss
Crawdaunt Crawdaunt
Scatterbug Scatterbug
Taillow Taillow
Drapion Drapion
Lotad Lotad
Metang Metang
Slurpuff Slurpuff
Inkay Inkay
Magmar Magmar
Volcarona Volcarona
Vullaby Vullaby
Porygon2 Porygon2
Meloetta Meloetta
Sandile Sandile
Simisear Simisear
Noibat Noibat
Skiddo Skiddo
Skorupi Skorupi
Honedge Honedge
Kakuna Kakuna
Tauros Tauros
Weezing Weezing
Vespiquen Vespiquen
Shellder Shellder
Bastiodon Bastiodon
Seaking Seaking
Treecko Treecko
Munna Munna
Gengar Gengar
Metapod Metapod
Jumpluff Jumpluff
Steenee Steenee
Plusle Plusle
Wailord Wailord
Swadloon Swadloon
Comfey Comfey
Weepinbell Weepinbell
Escavalier Escavalier
Woobat Woobat
Stufful Stufful
Conkeldurr Conkeldurr
