Latias Dartrix Keldeo Reshiram Palkia Primeape Raticate Magearna Jigglypuff Talonflame Noivern Infernape Scolipede Petilil Luvdisc Staryu Bounsweet Wurmple Exeggutor Relicanth Vibrava Charmeleon Golisopod Elgyem Toxicroak Shelgon Latias
25
Dartrix Dartrix
Keldeo Keldeo
Reshiram Reshiram
Palkia Palkia
Primeape Primeape
Raticate Raticate
Magearna Magearna
Jigglypuff Jigglypuff
Talonflame Talonflame
Noivern Noivern
Infernape Infernape
Scolipede Scolipede
Petilil Petilil
Luvdisc Luvdisc
Staryu Staryu
Bounsweet Bounsweet
Wurmple Wurmple
Exeggutor Exeggutor
Relicanth Relicanth
Vibrava Vibrava
Charmeleon Charmeleon
Golisopod Golisopod
Elgyem Elgyem
Toxicroak Toxicroak
Shelgon Shelgon
