Qwilfish Drampa Shellos Nincada Whismur Tsareena Paras Zekrom Weepinbell Lumineon Comfey Magnemite Weepinbell Escavalier Woobat Stufful Yungoos Bounsweet Froakie Magnemite Amoonguss Crawdaunt Weezing Vespiquen Shellder Bastiodon Weezing Plusle Wailord Zekrom Conkeldurr Stufful Whismur Nincada Seaking Treecko Kakuna Tauros Swadloon Munna Seaking Xerneas Jumpluff Steenee Wartortle Honedge Skorupi Lotad Politoed Terrakion Metang Slurpuff Inkay Metapod Gengar Tornadus Noibat Skiddo Phanpy Magmar Volcarona Vullaby Porygon2 Meloetta Sandile Simisear Slowbro Dewpider Scatterbug Taillow Drapion Tropius Qwilfish
64
Qwilfish Qwilfish
Drampa Drampa
Shellos Shellos
Nincada Nincada
Whismur Whismur
Tsareena Tsareena
Paras Paras
Zekrom Zekrom
Weepinbell Weepinbell
Lumineon Lumineon
Comfey Comfey
Magnemite Magnemite
Escavalier Escavalier
Woobat Woobat
Stufful Stufful
Yungoos Yungoos
Bounsweet Bounsweet
Froakie Froakie
Amoonguss Amoonguss
Crawdaunt Crawdaunt
Weezing Weezing
Vespiquen Vespiquen
Shellder Shellder
Bastiodon Bastiodon
Plusle Plusle
Wailord Wailord
Conkeldurr Conkeldurr
Seaking Seaking
Treecko Treecko
Kakuna Kakuna
Tauros Tauros
Swadloon Swadloon
Munna Munna
Xerneas Xerneas
Jumpluff Jumpluff
Steenee Steenee
Wartortle Wartortle
Honedge Honedge
Skorupi Skorupi
Lotad Lotad
Politoed Politoed
Terrakion Terrakion
Metang Metang
Slurpuff Slurpuff
Inkay Inkay
Metapod Metapod
Gengar Gengar
Tornadus Tornadus
Noibat Noibat
Skiddo Skiddo
Phanpy Phanpy
Magmar Magmar
Volcarona Volcarona
Vullaby Vullaby
Porygon2 Porygon2
Meloetta Meloetta
Sandile Sandile
Simisear Simisear
Slowbro Slowbro
Dewpider Dewpider
Scatterbug Scatterbug
Taillow Taillow
Drapion Drapion
Tropius Tropius
