Monroe Lewisville Allentown Miami Dallas Modesto Gilbert Viejo Hampton Fairfield Fayetteville Apple Kennewick Denver Bradenton Akron Eight Athens Erie Elkhart Huntington Irving Baton Julian Cleveland Gainesville Vista Greensboro Corpus Layton Lafayette Hickory Hartford Glendale Amarillo Bethlehem Killeen Clarke Hesperia Denton Hayward Kissimmee Seven Muskegon Austin Elizabeth Lacey Melbourne Birmingham Mobile Leominster Bedford Naples Prairie Mesquite Abilene Bridgeport Arlington Rapids Davidson Hialeah Mesa Carrollton Asheville Chesapeake Manchester Cary Brownsville Baltimore Kenosha Canton Four Monterey Laredo Charleston Johnson Boulder Three Detroit Montgomery Merced Dayton Burlington Kailua Boise Albany Cambridge Lowell Aberdeen Havre Lancaster Hagerstown Antioch Daytona Anchorage Anaheim Jacksonville Ten Lakeland Huntsville Clarksville Monroe
100
Monroe Monroe
Lewisville Lewisville
Allentown Allentown
Miami Miami
Dallas Dallas
Modesto Modesto
Gilbert Gilbert
Viejo Viejo
Hampton Hampton
Fairfield Fairfield
Fayetteville Fayetteville
Apple Apple
Kennewick Kennewick
Denver Denver
Bradenton Bradenton
Akron Akron
Athens Athens
Erie Erie
Elkhart Elkhart
Huntington Huntington
Irving Irving
Baton Baton
Julian Julian
Cleveland Cleveland
Gainesville Gainesville
Vista Vista
Greensboro Greensboro
Corpus Corpus
Layton Layton
Lafayette Lafayette
Hickory Hickory
Hartford Hartford
Glendale Glendale
Amarillo Amarillo
Bethlehem Bethlehem
Killeen Killeen
Clarke Clarke
Hesperia Hesperia
Denton Denton
Hayward Hayward
Kissimmee Kissimmee
Seven Seven
Muskegon Muskegon
Austin Austin
Elizabeth Elizabeth
Lacey Lacey
Melbourne Melbourne
Birmingham Birmingham
Mobile Mobile
Leominster Leominster
Bedford Bedford
Naples Naples
Prairie Prairie
Mesquite Mesquite
Abilene Abilene
Bridgeport Bridgeport
Arlington Arlington
Rapids Rapids
Davidson Davidson
Hialeah Hialeah
Mesa Mesa
Carrollton Carrollton
Asheville Asheville
Chesapeake Chesapeake
Manchester Manchester
Cary Cary
Brownsville Brownsville
Baltimore Baltimore
Kenosha Kenosha
Canton Canton
Four Four
Monterey Monterey
Laredo Laredo
Charleston Charleston
Johnson Johnson
Boulder Boulder
Three Three
Detroit Detroit
Montgomery Montgomery
Merced Merced
Dayton Dayton
Burlington Burlington
Kailua Kailua
Boise Boise
Albany Albany
Cambridge Cambridge
Lowell Lowell
Aberdeen Aberdeen
Havre Havre
Lancaster Lancaster
Hagerstown Hagerstown
Antioch Antioch
Daytona Daytona
Anchorage Anchorage
Anaheim Anaheim
Jacksonville Jacksonville
Ten Ten
Lakeland Lakeland
Huntsville Huntsville
Clarksville Clarksville
