Burlington Cambridge Buffalo Hayward Amarillo Greenville Denver Rapids Cedar Chattanooga Merced Davenport Honolulu Naperville Independence Chicago Louisville Bridgeport Miramar Clarke Columbus Hampton Myrtle Killeen Prairie Julian McAllen Burlington
25
Cambridge Cambridge
Buffalo Buffalo
Hayward Hayward
Amarillo Amarillo
Greenville Greenville
Denver Denver
Rapids Rapids
Cedar Cedar
Chattanooga Chattanooga
Merced Merced
Davenport Davenport
Honolulu Honolulu
Naperville Naperville
Independence Independence
Chicago Chicago
Louisville Louisville
Bridgeport Bridgeport
Miramar Miramar
Clarke Clarke
Columbus Columbus
Hampton Hampton
Myrtle Myrtle
Killeen Killeen
Prairie Prairie
McAllen McAllen
