Myrtle Corpus GreenBay Abilene Hartford Cedar Hollywood Brownsville Mobile Appleton Nashua Moreno Merced Macon Barnstable Lorain Harlingen Kissimmee Miramar Chicago Lansing Bloomington Medford Houma Leominster Aribel Grays Chandler Dallas Hemet Bradenton Baltimore Lacey Huntsville Erie Minneapolis Davidson Muskegon Huntington Plen Montgomery Cathedral Bridgeport Albany Champaign Cary Albuquerque Lexington Kansas Joliet Deltona Alexandria Myrtle
50
Corpus Corpus
GreenBay GreenBay
Abilene Abilene
Hartford Hartford
Cedar Cedar
Hollywood Hollywood
Brownsville Brownsville
Mobile Mobile
Appleton Appleton
Nashua Nashua
Moreno Moreno
Merced Merced
Macon Macon
Barnstable Barnstable
Lorain Lorain
Harlingen Harlingen
Kissimmee Kissimmee
Miramar Miramar
Chicago Chicago
Lansing Lansing
Bloomington Bloomington
Medford Medford
Houma Houma
Leominster Leominster
Aribel Aribel
Grays Grays
Chandler Chandler
Dallas Dallas
Hemet Hemet
Bradenton Bradenton
Baltimore Baltimore
Huntsville Huntsville
Erie Erie
Minneapolis Minneapolis
Davidson Davidson
Muskegon Muskegon
Huntington Huntington
Plen Plen
Montgomery Montgomery
Cathedral Cathedral
Bridgeport Bridgeport
Albany Albany
Champaign Champaign
Cary Cary
Albuquerque Albuquerque
Lexington Lexington
Kansas Kansas
Joliet Joliet
Deltona Deltona
Alexandria Alexandria
