DK CP BM CU AA FB CM DB AU HI FN EO HD CY DF CI CX ED BW FP FD DU FA CD AY CC AM EQ DP DD EL BC CR GT DO DT BP GR EW AB GG EY BF EN CS DX BI CW AT CK ES HF EM GN AZ GV BR GB EF CG AK FZ HB DN BZ EP DE ET CT HE DZ AV AN GZ DL BH FG DI HC CA FH EA GY BE CE HJ FW BV DM GX EB AG AO FT BL DK
94
CP CP
BM BM
CU CU
AA AA
FB FB
CM CM
DB DB
AU AU
HI HI
FN FN
EO EO
HD HD
CY CY
DF DF
CI CI
CX CX
ED ED
BW BW
FP FP
FD FD
DU DU
FA FA
CD CD
AY AY
CC CC
AM AM
EQ EQ
DP DP
DD DD
EL EL
BC BC
CR CR
GT GT
DO DO
DT DT
BP BP
GR GR
EW EW
AB AB
GG GG
EY EY
BF BF
EN EN
CS CS
DX DX
BI BI
CW CW
AT AT
CK CK
ES ES
HF HF
EM EM
GN GN
AZ AZ
GV GV
BR BR
GB GB
EF EF
CG CG
AK AK
FZ FZ
HB HB
DN DN
BZ BZ
EP EP
DE DE
ET ET
CT CT
HE HE
DZ DZ
AV AV
AN AN
GZ GZ
DL DL
BH BH
FG FG
DI DI
HC HC
CA CA
FH FH
EA EA
GY GY
BE BE
CE CE
HJ HJ
FW FW
BV BV
DM DM
GX GX
EB EB
AG AG
AO AO
FT FT
BL BL
