Soda VLSB CareerCenter AlumniHouse BarkerHall BanwayBldg EdwardsStadium CaliforniaHall CNMAT EtcheverryHall ChanShunAuditorium DonnerLab ChouHall ClarkKerrCampus CalvinLaboratory BerkeleyArtMuseum DavisHall Dwinelle EastAsianLibrary CampbellHall EshlemanHall BlackwellHall BirgeHall BlumHall CheitHall EvansDiamond BarrowLane BarrowsHall BARTStation BrainImagingCenter BerkeleyWayWest Campanile AnthonyHall EastGate BancroftLibrary BoaltHall CyclotronRd BotanicalGarden DoeMemorialLibrary Cory DurantHall Soda
40
VLSB VLSB
CareerCenter CareerCenter
AlumniHouse AlumniHouse
BarkerHall BarkerHall
BanwayBldg BanwayBldg
EdwardsStadium EdwardsStadium
CaliforniaHall CaliforniaHall
CNMAT CNMAT
EtcheverryHall EtcheverryHall
ChanShunAuditorium ChanShunAuditorium
DonnerLab DonnerLab
ChouHall ChouHall
ClarkKerrCampus ClarkKerrCampus
CalvinLaboratory CalvinLaboratory
BerkeleyArtMuseum BerkeleyArtMuseum
DavisHall DavisHall
Dwinelle Dwinelle
EastAsianLibrary EastAsianLibrary
CampbellHall CampbellHall
EshlemanHall EshlemanHall
BlackwellHall BlackwellHall
BirgeHall BirgeHall
BlumHall BlumHall
CheitHall CheitHall
EvansDiamond EvansDiamond
BarrowLane BarrowLane
BarrowsHall BarrowsHall
BARTStation BARTStation
BrainImagingCenter BrainImagingCenter
BerkeleyWayWest BerkeleyWayWest
Campanile Campanile
AnthonyHall AnthonyHall
EastGate EastGate
BancroftLibrary BancroftLibrary
BoaltHall BoaltHall
CyclotronRd CyclotronRd
BotanicalGarden BotanicalGarden
DoeMemorialLibrary DoeMemorialLibrary
Cory Cory
DurantHall DurantHall
