Soda RSF MorganHall MorrisonHall MorganHall RSF SatherRd SatherTower SatherGate NorthField MulfordHall NorthField SatherGate SatherTower Soda SeniorHall WursterHall TangCenter SutardjaDaiHall Unit1 SutardjaDaiHall SproulPlaza TangCenter SeniorHall Soda Jacobs HaasPavilion GreekTheatre EshlemanHall EyeCenter LeConteHall MemorialGlade LeConteHall MLK Lawrence MLK LeConteHall EshlemanHall Soda AlumniHouse BarrowsHall CampbellHall CareerCenter CampbellHall BarrowsHall AlumniHouse BarrowLane Dwinelle BarkerHall BarrowLane Campanile Soda
18
MorganHall MorganHall
MorrisonHall MorrisonHall
SatherRd SatherRd
MulfordHall MulfordHall
WursterHall WursterHall
SutardjaDaiHall SutardjaDaiHall
Unit1 Unit1
SproulPlaza SproulPlaza
Jacobs Jacobs
EyeCenter EyeCenter
LeConteHall LeConteHall
MemorialGlade MemorialGlade
MLK MLK
Lawrence Lawrence
CareerCenter CareerCenter
Dwinelle Dwinelle
BarkerHall BarkerHall
Campanile Campanile
