LegendsAquaticCenter DurantHall MemorialGlade EucalyptusGrove LewisHall SodaHall EllsworthParkingStru StarrEastAsianLibrar NorthField LawSchool InvestigativeReporti SatherTower LegendsAquaticCenter SoutheastAsianStudie GoldmanField LevineFrickeSoftball LeConteHall NorthGateHall CITRIS ValleyLifeSciencesBu GolbousPlace LegendsAquaticCenter
20
LegendsAquaticCenter LegendsAquaticCenter
DurantHall DurantHall
MemorialGlade MemorialGlade
EucalyptusGrove EucalyptusGrove
LewisHall LewisHall
SodaHall SodaHall
EllsworthParkingStru EllsworthParkingStru
StarrEastAsianLibrar StarrEastAsianLibrar
NorthField NorthField
LawSchool LawSchool
InvestigativeReporti InvestigativeReporti
SatherTower SatherTower
SoutheastAsianStudie SoutheastAsianStudie
GoldmanField GoldmanField
LevineFrickeSoftball LevineFrickeSoftball
LeConteHall LeConteHall
NorthGateHall NorthGateHall
CITRIS CITRIS
ValleyLifeSciencesBu ValleyLifeSciencesBu
GolbousPlace GolbousPlace
