McLaughlinHall CareerCenter McLaughlinHall RedwoodGroveBotanica MathematicalSciences BotanicalGarden HasteStreetChildDeve EnergyBiosciencesBui GrinnellNaturalArea EvansDiamond HertzHall Library PublicAffairsOfficeo ResidentialStudentSe ZellerbachHall FacultyGlade SimpsonCenterforStud LegendsAquaticCenter MagnesCollectionofJe WitterRugbyField JonesChildStudyCente GianniniHall StrawberryCanyonRecr UCBerkeleyExtension GoldmanSchool StephensHall CampusSharedServices CNMAT1750ArchSt Romeos AnnaHeadAlumnaeHall LevineFrickeSoftball InsectaryGreenhouse SpiekerAquaticsCompl GiauqueHall EshlemanHall WomensFacultyClub Unit3ResidentHall BerkeleyArtMuseumand SeniorHall BancroftParkingStruc WarrenHall EastAsianStudiesInst RecreationalSportsFa EtcheverryHall VisitorCenter KroeberHall DurantHall SamsPad MoffittLibrary McLaughlinHall
48
McLaughlinHall McLaughlinHall
CareerCenter CareerCenter
RedwoodGroveBotanica RedwoodGroveBotanica
MathematicalSciences MathematicalSciences
BotanicalGarden BotanicalGarden
HasteStreetChildDeve HasteStreetChildDeve
EnergyBiosciencesBui EnergyBiosciencesBui
GrinnellNaturalArea GrinnellNaturalArea
EvansDiamond EvansDiamond
HertzHall HertzHall
Library Library
PublicAffairsOfficeo PublicAffairsOfficeo
ResidentialStudentSe ResidentialStudentSe
ZellerbachHall ZellerbachHall
FacultyGlade FacultyGlade
SimpsonCenterforStud SimpsonCenterforStud
LegendsAquaticCenter LegendsAquaticCenter
MagnesCollectionofJe MagnesCollectionofJe
WitterRugbyField WitterRugbyField
JonesChildStudyCente JonesChildStudyCente
GianniniHall GianniniHall
StrawberryCanyonRecr StrawberryCanyonRecr
UCBerkeleyExtension UCBerkeleyExtension
GoldmanSchool GoldmanSchool
StephensHall StephensHall
CampusSharedServices CampusSharedServices
CNMAT1750ArchSt CNMAT1750ArchSt
Romeos Romeos
AnnaHeadAlumnaeHall AnnaHeadAlumnaeHall
LevineFrickeSoftball LevineFrickeSoftball
InsectaryGreenhouse InsectaryGreenhouse
SpiekerAquaticsCompl SpiekerAquaticsCompl
GiauqueHall GiauqueHall
EshlemanHall EshlemanHall
WomensFacultyClub WomensFacultyClub
Unit3ResidentHall Unit3ResidentHall
BerkeleyArtMuseumand BerkeleyArtMuseumand
SeniorHall SeniorHall
BancroftParkingStruc BancroftParkingStruc
WarrenHall WarrenHall
EastAsianStudiesInst EastAsianStudiesInst
RecreationalSportsFa RecreationalSportsFa
EtcheverryHall EtcheverryHall
VisitorCenter VisitorCenter
KroeberHall KroeberHall
DurantHall DurantHall
SamsPad SamsPad
MoffittLibrary MoffittLibrary
