a ea et ct ed cu dq er fu ga fg dn en gp a gb fz gn ee j df fr dj fs em ey dm cd bz bv bm bi bc aw az ap aj ag ab y t fb eq gh fn gm cp ff ex cv ci cl gl ep f eg h dt k cs fy ec dg fl cq de m du e b dv p w u aa ae ah ak al an ar bb bd bf bl br by cb ch ck do fh fa ew eu dx ev fv fd o l c a
100
a a
ea ea
et et
ct ct
ed ed
cu cu
dq dq
er er
fu fu
ga ga
fg fg
dn dn
en en
gp gp
gb gb
fz fz
gn gn
ee ee
j j
df df
fr fr
dj dj
fs fs
em em
ey ey
dm dm
cd cd
bz bz
bv bv
bm bm
bi bi
bc bc
aw aw
az az
ap ap
aj aj
ag ag
ab ab
y y
t t
fb fb
eq eq
gh gh
fn fn
gm gm
cp cp
ff ff
ex ex
cv cv
ci ci
cl cl
gl gl
ep ep
eg eg
h h
dt dt
k k
cs cs
fy fy
ec ec
dg dg
fl fl
cq cq
de de
m m
du du
e e
b b
dv dv
p p
w w
u u
aa aa
ae ae
ah ah
ak ak
al al
an an
ar ar
bb bb
bd bd
bf bf
bl bl
br br
by by
cb cb
ch ch
ck ck
do do
fh fh
fa fa
ew ew
eu eu
dx dx
ev ev
fv fv
fd fd
o o
l l
c c
