Pantheon Ahri ArcWarden Jhin Skarner Bard CrystalMaiden KogMaw Disruptor Anivia Tiny Heimerdinger Akali Ziggs CentaurWarrunner Galio Phoenix Jax WraithKing BountyHunter Morgana Jinx Draven Lux Talon NightStalker Magnus Tailyah Bristleback Maokai LoneDruid Oracle Ashe Lucian Rumble SpiritBreaker ChaosKnight Lich Kled Slark Malphite Xerath Jayce Shyvana TrollWarlord MasterYi Nunu Ezreal Spectre Pantheon
48
Ahri Ahri
ArcWarden ArcWarden
Jhin Jhin
Skarner Skarner
Bard Bard
CrystalMaiden CrystalMaiden
KogMaw KogMaw
Disruptor Disruptor
Anivia Anivia
Tiny Tiny
Heimerdinger Heimerdinger
Akali Akali
Ziggs Ziggs
CentaurWarrunner CentaurWarrunner
Galio Galio
Phoenix Phoenix
Jax Jax
WraithKing WraithKing
BountyHunter BountyHunter
Morgana Morgana
Jinx Jinx
Draven Draven
Lux Lux
Talon Talon
NightStalker NightStalker
Magnus Magnus
Tailyah Tailyah
Bristleback Bristleback
Maokai Maokai
LoneDruid LoneDruid
Oracle Oracle
Ashe Ashe
Lucian Lucian
Rumble Rumble
SpiritBreaker SpiritBreaker
ChaosKnight ChaosKnight
Lich Lich
Kled Kled
Slark Slark
Malphite Malphite
Xerath Xerath
Jayce Jayce
Shyvana Shyvana
TrollWarlord TrollWarlord
MasterYi MasterYi
Nunu Nunu
Ezreal Ezreal
Spectre Spectre
