6 199 194 197 198 191 190 196 199 189 180 185 186 184 187 181 182 189 172 178 174 179 170 176 172 177 172 168 164 168 166 167 163 168 158 157 150 153 154 152 159 158 143 148 145 149 144 147 146 143 133 132 138 137 130 139 134 133 124 125 120 128 129 123 126 124 111 113 118 115 112 114 111 103 105 101 102 107 109 106 105 103 96 95 90 97 98 94 96 80 85 88 80 81 87 80 73 78 72 79 75 77 74 73 67 69 62 63 60 65 67 55 57 50 51 59 51 55 42 46 48 40 41 40 42 30 39 38 36 32 31 30 24 21 20 26 23 20 24 11 18 10 19 16 14 13 15 11 6 2 7 8 0 4 1 6
92
194 194
198 198
191 191
190 190
196 196
185 185
186 186
187 187
181 181
182 182
178 178
179 179
170 170
176 176
177 177
164 164
166 166
167 167
163 163
157 157
150 150
153 153
152 152
148 148
145 145
149 149
144 144
146 146
132 132
137 137
130 130
139 139
134 134
125 125
120 120
128 128
129 129
126 126
113 113
118 118
115 115
112 112
114 114
105 105
101 101
107 107
109 109
106 106
95 95
90 90
97 97
98 98
85 85
88 88
81 81
87 87
78 78
79 79
75 75
77 77
74 74
69 69
62 62
63 63
60 60
65 65
57 57
50 50
51 51
59 59
46 46
48 48
40 40
41 41
39 39
38 38
36 36
31 31
21 21
20 20
26 26
23 23
18 18
10 10
19 19
14 14
15 15
7 7
8 8
0 0
4 4
1 1
