5 11 9 8 7 6 10 11 17 15 14 13 12 16 17 23 21 20 19 18 22 23 29 27 26 25 24 28 29 35 33 32 31 30 34 35 41 39 38 37 36 40 41 47 45 44 43 42 46 47 53 51 50 49 48 52 53 59 57 56 55 54 58 59 65 63 62 61 60 64 65 71 69 68 67 66 70 71 77 75 74 73 72 76 77 83 81 80 79 78 82 83 89 87 86 85 84 88 89 95 93 92 91 90 94 95 101 99 98 97 96 100 101 107 105 104 103 102 106 107 113 119 125 131 137 143 149 155 161 167 173 179 5 4 0 1 2 3 5
90
9 9
8 8
7 7
6 6
10 10
15 15
14 14
13 13
12 12
16 16
21 21
20 20
19 19
18 18
22 22
27 27
26 26
25 25
24 24
28 28
33 33
32 32
31 31
30 30
34 34
39 39
38 38
37 37
36 36
40 40
45 45
44 44
43 43
42 42
46 46
51 51
50 50
49 49
48 48
52 52
57 57
56 56
55 55
54 54
58 58
63 63
62 62
61 61
60 60
64 64
69 69
68 68
67 67
66 66
70 70
75 75
74 74
73 73
72 72
76 76
81 81
80 80
79 79
78 78
82 82
87 87
86 86
85 85
84 84
88 88
93 93
92 92
91 91
90 90
94 94
99 99
98 98
97 97
96 96
100 100
105 105
104 104
103 103
102 102
106 106
4 4
0 0
1 1
2 2
3 3
