0 3 0 7 0 11 0 15 0 19 0 23 0 27 0 31 0 35 0 39 0 43 0 47 0 51 0 55 0 59 0 63 0 67 0 71 0 75 0 79 0 83 0 87 0 91 0 95 0 99 0 97 0 93 0 89 0 85 0 81 0 77 0 73 0 69 0 65 0 61 0 57 0 53 0 49 0 45 0 41 0 37 0 33 0 29 0 25 0 21 0 17 0 13 0 9 0 5 0 1 0
50
3 3
7 7
11 11
15 15
19 19
23 23
27 27
31 31
35 35
39 39
43 43
47 47
51 51
55 55
59 59
63 63
67 67
71 71
75 75
79 79
83 83
87 87
91 91
95 95
99 99
97 97
93 93
89 89
85 85
81 81
77 77
73 73
69 69
65 65
61 61
57 57
53 53
49 49
45 45
41 41
37 37
33 33
29 29
25 25
21 21
17 17
13 13
9 9
5 5
1 1
