0 145 146 62 67 70 69 75 80 82 81 86 84 83 90 143 27 23 26 32 31 33 76 7 95 93 97 89 101 96 98 94 100 31 35 43 42 45 53 51 47 109 104 110 105 113 114 118 40 34 39 36 44 49 30 29 24 25 28 85 78 77 73 68 64 56 60 65 66 58 55 141 134 128 132 137 138 135 131 133 9 8 5 13 16 22 15 11 18 19 12 10 4 148 142 127 122 120 125 123 119 117 111 108 0
100
0 0
145 145
146 146
62 62
67 67
70 70
69 69
75 75
80 80
82 82
81 81
86 86
84 84
83 83
143 143
27 27
23 23
26 26
32 32
31 31
33 33
76 76
7 7
95 95
93 93
97 97
89 89
101 101
96 96
98 98
94 94
35 35
43 43
42 42
45 45
53 53
51 51
47 47
109 109
104 104
110 110
105 105
113 113
114 114
118 118
40 40
34 34
39 39
36 36
44 44
49 49
30 30
29 29
24 24
25 25
28 28
85 85
78 78
77 77
73 73
68 68
64 64
56 56
60 60
65 65
66 66
55 55
141 141
134 134
128 128
132 132
137 137
138 138
135 135
131 131
133 133
9 9
8 8
5 5
13 13
16 16
22 22
15 15
11 11
18 18
19 19
12 12
10 10
4 4
148 148
142 142
127 127
122 122
120 120
125 125
123 123
119 119
117 117
111 111
108 108
