187 29 153 88 42 37 59 13 120 9 180 44 134 154 97 54 55 54 89 189 80 17 52 144 119 144 172 66 8 36 179 110 179 36 87 164 78 166 173 30 2 77 107 77 49 191 161 178 136 72 190 169 149 132 149 6 12 152 106 163 111 21 108 21 90 79 114 146 41 93 69 171 69 39 160 165 33 56 35 53 83 157 159 176 115 101 92 101 127 82 15 184 126 58 95 64 183 65 140 117 175 142 73 23 124 128 124 181 71 148 150 133 131 109 94 158 48 63 195 199 70 45 32 185 162 68 7 99 196 67 18 47 156 86 187
100
29 29
153 153
42 42
59 59
13 13
120 120
9 9
180 180
44 44
134 134
154 154
97 97
54 54
55 55
89 89
80 80
52 52
119 119
172 172
8 8
36 36
110 110
87 87
164 164
78 78
166 166
173 173
30 30
2 2
107 107
191 191
161 161
136 136
72 72
190 190
169 169
132 132
6 6
12 12
152 152
163 163
111 111
108 108
90 90
79 79
114 114
146 146
41 41
93 93
69 69
171 171
39 39
160 160
165 165
33 33
53 53
83 83
157 157
176 176
92 92
127 127
82 82
15 15
184 184
126 126
58 58
95 95
183 183
65 65
140 140
117 117
175 175
142 142
73 73
23 23
124 124
128 128
181 181
71 71
148 148
150 150
133 133
131 131
109 109
94 94
48 48
63 63
199 199
70 70
45 45
32 32
162 162
68 68
7 7
196 196
67 67
18 18
47 47
156 156
86 86
