0 18 85 100 52 23 135 43 135 63 6 72 14 68 84 33 36 17 62 13 40 82 8 96 5 95 77 61 53 54 7 24 73 58 91 70 92 69 51 57 94 26 3 83 31 16 48 90 99 34 79 46 56 97 75 55 50 65 93 64 45 27 74 1 66 44 71 87 30 41 2 15 32 67 10 28 60 81 86 11 76 9 47 89 88 4 39 38 35 42 80 12 98 20 49 22 19 37 59 29 78 25 21 0
100
18 18
85 85
100 100
52 52
23 23
43 43
63 63
6 6
72 72
14 14
68 68
84 84
33 33
36 36
17 17
62 62
13 13
40 40
82 82
8 8
96 96
5 5
95 95
77 77
61 61
53 53
54 54
7 7
24 24
73 73
58 58
91 91
70 70
92 92
69 69
51 51
57 57
94 94
26 26
3 3
83 83
31 31
16 16
48 48
90 90
99 99
34 34
79 79
46 46
56 56
97 97
75 75
55 55
50 50
65 65
93 93
64 64
45 45
27 27
74 74
1 1
66 66
44 44
71 71
87 87
30 30
41 41
2 2
15 15
32 32
67 67
10 10
28 28
60 60
81 81
86 86
11 11
76 76
9 9
47 47
89 89
88 88
4 4
39 39
38 38
35 35
42 42
80 80
12 12
98 98
20 20
49 49
22 22
19 19
37 37
59 59
29 29
78 78
25 25
21 21
