0 71 153 183 83 81 143 57 167 171 73 169 61 87 19 185 33 137 91 27 177 103 123 5 113 65 145 67 163 29 191 49 13 109 69 53 173 21 107 31 129 165 149 121 77 47 115 51 95 3 155 7 161 139 23 45 37 25 111 181 17 85 147 89 63 9 189 157 101 195 43 193 35 125 133 59 141 99 117 175 151 199 127 93 39 97 159 131 105 179 135 55 11 79 1 15 119 75 197 187 41 0
100
71 71
153 153
183 183
83 83
81 81
143 143
57 57
167 167
171 171
73 73
169 169
61 61
87 87
19 19
185 185
33 33
137 137
91 91
27 27
177 177
103 103
123 123
5 5
113 113
65 65
145 145
67 67
163 163
29 29
191 191
49 49
13 13
109 109
69 69
53 53
173 173
21 21
107 107
31 31
129 129
165 165
149 149
121 121
77 77
47 47
115 115
51 51
95 95
3 3
155 155
7 7
161 161
139 139
23 23
45 45
37 37
25 25
111 111
181 181
17 17
85 85
147 147
89 89
63 63
9 9
189 189
157 157
101 101
195 195
43 43
193 193
35 35
125 125
133 133
59 59
141 141
99 99
117 117
175 175
151 151
199 199
127 127
93 93
39 39
97 97
159 159
131 131
105 105
179 179
135 135
55 55
11 11
79 79
1 1
15 15
119 119
75 75
197 197
187 187
41 41
