0 17 51 3 174 105 126 43 129 160 8 125 143 58 31 115 170 188 77 199 192 178 24 142 77 12 109 4 2 180 103 190 94 158 62 189 38 163 70 197 179 46 136 194 93 18 33 68 131 29 74 156 116 80 198 193 60 195 86 52 133 119 69 21 182 184 183 191 16 159 96 19 32 35 50 157 9 177 185 78 39 0
80
0 0
17 17
51 51
3 3
174 174
105 105
126 126
43 43
129 129
160 160
8 8
125 125
143 143
58 58
31 31
115 115
170 170
188 188
77 77
199 199
192 192
178 178
24 24
142 142
12 12
109 109
4 4
2 2
180 180
103 103
190 190
94 94
158 158
62 62
189 189
38 38
163 163
70 70
197 197
179 179
46 46
136 136
194 194
93 93
18 18
33 33
68 68
131 131
29 29
74 74
156 156
116 116
80 80
198 198
193 193
60 60
195 195
86 86
52 52
133 133
119 119
69 69
21 21
182 182
184 184
183 183
191 191
16 16
159 159
96 96
19 19
32 32
35 35
50 50
157 157
9 9
177 177
185 185
78 78
39 39
