190 75 166 56 45 153 5 172 192 84 186 23 168 103 44 65 38 145 121 104 10 68 25 22 117 89 100 179 11 81 173 177 101 3 152 132 92 106 137 6 145 20 40 27 136 165 8 67 33 58 83 129 33 114 92 132 99 2 182 113 94 141 30 111 189 93 116 164 93 163 54 32 50 57 169 176 21 16 34 55 36 149 85 112 185 49 76 60 71 66 109 102 198 102 29 151 120 181 113 123 195 98 46 62 139 193 146 39 47 138 52 61 134 188 95 162 69 108 133 156 1 142 118 190 135 190
100
166 166
56 56
45 45
153 153
5 5
172 172
192 192
84 84
186 186
23 23
168 168
103 103
44 44
65 65
38 38
121 121
104 104
10 10
68 68
22 22
117 117
100 100
179 179
11 11
173 173
177 177
101 101
3 3
152 152
132 132
92 92
106 106
137 137
40 40
27 27
136 136
165 165
8 8
67 67
33 33
83 83
129 129
114 114
99 99
2 2
182 182
113 113
94 94
141 141
30 30
111 111
189 189
93 93
116 116
164 164
163 163
54 54
32 32
50 50
57 57
169 169
176 176
21 21
34 34
55 55
36 36
149 149
112 112
185 185
76 76
60 60
71 71
66 66
109 109
102 102
198 198
29 29
181 181
123 123
195 195
46 46
62 62
139 139
193 193
146 146
47 47
138 138
52 52
61 61
188 188
95 95
162 162
69 69
108 108
133 133
156 156
1 1
142 142
118 118
135 135
