114 49 170 102 170 94 174 150 166 141 14 31 124 125 70 43 197 131 59 89 33 48 15 66 120 42 148 112 105 143 109 181 21 75 117 1 35 149 62 108 92 47 26 18 63 133 10 25 191 76 190 29 74 175 173 51 0 135 93 135 187 53 95 154 164 182 188 81 100 98 67 91 28 85 199 12 132 54 16 183 176 183 146 169 87 38 84 103 3 4 3 7 36 179 24 32 147 96 167 177 134 196 195 5 41 115 37 115 111 22 69 8 155 127 171 119 161 78 114
100
114 114
49 49
170 170
102 102
94 94
174 174
150 150
166 166
14 14
31 31
124 124
70 70
43 43
197 197
131 131
59 59
89 89
33 33
15 15
66 66
42 42
148 148
112 112
105 105
109 109
181 181
21 21
75 75
117 117
1 1
35 35
149 149
62 62
108 108
92 92
47 47
26 26
18 18
63 63
133 133
10 10
191 191
76 76
29 29
74 74
175 175
173 173
51 51
0 0
135 135
93 93
187 187
53 53
95 95
154 154
164 164
182 182
188 188
81 81
100 100
98 98
67 67
91 91
28 28
199 199
12 12
16 16
183 183
176 176
146 146
169 169
87 87
38 38
84 84
103 103
3 3
4 4
7 7
36 36
24 24
32 32
147 147
96 96
167 167
177 177
134 134
196 196
195 195
5 5
41 41
115 115
37 37
111 111
69 69
155 155
127 127
171 171
119 119
161 161
78 78
