Liam Isaiah Joseph Jaxson Brayden Samuel Brayden Ethan Brayden Jaxson Michael Ezra Thomas James Thomas Dylan Owen Jose Sawyer John Sawyer Benjamin Carter Dominic Oliver Dominic Eli Jackson Eli Josiah Sebastian David Sebastian Mateo Joseph Mateo Alexander Mason Elijah Aiden William Logan Colton Levi Jonathan Henry Ian Adam Jayden Cooper Matthew Cooper Maverick Roman Jacob Jordan Asher Luke Noah Lucas Eli Wyatt Eli Josiah Caleb Daniel Isaiah Liam
30
Liam Liam
Joseph Joseph
Samuel Samuel
Ethan Ethan
Michael Michael
James James
Dylan Dylan
Owen Owen
John John
Benjamin Benjamin
Carter Carter
Oliver Oliver
Jackson Jackson
Sebastian Sebastian
David David
Alexander Alexander
Mason Mason
Elijah Elijah
Aiden Aiden
William William
Logan Logan
Henry Henry
Jayden Jayden
Matthew Matthew
Jacob Jacob
Luke Luke
Noah Noah
Lucas Lucas
Wyatt Wyatt
Daniel Daniel
