Liam Jordan Jack Joshua Lucas Noah Maverick Camden Bentley Jayden Bentley Camden Maverick Anthony Angel Jaxson Weston Kevin Nathan Connor Nathan Kevin Finn Jacob Finn Luke Kingston Dean Patrick Oliver Andrew Logan Nolan Elijah Adrian Elijah Nolan Ryan Xavier Steven Sawyer Eli Sawyer Steven James Isaac Kaleb Santiago Carter Elliott Caleb Cameron Gabriel Victor Dominic Victor Aiden Tucker Charles Mason Charles Tucker Colton Adam Malachi Henry Malachi Bryson Leo Alexander Grayson Elliot Brody Christian Brody David Aaron Michael Aaron Amir Miguel Mateo Aiden Richard Easton Richard Preston Jonathan Preston Axel Oscar Levi Oscar Dawson Alejandro Ian Alejandro Dawson Gael Wyatt Edward Sebastian Bryce Kai Carson Kai Christopher Kai Brantley Ethan Juan Ivan Hudson Jameson Daniel Nicholas Silas Braxton Jackson Ezra Jose Ezra Ezekiel Jeremiah Ezekiel Ezra Jose Ashton Grant Antonio Owen Antonio Kaleb Elias Kaleb Antonio Grant Cooper Grant Max Lincoln Dylan Andrew Isaiah Hunter Thomas Hunter Zachary Jude Theodore Rowan Austin Hayden Zion Messiah John Matthew John Messiah Eric Samuel Eric Greyson Eric Beau William Landon Bennett Justin Josiah Julian Matteo Jameson Benjamin Jaxon Waylon Marcus Parker Marcus Waylon Asher Brayden Asher Brayden Ayden Giovanni Robert Joseph Jude Jace Jude Evan Liam
90
Liam Liam
Jordan Jordan
Jack Jack
Joshua Joshua
Lucas Lucas
Noah Noah
Maverick Maverick
Jayden Jayden
Anthony Anthony
Angel Angel
Jaxson Jaxson
Nathan Nathan
Connor Connor
Jacob Jacob
Luke Luke
Oliver Oliver
Andrew Andrew
Logan Logan
Nolan Nolan
Elijah Elijah
Adrian Adrian
Ryan Ryan
Xavier Xavier
Eli Eli
James James
Isaac Isaac
Carter Carter
Caleb Caleb
Cameron Cameron
Gabriel Gabriel
Dominic Dominic
Aiden Aiden
Charles Charles
Mason Mason
Colton Colton
Adam Adam
Henry Henry
Bryson Bryson
Leo Leo
Alexander Alexander
Grayson Grayson
Christian Christian
David David
Aaron Aaron
Michael Michael
Mateo Mateo
Easton Easton
Jonathan Jonathan
Levi Levi
Ian Ian
Wyatt Wyatt
Sebastian Sebastian
Carson Carson
Christopher Christopher
Ethan Ethan
Hudson Hudson
Daniel Daniel
Nicholas Nicholas
Jackson Jackson
Ezra Ezra
Jose Jose
Ezekiel Ezekiel
Jeremiah Jeremiah
Owen Owen
Elias Elias
Cooper Cooper
Lincoln Lincoln
Dylan Dylan
Isaiah Isaiah
Hunter Hunter
Thomas Thomas
Theodore Theodore
Austin Austin
John John
Matthew Matthew
Samuel Samuel
Greyson Greyson
William William
Landon Landon
Josiah Josiah
Julian Julian
Benjamin Benjamin
Jaxon Jaxon
Parker Parker
Asher Asher
Brayden Brayden
Robert Robert
Joseph Joseph
Jace Jace
Evan Evan
