Liam Jacob Joseph Matthew Joseph Michael Luke Oliver Charles Andrew Lucas Jackson Ethan Logan Noah Mason William Carter William Mason Elijah Mason Samuel Alexander Henry Alexander Samuel James David Jaxon Aiden Jaxon Sebastian Isaac Mateo Daniel Wyatt Benjamin Liam
25
Liam Liam
Jacob Jacob
Joseph Joseph
Matthew Matthew
Michael Michael
Oliver Oliver
Lucas Lucas
Jackson Jackson
Ethan Ethan
Logan Logan
Noah Noah
Mason Mason
William William
Carter Carter
Elijah Elijah
Samuel Samuel
Alexander Alexander
Henry Henry
James James
David David
Aiden Aiden
Sebastian Sebastian
Daniel Daniel
Wyatt Wyatt
Benjamin Benjamin
