zero five six seven fourteen thirteen twelve eleven ten nine eight fifteen sixteen fifteen twentyone twenty nineteen eighteen twentyfive twentyfour thirtyone thirtytwo thirtythree thirtyfour thirtyfive fortytwo thirtysix thirtyseven thirtyeight thirtynine forty thirtynine fortysix fortyfive thirtyeight thirtyone twentyfour seventeen ten three zero
25
five five
six six
seven seven
fourteen fourteen
thirteen thirteen
twelve twelve
eleven eleven
nine nine
fifteen fifteen
sixteen sixteen
twenty twenty
nineteen nineteen
eighteen eighteen
twentyfive twentyfive
thirtyone thirtyone
thirtytwo thirtytwo
thirtyfour thirtyfour
thirtyfive thirtyfive
fortytwo fortytwo
thirtyseven thirtyseven
thirtyeight thirtyeight
forty forty
fortysix fortysix
fortyfive fortyfive
three three
