zero two three ten eleven twelve thirteen fourteen thirteen twenty twentyone fifteen sixteen seventeen sixteen twentythree twentyfour twentyfive twentysix twentyseven twentysix thirtythree thirtyfour thirtyfive twentynine thirty thirtyseven thirtyeight fortyfive fortyfour fortythree fortynine fortyeight fiftyfive fiftyfour fiftythree fiftytwo fiftythree sixty fiftynine fiftyeight fiftyseven sixtyfour seventy sixtynine sixtyeight sixtyseven sixtysix sixtyseven sixtyeight seventyfive seventysix seventyseven seventyone seventytwo seventynine seventyeight eightyfour eightythree eightytwo eightyone eighty eightyseven eightysix eightyfive ninetyone ninetyeight ninetytwo ninetynine onehun onehunone onehuneight onehunnine onehunten onehuneleven onehuntwelve onehunsix onehunthirteen onehunnineteen onehuneighteen onehunseventeen onehunsixteen onehunseventeen onehuntwentyfour onehuntwentythree onehuntwentytwo onehuntwentyone onehuntwenty onehuntwentysix onehuntwenty onehuntwentyseven onehuntwentyeight onehuntwentynine onehunthirty onehuntwentynine onehuntwentyeight onehunthirtyfive onehunthirtyfour onehunforty onehunthirtynine onehunfortysix onehunfortyfive onehunfortyfour onehunfortythree onehunfifty onehunfortynine onehunfortyeight onehunfiftyfour onehunsixtyone onehunsixty onehunfiftynine onehunfiftyeight onehunfiftyseven onehunfiftysix onehunsixtythree onehunsixtyfour onehunsixtyfive onehunsixtysix onehunseventythree onehunseventyfour onehunseventyfive onehunsixtynine onehunseventy onehunseventyone onehunseventyeight onehunseventyseven onehunseventysix onehuneightytwo onehuneightyone onehuneighty onehuneightyseven onehuneightysix onehuneightyfive onehuneightyfour onehuneightythree onehunninety onehunninetyone onehunninetytwo onehunninetythree onehunninetyfour onehunninetyfive onehuneightyeight onehuneightyone onehunseventyfour onehunsixtyseven onehunsixty onehunfiftythree onehunfortysix onehunthirtynine onehunthirtytwo onehuntwentyfive onehuneighteen onehuneleven onehunfour ninetyseven ninety eightythree seventysix sixtynine sixtytwo fiftyfive fortyeight fortyone thirtyfour twentyseven twenty thirteen six seven one zero
100
two two
three three
ten ten
eleven eleven
twelve twelve
fourteen fourteen
twenty twenty
fifteen fifteen
sixteen sixteen
seventeen seventeen
twentythree twentythree
twentyfive twentyfive
twentysix twentysix
twentyseven twentyseven
thirtythree thirtythree
thirtyfour thirtyfour
twentynine twentynine
thirtyseven thirtyseven
thirtyeight thirtyeight
fortyfive fortyfive
fortyfour fortyfour
fortythree fortythree
fortynine fortynine
fiftyfive fiftyfive
fiftythree fiftythree
fiftytwo fiftytwo
sixty sixty
fiftyeight fiftyeight
fiftyseven fiftyseven
sixtyfour sixtyfour
seventy seventy
sixtynine sixtynine
sixtyseven sixtyseven
sixtysix sixtysix
seventyfive seventyfive
seventyseven seventyseven
seventyone seventyone
seventytwo seventytwo
seventynine seventynine
seventyeight seventyeight
eightyfour eightyfour
eightythree eightythree
eightytwo eightytwo
eightyseven eightyseven
ninetyeight ninetyeight
ninetynine ninetynine
onehunone onehunone
onehuneight onehuneight
onehunten onehunten
onehuneleven onehuneleven
onehunthirteen onehunthirteen
onehunnineteen onehunnineteen
onehuneighteen onehuneighteen
onehunseventeen onehunseventeen
onehunsixteen onehunsixteen
onehuntwentyfour onehuntwentyfour
onehuntwentythree onehuntwentythree
onehuntwentyone onehuntwentyone
onehuntwentysix onehuntwentysix
onehuntwentyseven onehuntwentyseven
onehuntwentyeight onehuntwentyeight
onehunthirty onehunthirty
onehunthirtyfive onehunthirtyfive
onehunforty onehunforty
onehunfortysix onehunfortysix
onehunfortyfive onehunfortyfive
onehunfortyfour onehunfortyfour
onehunfortythree onehunfortythree
onehunfifty onehunfifty
onehunfortynine onehunfortynine
onehunfiftyfour onehunfiftyfour
onehunsixtyone onehunsixtyone
onehunsixty onehunsixty
onehunfiftynine onehunfiftynine
onehunfiftyseven onehunfiftyseven
onehunsixtythree onehunsixtythree
onehunsixtyfour onehunsixtyfour
onehunsixtyfive onehunsixtyfive
onehunsixtysix onehunsixtysix
onehunseventythree onehunseventythree
onehunseventyfour onehunseventyfour
onehunseventyfive onehunseventyfive
onehunsixtynine onehunsixtynine
onehunseventy onehunseventy
onehunseventyone onehunseventyone
onehunseventyeight onehunseventyeight
onehunseventysix onehunseventysix
onehuneightytwo onehuneightytwo
onehuneightyone onehuneightyone
onehuneighty onehuneighty
onehuneightyseven onehuneightyseven
onehuneightyfour onehuneightyfour
onehunninety onehunninety
onehunninetyone onehunninetyone
onehunninetytwo onehunninetytwo
onehunninetythree onehunninetythree
onehunninetyfour onehunninetyfour
six six
seven seven
one one
