0 52 9 38 46 59 6 23 35 19 82 3 69 13 97 1 40 45 49 68 11 70 15 56 34 25 44 82 19 35 19 31 42 29 26 12 24 21 22 92 16 17 7 32 93 94 64 39 51 37 30 78 5 78 20 41 20 4 86 18 36 18 48 10 43 8 78 2 47 28 80 33 14 58 52 27 52 0
50
0 0
9 9
38 38
46 46
6 6
23 23
35 35
19 19
3 3
13 13
1 1
40 40
45 45
49 49
11 11
15 15
34 34
25 25
44 44
31 31
42 42
29 29
26 26
12 12
24 24
21 21
22 22
16 16
17 17
7 7
32 32
39 39
37 37
30 30
5 5
20 20
41 41
4 4
18 18
36 36
48 48
10 10
43 43
8 8
2 2
47 47
28 28
33 33
14 14
27 27
