0 36 12 79 20 53 32 99 42 35 8 10 88 3 95 122 73 64 130 116 67 116 60 119 30 41 69 163 22 72 68 180 23 180 68 37 26 93 50 153 19 74 52 71 58 81 18 39 184 21 96 16 55 193 80 54 25 38 14 188 77 49 24 56 65 27 97 76 7 141 57 40 91 1 61 46 48 179 82 113 132 134 66 176 45 176 34 62 75 11 85 144 94 144 43 29 2 4 31 5 173 63 13 17 33 17 78 6 51 87 47 107 44 183 120 98 90 28 84 121 9 194 128 83 89 59 70 182 92 150 15 86 106 109 0
100
0 0
36 36
12 12
79 79
20 20
53 53
32 32
99 99
42 42
35 35
8 8
10 10
88 88
3 3
95 95
73 73
64 64
67 67
60 60
30 30
41 41
69 69
22 22
72 72
68 68
23 23
37 37
26 26
93 93
50 50
19 19
74 74
52 52
71 71
58 58
81 81
18 18
39 39
21 21
96 96
16 16
55 55
80 80
54 54
25 25
38 38
14 14
77 77
49 49
24 24
56 56
65 65
27 27
97 97
76 76
7 7
57 57
40 40
91 91
1 1
61 61
46 46
48 48
82 82
66 66
45 45
34 34
62 62
75 75
11 11
85 85
94 94
43 43
29 29
2 2
4 4
31 31
5 5
63 63
13 13
17 17
33 33
78 78
6 6
51 51
87 87
47 47
44 44
98 98
90 90
28 28
84 84
9 9
83 83
89 89
59 59
70 70
92 92
15 15
86 86
