0 3 117 193 117 192 117 191 140 104 139 104 138 178 113 179 113 78 110 169 110 168 110 170 110 78 113 12 132 102 2 107 155 107 2 102 133 102 131 102 132 12 114 185 114 184 114 183 114 182 114 181 114 180 109 167 109 166 109 165 109 163 109 161 109 162 109 164 142 150 106 148 106 147 106 149 106 151 106 152 106 153 158 108 156 108 157 108 159 108 160 108 194 118 195 118 196 118 194 108 115 186 115 187 115 108 194 118 98 36 61 89 97 100 123 100 121 100 120 100 122 100 97 89 61 36 125 101 124 101 126 101 128 101 130 101 127 101 129 101 68 33 105 146 105 144 105 141 105 143 105 145 105 21 103 137 103 135 103 134 103 136 103 116 189 116 188 116 190 116 112 177 112 176 112 174 112 172 112 173 112 175 154 106 7 119 198 119 171 119 197 119 199 119 55 92 117 3 0
80
193 193
192 192
191 191
140 140
139 139
138 138
178 178
179 179
169 169
168 168
170 170
132 132
155 155
133 133
131 131
185 185
184 184
183 183
182 182
181 181
180 180
167 167
166 166
165 165
163 163
161 161
162 162
164 164
142 142
150 150
148 148
147 147
149 149
151 151
152 152
153 153
158 158
156 156
157 157
159 159
160 160
194 194
195 195
196 196
186 186
187 187
123 123
121 121
120 120
122 122
125 125
124 124
126 126
128 128
130 130
127 127
129 129
146 146
144 144
141 141
143 143
145 145
137 137
135 135
134 134
136 136
189 189
188 188
190 190
177 177
176 176
174 174
172 172
173 173
175 175
154 154
198 198
171 171
197 197
199 199
