Djibouti Afghanistan Andorra Afghanistan Albania Afghanistan Algeria Afghanistan Angola Afghanistan Djibouti Austrian Bahrain Austrian Azerbaijan Austrian Baden Austrian Bangladesh Austrian Djibouti Benin Botswana Benin Bolivia Benin Bosnia Benin Brazil Benin Djibouti Barbados Belize Barbados Belarus Barbados Bavaria Barbados Belgium Barbados Djibouti Antigu Austria Antigu Armenia Antigu Argentina Antigu Australia Antigu Djibouti
25
Afghanistan Afghanistan
Andorra Andorra
Albania Albania
Algeria Algeria
Angola Angola
Austrian Austrian
Bahrain Bahrain
Azerbaijan Azerbaijan
Baden Baden
Bangladesh Bangladesh
Benin Benin
Botswana Botswana
Bolivia Bolivia
Bosnia Bosnia
Brazil Brazil
Barbados Barbados
Belize Belize
Belarus Belarus
Bavaria Bavaria
Belgium Belgium
Antigu Antigu
Austria Austria
Armenia Armenia
Argentina Argentina
Australia Australia
