equinox analyst orange fish photograph secretary referee explicit clothes lamb disposition fibre union hiccup flow slice dry presidential chain funeral twitch corpse mastermind tropical muggy method novel prejudice wilderness farewell dollar remark brick jurisdiction essential paint seller houseplant aisle bark glove uncertainty band equinox
43
equinox equinox
analyst analyst
orange orange
fish fish
photograph photograph
secretary secretary
referee referee
explicit explicit
clothes clothes
lamb lamb
disposition disposition
fibre fibre
union union
hiccup hiccup
flow flow
slice slice
dry dry
presidential presidential
chain chain
funeral funeral
twitch twitch
corpse corpse
mastermind mastermind
tropical tropical
muggy muggy
method method
novel novel
prejudice prejudice
wilderness wilderness
farewell farewell
dollar dollar
remark remark
brick brick
jurisdiction jurisdiction
essential essential
paint paint
seller seller
houseplant houseplant
aisle aisle
bark bark
glove glove
uncertainty uncertainty
band band
