pump need preoccupation judicial reject survival overlook freedom consideration line sacrifice wear genetic feign brain separate sticky guideline descent pipe anger mouse reflection tune literature fairy minor leadership rock valley button engineer category mud affect hierarchy innovation sweet formulate impound distributor exercise lemon ensure pray row aspect tip linger hallway polish performance title admiration appearance lot gloom privilege depressed range attractive parallel plug unanimous ghost diagram wage physical float sentiment packet ground forest prospect pedestrian nominate pursuit sit park pump
78
pump pump
need need
preoccupation preoccupation
judicial judicial
reject reject
survival survival
overlook overlook
freedom freedom
consideration consideration
line line
sacrifice sacrifice
wear wear
genetic genetic
feign feign
brain brain
separate separate
sticky sticky
guideline guideline
descent descent
pipe pipe
anger anger
mouse mouse
reflection reflection
literature literature
fairy fairy
minor minor
leadership leadership
rock rock
valley valley
button button
engineer engineer
category category
mud mud
affect affect
hierarchy hierarchy
innovation innovation
sweet sweet
formulate formulate
impound impound
distributor distributor
exercise exercise
lemon lemon
ensure ensure
pray pray
row row
aspect aspect
tip tip
linger linger
hallway hallway
polish polish
performance performance
title title
admiration admiration
appearance appearance
lot lot
gloom gloom
privilege privilege
depressed depressed
range range
attractive attractive
parallel parallel
plug plug
unanimous unanimous
ghost ghost
diagram diagram
wage wage
physical physical
float float
sentiment sentiment
packet packet
ground ground
forest forest
prospect prospect
pedestrian pedestrian
nominate nominate
pursuit pursuit
sit sit
park park
