paint wooden stink ice same floor diligent measure finish nutty indicate imported thumb ambiguous learning complain determine glamorous ray desire inherit rake blade route slam paint
25
paint paint
wooden wooden
stink stink
ice ice
same same
floor floor
diligent diligent
measure measure
finish finish
nutty nutty
indicate indicate
imported imported
thumb thumb
ambiguous ambiguous
learning learning
complain complain
determine determine
glamorous glamorous
ray ray
desire desire
inherit inherit
rake rake
blade blade
route route
slam slam
