F1E81B DD07FF 1E1095 FFFD4B 573788 FFFD4B 17779E 770D1A CDC6D4 8417C8 CDC6D4 5FD658 2CCB19 B69F55 79BC3D EE2A22 4B97F1 14994D EB8E2E 596CF6 7D997B E51A66 7D997B 85D6DB 63361A 85D6DB 230A7C 4B3F8A E81014 0C73D8 86493E 4B3F8A 2924CB 1F842B 7E78F3 6825D4 239994 8EBF8A 8C971D 462226 396D53 462226 BDE94D DE6899 59843B 6CAF46 685D1A 6CAF46 6B644E 813B05 6B644E 6CAF46 B7F75A EC4D08 E0BEFC 28F6D1 E0BEFC EC4D08 851F90 D1967A 3B4B53 E3C2C9 2BF7B5 CC6D2A AE4A01 6966D7 1111F7 D4A75D 124C90 612FAA 8BFCAC B23A80 E33276 29D5D7 8015E0 93EBE3 1111F7 6B340B 1111F7 C4303B 1EC224 293D59 1EC224 4099A6 1EC224 5BB557 90451D CEAC59 825EC5 151BC9 8F17C0 D8AAF4 A014A0 5F4E43 6B622D C45E71 4A28BA C45E71 1B337D 7E1C6C 52C88C A9F1B8 24743A 5C7062 4CAD30 EB719D 14B430 E80628 13A782 8F495E 0CBC31 5D0E2E 6E313C B47658 D6CC7A 846159 6D51F4 846159 20EAE7 ABD8FE 783751 D2BE39 490F1E 77A0B5 94A561 112AE7 BB4908 C18C9B BB4908 E5E6C0 C9AF85 9096DB 36590B 66048A 04439C BB40E6 205E5C DCE144 AEFF96 36C862 7829D7 CF668A 614224 FFEEBD 2595F1 8B6C2F 2595F1 8B519F 2595F1 94941B 4A5708 086D53 F33196 086D53 61199E 086D53 10520F C3EF62 6B4619 CC9C14 A1F104 CC9C14 6B4619 191510 305D33 191510 2FEDFB 91A0DC C3B3E7 002274 D337F2 002274 0F5860 47FACD F1E81B
100
F1E81B F1E81B
1E1095 1E1095
FFFD4B FFFD4B
573788 573788
17779E 17779E
770D1A 770D1A
8417C8 8417C8
2CCB19 2CCB19
B69F55 B69F55
4B97F1 4B97F1
14994D 14994D
596CF6 596CF6
E51A66 E51A66
85D6DB 85D6DB
63361A 63361A
230A7C 230A7C
E81014 E81014
86493E 86493E
1F842B 1F842B
7E78F3 7E78F3
239994 239994
8EBF8A 8EBF8A
396D53 396D53
DE6899 DE6899
59843B 59843B
685D1A 685D1A
813B05 813B05
B7F75A B7F75A
28F6D1 28F6D1
851F90 851F90
D1967A D1967A
3B4B53 3B4B53
E3C2C9 E3C2C9
2BF7B5 2BF7B5
AE4A01 AE4A01
6966D7 6966D7
D4A75D D4A75D
124C90 124C90
8BFCAC 8BFCAC
29D5D7 29D5D7
8015E0 8015E0
93EBE3 93EBE3
6B340B 6B340B
C4303B C4303B
293D59 293D59
4099A6 4099A6
5BB557 5BB557
90451D 90451D
CEAC59 CEAC59
151BC9 151BC9
8F17C0 8F17C0
5F4E43 5F4E43
6B622D 6B622D
4A28BA 4A28BA
7E1C6C 7E1C6C
52C88C 52C88C
5C7062 5C7062
4CAD30 4CAD30
14B430 14B430
E80628 E80628
8F495E 8F495E
0CBC31 0CBC31
6E313C 6E313C
B47658 B47658
D6CC7A D6CC7A
6D51F4 6D51F4
20EAE7 20EAE7
ABD8FE ABD8FE
783751 783751
490F1E 490F1E
77A0B5 77A0B5
94A561 94A561
BB4908 BB4908
C18C9B C18C9B
E5E6C0 E5E6C0
C9AF85 C9AF85
9096DB 9096DB
36590B 36590B
66048A 66048A
BB40E6 BB40E6
DCE144 DCE144
AEFF96 AEFF96
36C862 36C862
7829D7 7829D7
614224 614224
FFEEBD FFEEBD
8B6C2F 8B6C2F
8B519F 8B519F
4A5708 4A5708
F33196 F33196
61199E 61199E
C3EF62 C3EF62
CC9C14 CC9C14
A1F104 A1F104
305D33 305D33
2FEDFB 2FEDFB
C3B3E7 C3B3E7
D337F2 D337F2
0F5860 0F5860
47FACD 47FACD
