context road teaching aspect construction satisfaction reality departure while construction interaction fat attempt care part store anxiety bit wood currency thanks state ability soil bread farmer bedroom context
25
context context
road road
teaching teaching
aspect aspect
construction construction
satisfaction satisfaction
reality reality
departure departure
while while
interaction interaction
fat fat
attempt attempt
care care
store store
anxiety anxiety
bit bit
wood wood
currency currency
thanks thanks
state state
ability ability
soil soil
bread bread
farmer farmer
bedroom bedroom
