engine menu error member preparation dealer song girl business politics significance reputation age interaction situation flight temperature police emphasis area office light grandmother series energy secretary speech mind tool engineering failure eye funeral teacher standard problem class temperature step performance editor difficulty buyer education birth section answer fact town idea time worker piano drawing side beer two machine country bus money data tension meal tax tooth promotion drawer accident beginning moment director sport satisfaction choice figure dirt material space teaching understanding sympathy variation source departure war singer analyst ratio volume clothes ear view aspect measurement chapter model leadership process delivery card engine
100
engine engine
menu menu
error error
member member
preparation preparation
dealer dealer
song song
girl girl
business business
politics politics
significance significance
reputation reputation
age age
interaction interaction
situation situation
flight flight
temperature temperature
police police
emphasis emphasis
area area
office office
light light
grandmother grandmother
series series
energy energy
secretary secretary
speech speech
mind mind
tool tool
engineering engineering
failure failure
eye eye
funeral funeral
teacher teacher
standard standard
problem problem
class class
step step
performance performance
editor editor
difficulty difficulty
buyer buyer
education education
birth birth
section section
answer answer
fact fact
town town
idea idea
time time
worker worker
piano piano
drawing drawing
side side
beer beer
two two
machine machine
country country
bus bus
money money
data data
tension tension
meal meal
tax tax
tooth tooth
promotion promotion
drawer drawer
accident accident
beginning beginning
moment moment
director director
sport sport
satisfaction satisfaction
choice choice
figure figure
dirt dirt
material material
space space
teaching teaching
understanding understanding
sympathy sympathy
variation variation
source source
departure departure
war war
singer singer
analyst analyst
ratio ratio
volume volume
clothes clothes
ear ear
view view
aspect aspect
measurement measurement
chapter chapter
model model
leadership leadership
process process
delivery delivery
card card
