maintenance career chest volume church sign economy resolution action property marketing photo selection movie inspection feature difficulty war contract version depression obligation cause style rate object rock decision example beer average population focus context account complaint woman sister driver competition wife price bread day salad role philosophy income description reputation future maintenance
50
maintenance maintenance
career career
chest chest
volume volume
church church
sign sign
economy economy
resolution resolution
action action
property property
marketing marketing
photo photo
selection selection
movie movie
inspection inspection
feature feature
difficulty difficulty
war war
contract contract
version version
depression depression
obligation obligation
cause cause
style style
rate rate
object object
rock rock
example example
beer beer
average average
population population
focus focus
context context
account account
complaint complaint
woman woman
sister sister
driver driver
competition competition
wife wife
price price
bread bread
day day
salad salad
role role
philosophy philosophy
income income
description description
reputation reputation
future future
