S BK T AI W B AR K CL AN CI AN CQ Q AS N BY AN BX CB BW J AQ AN AH AN AE AB AD AN AG AW AJ AN BG AW BF G CD F CM M AP R X O U L AF P AT AN AU I AZ AN AV AN AX C BD AN BC Q BA Q BH Q BV Q AO AN AL A BL Q BJ Q BI Q CN AN CO AW CS AW CE AN CH AN CJ Q AK Q BQ Q BS Q BT AN BU AW BZ AW CA AW CC AC CK H CP Q CR AW CU AW CW AN CV AN BE V AM D CF E BP AN BO AN BN AN BM Q BB AN Y AY Z CT AA BR S
100
S S
BK BK
T T
AI AI
W W
B B
AR AR
K K
CL CL
AN AN
CI CI
CQ CQ
Q Q
AS AS
N N
BY BY
BX BX
CB CB
BW BW
J J
AQ AQ
AH AH
AE AE
AB AB
AD AD
AG AG
AW AW
AJ AJ
BG BG
BF BF
G G
CD CD
F F
CM CM
M M
AP AP
R R
X X
O O
U U
L L
AF AF
P P
AT AT
AU AU
I I
AZ AZ
AV AV
AX AX
C C
BD BD
BC BC
BA BA
BH BH
BV BV
AO AO
AL AL
A A
BL BL
BJ BJ
BI BI
CN CN
CO CO
CS CS
CE CE
CH CH
CJ CJ
AK AK
BQ BQ
BS BS
BT BT
BU BU
BZ BZ
CA CA
CC CC
AC AC
CK CK
H H
CP CP
CR CR
CU CU
CW CW
CV CV
BE BE
V V
AM AM
D D
CF CF
E E
BP BP
BO BO
BN BN
BM BM
BB BB
Y Y
AY AY
Z Z
CT CT
AA AA
BR BR
