Bowles LaVals Bowles Mulford Crescent Mulford Latimer Edwards Easterly Edwards Latimer MLK Rochdale MLK Hearst Jacob Foothill Dwinelle Haas Crossroads Lawrence UCTheatre NCEM UCTheatre Lawrence Crossroads Haas Pavilion Haas Dwinelle HearstAnnex Lothlorien HearstAnnex Dwinelle Foothill Unit1 Foothill Davis Browns Davis Hildebrand YogurtPark Hildebrand Davis Foothill Haviland Morgan Martinez Morgan Haviland Foothill Jacob TopDog Starbucks Chipotle MFoundry Chipotle Starbucks TopDog GammaPhiBeta TopDog Fenwick Barker Fenwick TopDog Jacob Hertz CVStarr Unit3 CKerr WayWest CKerr Ridge CKerr Unit3 CVStarr Hertz Jacob Evan Blackwell McLaughlin GenPlantBio McLaughlin Blackwell Evan Moffitt Cloyne Moffitt Evan SigmaPhiOmega BearFoodCourt Hargrove Tan Warren Safeway Stebbins Greek Moses Wellman Sutardja Wellman Moses RareTea Gypsys RareTea Moses Pimentel Stacks Sherman Stacks Pimentel Moses SigmaOmicronPi Marugame Memorial Maxwell Barrows Maxwell Memorial TacoBell Memorial AlphaSigmaPhi Memorial Minor Bechtel Baker Simons Baker Daiso Baker Strada RoseGarden Strada Baker Bechtel Cory Extension Cory Stanley Campbell Doe Campbell Koshland Campbell Stanley LeConte VLSB Boalt Kresge Castro Kresge PeoplesPark Kresge Boalt VLSB Chez NorthGate Chez VLSB LeConte ALS LeConte RSF LeConte Campanile Bongo ShengKee Bongo Artichokes Cheeseboard Artichokes Bongo Campanile Wurster Zellerbach Wurster McCone Spats Stonefire PiLambda PiAlphaPhi PiLambda Stonefire Spats McCone Wurster Campanile LeConte Stanley Moses Greek Unit2 Milano IndianRock Milano Unit2 Wolf StrawberryCreek Wilde Bechtel Birge Bowles Calvin Graduate Calvin Etcheverry Calvin Bowles
80
LaVals LaVals
Mulford Mulford
Crescent Crescent
Edwards Edwards
Easterly Easterly
Rochdale Rochdale
Foothill Foothill
Haas Haas
Crossroads Crossroads
UCTheatre UCTheatre
NCEM NCEM
Pavilion Pavilion
HearstAnnex HearstAnnex
Lothlorien Lothlorien
Unit1 Unit1
Browns Browns
Hildebrand Hildebrand
YogurtPark YogurtPark
Morgan Morgan
Martinez Martinez
Chipotle Chipotle
MFoundry MFoundry
GammaPhiBeta GammaPhiBeta
Barker Barker
Unit3 Unit3
CKerr CKerr
WayWest WayWest
Ridge Ridge
Evan Evan
Blackwell Blackwell
GenPlantBio GenPlantBio
Cloyne Cloyne
BearFoodCourt BearFoodCourt
Safeway Safeway
Greek Greek
Moses Moses
Wellman Wellman
Sutardja Sutardja
Gypsys Gypsys
Stacks Stacks
Sherman Sherman
Maxwell Maxwell
Barrows Barrows
TacoBell TacoBell
AlphaSigmaPhi AlphaSigmaPhi
Baker Baker
Simons Simons
Daiso Daiso
Strada Strada
RoseGarden RoseGarden
Extension Extension
Campbell Campbell
Doe Doe
Koshland Koshland
VLSB VLSB
Boalt Boalt
Kresge Kresge
Castro Castro
PeoplesPark PeoplesPark
NorthGate NorthGate
ALS ALS
RSF RSF
Campanile Campanile
Bongo Bongo
ShengKee ShengKee
Cheeseboard Cheeseboard
Wurster Wurster
Zellerbach Zellerbach
Spats Spats
PiLambda PiLambda
PiAlphaPhi PiAlphaPhi
Unit2 Unit2
IndianRock IndianRock
Wolf Wolf
StrawberryCreek StrawberryCreek
Wilde Wilde
Birge Birge
Calvin Calvin
Graduate Graduate
Etcheverry Etcheverry
