Wheeler Sproul Wheeler Doe Campanile LeConte Birge Campbell Haviland Wellman RSF Koshland Stonefire Haas Faculty FSM Baker CZ Fiji CZ Baker McCone BigC Pavilion Simons LaNote Unit2 LaNote Koja TriDelta Koja Legends Koja Simons Pavilion PeoplePark Pavilion BigC McCone CKerr McCone Baker FSM Faculty Haas Minor Maxwell MemorialStadium Hargrove MemorialStadium Maxwell Minor Memorial IHouse Memorial McLaughlin South Stephens Moses Stephens HearstAnnex Anthony GBC WayWest Ippuku Metropolitan Ippuku WayWest Cloyne WayWest Warren Hearst Davis Kresge Normandy Cheit Soda Sather Barker Sather Martinez Sather Unit3 Sather OCF Sather Soda Etcheverry Latimer Evans Morrison Greek Cory Jacobs Bechtel Greek Lewis Kroeber Wurster Boalt Wurster Kroeber Hertz Morrison Evans Latimer Stanley Foothill Stanley Latimer Etcheverry VLSB Moffitt VLSB Zellerbach MLK Dwinelle Wheeler
36
Sproul Sproul
Birge Birge
RSF RSF
Stonefire Stonefire
Haas Haas
Baker Baker
Fiji Fiji
Unit2 Unit2
TriDelta TriDelta
Legends Legends
PeoplePark PeoplePark
CKerr CKerr
Hargrove Hargrove
IHouse IHouse
McLaughlin McLaughlin
Moses Moses
Anthony Anthony
Metropolitan Metropolitan
Cloyne Cloyne
Warren Warren
Hearst Hearst
Davis Davis
Cheit Cheit
Barker Barker
Martinez Martinez
Unit3 Unit3
OCF OCF
Etcheverry Etcheverry
Morrison Morrison
Jacobs Jacobs
Bechtel Bechtel
Kroeber Kroeber
Boalt Boalt
Foothill Foothill
Moffitt Moffitt
Dwinelle Dwinelle
