0 5 13 49 13 5 0 23 41 29 12 37 25 19 25 2 25 11 14 25 15 35 15 25 55 63 55 60 55 61 84 61 83 61 55 62 87 62 55 25 23 32 34 32 90 64 92 64 93 64 55 51 50 54 59 78 59 77 59 54 50 52 56 65 94 65 95 65 96 65 56 67 56 66 98 66 97 66 56 52 50 53 58 74 58 71 58 73 58 70 10 31 20 31 8 48 26 44 33 39 33 42 40 42 45 21 45 42 45 0
50
49 49
23 23
41 41
12 12
37 37
25 25
19 19
2 2
11 11
14 14
35 35
55 55
63 63
60 60
84 84
83 83
62 62
87 87
32 32
34 34
90 90
92 92
93 93
54 54
59 59
78 78
77 77
52 52
94 94
95 95
96 96
67 67
66 66
98 98
97 97
74 74
71 71
73 73
70 70
10 10
31 31
20 20
48 48
26 26
33 33
39 39
42 42
40 40
45 45
21 21
