0 100 105 138 105 100 104 136 104 100 107 151 107 152 107 153 107 100 103 127 103 128 103 130 103 100 102 123 102 124 102 118 102 121 102 100 106 144 106 147 106 145 106 146 106 142 106 149 106 100 101 110 175 110 171 110 169 110 168 110 172 110 173 110 101 112 179 112 182 112 180 112 101 115 194 115 196 115 101 116 198 116 101 109 167 109 101 117 101 113 189 113 188 113 101 111 177 111 178 111 101 108 160 108 158 108 156 108 154 108 101 100 0 31 25 24 25 59 25 7 64 72 89 26 89 1 89 53 31 35 31 57 21 57 3 56 3 51 3 54 75 18 75 29 75 28 75 3 4 87 4 49 4 63 4 96 4 14 11 58 11 55 20 43 20 10 99 10 83 10 86 90 85 98 12 62 81 82 81 0 17 80 66 80 17 77 22 77 17 5 42 5 65 70 44 68 17 13 0
100
100 100
105 105
138 138
104 104
136 136
151 151
152 152
153 153
127 127
128 128
130 130
102 102
123 123
124 124
118 118
121 121
106 106
144 144
147 147
145 145
146 146
142 142
149 149
101 101
175 175
171 171
169 169
168 168
172 172
173 173
112 112
179 179
182 182
180 180
194 194
196 196
198 198
109 109
167 167
117 117
113 113
189 189
188 188
177 177
178 178
160 160
158 158
156 156
154 154
31 31
25 25
24 24
59 59
7 7
72 72
89 89
26 26
1 1
53 53
35 35
57 57
21 21
56 56
51 51
54 54
75 75
18 18
29 29
28 28
4 4
87 87
49 49
63 63
96 96
14 14
58 58
55 55
20 20
43 43
10 10
99 99
83 83
86 86
90 90
85 85
98 98
62 62
81 81
82 82
17 17
66 66
77 77
22 22
5 5
42 42
65 65
70 70
44 44
68 68
13 13
