3 23 72 27 78 17 10 21 89 14 77 7 48 8 18 9 78 1 79 6 69 96 69 100 48 87 48 90 97 76 18 68 2 40 2 36 89 32 69 33 80 73 80 57 55 85 93 88 61 25 61 88 93 85 55 84 45 84 31 86 24 86 98 35 94 64 71 64 75 11 70 11 66 4 67 83 58 83 63 20 60 97 56 89 53 80 57 35 52 34 50 48 49 48 43 55 41 82 42 82 46 80 29 80 19 4 22 81 15 72 12 3
50
23 23
27 27
17 17
21 21
14 14
7 7
8 8
9 9
1 1
6 6
96 96
100 100
87 87
90 90
76 76
68 68
40 40
36 36
32 32
33 33
73 73
57 57
25 25
45 45
31 31
24 24
98 98
94 94
71 71
75 75
70 70
66 66
67 67
58 58
63 63
60 60
56 56
53 53
52 52
50 50
49 49
43 43
41 41
42 42
46 46
29 29
19 19
22 22
15 15
12 12
