86 125 49 122 15 199 188 198 67 192 43 185 23 169 147 158 147 160 151 17 151 184 161 163 161 151 80 194 80 151 192 62 104 24 168 189 168 24 104 98 173 98 5 3 11 42 1 81 107 61 69 61 51 61 71 78 14 78 8 114 105 114 52 114 54 171 75 63 74 63 145 167 65 146 65 167 132 167 140 147 138 12 123 12 149 40 38 83 10 171 2 171 97 115 101 7 57 95 72 186 73 58 28 58 93 190 64 103 117 143 6 143 48 61 30 79 21 79 137 79 99 196 186 133 152 133 116 78 148 95 150 25 153 25 154 180 106 180 126 131 121 111 113 182 96 174 96 182 92 182 100 68 90 68 35 68 22 142 4 179 4 183 166 175 32 157 81 172 56 172 39 177 39 156 190 159 111 129 111 76 99 87 60 66 180 53 180 45 180 19 180 26 9 13 9 110 9 181 88 27 88 84 62 89 136 91 136 94 108 44 134 36 20 82 20 47 41 47 139 186 120 86
100
125 125
122 122
199 199
198 198
192 192
185 185
169 169
158 158
160 160
17 17
184 184
163 163
194 194
189 189
173 173
5 5
11 11
1 1
107 107
69 69
51 51
71 71
14 14
8 8
105 105
52 52
54 54
75 75
74 74
145 145
146 146
132 132
140 140
138 138
123 123
149 149
38 38
10 10
2 2
97 97
101 101
57 57
72 72
73 73
28 28
93 93
64 64
117 117
6 6
48 48
30 30
21 21
137 137
196 196
152 152
116 116
148 148
150 150
153 153
154 154
106 106
126 126
121 121
113 113
174 174
92 92
100 100
90 90
35 35
22 22
179 179
183 183
175 175
157 157
56 56
177 177
156 156
159 159
129 129
76 76
87 87
66 66
53 53
45 45
19 19
26 26
13 13
110 110
181 181
27 27
84 84
89 89
91 91
94 94
44 44
36 36
82 82
41 41
139 139
120 120
