110 77 195 99 181 38 159 81 124 168 44 72 100 60 66 87 85 182 90 26 103 199 154 28 29 0 107 147 126 149 79 36 1 175 64 152 53 22 165 19 52 96 50 56 161 5 83 141 18 51 140 6 131 121 101 43 123 193 14 170 40 30 192 25 41 20 94 76 73 47 45 54 197 169 92 172 74 148 178 189 98 160 13 142 11 176 171 39 55 138 3 127 122 190 145 91 67 15 163 132 110
100
110 110
77 77
195 195
99 99
181 181
38 38
159 159
81 81
124 124
168 168
44 44
72 72
100 100
60 60
66 66
87 87
85 85
182 182
90 90
26 26
103 103
199 199
154 154
28 28
29 29
0 0
107 107
147 147
126 126
149 149
79 79
36 36
1 1
175 175
64 64
152 152
53 53
22 22
165 165
19 19
52 52
96 96
50 50
56 56
161 161
5 5
83 83
141 141
18 18
51 51
140 140
6 6
131 131
121 121
101 101
43 43
123 123
193 193
14 14
170 170
40 40
30 30
192 192
25 25
41 41
20 20
94 94
76 76
73 73
47 47
45 45
54 54
197 197
169 169
92 92
172 172
74 74
148 148
178 178
189 189
98 98
160 160
13 13
142 142
11 11
176 176
171 171
39 39
55 55
138 138
3 3
127 127
122 122
190 190
145 145
91 91
67 67
15 15
163 163
132 132
