1 8 2 44 177 136 156 137 130 159 95 144 111 129 151 116 138 97 143 162 150 167 184 171 176 103 81 58 56 70 68 61 57 88 75 87 99 102 92 77 101 110 126 20 6 26 27 36 33 21 31 69 59 82 10 51 55 34 42 84 89 74 86 161 124 127 198 200 131 140 106 85 83 80 133 139 53 60 164 165 141 169 193 56 174 157 189 182 49 50 35 37 9 41 47 16 13 3 1
97
1 1
8 8
2 2
44 44
177 177
136 136
156 156
137 137
130 130
159 159
95 95
144 144
111 111
129 129
151 151
116 116
138 138
97 97
143 143
162 162
150 150
167 167
184 184
171 171
176 176
103 103
81 81
58 58
56 56
70 70
68 68
61 61
57 57
88 88
75 75
87 87
99 99
102 102
92 92
77 77
101 101
110 110
126 126
20 20
6 6
26 26
27 27
36 36
33 33
21 21
31 31
69 69
59 59
82 82
10 10
51 51
55 55
34 34
42 42
84 84
89 89
74 74
86 86
161 161
124 124
127 127
198 198
200 200
131 131
140 140
106 106
85 85
83 83
80 80
133 133
139 139
53 53
60 60
164 164
165 165
141 141
169 169
193 193
174 174
157 157
189 189
182 182
49 49
50 50
35 35
37 37
9 9
41 41
47 47
16 16
13 13
3 3
