31 74 127 77 42 148 83 90 143 80 4 28 9 88 152 82 149 94 45 21 140 47 121 114 48 99 156 196 175 188 168 167 186 199 179 191 180 197 171 169 195 184 164 173 198 170 78 49 147 93 108 67 160 7 86 68 22 103 27 106 123 117 66 14 115 81 13 131 119 141 20 34 30 6 58 32 134 138 110 60 69 38 64 35 125 151 89 57 29 33 105 137 12 120 46 52 146 112 107 128 65 31
100
74 74
127 127
77 77
42 42
148 148
83 83
90 90
143 143
80 80
4 4
28 28
9 9
88 88
152 152
82 82
149 149
94 94
45 45
21 21
140 140
47 47
121 121
114 114
48 48
99 99
156 156
196 196
175 175
188 188
168 168
167 167
186 186
199 199
179 179
191 191
180 180
197 197
171 171
169 169
195 195
184 184
164 164
173 173
198 198
170 170
78 78
49 49
147 147
93 93
108 108
67 67
160 160
7 7
86 86
68 68
22 22
103 103
27 27
106 106
123 123
117 117
66 66
14 14
115 115
81 81
13 13
131 131
119 119
141 141
20 20
34 34
30 30
6 6
58 58
32 32
134 134
138 138
110 110
60 60
69 69
38 38
64 64
35 35
125 125
151 151
89 89
57 57
29 29
33 33
105 105
137 137
12 12
120 120
46 46
52 52
146 146
112 112
107 107
128 128
65 65
