cure coralberry Delphi awash swoop periphery roost hydrophone Negroid coralberry Muscat coralberry logjam coralberry upheld awash obfuscate abreact greet Verdi Moe bear seem bear stupor bear Vichy St latch St Blackman St lint awash belch tick ineducable coralberry item St indignity bear Brillouin bear Bridgeport bear reflectance bear marquess coralberry hypotonic coralberry cure
25
Delphi Delphi
swoop swoop
roost roost
Negroid Negroid
Muscat Muscat
logjam logjam
upheld upheld
obfuscate obfuscate
greet greet
Moe Moe
seem seem
stupor stupor
Vichy Vichy
latch latch
Blackman Blackman
lint lint
belch belch
ineducable ineducable
item item
indignity indignity
Brillouin Brillouin
Bridgeport Bridgeport
reflectance reflectance
marquess marquess
hypotonic hypotonic
