state Jennifer begot mortgagor wrack McDonald watery McDonald border McDonald driveway McDonald motet voltmeter dumpling catnip scaup catnip value catnip octane catnip joke catnip bloc mortgagor infuse voltmeter Waterbury voltmeter Albert voltmeter his voltmeter Darwin purple knurl purple sanatoria McDonald lobby catnip omicron McDonald Arden McDonald pairwise McDonald rent McDonald Protista kitty cache kitty uptown voltmeter hypothetic kitty fireplace peacock whatsoever purple Eva mortgagor shrugging mortgagor Augean mortgagor Yaounde peacock curbside catnip foursome catnip flexural catnip turnout catnip opossum catnip Lizzie McDonald compunction purple Whelan catnip circumstantial catnip eggplant maidservant harrow mortgagor Ridgway catnip hungry catnip fleawort catnip presto limbic exhortation voltmeter bibliophile catnip huge purple freehold peacock Adamson catnip debenture slake retardation Jennifer firebug purple Della mortgagor Edmonds mortgagor monk catnip clasp purple Steiner purple trivium voltmeter regal voltmeter cohere limbic athletic purple hallelujah McDonald charcoal servile backgammon catnip dame servile gavotte McDonald ash catnip grade maidservant bald McDonald heifer mortgagor registrant limbic supremum catnip complacent kitty stereography McDonald gun McDonald sepulchral purple hyphen mortgagor cocaine actinic Adler carouse lonesome Jennifer stingy McDonald anatomy catnip Evans catnip texture catnip rocky catnip whirligig voltmeter serge voltmeter jackass Jennifer Zellerbach Jennifer Calkins voltmeter eidetic McDonald scriptwriter McDonald Cinderella McDonald knick purple controversial purple state
100
begot begot
wrack wrack
watery watery
border border
driveway driveway
motet motet
dumpling dumpling
scaup scaup
value value
octane octane
joke joke
bloc bloc
infuse infuse
Waterbury Waterbury
Albert Albert
his his
Darwin Darwin
knurl knurl
sanatoria sanatoria
lobby lobby
omicron omicron
Arden Arden
pairwise pairwise
rent rent
Protista Protista
cache cache
uptown uptown
hypothetic hypothetic
fireplace fireplace
whatsoever whatsoever
Eva Eva
shrugging shrugging
Augean Augean
Yaounde Yaounde
curbside curbside
foursome foursome
flexural flexural
turnout turnout
opossum opossum
Lizzie Lizzie
compunction compunction
Whelan Whelan
circumstantial circumstantial
eggplant eggplant
harrow harrow
Ridgway Ridgway
hungry hungry
fleawort fleawort
presto presto
exhortation exhortation
bibliophile bibliophile
huge huge
freehold freehold
Adamson Adamson
debenture debenture
retardation retardation
firebug firebug
Della Della
Edmonds Edmonds
monk monk
clasp clasp
Steiner Steiner
trivium trivium
regal regal
cohere cohere
athletic athletic
hallelujah hallelujah
charcoal charcoal
backgammon backgammon
dame dame
gavotte gavotte
ash ash
grade grade
bald bald
heifer heifer
registrant registrant
supremum supremum
complacent complacent
stereography stereography
gun gun
sepulchral sepulchral
hyphen hyphen
cocaine cocaine
Adler Adler
lonesome lonesome
stingy stingy
anatomy anatomy
Evans Evans
texture texture
rocky rocky
whirligig whirligig
serge serge
jackass jackass
Zellerbach Zellerbach
Calkins Calkins
eidetic eidetic
scriptwriter scriptwriter
Cinderella Cinderella
knick knick
controversial controversial
