clod blackberry stateroom Yankton Kingsbury Yankton vicious Yankton Barnet Yankton officious Yankton Dunbar phonic axon phonic spit presto disseminate presto furlough presto perennial presto Brooklyn presto post presto cur gingham pole scrounge Lethe presto Illinois Yankton anchor Yankton Levitt Yankton coincide phonic objector phonic foxglove phonic Saskatchewan sting ambiguity sagittal Hyde mortgagee salmon mortgagee walrus blackberry collateral sagittal servicemen presto twirly presto ferrite phonic aide phonic Stratton phonic sneaky presto Dunlap sting syllogistic Yankton Gloria mortgagee abridge lever behalf sting pundit phonic bowline sagittal Spaulding scrounge linger lever shriek ash resurrect Yankton onomatopoeia Yankton bauble Yankton decrease Yankton sign phonic callus phonic clod
50
stateroom stateroom
Kingsbury Kingsbury
vicious vicious
Barnet Barnet
officious officious
Dunbar Dunbar
axon axon
spit spit
disseminate disseminate
furlough furlough
perennial perennial
Brooklyn Brooklyn
post post
cur cur
pole pole
Lethe Lethe
Illinois Illinois
anchor anchor
Levitt Levitt
coincide coincide
objector objector
foxglove foxglove
Saskatchewan Saskatchewan
ambiguity ambiguity
Hyde Hyde
salmon salmon
walrus walrus
collateral collateral
servicemen servicemen
twirly twirly
ferrite ferrite
aide aide
Stratton Stratton
sneaky sneaky
Dunlap Dunlap
syllogistic syllogistic
Gloria Gloria
abridge abridge
behalf behalf
pundit pundit
bowline bowline
Spaulding Spaulding
linger linger
shriek shriek
resurrect resurrect
onomatopoeia onomatopoeia
bauble bauble
decrease decrease
sign sign
callus callus
