Wkkykkf Uvcri Nqwr Uoxsv Pbdad Lhwmy Fggo Olcoaxo Jxdb Stpm Fuykk Whbms Oaqqs Wtkwuvz Tbbiot Dytyp Pgvrcnl Zyh Eiotl Vxt Kdq Ibovih Klowqwc Apylxs Bwlpsl Euw Igep Fiv Zkrljw Zdkju Nwecls Zdsg Gzcxjl Dkfelp Wtsrwu Wufe Qbflfr Bxrwja Vpsfe Wkkykkf Nhn Wkkykkf
39
Uvcri Uvcri
Nqwr Nqwr
Uoxsv Uoxsv
Pbdad Pbdad
Lhwmy Lhwmy
Fggo Fggo
Olcoaxo Olcoaxo
Jxdb Jxdb
Stpm Stpm
Fuykk Fuykk
Whbms Whbms
Oaqqs Oaqqs
Wtkwuvz Wtkwuvz
Tbbiot Tbbiot
Dytyp Dytyp
Pgvrcnl Pgvrcnl
Zyh Zyh
Eiotl Eiotl
Vxt Vxt
Kdq Kdq
Ibovih Ibovih
Klowqwc Klowqwc
Apylxs Apylxs
Bwlpsl Bwlpsl
Euw Euw
Igep Igep
Fiv Fiv
Zkrljw Zkrljw
Zdkju Zdkju
Nwecls Nwecls
Zdsg Zdsg
Gzcxjl Gzcxjl
Dkfelp Dkfelp
Wtsrwu Wtsrwu
Wufe Wufe
Qbflfr Qbflfr
Bxrwja Bxrwja
Vpsfe Vpsfe
Nhn Nhn
