142 121 137 48 76 24 53 131 35 131 63 171 140 129 140 171 135 97 164 126 177 16 193 60 124 60 78 186 55 186 78 86 157 21 150 99 141 65 130 58 147 27 72 145 139 153 23 153 139 30 139 154 191 159 45 8 31 8 163 100 34 100 1 154 139 153 181 18 103 28 9 136 47 7 47 136 9 14 134 52 178 195 158 69 64 122 128 68 152 41 133 33 9 92 70 18 103 85 89 85 103 18 181 91 3 174 4 46 148 108 160 77 143 90 111 106 127 106 66 44 66 137 188 39 115 5 185 22 149 26 0 183 190 118 38 197 38 118 93 151 144 151 167 142
60
121 121
137 137
48 48
76 76
35 35
63 63
140 140
129 129
97 97
177 177
16 16
60 60
124 124
186 186
55 55
157 157
21 21
150 150
141 141
58 58
145 145
23 23
30 30
159 159
31 31
34 34
181 181
7 7
14 14
178 178
195 195
158 158
69 69
64 64
41 41
133 133
33 33
70 70
89 89
91 91
3 3
174 174
4 4
46 46
108 108
77 77
90 90
106 106
127 127
44 44
39 39
115 115
22 22
183 183
38 38
197 197
93 93
151 151
144 144
167 167
