5 33 68 155 68 17 55 57 87 53 123 131 140 131 123 53 74 96 54 20 19 169 19 69 145 69 19 52 80 52 56 102 56 52 143 144 176 180 194 180 176 144 143 52 19 5 16 61 43 183 43 25 12 18 178 18 12 150 191 150 12 17 36 82 179 82 36 40 92 22 58 86 109 130 109 86 58 22 9 77 7 35 7 27 11 85 11 113 11 44 106 44 37 45 152 45 59 127 59 76 59 118 126 118 59 101 104 101 111 101 59 95 121 95 1 70 105 70 1 30 15 163 15 10 160 10 28 39 88 168 88 39 31 3 0 51 0 1 177 1 21 32 50 32 91 90 23 103 23 14 196 14 63 14 5
52
68 68
155 155
57 57
140 140
96 96
54 54
169 169
145 145
80 80
102 102
176 176
180 180
194 194
183 183
178 178
191 191
179 179
92 92
58 58
109 109
130 130
9 9
77 77
35 35
27 27
85 85
113 113
106 106
45 45
152 152
127 127
76 76
126 126
101 101
104 104
111 111
121 121
105 105
163 163
160 160
168 168
31 31
51 51
177 177
21 21
32 32
50 50
91 91
23 23
103 103
196 196
63 63
