89 65 18 20 50 39 50 20 35 19 42 31 42 55 57 29 46 29 57 47 57 66 41 49 41 12 41 49 45 52 38 75 86 26 32 30 36 74 44 21 44 74 48 17 23 27 11 24 5 24 13 24 25 38 49 41 66 57 8 6 37 0 2 28 2 34 68 22 68 14 94 1 94 92 7 15 73 9 73 3 79 33 95 10 95 16 95 40 4 40 8 43 8 89
50
18 18
20 20
50 50
39 39
35 35
19 19
42 42
31 31
29 29
46 46
47 47
41 41
49 49
12 12
45 45
38 38
26 26
32 32
30 30
36 36
44 44
21 21
48 48
17 17
23 23
27 27
11 11
24 24
5 5
13 13
25 25
8 8
6 6
37 37
2 2
28 28
34 34
22 22
14 14
1 1
7 7
15 15
9 9
3 3
33 33
10 10
16 16
40 40
4 4
43 43
