azv oqv rti jvc ryg hcc ivp zuz lmh gfr uyd rov vxn rfl cvb rcw uua qzx hlc ubo aur scm hwc pzr hob wcd hob hsi wyg ovx ijd dqy jwx yvc wpu yiy hip vfq ncc yfq ipq gcw mtd cwq brw ctf gei cim eqa mis boc mpw cib ufa txp sau hyb xie azv
50
azv azv
oqv oqv
rti rti
jvc jvc
hcc hcc
ivp ivp
zuz zuz
lmh lmh
gfr gfr
uyd uyd
rov rov
vxn vxn
rfl rfl
rcw rcw
uua uua
qzx qzx
hlc hlc
aur aur
scm scm
hwc hwc
pzr pzr
wcd wcd
hsi hsi
ovx ovx
ijd ijd
dqy dqy
jwx jwx
yvc yvc
yiy yiy
hip hip
vfq vfq
ncc ncc
yfq yfq
ipq ipq
gcw gcw
mtd mtd
cwq cwq
brw brw
ctf ctf
gei gei
cim cim
eqa eqa
mis mis
boc boc
mpw mpw
cib cib
ufa ufa
sau sau
hyb hyb
xie xie
