xse ckx gbd zud ask zdb loj kfu ego cen uok ybr jam phg lky bdh rtc txq lrj nfr lwk fzi nwc xnr khu fhv xme vwg ikb pvs aii igs qwk hpx wbg njg ocp nmf fia lvm nvz qdw zkt qdw qkp yug wyg pjf gex ljd cma ljd tso tdu nii ukv idv rjv hmi qxs byu ruo xeh aeg vtd kpp fjy vmv fbk nko bnl agh nry cun nhi vzr jgt fyc hks wiy qbf rir ksg tlh ceo xjt fgp vlb mok vlb adx dgl fin kxn uuw vmt emz vvn mti svk uau ptu ttw bda ogh bod krr qjf uwo qjf tko jfh ils miy hcr nsw dkp rsg xse
99
ckx ckx
zud zud
zdb zdb
loj loj
kfu kfu
ego ego
cen cen
uok uok
ybr ybr
jam jam
phg phg
bdh bdh
rtc rtc
txq txq
lrj lrj
nfr nfr
lwk lwk
fzi fzi
nwc nwc
khu khu
fhv fhv
xme xme
vwg vwg
ikb ikb
pvs pvs
aii aii
hpx hpx
wbg wbg
ocp ocp
nmf nmf
fia fia
lvm lvm
nvz nvz
qdw qdw
zkt zkt
yug yug
wyg wyg
pjf pjf
gex gex
ljd ljd
cma cma
tso tso
tdu tdu
nii nii
ukv ukv
idv idv
rjv rjv
hmi hmi
qxs qxs
byu byu
ruo ruo
xeh xeh
aeg aeg
vtd vtd
kpp kpp
fjy fjy
vmv vmv
fbk fbk
nko nko
bnl bnl
nry nry
cun cun
nhi nhi
vzr vzr
jgt jgt
fyc fyc
wiy wiy
qbf qbf
ksg ksg
tlh tlh
xjt xjt
fgp fgp
mok mok
adx adx
dgl dgl
fin fin
kxn kxn
uuw uuw
vmt vmt
emz emz
vvn vvn
mti mti
svk svk
uau uau
ptu ptu
ttw ttw
bda bda
ogh ogh
bod bod
krr krr
qjf qjf
uwo uwo
tko tko
jfh jfh
ils ils
miy miy
hcr hcr
nsw nsw
rsg rsg
