Encanto Banning Pumpkin Kentfield Laguna Woffard Jane City Moccasin Delta Santa Quail Homestead Los Old Yurok Granite Elmira Cypress Forest Foothills Riverside Costa Smoke Mount Shafter Green Vernon Garden Willow Woodbridge Welden McAuley Glencoe Presidio Clayton Cherokee Bonita All Chinese Warner Cabbage Two Alpaugh Ames Vista Ramona Beach Kern Richvale Sherman Encanto
50
Encanto Encanto
Banning Banning
Pumpkin Pumpkin
Kentfield Kentfield
Laguna Laguna
Woffard Woffard
Jane Jane
City City
Moccasin Moccasin
Delta Delta
Santa Santa
Quail Quail
Homestead Homestead
Los Los
Yurok Yurok
Granite Granite
Elmira Elmira
Cypress Cypress
Forest Forest
Foothills Foothills
Riverside Riverside
Costa Costa
Smoke Smoke
Mount Mount
Shafter Shafter
Green Green
Vernon Vernon
Garden Garden
Willow Willow
Woodbridge Woodbridge
Welden Welden
McAuley McAuley
Glencoe Glencoe
Presidio Presidio
Clayton Clayton
Cherokee Cherokee
Bonita Bonita
All All
Chinese Chinese
Warner Warner
Cabbage Cabbage
Two Two
Alpaugh Alpaugh
Ames Ames
Vista Vista
Ramona Ramona
Beach Beach
Kern Kern
Richvale Richvale
Sherman Sherman
