Soda Doe UniversityVillage Bowles UniversityVillage HildebrandHall Gilman HildebrandHall CaliforniaHall Barrows Unit3 Campbell GiauqueHall AlumniHouse InternationalHouse MemorialStadium LawrenceHall GreekTheatre Doe Soda LeConte Etcheverry Unit2 DurantHall Unit2 BancroftLibrary Blackwell Unit1 SouthHall Moffit DavisHall Stern DavisHall Wheeler LeConte Foothill HavilandHall Dwinelle HearstMining BotanicalGardens Evans BAMPFA Evans Campanile BerkeleyWayWest Soda
25
Doe Doe
Bowles Bowles
Gilman Gilman
CaliforniaHall CaliforniaHall
Unit3 Unit3
Campbell Campbell
InternationalHouse InternationalHouse
LawrenceHall LawrenceHall
GreekTheatre GreekTheatre
LeConte LeConte
Unit2 Unit2
DurantHall DurantHall
BancroftLibrary BancroftLibrary
Unit1 Unit1
SouthHall SouthHall
Moffit Moffit
Stern Stern
Wheeler Wheeler
Foothill Foothill
Dwinelle Dwinelle
HearstMining HearstMining
Evans Evans
BAMPFA BAMPFA
Campanile Campanile
BerkeleyWayWest BerkeleyWayWest
