Ippudo Platano Soda HildebrandHall NatApartment Rachas LiKaShing Crossroads SouthHall Ucha YogurtPark LaVals Target LaVals YogurtPark GreatChina SatherGate GreatChina YogurtPark Ucha SouthHall Crossroads LiKaShing Rachas NatApartment BetaLounge Ikes SweetheartCafe PeoplesCafe PurpleKow Flavia HearstGym WursterHall Spats Evans HavilandHall Bonchon HavilandHall UdupiPalace GrizzlyPeak AmoebaMusic SnackShack Artichokes LowerSproul Shengkee HortonHall Underhill Homeroom TheHabit FireTrails MulfordHall FireTrails BrandyMelville ThaiBasil HesseHall Kips Muraccis Kips HesseHall EastBaySpiceCompany GSPP Wheeler AndrewsApartment UrbanOutfitters Cornerstone UrbanOutfitters AndrewsApartment Flavia UCafe Flavia SmokesPoutinerie LewisHall SmokesPoutinerie TheDwight SmokesPoutinerie Bowles HearstAnnex McDonalds Morrisonhall McDonalds HearstAnnex Pappys SuperDuperBurgers Blackwell Milkbomb Ikea GiauqueHall Mezzo BerkeleyArtStudio SaturnCafe BerkeleyArtStudio Quicklys Firewings TopDog Jupiter Morganhall Jupiter LatimerHall Tilden Gather TraderJoes YogurtPark OptometryBuilding LaBurrita BerkeleyBart SproulHall BerkeleyBart HappyLemon BerkeleyBart BigC TenderGreens BigC BerkeleyBart Barrows Safeway Barrows AshaTeaHouse Bowles Namaste StrawberryCreek TennisCourts BancroftLibrary Cheeseboard BancroftLibrary TennisCourts TPTea TennisCourts BobaNinja TToust Crossroads LiKaShing BanshoRamen Raretea InternationalHouse BobbyGPizza ImmThai BobbyGPizza Marugame Gadani HalalGuys LittleBird Fengcha Ikes Eureka Ikes Gongcha MSRI NoodleGirl Teazone NoodleGirl Wikiwiki Underhill SteamTrains KroeberHall SteamTrains JambaJuice Doe ThaiNoodle Cafe3 LeConte Campanile ChezPanisse Campanile LeConte Cafe3 ExtremePizza LaNote TacoBell LaNote Homeroom PokeBar Plentea ClarkKerr DollarTree TripleRock Cinnaholic Slivers Cinnaholic DavisHall TukTukThai Venus TukTukThai BSC ClarkKerr BSC TukTukThai DavisHall NorthHall Yifang Chipotle HearstMining Campbell MemorialGlade Campbell EastAsianLibrary LittleCampanile EastAsianLibrary Gypsys Platano Ippudo
100
Platano Platano
Rachas Rachas
Crossroads Crossroads
Ucha Ucha
Target Target
GreatChina GreatChina
SatherGate SatherGate
BetaLounge BetaLounge
Ikes Ikes
SweetheartCafe SweetheartCafe
PeoplesCafe PeoplesCafe
WursterHall WursterHall
Spats Spats
Bonchon Bonchon
GrizzlyPeak GrizzlyPeak
AmoebaMusic AmoebaMusic
SnackShack SnackShack
Artichokes Artichokes
LowerSproul LowerSproul
Shengkee Shengkee
HortonHall HortonHall
Underhill Underhill
Homeroom Homeroom
TheHabit TheHabit
MulfordHall MulfordHall
ThaiBasil ThaiBasil
Kips Kips
Muraccis Muraccis
EastBaySpiceCompany EastBaySpiceCompany
Wheeler Wheeler
AndrewsApartment AndrewsApartment
UrbanOutfitters UrbanOutfitters
Cornerstone Cornerstone
UCafe UCafe
SmokesPoutinerie SmokesPoutinerie
LewisHall LewisHall
TheDwight TheDwight
McDonalds McDonalds
Morrisonhall Morrisonhall
Pappys Pappys
SuperDuperBurgers SuperDuperBurgers
Milkbomb Milkbomb
Mezzo Mezzo
BerkeleyArtStudio BerkeleyArtStudio
SaturnCafe SaturnCafe
Quicklys Quicklys
Firewings Firewings
TopDog TopDog
Jupiter Jupiter
Morganhall Morganhall
LatimerHall LatimerHall
Gather Gather
TraderJoes TraderJoes
OptometryBuilding OptometryBuilding
LaBurrita LaBurrita
SproulHall SproulHall
HappyLemon HappyLemon
BigC BigC
TenderGreens TenderGreens
Safeway Safeway
AshaTeaHouse AshaTeaHouse
Namaste Namaste
StrawberryCreek StrawberryCreek
Cheeseboard Cheeseboard
TPTea TPTea
BobaNinja BobaNinja
BanshoRamen BanshoRamen
Raretea Raretea
ImmThai ImmThai
Marugame Marugame
Gadani Gadani
HalalGuys HalalGuys
Fengcha Fengcha
Eureka Eureka
Gongcha Gongcha
Teazone Teazone
Wikiwiki Wikiwiki
KroeberHall KroeberHall
JambaJuice JambaJuice
ThaiNoodle ThaiNoodle
Cafe3 Cafe3
ChezPanisse ChezPanisse
ExtremePizza ExtremePizza
LaNote LaNote
TacoBell TacoBell
PokeBar PokeBar
Plentea Plentea
ClarkKerr ClarkKerr
TripleRock TripleRock
Slivers Slivers
TukTukThai TukTukThai
Venus Venus
BSC BSC
NorthHall NorthHall
Yifang Yifang
Chipotle Chipotle
MemorialGlade MemorialGlade
EastAsianLibrary EastAsianLibrary
LittleCampanile LittleCampanile
Gypsys Gypsys
