Shelf0 Whale137 Ring169 Puppy140 Mail22 Allergies103 Mail22 Ring82 Android196 Dog168 Towel92 Poop5 Robot164 Whale114 Urine124 Male149 Urine124 Comics107 Nuclear65 Poop76 Mail6 Body55 Clock2 Puppy117 Ice165 Water38 System183 Kitty89 Horse148 Kitty89 Nuclear35 Rollers14 BBQ36 Urine20 Websites94 Fusion34 Websites94 Poop80 Fusion104 Solar71 Breakfast85 BBQ167 Cat15 Leash46 Cat70 Running66 System79 Drugs195 Running177 Hnads116 Drugs39 Puppy133 Leash136 Towel154 Dislike143 Allergies176 Sink96 Shoe17 Soap58 Shoes8 Dislike12 Shoes8 Boat67 Shoe174 Elevator115 Dog181 Plants118 Robot51 YouTube44 Ice41 Laptop19 Ice41 Shelf40 Hnads182 Plus78 Urine97 Soda197 Dislike27 Book24 Dislike27 Flowers178 Settings75 Sink109 Shower47 Sink109 Shower57 Whale31 Cat187 Printer188 Cat187 Whale31 Clock61 Whale126 Post158 Monster175 Toolbox72 Ice9 Solar162 Kitty194 Solar162 Website190 Water135 Rollers95 Kitty98 Laptop125 Water29 Solar192 Soda119 YouTube33 Crab83 Soap64 Clock139 Websites4 Allergies88 Leash77 Poop150 Robot93 Towel123 System156 Nuclear18 Solar130 Book171 Comics28 Light30 Toolbox146 Monster73 Drugs184 Toilet13 Toolbox153 Shelf0
100
Shelf0 Shelf0
Whale137 Whale137
Ring169 Ring169
Puppy140 Puppy140
Mail22 Mail22
Allergies103 Allergies103
Ring82 Ring82
Android196 Android196
Dog168 Dog168
Towel92 Towel92
Robot164 Robot164
Whale114 Whale114
Urine124 Urine124
Male149 Male149
Comics107 Comics107
Poop76 Poop76
Mail6 Mail6
Body55 Body55
Clock2 Clock2
Puppy117 Puppy117
Ice165 Ice165
Water38 Water38
System183 System183
Kitty89 Kitty89
Horse148 Horse148
Nuclear35 Nuclear35
Rollers14 Rollers14
BBQ36 BBQ36
Urine20 Urine20
Fusion34 Fusion34
Poop80 Poop80
Fusion104 Fusion104
Solar71 Solar71
Breakfast85 Breakfast85
Cat15 Cat15
System79 System79
Drugs195 Drugs195
Hnads116 Hnads116
Drugs39 Drugs39
Towel154 Towel154
Dislike143 Dislike143
Allergies176 Allergies176
Shoe17 Shoe17
Soap58 Soap58
Shoes8 Shoes8
Dislike12 Dislike12
Boat67 Boat67
Shoe174 Shoe174
Dog181 Dog181
Plants118 Plants118
Robot51 Robot51
Ice41 Ice41
Laptop19 Laptop19
Shelf40 Shelf40
Hnads182 Hnads182
Plus78 Plus78
Urine97 Urine97
Soda197 Soda197
Dislike27 Dislike27
Book24 Book24
Flowers178 Flowers178
Settings75 Settings75
Sink109 Sink109
Shower47 Shower47
Shower57 Shower57
Cat187 Cat187
Printer188 Printer188
Clock61 Clock61
Whale126 Whale126
Post158 Post158
Monster175 Monster175
Toolbox72 Toolbox72
Ice9 Ice9
Solar162 Solar162
Kitty194 Kitty194
Website190 Website190
Water135 Water135
Rollers95 Rollers95
Kitty98 Kitty98
Laptop125 Laptop125
Water29 Water29
Solar192 Solar192
Soda119 Soda119
Crab83 Crab83
Soap64 Soap64
Clock139 Clock139
Websites4 Websites4
Allergies88 Allergies88
Leash77 Leash77
Poop150 Poop150
Robot93 Robot93
System156 System156
Nuclear18 Nuclear18
Solar130 Solar130
Book171 Book171
Light30 Light30
Toolbox146 Toolbox146
Monster73 Monster73
Toilet13 Toilet13
Toolbox153 Toolbox153
