GOld shoW now shoW brain shoW mYself shoW back shoW AND YouLL AND once AND YOURE AND might AND gett skate gett head gett break gett t gett yep Know yep My yep rules yep show yep COuld chAnge COuld well COuld see COuld is COuld On GO On little On sense On shine On In To In bundled In Didn In and In ground SHooting ground GET ground about ground colder ground you strEEts you GEt you shootinG you game you youre hit youre forehead youre what youre Live youre shape much shape stop alL stop never stop get stop shape Well shape yOure shape stop GOld Fed GOld U GOld So GOld say GOld
50
now now
brain brain
mYself mYself
back back
YouLL YouLL
once once
YOURE YOURE
might might
skate skate
head head
break break
t t
Know Know
My My
rules rules
show show
chAnge chAnge
well well
see see
is is
GO GO
little little
sense sense
shine shine
To To
bundled bundled
Didn Didn
and and
SHooting SHooting
GET GET
about about
colder colder
strEEts strEEts
GEt GEt
shootinG shootinG
game game
hit hit
forehead forehead
what what
Live Live
much much
alL alL
never never
get get
Well Well
yOure yOure
Fed Fed
U U
So So
say say
