ROck maKe ROck cool ROck MOld ROck AND getting AND bundled AND Didn AND U AND you brain you roll you in you YouLL you bored YoULL bored mYself bored THat bored the bored tool OnLy tool So tool years tool coNcept tool plAy strEEts plAy fRom plAy her plAy And plAy Live sharpest Live Didnt Live noW Live youre Live up might up For up tHat up way up But wait But told But stop But they t they get they COuld now COuld gEts COuld gas shine gas re gas said gas gold gas COuld wrong COuld me COuld they sense they running they But like But they COuld gas thin To thin uSe thin back thin live thin myself well myself staR myself know myself Hey myself dumb glitters dumb Star dumb this dumb OnLY dumb coming shape coming geTS coming On coming shootinG coming aLl forehead aLl differ aLl runningj aLl stAr aLl yep Well yep about yep of yep use yep I GO I rules I with I head I men skate men water men break men meteor men if shoW if thumb if gliTTers if ice if play all play Fed play see play ground play You Only You dONt You GeT You need You till gOld till satellite till YOURE till HEY till little Your little doNt little Judging little GEt little ROck Know ROck
100
maKe maKe
cool cool
MOld MOld
getting getting
bundled bundled
Didn Didn
U U
brain brain
roll roll
in in
YouLL YouLL
YoULL YoULL
mYself mYself
THat THat
the the
OnLy OnLy
So So
years years
coNcept coNcept
strEEts strEEts
fRom fRom
her her
And And
sharpest sharpest
Didnt Didnt
noW noW
youre youre
might might
For For
tHat tHat
way way
wait wait
told told
stop stop
t t
get get
now now
gEts gEts
shine shine
re re
said said
gold gold
wrong wrong
me me
sense sense
running running
like like
To To
uSe uSe
back back
live live
well well
staR staR
know know
Hey Hey
glitters glitters
Star Star
this this
OnLY OnLY
shape shape
geTS geTS
On On
shootinG shootinG
forehead forehead
differ differ
runningj runningj
stAr stAr
Well Well
about about
of of
use use
GO GO
rules rules
with with
head head
skate skate
water water
break break
meteor meteor
shoW shoW
thumb thumb
gliTTers gliTTers
ice ice
all all
Fed Fed
see see
ground ground
Only Only
dONt dONt
GeT GeT
need need
gOld gOld
satellite satellite
YOURE YOURE
HEY HEY
Your Your
doNt doNt
Judging Judging
GEt GEt
Know Know
