hutmk ugamb vczkh spuoi mzlsn abupm artvi vmgxh ugyls yzaje lcghr lskxo oscrv mlfbi lsnhz gxdqt bcrwj ijofp ywion ijvuq xeljy misyc urlkt xintv coubd xnysi cursl tyuep zsehb hopbn qdzgs tejxc aqzce axmwy yiodb otirh aeomh lnfiu rlfxc ablxw yaxts dowbf omjfc hutmk
40
ugamb ugamb
vczkh vczkh
spuoi spuoi
mzlsn mzlsn
artvi artvi
vmgxh vmgxh
ugyls ugyls
yzaje yzaje
lcghr lcghr
oscrv oscrv
mlfbi mlfbi
lsnhz lsnhz
gxdqt gxdqt
bcrwj bcrwj
ijofp ijofp
ywion ywion
ijvuq ijvuq
xeljy xeljy
misyc misyc
urlkt urlkt
xintv xintv
coubd coubd
xnysi xnysi
cursl cursl
tyuep tyuep
zsehb zsehb
hopbn hopbn
qdzgs qdzgs
tejxc tejxc
aqzce aqzce
axmwy axmwy
yiodb yiodb
otirh otirh
aeomh aeomh
lnfiu lnfiu
rlfxc rlfxc
ablxw ablxw
yaxts yaxts
dowbf dowbf
omjfc omjfc
