hdpxs oxitr oaeyh mtcsd pytwh gstwp pytwh tmwdy mlibf rlumh nqtru sxdiu hwmzn crlfe vgwoi dkjro ohzfn iyuas ktzce uiogl xnpwq bwknx wotiq amfiz rchbw lmwpk frhgc ahnds cqsby yqtob glrpy dbjxw yazqf lnjxt ymcfp jhlus zqjxb uklga qckjp wdquv rjuxc ebwcp bdevm ehqyk yqfdk zcjqx ypdnb fjdqi oxuqn rzvtg ayrgb tjake mhuad cxdes oewcd osvgp btwzv tkwle armnk bkfuc olqfv pgqva stflc syoxf gdnim lpudv yvbse evsbm wajol qbdwz maqho syoxv mhekz gufvs kjihy wkbuf qpbmc kzwah mujil pihld xcvow aedvq qhvsb vobqh drojn xlrzc kscoz jcwpu joztf cxajk evtgj qhibx rjdai tndwl zntkr wcjeg gdovn utdhx qsmkj vcwfj htkwy bsvth wnelr cihba osxbc hdpxs
100
oxitr oxitr
oaeyh oaeyh
mtcsd mtcsd
pytwh pytwh
gstwp gstwp
tmwdy tmwdy
mlibf mlibf
rlumh rlumh
nqtru nqtru
sxdiu sxdiu
hwmzn hwmzn
vgwoi vgwoi
dkjro dkjro
ohzfn ohzfn
iyuas iyuas
ktzce ktzce
uiogl uiogl
xnpwq xnpwq
bwknx bwknx
wotiq wotiq
amfiz amfiz
rchbw rchbw
lmwpk lmwpk
frhgc frhgc
ahnds ahnds
cqsby cqsby
yqtob yqtob
dbjxw dbjxw
yazqf yazqf
lnjxt lnjxt
ymcfp ymcfp
jhlus jhlus
zqjxb zqjxb
uklga uklga
qckjp qckjp
wdquv wdquv
rjuxc rjuxc
ebwcp ebwcp
bdevm bdevm
ehqyk ehqyk
yqfdk yqfdk
zcjqx zcjqx
ypdnb ypdnb
fjdqi fjdqi
oxuqn oxuqn
rzvtg rzvtg
ayrgb ayrgb
tjake tjake
mhuad mhuad
cxdes cxdes
oewcd oewcd
osvgp osvgp
btwzv btwzv
tkwle tkwle
armnk armnk
bkfuc bkfuc
pgqva pgqva
stflc stflc
syoxf syoxf
gdnim gdnim
lpudv lpudv
yvbse yvbse
evsbm evsbm
wajol wajol
qbdwz qbdwz
maqho maqho
syoxv syoxv
mhekz mhekz
gufvs gufvs
kjihy kjihy
wkbuf wkbuf
qpbmc qpbmc
kzwah kzwah
mujil mujil
pihld pihld
xcvow xcvow
aedvq aedvq
qhvsb qhvsb
vobqh vobqh
drojn drojn
xlrzc xlrzc
kscoz kscoz
jcwpu jcwpu
joztf joztf
cxajk cxajk
evtgj evtgj
qhibx qhibx
rjdai rjdai
tndwl tndwl
zntkr zntkr
wcjeg wcjeg
gdovn gdovn
utdhx utdhx
qsmkj qsmkj
vcwfj vcwfj
htkwy htkwy
bsvth bsvth
wnelr wnelr
cihba cihba
osxbc osxbc
