Aberdeen Reno Scranton Gainesville Lewisville StPetersburg Lakewood Columbia GreenBay McAllen Marina McAllen Modesto SanBernardino Hartford Miramar Norwalk Racine Elkhart Pensacola Newburgh Hampton Reno Springdale Reno SouthLyon Montgomery Kennewick WestValleyCity Henderson Austin Winston Tuscaloosa Hampton Lowell Chattanooga SaltLakeCity Redding SanAntonio Aberdeen
25
Reno Reno
Gainesville Gainesville
Lewisville Lewisville
StPetersburg StPetersburg
GreenBay GreenBay
Marina Marina
Modesto Modesto
SanBernardino SanBernardino
Miramar Miramar
Racine Racine
Pensacola Pensacola
Newburgh Newburgh
Hampton Hampton
Springdale Springdale
SouthLyon SouthLyon
Montgomery Montgomery
WestValleyCity WestValleyCity
Henderson Henderson
Austin Austin
Winston Winston
Tuscaloosa Tuscaloosa
Lowell Lowell
Chattanooga Chattanooga
SaltLakeCity SaltLakeCity
SanAntonio SanAntonio
