Hayward Asheville Durham Bloomington Durham Asheville CedarRapids Memphis Winston Murrieta Tampa Murrieta Winston Wilmington Washington LakeCharles Newark NewYorkCity Kennewick Barnstable Kennewick PuntaGorda Omaha Topeka Montgomery ThousandOaks Montgomery SantaCruz Milwaukee Monroe BelAir York NewBedford Aurora Bakersfield Aurora Tucson PalmBay Torrance McHenry Springdale Corona Modesto Hampton RichmondCounty Charlotte Hickory HuntingtonBeach Hickory Tyler Hickory Winston Memphis CedarRapids Burbank Chicago Burbank Danbury Atlanta McAllen KansasCity Huntsville Yonkers Waterloo Yonkers Huntsville Bradenton SaintPaul AtlanticCity Rochester Downey Abilene Atlanta Abilene GrandRapids SaintLouis Harlingen Waco Corona Deltona Durham Asheville Hayward SantaClara Hayward
50
Asheville Asheville
Durham Durham
Bloomington Bloomington
CedarRapids CedarRapids
Memphis Memphis
Tampa Tampa
LakeCharles LakeCharles
Newark Newark
NewYorkCity NewYorkCity
Kennewick Kennewick
Barnstable Barnstable
PuntaGorda PuntaGorda
Omaha Omaha
Topeka Topeka
ThousandOaks ThousandOaks
SantaCruz SantaCruz
Monroe Monroe
BelAir BelAir
York York
NewBedford NewBedford
Aurora Aurora
Bakersfield Bakersfield
Tucson Tucson
PalmBay PalmBay
Torrance Torrance
McHenry McHenry
Springdale Springdale
Modesto Modesto
Hampton Hampton
RichmondCounty RichmondCounty
Charlotte Charlotte
Hickory Hickory
HuntingtonBeach HuntingtonBeach
Tyler Tyler
Burbank Burbank
Chicago Chicago
Danbury Danbury
Atlanta Atlanta
McAllen McAllen
Huntsville Huntsville
Yonkers Yonkers
Waterloo Waterloo
Bradenton Bradenton
SaintPaul SaintPaul
Downey Downey
GrandRapids GrandRapids
Harlingen Harlingen
Waco Waco
Deltona Deltona
SantaClara SantaClara
