AndyandZeyu h g j i f AndyandZeyu i11 h11 AndyandZeyu11 j10 g11 f11 AndyandZeyu f6 g6 j5 AndyandZeyu6 h6 i6 AndyandZeyu f16 g16 j15 AndyandZeyu16 h16 i16 AndyandZeyu f4 i4 h4 g4 AndyandZeyu f9 i9 h9 g9 AndyandZeyu j0 g0 AndyandZeyu0 i0 f0 h0 f0 AndyandZeyu j18 j17 h18 f18 g18 f18 AndyandZeyu AndyandZeyu12 j11 g12 h12 b12 i12 f12 AndyandZeyu i8 h8 j7 j8 f8 g8 AndyandZeyu e15 g15 h15 j14 f15 i15 AndyandZeyu i10 f10 j9 h10 g10 e10 AndyandZeyu i3 h3 g3 j3 f3 AndyandZeyu i18 AndyandZeyu g1 f1 j1 i1 h1 AndyandZeyu e5 g5 h5 j4 f5 i5 AndyandZeyu f14 i14 h14 g14 AndyandZeyu f17 i17 j16 g17 h17 b17 f17 AndyandZeyu f7 b7 h7 g7 j6 i7 f7 AndyandZeyu i13 h13 j12 j13 f13 g13 AndyandZeyu j2 f2 h2 i2 c2 g2 AndyandZeyu
100
h h
g g
j j
i i
f f
i11 i11
h11 h11
j10 j10
g11 g11
f11 f11
f6 f6
g6 g6
j5 j5
h6 h6
i6 i6
f16 f16
g16 g16
j15 j15
h16 h16
i16 i16
f4 f4
i4 i4
h4 h4
g4 g4
f9 f9
i9 i9
h9 h9
g9 g9
j0 j0
g0 g0
i0 i0
f0 f0
h0 h0
j18 j18
j17 j17
h18 h18
f18 f18
g18 g18
j11 j11
g12 g12
h12 h12
i12 i12
f12 f12
i8 i8
h8 h8
j7 j7
j8 j8
f8 f8
g8 g8
g15 g15
h15 h15
j14 j14
f15 f15
i15 i15
i10 i10
f10 f10
j9 j9
h10 h10
g10 g10
i3 i3
h3 h3
g3 g3
j3 j3
f3 f3
i18 i18
g1 g1
f1 f1
j1 j1
i1 i1
h1 h1
g5 g5
h5 h5
j4 j4
f5 f5
i5 i5
f14 f14
i14 i14
h14 h14
g14 g14
f17 f17
i17 i17
j16 j16
g17 g17
h17 h17
f7 f7
h7 h7
g7 g7
j6 j6
i7 i7
i13 i13
h13 h13
j12 j12
j13 j13
f13 f13
g13 g13
j2 j2
f2 f2
h2 h2
i2 i2
g2 g2
