AndyandZeyu g2 c2 i2 h2 f2 j2 AndyandZeyu i3 h3 g3 j3 f3 AndyandZeyu i8 h8 f8 g8 f8 j8 j7 j8 AndyandZeyu f7 b7 h7 g7 j6 i7 f7 AndyandZeyu i5 f5 j4 h5 g5 e5 AndyandZeyu i1 j1 f1 b1 h1 g1 AndyandZeyu f0 h0 f0 i0 AndyandZeyu0 g0 j0 AndyandZeyu g4 h4 i4 f4 AndyandZeyu i6 h6 AndyandZeyu6 j5 g6 f6 AndyandZeyu f i j g h AndyandZeyu
50
g2 g2
i2 i2
h2 h2
f2 f2
j2 j2
i3 i3
h3 h3
g3 g3
j3 j3
f3 f3
i8 i8
h8 h8
f8 f8
g8 g8
j8 j8
j7 j7
f7 f7
h7 h7
g7 g7
j6 j6
i7 i7
i5 i5
f5 f5
j4 j4
h5 h5
g5 g5
i1 i1
j1 j1
f1 f1
h1 h1
g1 g1
f0 f0
h0 h0
i0 i0
g0 g0
j0 j0
g4 g4
h4 h4
i4 i4
f4 f4
i6 i6
h6 h6
j5 j5
g6 g6
f6 f6
f f
i i
j j
g g
h h
