0 199 190 194 190 192 190 197 198 191 189 174 182 174 178 174 176 174 186 174 173 157 168 157 158 157 163 157 172 157 156 155 154 153 152 151 147 148 147 138 137 136 137 139 146 139 144 143 142 141 140 138 147 151 152 153 154 155 156 157 173 174 189 190 199 0 1 19 21 31 30 31 21 23 21 32 44 45 51 50 49 48 49 50 51 41 40 41 51 52 62 66 67 66 62 70 71 72 73 75 86 75 87 75 88 90 104 105 106 107 111 112 120 112 114 112 121 126 127 128 129 130 129 128 125 124 123 122 121 112 111 110 109 108 104 90 99 98 89 100 101 100 89 91 89 94 89 88 74 82 83 82 74 76 74 73 65 64 63 62 52 53 54 52 56 52 51 43 42 32 33 32 20 24 25 24 20 19 1 7 6 5 4 3 2 1 15 1 17 1 0
50
194 194
192 192
198 198
182 182
178 178
176 176
186 186
168 168
158 158
163 163
172 172
154 154
148 148
136 136
146 146
142 142
30 30
23 23
44 44
48 48
40 40
67 67
72 72
86 86
87 87
105 105
120 120
114 114
127 127
130 130
124 124
108 108
99 99
101 101
91 91
94 94
83 83
76 76
64 64
53 53
54 54
56 56
42 42
33 33
25 25
7 7
4 4
2 2
15 15
17 17
