IvOdahrtFwzZ fblrDraNAUxK IQvKLYGCcCbd HEwqlaeMfSzl tARvBeqQDqSY fiHhqLtPfdZy aSpDrTbKBytW AoaIXEzdsCrm mvdksSctoMVi ppfBOAvWYXyJ vkOqMvrCUWYf mZUBOQTZyXOM cpNycWVdmzHJ QDhUZstsJKtV UGahWpWtmUQn AhJBAeSEuUkL LNoKVqXhLEzn NMSHhfMtAJZb WWtfhwMSzfGW HVwGkspnDHbf IcNVObbuvzWY zypYDSZfKAvD ubtvaUeVUfmV oKIKkmsSWzmH wHeDieHMYzAK ZPYnROAizafx sFSBpaJxLpBT TZmWJenJbEsV ocysUjOwnenm aXlcDzbXwAJW FkNlSGMBOUbz SKbQkQUhqQEt RQBxIsRWzmfl pjemGRILnFei GvyjKkGcUdcI jXgKDXnEJsra nlzJUuBrsbXD oOIjuHJcVRiV IfTQNEFsiTgr QFfSmYtuSTPl TTwdgXpOLyxF TglqUXfjbefC PKHkuTHeRXhO WRiugWLCujBI zcAOlsVDUDkc qlMzHEurfTvO WHSGrQQrrotE WnABnktZDxMx evRMhyiHKGXv gXcuqckdTdIP WsLfQLsirtHk dXlgwkdKhUmB EOKLHvbbCToE NxxrxPgsnMqG hPSXtHMMyKAK KtoZVrQmJWki zCWezcJmUGqs yVSfaizVeLPT mgKEFEWheOqk qFGlIHDqKyPA JNoAmCxHcsYw QZQElPdcHxru gJMLzBkWmUoV YGzazHdyrGCd RGYiIUdVAiVL sTgUExIipvWV PFpQuVVRxbvV gkTmCiZxFrJw YvLRANdegrdA qxhFFIUEfnzV ctZWqndwhbJm touUfboeiIya nxbMBCPhfQij yFQWQWtUUMle lznMKRYSMheH XwPJYwaGcHxO uzYTzVwixczQ EKWhDcEeEkGK nschEYWjrAsr ypApeqMQPnQA QxNjgiXciQma ybLCwZqVZKud wXjNgGRCXYRl cQFNlImsTWTM lRgeGnDJBtMa OIjApACwnyqG DiKlonktcqTP EwXugPkGUVkm AQgpWBullbIi zOkfhFVfOKVi UYTxhnOtiPHB nKmMbiEuiffc jXOmYlZmvqnI hLCSOZLNEdhX xXoCKkdkKAne nyTRNDRCsANl cRekprdsHHWw quZcTYtpBjSn yHOsEGOhjOLt JpwDMOwQmqOp WUqhotrexTBp IvOdahrtFwzZ
100
fblrDraNAUxK fblrDraNAUxK
IQvKLYGCcCbd IQvKLYGCcCbd
HEwqlaeMfSzl HEwqlaeMfSzl
tARvBeqQDqSY tARvBeqQDqSY
fiHhqLtPfdZy fiHhqLtPfdZy
aSpDrTbKBytW aSpDrTbKBytW
AoaIXEzdsCrm AoaIXEzdsCrm
mvdksSctoMVi mvdksSctoMVi
ppfBOAvWYXyJ ppfBOAvWYXyJ
vkOqMvrCUWYf vkOqMvrCUWYf
mZUBOQTZyXOM mZUBOQTZyXOM
cpNycWVdmzHJ cpNycWVdmzHJ
QDhUZstsJKtV QDhUZstsJKtV
UGahWpWtmUQn UGahWpWtmUQn
AhJBAeSEuUkL AhJBAeSEuUkL
LNoKVqXhLEzn LNoKVqXhLEzn
NMSHhfMtAJZb NMSHhfMtAJZb
WWtfhwMSzfGW WWtfhwMSzfGW
HVwGkspnDHbf HVwGkspnDHbf
IcNVObbuvzWY IcNVObbuvzWY
zypYDSZfKAvD zypYDSZfKAvD
ubtvaUeVUfmV ubtvaUeVUfmV
oKIKkmsSWzmH oKIKkmsSWzmH
wHeDieHMYzAK wHeDieHMYzAK
ZPYnROAizafx ZPYnROAizafx
sFSBpaJxLpBT sFSBpaJxLpBT
TZmWJenJbEsV TZmWJenJbEsV
ocysUjOwnenm ocysUjOwnenm
aXlcDzbXwAJW aXlcDzbXwAJW
FkNlSGMBOUbz FkNlSGMBOUbz
SKbQkQUhqQEt SKbQkQUhqQEt
RQBxIsRWzmfl RQBxIsRWzmfl
pjemGRILnFei pjemGRILnFei
GvyjKkGcUdcI GvyjKkGcUdcI
jXgKDXnEJsra jXgKDXnEJsra
nlzJUuBrsbXD nlzJUuBrsbXD
oOIjuHJcVRiV oOIjuHJcVRiV
IfTQNEFsiTgr IfTQNEFsiTgr
QFfSmYtuSTPl QFfSmYtuSTPl
TTwdgXpOLyxF TTwdgXpOLyxF
TglqUXfjbefC TglqUXfjbefC
PKHkuTHeRXhO PKHkuTHeRXhO
WRiugWLCujBI WRiugWLCujBI
zcAOlsVDUDkc zcAOlsVDUDkc
qlMzHEurfTvO qlMzHEurfTvO
WHSGrQQrrotE WHSGrQQrrotE
WnABnktZDxMx WnABnktZDxMx
evRMhyiHKGXv evRMhyiHKGXv
gXcuqckdTdIP gXcuqckdTdIP
WsLfQLsirtHk WsLfQLsirtHk
dXlgwkdKhUmB dXlgwkdKhUmB
EOKLHvbbCToE EOKLHvbbCToE
NxxrxPgsnMqG NxxrxPgsnMqG
hPSXtHMMyKAK hPSXtHMMyKAK
KtoZVrQmJWki KtoZVrQmJWki
zCWezcJmUGqs zCWezcJmUGqs
yVSfaizVeLPT yVSfaizVeLPT
mgKEFEWheOqk mgKEFEWheOqk
qFGlIHDqKyPA qFGlIHDqKyPA
JNoAmCxHcsYw JNoAmCxHcsYw
QZQElPdcHxru QZQElPdcHxru
gJMLzBkWmUoV gJMLzBkWmUoV
YGzazHdyrGCd YGzazHdyrGCd
RGYiIUdVAiVL RGYiIUdVAiVL
sTgUExIipvWV sTgUExIipvWV
PFpQuVVRxbvV PFpQuVVRxbvV
gkTmCiZxFrJw gkTmCiZxFrJw
YvLRANdegrdA YvLRANdegrdA
qxhFFIUEfnzV qxhFFIUEfnzV
ctZWqndwhbJm ctZWqndwhbJm
touUfboeiIya touUfboeiIya
nxbMBCPhfQij nxbMBCPhfQij
yFQWQWtUUMle yFQWQWtUUMle
lznMKRYSMheH lznMKRYSMheH
XwPJYwaGcHxO XwPJYwaGcHxO
uzYTzVwixczQ uzYTzVwixczQ
EKWhDcEeEkGK EKWhDcEeEkGK
nschEYWjrAsr nschEYWjrAsr
ypApeqMQPnQA ypApeqMQPnQA
QxNjgiXciQma QxNjgiXciQma
ybLCwZqVZKud ybLCwZqVZKud
wXjNgGRCXYRl wXjNgGRCXYRl
cQFNlImsTWTM cQFNlImsTWTM
lRgeGnDJBtMa lRgeGnDJBtMa
OIjApACwnyqG OIjApACwnyqG
DiKlonktcqTP DiKlonktcqTP
EwXugPkGUVkm EwXugPkGUVkm
AQgpWBullbIi AQgpWBullbIi
zOkfhFVfOKVi zOkfhFVfOKVi
UYTxhnOtiPHB UYTxhnOtiPHB
nKmMbiEuiffc nKmMbiEuiffc
jXOmYlZmvqnI jXOmYlZmvqnI
hLCSOZLNEdhX hLCSOZLNEdhX
xXoCKkdkKAne xXoCKkdkKAne
nyTRNDRCsANl nyTRNDRCsANl
cRekprdsHHWw cRekprdsHHWw
quZcTYtpBjSn quZcTYtpBjSn
yHOsEGOhjOLt yHOsEGOhjOLt
JpwDMOwQmqOp JpwDMOwQmqOp
WUqhotrexTBp WUqhotrexTBp
