MfdzFvsdGbvl RICmsRCgzRsB TbekQRoKcInv EoEdLMroSPNp QHpWWcCYavdw PUcvIgREsriS ZjfLZjjegWJT noaMakAlHdwq pQCFwcmaYfTN uFHfCerNFIme GuSSYBNHDbKE rVqgoVgUmLRB deJmWrylVSGK GKWfMfVZxbJi VyXrTLUcizAa QifLRRQkbeZy tywOQDwDhjwZ jBrNTBMPxyQD MOpktZzuQRCH PvZWLvSzyZfH UVLyMXgqTFaJ pkzKsTORVYro FCrKCfVsEsBk BbyhqvohDUZK rrRAqFcoDYfk FBJfxxErGDSJ AMizjBPjmCZd VARFNCcqfgIc DvRTDyBMOCbT axLiuEEXvnsQ arcJTkwUqbUy SgyAcloZDNJV NlmuUUVQUbgI dDFWxTbuPymh PQTqeEtJjrHq IHnRSACwPeSd hLGIbMiwjPgd PnbamVANEguC buqjmAINqGzN SojgLCNtJNvq ymJllvoAiAsf hCxjbMrSlUJQ plKUVNXwKfVb dFUHctNjrywb MLnLJmQHwuOS DFscNnuMhxUC BkcPMTugAswL mtRsLIzrlNLu GemeldahvdVv mFYKjQfCsRtT MkUBuIisCVpZ AGbRQRBgaOdX MfdzFvsdGbvl
50
RICmsRCgzRsB RICmsRCgzRsB
TbekQRoKcInv TbekQRoKcInv
EoEdLMroSPNp EoEdLMroSPNp
QHpWWcCYavdw QHpWWcCYavdw
PUcvIgREsriS PUcvIgREsriS
ZjfLZjjegWJT ZjfLZjjegWJT
noaMakAlHdwq noaMakAlHdwq
pQCFwcmaYfTN pQCFwcmaYfTN
uFHfCerNFIme uFHfCerNFIme
GuSSYBNHDbKE GuSSYBNHDbKE
rVqgoVgUmLRB rVqgoVgUmLRB
deJmWrylVSGK deJmWrylVSGK
GKWfMfVZxbJi GKWfMfVZxbJi
VyXrTLUcizAa VyXrTLUcizAa
QifLRRQkbeZy QifLRRQkbeZy
tywOQDwDhjwZ tywOQDwDhjwZ
jBrNTBMPxyQD jBrNTBMPxyQD
MOpktZzuQRCH MOpktZzuQRCH
PvZWLvSzyZfH PvZWLvSzyZfH
UVLyMXgqTFaJ UVLyMXgqTFaJ
pkzKsTORVYro pkzKsTORVYro
FCrKCfVsEsBk FCrKCfVsEsBk
BbyhqvohDUZK BbyhqvohDUZK
rrRAqFcoDYfk rrRAqFcoDYfk
AMizjBPjmCZd AMizjBPjmCZd
VARFNCcqfgIc VARFNCcqfgIc
DvRTDyBMOCbT DvRTDyBMOCbT
axLiuEEXvnsQ axLiuEEXvnsQ
arcJTkwUqbUy arcJTkwUqbUy
SgyAcloZDNJV SgyAcloZDNJV
NlmuUUVQUbgI NlmuUUVQUbgI
dDFWxTbuPymh dDFWxTbuPymh
PQTqeEtJjrHq PQTqeEtJjrHq
IHnRSACwPeSd IHnRSACwPeSd
hLGIbMiwjPgd hLGIbMiwjPgd
PnbamVANEguC PnbamVANEguC
buqjmAINqGzN buqjmAINqGzN
SojgLCNtJNvq SojgLCNtJNvq
ymJllvoAiAsf ymJllvoAiAsf
hCxjbMrSlUJQ hCxjbMrSlUJQ
plKUVNXwKfVb plKUVNXwKfVb
dFUHctNjrywb dFUHctNjrywb
MLnLJmQHwuOS MLnLJmQHwuOS
DFscNnuMhxUC DFscNnuMhxUC
BkcPMTugAswL BkcPMTugAswL
mtRsLIzrlNLu mtRsLIzrlNLu
GemeldahvdVv GemeldahvdVv
mFYKjQfCsRtT mFYKjQfCsRtT
MkUBuIisCVpZ MkUBuIisCVpZ
AGbRQRBgaOdX AGbRQRBgaOdX
