MHnVCXOJJwOI UvfnFwkwYqFk YfpLHnDpSXzc ltlOmMSvjmIL SPoMbAzxrqrj cXYRsTNMJDHO oClepMbylsqk jmWqilJNXyuV SJPfUQrbAbqM GLfJulJDWdHA RWoTZCNhceUR NkzUoyRYPnbb KKNtdnAHmUpc AZrILCuGwbtV MlFqcqjWiUdI NmmqQKqzdERM ilCjMogPnNTK YbGvPudTcbyh bVDkAfQbeTmx crcFIKqbaYTC svpVoYHpEpjH FhVNapbaoZOZ phTlHtTwrYOU GoPPViXuIoMW JCPkGQQBkgge PCNGxUSnzrYJ MHnVCXOJJwOI
25
UvfnFwkwYqFk UvfnFwkwYqFk
YfpLHnDpSXzc YfpLHnDpSXzc
ltlOmMSvjmIL ltlOmMSvjmIL
SPoMbAzxrqrj SPoMbAzxrqrj
cXYRsTNMJDHO cXYRsTNMJDHO
oClepMbylsqk oClepMbylsqk
jmWqilJNXyuV jmWqilJNXyuV
SJPfUQrbAbqM SJPfUQrbAbqM
GLfJulJDWdHA GLfJulJDWdHA
RWoTZCNhceUR RWoTZCNhceUR
NkzUoyRYPnbb NkzUoyRYPnbb
KKNtdnAHmUpc KKNtdnAHmUpc
AZrILCuGwbtV AZrILCuGwbtV
MlFqcqjWiUdI MlFqcqjWiUdI
NmmqQKqzdERM NmmqQKqzdERM
ilCjMogPnNTK ilCjMogPnNTK
YbGvPudTcbyh YbGvPudTcbyh
bVDkAfQbeTmx bVDkAfQbeTmx
crcFIKqbaYTC crcFIKqbaYTC
svpVoYHpEpjH svpVoYHpEpjH
FhVNapbaoZOZ FhVNapbaoZOZ
phTlHtTwrYOU phTlHtTwrYOU
GoPPViXuIoMW GoPPViXuIoMW
JCPkGQQBkgge JCPkGQQBkgge
PCNGxUSnzrYJ PCNGxUSnzrYJ
