5 1 78 69 27 82 16 58 42 66 8 50 79 170 20 185 197 46 100 55 159 102 122 177 112 93 190 124 164 149 38 157 198 147 169 103 83 188 196 108 106 89 168 35 130 137 97 117 91 115 92 182 5
50
1 1
78 78
69 69
27 27
82 82
16 16
58 58
42 42
66 66
8 8
50 50
79 79
170 170
20 20
185 185
197 197
46 46
100 100
55 55
159 159
102 102
122 122
177 177
112 112
93 93
190 190
124 124
164 164
149 149
38 38
157 157
198 198
147 147
103 103
83 83
188 188
196 196
108 108
106 106
89 89
168 168
35 35
130 130
137 137
97 97
117 117
91 91
115 115
92 92
182 182
