0 65 147 21 147 191 194 67 178 140 187 108 166 50 83 158 17 172 184 138 111 27 39 64 75 91 116 12 62 68 101 87 157 53 29 123 26 113 61 25 171 18 30 95 5 56 106 89 42 35 2 6 144 189 125 109 162 197 23 197 155 22 168 38 150 170 193 170 161 118 16 52 122 81 129 11 136 14 105 15 44 135 60 110 60 80 164 141 104 141 102 79 196 79 51 179 47 163 1 188 7 173 96 151 145 130 10 119 182 31 34 36 71 93 71 24 156 49 124 121 198 3 152 9 40 160 66 55 142 73 59 0
100
147 147
21 21
194 194
67 67
178 178
140 140
187 187
108 108
50 50
83 83
158 158
17 17
172 172
184 184
138 138
111 111
27 27
39 39
75 75
91 91
12 12
62 62
68 68
101 101
87 87
157 157
123 123
26 26
61 61
25 25
171 171
18 18
30 30
95 95
5 5
56 56
89 89
42 42
35 35
6 6
144 144
189 189
109 109
162 162
23 23
155 155
22 22
168 168
38 38
150 150
193 193
161 161
118 118
16 16
122 122
129 129
11 11
136 136
105 105
15 15
135 135
60 60
110 110
80 80
164 164
141 141
104 104
102 102
79 79
196 196
179 179
163 163
1 1
7 7
173 173
96 96
151 151
145 145
130 130
10 10
119 119
31 31
34 34
36 36
71 71
93 93
24 24
156 156
49 49
124 124
198 198
152 152
9 9
40 40
160 160
66 66
55 55
142 142
73 73
59 59
