Soda C9 A7 A1 A7 B8 D1 D9 B9 D8 C3 E1 C3 D7 D5 C9 Soda A5 A9 A4 A3 A8 B5 C1 D3 B7 A9 A5 Soda C5 E3 E4 E5 B1 E7 E6 B3 C7 B2 C5 Soda A C I AF I J C A E P E Q U AG U Q E A D K AI AU AS AI AH AW AK AJ T K D A G N AA AP AA N S AB H B A F M AC AM AN AO X O F A Soda a g f r ak t al ak aj ak h a b k ab av ac ax l ad m b a i x u v u an ao ap y j aa z at as ar z aa j i a e p q ah ag af p o n d a Soda a0 c5 b2 e5 b1 e7 e6 b3 c7 b2 e3 c5 a0 a5 a9 a4 a3 a8 b5 c1 d3 b7 a9 a5 a0 c9 d5 d7 c3 e1 c3 d8 b9 d9 d1 b8 a7 a1 a7 c9 a0 Soda
88
C9 C9
A7 A7
A1 A1
D1 D1
D9 D9
B9 B9
C3 C3
E1 E1
D7 D7
D5 D5
A5 A5
A9 A9
A3 A3
B5 B5
C1 C1
D3 D3
B7 B7
C5 C5
E3 E3
E5 E5
B1 B1
E7 E7
B3 B3
C7 C7
AF AF
J J
P P
Q Q
AG AG
AU AU
AS AS
AW AW
T T
N N
AP AP
AB AB
H H
AC AC
AO AO
f f
r r
t t
al al
aj aj
h h
b b
ab ab
av av
ax ax
l l
ad ad
x x
v v
an an
ap ap
j j
z z
at at
ar ar
p p
ah ah
af af
n n
d d
c5 c5
e5 e5
b1 b1
e7 e7
b3 b3
c7 c7
e3 e3
a5 a5
a9 a9
a3 a3
b5 b5
c1 c1
d3 d3
b7 b7
c9 c9
d5 d5
d7 d7
c3 c3
e1 e1
b9 b9
d9 d9
d1 d1
a7 a7
a1 a1
