SabrinaSiriPrince50 X8iWp cRUJh DrLs7 4MOkB 9HL6t yJVF4 DrLs7 SVxWg nbohZ d2ZYh SVxWg cRUJh duKKu 11x30 OSLHQ EZqNK WcEcU 11x30 YgbLl Wutnl 5X0EW vmJdf YgbLl duKKu X8iWp M7N2p gInwM X9US9 i3qsm X9US9 gInwM M7N2p 7QUXg nannc 7QUXg M7N2p cwf5o M7N2p rFWcq M7N2p HVYtd Bjd2k HVYtd M7N2p bXm0A nMJpi bXm0A M7N2p V7iEC M7N2p aHwNY UBrR9 plb6L Ms6jj 0kSSC H8qqB 52PwN UBrR9 aHwNY SabrinaSiriPrince50
25
4MOkB 4MOkB
9HL6t 9HL6t
yJVF4 yJVF4
nbohZ nbohZ
d2ZYh d2ZYh
OSLHQ OSLHQ
EZqNK EZqNK
WcEcU WcEcU
Wutnl Wutnl
5X0EW 5X0EW
vmJdf vmJdf
i3qsm i3qsm
nannc nannc
cwf5o cwf5o
rFWcq rFWcq
Bjd2k Bjd2k
nMJpi nMJpi
V7iEC V7iEC
aHwNY aHwNY
UBrR9 UBrR9
plb6L plb6L
Ms6jj Ms6jj
0kSSC 0kSSC
H8qqB H8qqB
52PwN 52PwN
