1 3 7 13 9 21 17 23 27 41 33 15 35 39 31 49 43 59 65 75 55 85 91 87 89 83 149 8 145 141 133 135 127 113 119 111 107 97 99 101 77 61 79 81 143 121 131 137 129 147 139 117 125 123 115 103 109 105 95 93 73 71 67 63 69 51 45 53 57 37 47 29 25 11 19 5 1
75
1 1
3 3
7 7
13 13
9 9
21 21
17 17
23 23
27 27
41 41
33 33
15 15
35 35
39 39
31 31
49 49
43 43
59 59
65 65
75 75
55 55
85 85
91 91
87 87
89 89
83 83
149 149
145 145
141 141
133 133
135 135
127 127
113 113
119 119
111 111
107 107
97 97
99 99
101 101
77 77
61 61
79 79
81 81
143 143
121 121
131 131
137 137
129 129
147 147
139 139
117 117
125 125
123 123
115 115
103 103
109 109
105 105
95 95
93 93
73 73
71 71
67 67
63 63
69 69
51 51
45 45
53 53
57 57
37 37
47 47
29 29
25 25
11 11
19 19
5 5
