Austin Jamie Joshua Steven Paige Lauren Natasha Sean Paul Scott Cassandra Robert Jordan Glenda Janet Jonathan Juan Donald Rachel Rhonda Jeanette Jennifer Walter Garrett Dennis Monique Ralph Kari Amy Alex Eugene Elaine Kyle Melissa Edward Michael Gina Maxwell Hannah Elizabeth Mariah Ashley Patrick Danielle Robin Daniel Debra John Sara April Melinda Victoria Austin
50
Jamie Jamie
Joshua Joshua
Steven Steven
Paige Paige
Natasha Natasha
Sean Sean
Paul Paul
Scott Scott
Cassandra Cassandra
Robert Robert
Jordan Jordan
Glenda Glenda
Janet Janet
Jonathan Jonathan
Juan Juan
Donald Donald
Rachel Rachel
Rhonda Rhonda
Jeanette Jeanette
Jennifer Jennifer
Walter Walter
Garrett Garrett
Dennis Dennis
Monique Monique
Ralph Ralph
Kari Kari
Amy Amy
Alex Alex
Eugene Eugene
Elaine Elaine
Kyle Kyle
Melissa Melissa
Edward Edward
Michael Michael
Gina Gina
Maxwell Maxwell
Hannah Hannah
Elizabeth Elizabeth
Mariah Mariah
Ashley Ashley
Patrick Patrick
Danielle Danielle
Robin Robin
Daniel Daniel
Debra Debra
John John
Sara Sara
April April
Melinda Melinda
Victoria Victoria
