Jason Kelsey Wendy Ashley Melissa Timothy Jeremy John Paul Michelle Dustin Melinda Randy Nicole Jacqueline Bryan Megan Johnathan Scott Jane Mary Edwin Dana Joseph Adam Misty Jill Logan Cristian William Jose Sabrina Shawn Kathy Jennifer Amanda Carol Charles Lauren Karen Andre Christina Regina Kayla Robin April Rachel Andrew Gregory Roy Nathaniel Heather Tammy Kara Cheryl Joshua David Kyle Brittany Evan Kristen Jordan Stephen Brad Jeffrey Robert Samantha Shannon Susan Mario Claire Tristan Shane Dylan Mark Rebekah Brett Rebecca Kari Grace Mercedes Adrian Katelyn James Crystal Monica Alexandra Nicholas Laura Gabriel Brian Elizabeth Wayne Kimberly Tommy Juan Carrie Stacie Ronnie Jeffery Ricky Derek Jason
100
Kelsey Kelsey
Wendy Wendy
Ashley Ashley
Melissa Melissa
Timothy Timothy
Jeremy Jeremy
John John
Paul Paul
Michelle Michelle
Dustin Dustin
Melinda Melinda
Randy Randy
Nicole Nicole
Jacqueline Jacqueline
Bryan Bryan
Megan Megan
Johnathan Johnathan
Scott Scott
Jane Jane
Mary Mary
Edwin Edwin
Dana Dana
Joseph Joseph
Adam Adam
Misty Misty
Jill Jill
Logan Logan
Cristian Cristian
William William
Jose Jose
Sabrina Sabrina
Shawn Shawn
Kathy Kathy
Jennifer Jennifer
Amanda Amanda
Carol Carol
Charles Charles
Lauren Lauren
Karen Karen
Christina Christina
Regina Regina
Kayla Kayla
Robin Robin
April April
Rachel Rachel
Andrew Andrew
Gregory Gregory
Roy Roy
Nathaniel Nathaniel
Heather Heather
Tammy Tammy
Kara Kara
Cheryl Cheryl
Joshua Joshua
David David
Kyle Kyle
Brittany Brittany
Evan Evan
Kristen Kristen
Jordan Jordan
Stephen Stephen
Brad Brad
Jeffrey Jeffrey
Robert Robert
Samantha Samantha
Shannon Shannon
Susan Susan
Mario Mario
Claire Claire
Tristan Tristan
Shane Shane
Dylan Dylan
Mark Mark
Rebekah Rebekah
Brett Brett
Rebecca Rebecca
Kari Kari
Grace Grace
Mercedes Mercedes
Adrian Adrian
Katelyn Katelyn
James James
Crystal Crystal
Monica Monica
Alexandra Alexandra
Nicholas Nicholas
Laura Laura
Gabriel Gabriel
Brian Brian
Elizabeth Elizabeth
Wayne Wayne
Kimberly Kimberly
Tommy Tommy
Juan Juan
Carrie Carrie
Stacie Stacie
Ronnie Ronnie
Jeffery Jeffery
Ricky Ricky
Derek Derek
