Florges Zubat Manectric Tentacruel Chansey Regice Shaymin Gastrodon Moltres Celebi Bidoof Piloswine Bidoof Palossand Bouffalant Infernape Lillipup Hakamoo Buzzwole Volbeat Dialga Pichu Pidgey Bisharp Bayleef Furfrou Persian Weepinbell Tsareena Toxapex Ralts Toxapex Aurorus Carracosta Vespiquen Scolipede Pidgey Hippopotas Machoke Timburr Machoke Hippopotas Cherrim Cascoon Delibird Purrloin Poliwag Purrloin Sentret Hitmonlee Yanmega Roggenrola Wormadam Bergmite Togetic Bewear Snorlax Celesteela Dusknoir Kricketot Primarina Wailmer Poliwrath Zapdos Shieldon Girafarig Palkia Flaaffy Omastar Stufful Florges
50
Zubat Zubat
Manectric Manectric
Tentacruel Tentacruel
Regice Regice
Shaymin Shaymin
Gastrodon Gastrodon
Moltres Moltres
Celebi Celebi
Bidoof Bidoof
Piloswine Piloswine
Bouffalant Bouffalant
Infernape Infernape
Lillipup Lillipup
Hakamoo Hakamoo
Buzzwole Buzzwole
Volbeat Volbeat
Dialga Dialga
Pichu Pichu
Bisharp Bisharp
Bayleef Bayleef
Persian Persian
Weepinbell Weepinbell
Tsareena Tsareena
Ralts Ralts
Aurorus Aurorus
Carracosta Carracosta
Scolipede Scolipede
Machoke Machoke
Timburr Timburr
Cherrim Cherrim
Cascoon Cascoon
Delibird Delibird
Purrloin Purrloin
Poliwag Poliwag
Sentret Sentret
Hitmonlee Hitmonlee
Yanmega Yanmega
Wormadam Wormadam
Bergmite Bergmite
Togetic Togetic
Celesteela Celesteela
Dusknoir Dusknoir
Kricketot Kricketot
Primarina Primarina
Wailmer Wailmer
Poliwrath Poliwrath
Zapdos Zapdos
Girafarig Girafarig
Omastar Omastar
Stufful Stufful
