Glameow Spheal Inkay Spheal Gothorita Spheal Gigalith Buneary Zygarde Ivysaur Spinarak Wartortle Furret Wartortle Mudbray Fomantis Throh Glalie Throh Fomantis Poochyena Piplup Poochyena Weedle Cacturne Wailord Fennekin Gumshoos Bergmite Spiritomb Ivysaur Meganium Ivysaur Zygarde Ledian Beheeyem Golett Beheeyem Leavanny Beheeyem Wailord Feebas Togepi Sigilyph Yanma Electivire Archeops Loudred Glameow
25
Spheal Spheal
Inkay Inkay
Gothorita Gothorita
Gigalith Gigalith
Buneary Buneary
Zygarde Zygarde
Spinarak Spinarak
Furret Furret
Mudbray Mudbray
Glalie Glalie
Piplup Piplup
Wailord Wailord
Gumshoos Gumshoos
Bergmite Bergmite
Spiritomb Spiritomb
Meganium Meganium
Ledian Ledian
Beheeyem Beheeyem
Golett Golett
Leavanny Leavanny
Togepi Togepi
Yanma Yanma
Electivire Electivire
Archeops Archeops
Loudred Loudred
