Granbull PorygonZ Electrode Flygon Crabominable Kyurem Ampharos Trumbeak Mawile Spinda Spiritomb Spearow Magmortar Happiny Machamp Hitmontop Absol Lileep Remoraid Floette Spewpa Infernape Manaphy Gliscor Grumpig Budew Whimsicott Binacle Exeggcute Torracat Lapras Goomy Raichu Lycanroc Amoonguss Stunfisk Darkrai Diggersby Torkoal Greninja Mudsdale Pancham Vivillon Pancham Mudsdale Pidgeot Parasect Torchic Bagon Charmander Heatran Lampent Electrike Chatot Slakoth Ninjask Rockruff Whiscash Quilava Rufflet Arbok Metapod Chespin Typhlosion Chinchou Bonsly Sylveon Altaria Malamar Floatzel Relicanth Unown Swanna Lucario Dustox Aipom Nuzleaf Staryu Deoxys Metagross Carbink Reshiram Golbat Cinccino Heatmor Serperior Bergmite Jolteon Buizel Electivire Probopass Electivire TypeNull Cubone Butterfree Beedrill Mimikyu Glalie Charizard Tyrunt Mightyena Bronzor Roserade Carnivine Mantine Luvdisc Feraligatr Staravia Tsareena Masquerain Cosmog Crawdaunt Azurill Corphish Krookodile Cascoon Magikarp Jirachi Kangaskhan Skitty Glaceon Mawile Spinda Blissey Magmar Metang Reuniclus Bulbasaur Granbull
100
PorygonZ PorygonZ
Electrode Electrode
Flygon Flygon
Crabominable Crabominable
Ampharos Ampharos
Trumbeak Trumbeak
Mawile Mawile
Spinda Spinda
Spiritomb Spiritomb
Magmortar Magmortar
Happiny Happiny
Machamp Machamp
Hitmontop Hitmontop
Absol Absol
Lileep Lileep
Remoraid Remoraid
Floette Floette
Infernape Infernape
Gliscor Gliscor
Grumpig Grumpig
Budew Budew
Whimsicott Whimsicott
Binacle Binacle
Exeggcute Exeggcute
Torracat Torracat
Lapras Lapras
Goomy Goomy
Raichu Raichu
Lycanroc Lycanroc
Darkrai Darkrai
Diggersby Diggersby
Torkoal Torkoal
Greninja Greninja
Mudsdale Mudsdale
Vivillon Vivillon
Pidgeot Pidgeot
Torchic Torchic
Charmander Charmander
Heatran Heatran
Lampent Lampent
Electrike Electrike
Chatot Chatot
Slakoth Slakoth
Ninjask Ninjask
Rockruff Rockruff
Whiscash Whiscash
Quilava Quilava
Rufflet Rufflet
Arbok Arbok
Metapod Metapod
Chespin Chespin
Typhlosion Typhlosion
Chinchou Chinchou
Bonsly Bonsly
Sylveon Sylveon
Malamar Malamar
Floatzel Floatzel
Relicanth Relicanth
Unown Unown
Swanna Swanna
Dustox Dustox
Nuzleaf Nuzleaf
Deoxys Deoxys
Metagross Metagross
Carbink Carbink
Reshiram Reshiram
Golbat Golbat
Cinccino Cinccino
Heatmor Heatmor
Serperior Serperior
Bergmite Bergmite
Jolteon Jolteon
Buizel Buizel
Probopass Probopass
TypeNull TypeNull
Cubone Cubone
Butterfree Butterfree
Beedrill Beedrill
Mimikyu Mimikyu
Glalie Glalie
Charizard Charizard
Mightyena Mightyena
Bronzor Bronzor
Roserade Roserade
Carnivine Carnivine
Mantine Mantine
Luvdisc Luvdisc
Feraligatr Feraligatr
Tsareena Tsareena
Cosmog Cosmog
Crawdaunt Crawdaunt
Corphish Corphish
Krookodile Krookodile
Cascoon Cascoon
Jirachi Jirachi
Kangaskhan Kangaskhan
Skitty Skitty
Blissey Blissey
Magmar Magmar
Reuniclus Reuniclus
