0 52 143 83 91 83 75 130 174 101 84 81 63 149 48 189 73 177 73 131 145 149 157 197 199 27 151 17 16 98 135 106 46 15 167 85 114 103 179 156 20 126 68 66 68 50 138 31 196 2 139 108 185 113 136 193 111 40 42 155 140 70 45 137 45 19 97 59 147 82 36 125 116 109 176 117 168 134 11 171 144 74 41 72 181 152 105 55 160 6 195 68 53 166 10 92 76 198 9 88 9 26 5 128 183 87 180 69 4 141 30 34 165 89 62 23 121 102 184 35 122 162 122 7 67 13 80 0
100
52 52
143 143
83 83
91 91
75 75
130 130
174 174
84 84
81 81
63 63
149 149
48 48
189 189
177 177
131 131
145 145
157 157
197 197
199 199
27 27
151 151
17 17
16 16
98 98
106 106
46 46
85 85
114 114
103 103
179 179
156 156
20 20
126 126
66 66
50 50
138 138
31 31
196 196
139 139
108 108
185 185
136 136
111 111
40 40
42 42
140 140
70 70
45 45
137 137
19 19
97 97
59 59
147 147
82 82
36 36
125 125
116 116
109 109
176 176
117 117
168 168
134 134
11 11
171 171
144 144
74 74
72 72
181 181
152 152
105 105
55 55
160 160
195 195
53 53
166 166
10 10
76 76
198 198
9 9
88 88
26 26
128 128
183 183
87 87
180 180
69 69
4 4
30 30
34 34
62 62
23 23
121 121
102 102
184 184
35 35
122 122
162 162
67 67
13 13
80 80
