1 50 0 62 50 61 50 58 37 51 50 54 31 50 19 50 18 50 29 50 32 85 64 50 63 50 65 50 66 50 67 71 20 42 50 38 50 33 87 35 50 40 95 50 92 50 99 2 97 2 93 44 50 46 50 49 4 78 50 74 91 28 5 21 86 50 84 50 83 50 80 50 79 50 81 17 50 8 50 1
50
0 0
62 62
61 61
58 58
37 37
51 51
54 54
31 31
19 19
18 18
29 29
32 32
85 85
64 64
63 63
65 65
66 66
67 67
71 71
20 20
42 42
38 38
33 33
87 87
35 35
40 40
95 95
92 92
99 99
2 2
97 97
93 93
44 44
46 46
49 49
4 4
78 78
74 74
91 91
28 28
5 5
21 21
86 86
84 84
83 83
80 80
79 79
81 81
17 17
8 8
