1 16 160 32 163 100 157 100 153 100 150 100 148 100 142 151 177 77 100 74 100 80 175 44 100 36 100 28 100 31 100 38 100 45 196 100 194 100 192 100 189 100 188 100 186 89 129 121 59 76 50 27 29 93 25 100 24 100 26 35 22 0 100 3 100 10 100 12 8 30 170 84 124 195 178 100 180 171 54 159 199 158 21 141 100 138 100 136 100 137 155 183 100 182 125 100 113 100 111 100 117 43 131 100 134 60 191 174 100 172 100 164 105 100 101 100 97 99 193 49 119 57 100 56 100 63 115 18 100 15 100 19 88 100 86 100 82 100 83 127 55 68 1
100
1 1
16 16
160 160
32 32
163 163
157 157
153 153
150 150
148 148
142 142
151 151
177 177
77 77
74 74
80 80
175 175
44 44
36 36
28 28
31 31
38 38
45 45
196 196
194 194
192 192
189 189
188 188
186 186
89 89
129 129
121 121
59 59
76 76
50 50
27 27
29 29
93 93
25 25
24 24
26 26
35 35
22 22
0 0
3 3
10 10
12 12
8 8
30 30
170 170
84 84
124 124
195 195
178 178
180 180
171 171
54 54
159 159
199 199
158 158
21 21
141 141
138 138
136 136
137 137
155 155
183 183
182 182
125 125
113 113
111 111
117 117
43 43
131 131
134 134
60 60
191 191
174 174
172 172
164 164
105 105
101 101
97 97
99 99
193 193
49 49
119 119
57 57
56 56
63 63
115 115
18 18
15 15
19 19
88 88
86 86
82 82
83 83
127 127
55 55
68 68
