21 152 153 172 173 32 8 7 8 101 194 193 107 85 150 53 150 85 86 47 116 133 116 115 119 159 119 115 125 137 75 100 183 177 82 83 63 71 63 178 91 92 101 27 43 73 87 38 37 189 37 36 97 95 195 95 197 50 49 52 39 136 69 66 67 66 69 66 145 146 176 109 106 105 104 103 102 187 156 45 156 21 129 34 3 2 1 139 168 169 57 169 168 139 142 99 142 149 81 11 41 44 77 17 160 23 79 48 19 48 65 175 151 191 13 191 151 141 89 93 161 179 25 165 155 33 186 185 143 157 143 185 55 147 148 197 163 175 65 121 120 51 120 9 8 59 60 61 132 131 130 122 123 122 117 170 108 167 30 29 154 35 76 31 113 171 15 5 127 126 180 181 134 188 135 188 111 152 21
99
21 21
153 153
173 173
7 7
101 101
193 193
107 107
85 85
53 53
47 47
133 133
115 115
119 119
159 159
125 125
137 137
75 75
183 183
177 177
83 83
63 63
71 71
91 91
27 27
43 43
73 73
87 87
37 37
189 189
97 97
95 95
195 195
197 197
49 49
39 39
69 69
67 67
145 145
109 109
105 105
103 103
187 187
45 45
129 129
3 3
1 1
139 139
169 169
57 57
99 99
149 149
81 81
11 11
41 41
77 77
17 17
23 23
79 79
19 19
65 65
175 175
151 151
191 191
13 13
141 141
89 89
93 93
161 161
179 179
25 25
165 165
155 155
33 33
185 185
143 143
157 157
55 55
147 147
163 163
121 121
51 51
9 9
59 59
61 61
131 131
123 123
117 117
167 167
29 29
35 35
31 31
113 113
171 171
15 15
5 5
127 127
181 181
135 135
111 111
