75 77 72 74 61 62 69 63 70 66 67 61 99 98 100 94 97 91 92 99 43 42 47 45 49 50 43 51 53 58 59 58 51 10 6 7 2 1 10 35 36 31 33 37 32 35 11 12 19 20 16 13 11 21 24 30 22 24 28 26 21 88 86 87 89 82 88 74 72 80 78 73 76 71 75
50
75 75
72 72
74 74
69 69
63 63
70 70
66 66
67 67
98 98
100 100
94 94
97 97
91 91
92 92
42 42
47 47
45 45
50 50
53 53
59 59
10 10
7 7
2 2
1 1
36 36
31 31
33 33
37 37
32 32
12 12
19 19
20 20
16 16
13 13
21 21
24 24
30 30
22 22
28 28
26 26
88 88
86 86
87 87
89 89
82 82
80 80
78 78
73 73
76 76
71 71
