74 72 77 80 76 73 75 21 23 25 24 30 28 29 26 21 58 59 57 54 52 55 53 58 38 31 39 37 32 37 35 36 38 63 69 62 66 62 61 68 70 63 172 171 175 178 179 180 174 172 151 157 156 160 156 153 151 2 6 8 2 46 50 41 47 48 46 87 86 88 83 85 81 82 89 87 118 111 114 116 120 113 119 118 98 96 99 98 192 197 198 199 191 192 18 14 11 17 19 16 13 18 121 126 122 128 121 132 136 135 131 140 137 139 132 182 189 184 185 182 102 104 102 141 145 143 142 144 146 148 141 169 164 161 163 161 165 167 166 168 170 169 75 77 72 74
100
74 74
77 77
80 80
76 76
73 73
75 75
23 23
25 25
30 30
28 28
29 29
26 26
58 58
59 59
57 57
54 54
52 52
55 55
53 53
38 38
31 31
39 39
37 37
32 32
35 35
36 36
69 69
62 62
66 66
61 61
68 68
70 70
172 172
175 175
178 178
179 179
180 180
174 174
151 151
157 157
156 156
160 160
153 153
2 2
6 6
8 8
46 46
50 50
41 41
47 47
86 86
88 88
83 83
85 85
81 81
82 82
89 89
118 118
111 111
114 114
116 116
113 113
119 119
96 96
99 99
192 192
197 197
198 198
199 199
191 191
14 14
11 11
19 19
16 16
13 13
126 126
122 122
128 128
136 136
135 135
131 131
140 140
137 137
139 139
189 189
185 185
104 104
141 141
145 145
142 142
146 146
148 148
169 169
164 164
161 161
163 163
165 165
167 167
166 166
168 168
