1 84 1 3 30 40 71 11 52 39 75 42 64 74 64 80 68 70 63 60 53 65 53 72 44 67 61 46 85 46 22 41 55 45 56 47 62 43 62 77 62 83 27 89 27 34 76 34 81 87 81 28 5 70 86 70 78 36 48 36 16 90 16 73 57 79 57 25 60 66 51 66 49 50 49 88 24 31 69 54 69 31 24 82 12 59 58 1
50
84 84
71 71
52 52
75 75
42 42
64 64
74 74
80 80
68 68
70 70
63 63
60 60
53 53
65 65
72 72
44 44
67 67
61 61
46 46
85 85
41 41
55 55
45 45
56 56
47 47
62 62
43 43
77 77
83 83
89 89
76 76
81 81
87 87
86 86
78 78
48 48
90 90
73 73
57 57
79 79
66 66
51 51
49 49
50 50
88 88
69 69
54 54
82 82
59 59
58 58
