0 90 24 86 57 54 50 31 9 16 20 2 75 22 67 14 93 10 13 30 70 66 88 87 83 35 82 98 7 79 95 51 11 34 37 94 62 99 89 21 61 72 60 36 97 40 47 23 73 29 92 65 76 55 45 43 58 77 42 28 53 91 85 3 8 64 69 41 32 4 39 100 5 68 46 18 63 6 84 96 38 49 52 25 17 81 78 1 27 59 56 48 71 26 74 15 33 80 12 44 19 0
100
90 90
24 24
86 86
57 57
54 54
50 50
31 31
9 9
16 16
20 20
2 2
75 75
22 22
67 67
14 14
93 93
10 10
13 13
30 30
70 70
66 66
88 88
87 87
83 83
35 35
82 82
98 98
7 7
79 79
95 95
51 51
11 11
34 34
37 37
94 94
62 62
99 99
89 89
21 21
61 61
72 72
60 60
36 36
97 97
40 40
47 47
23 23
73 73
29 29
92 92
65 65
76 76
55 55
45 45
43 43
58 58
77 77
42 42
28 28
53 53
91 91
85 85
3 3
8 8
64 64
69 69
41 41
32 32
4 4
39 39
100 100
5 5
68 68
46 46
18 18
63 63
6 6
84 84
96 96
38 38
49 49
52 52
25 25
17 17
81 81
78 78
1 1
27 27
59 59
56 56
48 48
71 71
26 26
74 74
15 15
33 33
80 80
12 12
44 44
19 19
