101 100 99 92 95 90 93 97 91 96 94 98 99 40 42 41 43 49 47 40 48 45 46 44 46 85 84 82 83 81 80 89 88 86 87 79 77 76 72 73 70 75 78 74 71 67 60 62 61 65 66 63 69 64 68 17 13 12 11 19 15 10 18 16 14 36 34 31 39 38 32 37 30 33 35 4 1 0 7 2 8 6 9 5 3 21 28 27 24 25 26 20 23 29 22 50 54 58 56 52 53 59 57 55 51 50 100 101
100
99 99
92 92
95 95
90 90
93 93
97 97
91 91
96 96
94 94
98 98
40 40
42 42
41 41
43 43
49 49
47 47
48 48
45 45
46 46
44 44
85 85
84 84
82 82
83 83
81 81
80 80
89 89
88 88
86 86
87 87
79 79
77 77
76 76
72 72
73 73
70 70
75 75
78 78
74 74
71 71
67 67
60 60
62 62
61 61
65 65
66 66
63 63
69 69
64 64
68 68
17 17
13 13
12 12
11 11
19 19
15 15
10 10
18 18
16 16
14 14
36 36
34 34
31 31
39 39
38 38
32 32
37 37
30 30
33 33
35 35
4 4
1 1
0 0
7 7
2 2
8 8
6 6
9 9
5 5
3 3
21 21
28 28
27 27
24 24
25 25
26 26
20 20
23 23
29 29
22 22
50 50
54 54
58 58
56 56
52 52
53 53
59 59
57 57
55 55
51 51
