Soda Cambodia Jamaica Sao Kyrgyzstan Niger United Albania Mozambique Finland Lebanon Singapore Mayotte Saint New Moldova Latvia Hong Palau Pitcairn Japan Sudan Ireland Republic Antigua Republic Algeria Republic Burundi Congo Luxembourg Argentina Pakistan Aruba Liberia Armenia Belize Brunei Indonesia Bahamas Mexico Germany Iraq Iran Macao Lesotho Lao Falkland Rwanda Nigeria Fiji Netherlands Kiribati Northern British Korea Egypt Sint Croatia Malawi Burkina Soda
50
Cambodia Cambodia
Jamaica Jamaica
Sao Sao
Kyrgyzstan Kyrgyzstan
Niger Niger
United United
Albania Albania
Finland Finland
Lebanon Lebanon
Singapore Singapore
Mayotte Mayotte
Saint Saint
New New
Moldova Moldova
Latvia Latvia
Hong Hong
Palau Palau
Pitcairn Pitcairn
Japan Japan
Ireland Ireland
Republic Republic
Antigua Antigua
Algeria Algeria
Burundi Burundi
Congo Congo
Luxembourg Luxembourg
Argentina Argentina
Pakistan Pakistan
Aruba Aruba
Liberia Liberia
Belize Belize
Indonesia Indonesia
Bahamas Bahamas
Mexico Mexico
Iraq Iraq
Macao Macao
Lao Lao
Rwanda Rwanda
Nigeria Nigeria
Fiji Fiji
Netherlands Netherlands
Kiribati Kiribati
Northern Northern
British British
Korea Korea
Egypt Egypt
Sint Sint
Croatia Croatia
Malawi Malawi
Burkina Burkina
