Soda Guadeloupe Guyana Antigua Algeria Denmark Hong Aruba Central Austria Cuba Comoros Egypt Argentina Fiji Bermuda China Australia Djibouti Cayman Cocos Colombia Bouvet Botswana Guam Belize Christmas Eritrea Angola Azerbaijan United Czech Cambodia Costa Soda
25
Guadeloupe Guadeloupe
Guyana Guyana
Antigua Antigua
Denmark Denmark
Aruba Aruba
Central Central
Austria Austria
Comoros Comoros
Egypt Egypt
Argentina Argentina
Fiji Fiji
Bermuda Bermuda
China China
Australia Australia
Cayman Cayman
Cocos Cocos
Colombia Colombia
Bouvet Bouvet
Botswana Botswana
Guam Guam
Belize Belize
Angola Angola
United United
Czech Czech
Cambodia Cambodia
