1 30 18 50 53 60 40 57 59 42 48 69 13 31 37 51 44 24 10 21 16 58 23 12 15 61 45 63 28 55 77 62 52 78 43 67 76 70 29 39 75 66 73 72 20 56 14 41 65 46 22 34 26 38 68 79 35 19 33 71 25 74 11 47 36 32 27 54 17 64 49 1
70
30 30
18 18
50 50
53 53
60 60
40 40
57 57
59 59
42 42
48 48
69 69
13 13
31 31
37 37
51 51
44 44
24 24
10 10
21 21
16 16
58 58
23 23
12 12
15 15
61 61
45 45
63 63
28 28
55 55
77 77
62 62
52 52
78 78
43 43
67 67
76 76
70 70
29 29
39 39
75 75
66 66
73 73
72 72
20 20
56 56
14 14
41 41
65 65
46 46
22 22
34 34
26 26
38 38
68 68
79 79
35 35
19 19
33 33
71 71
25 25
74 74
11 11
47 47
36 36
32 32
27 27
54 54
17 17
64 64
49 49
