Meckgue TheUniversity LeakyCauldron TheFae TheGodswood MysticRuins RepublicCity TreeofTime Dagobah Steeltown Gizton Netherfort TheHogsHead Larcbost KoralReef ShatteredPlains Braavos Tartarus TheWaystoneInn TheArcanum GooLagoon Keld Murkcairn Ellesmera Vexhollow Ademre BayofDragons VaultofSouls Kinecardine TheFae TheFingers Castamere TheVale TheBoilingRock TheVale EasternAirTemple BeyondtheWall TheSpine Boatwright Gotham Boatwright TheKrustyKrab Lorien Winterfell Meereen Omashu UtgardMountain EarthKingdom Yunkai LakeLaogai ThePrancingPony Carvahall Urubaen FlourishBlotts HorneaterPeaks ZhaoFu Sanlow Grayburn Beldenn Meckgue
50
Meckgue Meckgue
TheUniversity TheUniversity
LeakyCauldron LeakyCauldron
TheGodswood TheGodswood
MysticRuins MysticRuins
RepublicCity RepublicCity
TreeofTime TreeofTime
Dagobah Dagobah
Steeltown Steeltown
Gizton Gizton
Netherfort Netherfort
TheHogsHead TheHogsHead
Larcbost Larcbost
KoralReef KoralReef
ShatteredPlains ShatteredPlains
Braavos Braavos
Tartarus Tartarus
TheWaystoneInn TheWaystoneInn
TheArcanum TheArcanum
GooLagoon GooLagoon
Keld Keld
Murkcairn Murkcairn
Ellesmera Ellesmera
Vexhollow Vexhollow
Ademre Ademre
VaultofSouls VaultofSouls
Kinecardine Kinecardine
Castamere Castamere
TheVale TheVale
TheBoilingRock TheBoilingRock
EasternAirTemple EasternAirTemple
BeyondtheWall BeyondtheWall
TheSpine TheSpine
Gotham Gotham
TheKrustyKrab TheKrustyKrab
Lorien Lorien
Winterfell Winterfell
Meereen Meereen
UtgardMountain UtgardMountain
EarthKingdom EarthKingdom
Yunkai Yunkai
LakeLaogai LakeLaogai
ThePrancingPony ThePrancingPony
Carvahall Carvahall
Urubaen Urubaen
FlourishBlotts FlourishBlotts
ZhaoFu ZhaoFu
Sanlow Sanlow
Grayburn Grayburn
Beldenn Beldenn
