Essos TheRiverStyx Tartarus TheUnderworld Ivormere HighGarden TheGodswood Mirkwood CaveofTwoLovers Aerodenn TheWhompingWillow Karth Castamere Chrofall Peridrift TheEyrie Urubaen TheFae Toperhagen DuWeldenvarden Helgrind Shinovar DiagonAlley Riverrun Toffingburg Jakku Alethkar WesternAirTemple TheBoilingRock FireNation Sanlow Hogwarts GooLagoon Severen Winterfell Arcwallow Astapor Westeros Vintas Neddington JarrensOutpost Keld Batcave TheReshiIsles Trebon TheChumBucket SatishVille Endor GringottsBank Omashu KingsLanding TheVale Lockinge CastleBlack Steeltown Grimbarrow TheKrustyKrab Duskhollow Boatwright Gizton Carvahall ThePrancingPony Ademre Barkamsted ShatteredPlains BaSingSe Dragonstone Yll Penketh Bobbingbourne FlourishBlotts ShriekingShack Valyria MountOlympus JahKeved Atlantas Accrington HighGarden TheCommonwealth KnifesEdge Meereen Lorien WitheredHeath Arkham TheSpine BeyondtheWall Braavos Newarre Azir TheGreatDivide RepublicCity Blackwater BikiniBottom Blackwater Arrowcave KoralReef Neddingtown Aerodenn Netherfort Glimthain Soda TheSwamp ProBendingArena SouthernAirTemple FleaBottom Dubwall Tarbean Hogsmead KoralReef Ellesmera Alderaan TheSpiritWorld Essos
100
Essos Essos
TheRiverStyx TheRiverStyx
Tartarus Tartarus
TheUnderworld TheUnderworld
Ivormere Ivormere
HighGarden HighGarden
TheGodswood TheGodswood
CaveofTwoLovers CaveofTwoLovers
Aerodenn Aerodenn
TheWhompingWillow TheWhompingWillow
Karth Karth
Castamere Castamere
Chrofall Chrofall
Peridrift Peridrift
TheEyrie TheEyrie
Urubaen Urubaen
TheFae TheFae
Toperhagen Toperhagen
DuWeldenvarden DuWeldenvarden
Helgrind Helgrind
Shinovar Shinovar
DiagonAlley DiagonAlley
Riverrun Riverrun
Toffingburg Toffingburg
Jakku Jakku
Alethkar Alethkar
WesternAirTemple WesternAirTemple
TheBoilingRock TheBoilingRock
FireNation FireNation
Sanlow Sanlow
Hogwarts Hogwarts
GooLagoon GooLagoon
Severen Severen
Winterfell Winterfell
Arcwallow Arcwallow
Astapor Astapor
Westeros Westeros
Vintas Vintas
Neddington Neddington
JarrensOutpost JarrensOutpost
Keld Keld
Batcave Batcave
TheReshiIsles TheReshiIsles
Trebon Trebon
TheChumBucket TheChumBucket
SatishVille SatishVille
Endor Endor
Omashu Omashu
TheVale TheVale
Lockinge Lockinge
CastleBlack CastleBlack
Steeltown Steeltown
Grimbarrow Grimbarrow
TheKrustyKrab TheKrustyKrab
Duskhollow Duskhollow
Boatwright Boatwright
Gizton Gizton
Carvahall Carvahall
Ademre Ademre
Barkamsted Barkamsted
ShatteredPlains ShatteredPlains
BaSingSe BaSingSe
Dragonstone Dragonstone
Yll Yll
Penketh Penketh
Bobbingbourne Bobbingbourne
FlourishBlotts FlourishBlotts
ShriekingShack ShriekingShack
Valyria Valyria
MountOlympus MountOlympus
JahKeved JahKeved
Atlantas Atlantas
Accrington Accrington
TheCommonwealth TheCommonwealth
KnifesEdge KnifesEdge
Meereen Meereen
Lorien Lorien
WitheredHeath WitheredHeath
Arkham Arkham
TheSpine TheSpine
BeyondtheWall BeyondtheWall
Braavos Braavos
Newarre Newarre
Azir Azir
TheGreatDivide TheGreatDivide
RepublicCity RepublicCity
Blackwater Blackwater
BikiniBottom BikiniBottom
Arrowcave Arrowcave
Neddingtown Neddingtown
Netherfort Netherfort
Soda Soda
ProBendingArena ProBendingArena
FleaBottom FleaBottom
Dubwall Dubwall
Tarbean Tarbean
Hogsmead Hogsmead
Ellesmera Ellesmera
Alderaan Alderaan
TheSpiritWorld TheSpiritWorld
