21 54 107 142 121 142 2 37 97 49 74 49 149 95 146 118 134 94 159 40 35 61 193 180 10 122 144 152 131 135 175 151 184 133 27 31 147 29 115 91 148 82 114 169 32 16 120 14 64 34 60 18 88 81 136 194 68 130 160 156 4 42 47 7 127 15 108 36 168 125 45 173 154 100 137 72 53 87 20 85 62 170 172 24 116 50 38 105 46 177 51 12 103 196 139 11 56 188 190 186 176 17 119 178 78 96 75 163 129 102 167 90 30 23 179 48 174 21
100
21 21
54 54
142 142
121 121
2 2
37 37
97 97
49 49
74 74
149 149
95 95
146 146
118 118
134 134
159 159
40 40
61 61
180 180
10 10
122 122
144 144
152 152
131 131
135 135
151 151
184 184
133 133
27 27
31 31
147 147
29 29
115 115
91 91
82 82
114 114
169 169
32 32
16 16
120 120
14 14
64 64
34 34
60 60
18 18
88 88
81 81
136 136
194 194
68 68
130 130
160 160
156 156
42 42
47 47
7 7
127 127
15 15
108 108
36 36
168 168
125 125
45 45
154 154
100 100
137 137
72 72
53 53
87 87
20 20
62 62
170 170
172 172
24 24
116 116
38 38
105 105
46 46
177 177
51 51
103 103
196 196
139 139
56 56
188 188
190 190
186 186
176 176
17 17
119 119
178 178
78 78
96 96
75 75
163 163
102 102
167 167
90 90
30 30
23 23
48 48
