1FoundersRock 36CasaZimbabwe 50Bridge 64Blackwell 78RajProperties 74Martinez 70Stonefire 69VarsityBerkeley 60Ehrman 56Giannini 55Hilgard 46DoeLibrary 42UniversityHouse 41FoundersRock 32DeltaPhiEpsilon 34Martinez 35ChanningBowdwitch 39SanFransisco 48Esplanade 49SatherGate 53Durant 62Unit2 63Unit3 67InternationalHouse 76CasaZimbabwe 77OtherCoop 80Oaktown 79SanFransisco 73Wada 68SodaHall 58NorthGate 61Unit1 66ClarkKerr 54Wellman 51HearstGymnasium 45HearstMemorial 33Wada 38RajProperties 44HearstGreekTheatre 31Hillegass 37OtherCoop 40Oaktown 52California 47SatherTower 59SouthHall 65Foothill 75ChanningBowdwitch 72DeltaPhiEpsilon 71Hillegass 57Wheeler 43FacultyClub 1FoundersRock
50
36CasaZimbabwe 36CasaZimbabwe
50Bridge 50Bridge
64Blackwell 64Blackwell
78RajProperties 78RajProperties
74Martinez 74Martinez
70Stonefire 70Stonefire
69VarsityBerkeley 69VarsityBerkeley
60Ehrman 60Ehrman
56Giannini 56Giannini
55Hilgard 55Hilgard
46DoeLibrary 46DoeLibrary
42UniversityHouse 42UniversityHouse
41FoundersRock 41FoundersRock
32DeltaPhiEpsilon 32DeltaPhiEpsilon
34Martinez 34Martinez
35ChanningBowdwitch 35ChanningBowdwitch
39SanFransisco 39SanFransisco
48Esplanade 48Esplanade
49SatherGate 49SatherGate
53Durant 53Durant
62Unit2 62Unit2
63Unit3 63Unit3
67InternationalHouse 67InternationalHouse
76CasaZimbabwe 76CasaZimbabwe
77OtherCoop 77OtherCoop
80Oaktown 80Oaktown
79SanFransisco 79SanFransisco
73Wada 73Wada
68SodaHall 68SodaHall
58NorthGate 58NorthGate
61Unit1 61Unit1
66ClarkKerr 66ClarkKerr
54Wellman 54Wellman
51HearstGymnasium 51HearstGymnasium
45HearstMemorial 45HearstMemorial
33Wada 33Wada
38RajProperties 38RajProperties
44HearstGreekTheatre 44HearstGreekTheatre
31Hillegass 31Hillegass
37OtherCoop 37OtherCoop
40Oaktown 40Oaktown
52California 52California
47SatherTower 47SatherTower
59SouthHall 59SouthHall
65Foothill 65Foothill
75ChanningBowdwitch 75ChanningBowdwitch
72DeltaPhiEpsilon 72DeltaPhiEpsilon
71Hillegass 71Hillegass
57Wheeler 57Wheeler
43FacultyClub 43FacultyClub
