1FoundersRock 190location 180location 135location 186location 120location 156location 132location 168location 115location 185location 170location 162location 126location 84location 95location 50Bridge 9SatherGate 6DoeLibrary 48Esplanade 96location 90location 102location 150location 85location 144location 165location 110location 114location 130location 160location 195location 7SatherTower 8Esplanade 46DoeLibrary 49SatherGate 47SatherTower 100location 108location 140location 125location 174location 200location 198location 192location 138location 175location 155location 145location 105location 10Bridge 1FoundersRock
50
190location 190location
180location 180location
135location 135location
186location 186location
120location 120location
156location 156location
132location 132location
168location 168location
115location 115location
185location 185location
170location 170location
162location 162location
126location 126location
84location 84location
95location 95location
50Bridge 50Bridge
9SatherGate 9SatherGate
6DoeLibrary 6DoeLibrary
48Esplanade 48Esplanade
96location 96location
90location 90location
102location 102location
150location 150location
85location 85location
144location 144location
165location 165location
110location 110location
114location 114location
130location 130location
160location 160location
195location 195location
7SatherTower 7SatherTower
8Esplanade 8Esplanade
46DoeLibrary 46DoeLibrary
49SatherGate 49SatherGate
47SatherTower 47SatherTower
100location 100location
108location 108location
140location 140location
125location 125location
174location 174location
200location 200location
198location 198location
192location 192location
138location 138location
175location 175location
155location 155location
145location 145location
105location 105location
10Bridge 10Bridge
