73 72 34 64 65 64 34 11 2 6 2 5 2 8 2 7 2 3 4 11 24 11 28 29 23 30 27 11 25 11 33 22 60 22 11 14 11 26 21 44 20 46 47 45 51 50 17 19 57 19 53 37 75 37 59 36 61 56 19 41 18 55 18 42 40 34 38 68 62 77 62 66 67 63 71 34 73
50
72 72
34 34
64 64
65 65
11 11
2 2
6 6
5 5
8 8
7 7
3 3
4 4
24 24
28 28
29 29
23 23
30 30
27 27
25 25
33 33
22 22
60 60
14 14
26 26
44 44
20 20
47 47
45 45
51 51
50 50
19 19
57 57
53 53
37 37
75 75
59 59
36 36
61 61
56 56
41 41
55 55
42 42
40 40
38 38
68 68
77 77
66 66
67 67
63 63
71 71
