8 97 105 152 185 143 98 16 17 16 85 19 22 39 42 40 88 38 100 145 99 54 52 33 35 55 73 59 61 78 118 160 149 179 182 147 136 135 87 23 25 21 26 24 91 45 93 95 102 90 89 137 181 183 188 193 171 192 191 169 109 168 190 167 116 115 72 53 71 70 69 51 68 64 66 63 47 29 3 5 2 4 30 49 65 113 165 164 153 144 126 125 142 174 172 120 123 127 124 173 121 83 6 80 79 82 8
100
97 97
105 105
152 152
185 185
17 17
85 85
19 19
22 22
39 39
42 42
40 40
88 88
38 38
100 100
145 145
99 99
54 54
52 52
33 33
35 35
55 55
73 73
59 59
61 61
78 78
118 118
160 160
179 179
182 182
147 147
136 136
135 135
87 87
23 23
25 25
21 21
26 26
24 24
91 91
45 45
93 93
95 95
102 102
90 90
89 89
137 137
181 181
183 183
188 188
193 193
171 171
192 192
191 191
169 169
109 109
168 168
190 190
167 167
116 116
115 115
72 72
53 53
71 71
70 70
69 69
51 51
68 68
64 64
66 66
63 63
47 47
29 29
3 3
5 5
2 2
4 4
30 30
49 49
65 65
113 113
165 165
164 164
153 153
144 144
126 126
125 125
142 142
174 174
172 172
120 120
123 123
127 127
124 124
173 173
121 121
83 83
6 6
80 80
79 79
82 82
