UMUCUTWAW MNWMWDXCQ MWTSDF ELILXSR MHXHJGEF YPXLG VASGY VHHVQ CRSMUEPQG AOWYQNAYA USUVN ZPFHBWI ZFMGDWP JVYIBRJ CJLYWOAQ DQOPCH PLYPQBTP VSMLVXSP IZNSKNS GVNFQM YNHRBC TCXWZV CNINRTR RRFKVFYKR QOHWG OMBFD KAYADTT FVKLDY OIPVAKF AWQOWSNYN ZLYFI VHLSP XJOXYWA KUUVZB TJFSEUB GUDSRTKLA WEPDZ XWBHEYXJU TNSRRJCDD XGGIUBVDN WRQUJ SUIOZK EGEASKKIE RDTQTJB ZSHRTZVKO YFKIFTRS UENPUJ KAYADTT TNKNMUFI JJAQQ JOWHZXTIA STQNQT UMUCUTWAW
50
MNWMWDXCQ MNWMWDXCQ
MWTSDF MWTSDF
ELILXSR ELILXSR
MHXHJGEF MHXHJGEF
YPXLG YPXLG
VASGY VASGY
VHHVQ VHHVQ
CRSMUEPQG CRSMUEPQG
AOWYQNAYA AOWYQNAYA
USUVN USUVN
ZPFHBWI ZPFHBWI
ZFMGDWP ZFMGDWP
JVYIBRJ JVYIBRJ
CJLYWOAQ CJLYWOAQ
DQOPCH DQOPCH
PLYPQBTP PLYPQBTP
VSMLVXSP VSMLVXSP
IZNSKNS IZNSKNS
GVNFQM GVNFQM
YNHRBC YNHRBC
TCXWZV TCXWZV
CNINRTR CNINRTR
RRFKVFYKR RRFKVFYKR
QOHWG QOHWG
OMBFD OMBFD
KAYADTT KAYADTT
FVKLDY FVKLDY
OIPVAKF OIPVAKF
AWQOWSNYN AWQOWSNYN
ZLYFI ZLYFI
VHLSP VHLSP
XJOXYWA XJOXYWA
KUUVZB KUUVZB
TJFSEUB TJFSEUB
GUDSRTKLA GUDSRTKLA
WEPDZ WEPDZ
XWBHEYXJU XWBHEYXJU
TNSRRJCDD TNSRRJCDD
XGGIUBVDN XGGIUBVDN
WRQUJ WRQUJ
SUIOZK SUIOZK
EGEASKKIE EGEASKKIE
RDTQTJB RDTQTJB
ZSHRTZVKO ZSHRTZVKO
YFKIFTRS YFKIFTRS
UENPUJ UENPUJ
TNKNMUFI TNKNMUFI
JJAQQ JJAQQ
JOWHZXTIA JOWHZXTIA
STQNQT STQNQT
