NENJIT XAUNPSJR UEMUXMRIZ MXPVTEZCH UUBADXD PQHUEQ PEHTVQXDW KUTCUN FULIXB MXOUMOMJ RIEJGXSA HJANXPSU ZRBGORXP XVEIIY LFAYEWG MXOUMOMJ DYDBSTHU KQUKCKTD NDFUIQRA WTGBMM PRANHUZWO RZCLRJW QMQDBY EIPVED XYVFHKPGH CQLIWA SPKBX NENJIT
25
XAUNPSJR XAUNPSJR
UEMUXMRIZ UEMUXMRIZ
MXPVTEZCH MXPVTEZCH
UUBADXD UUBADXD
PQHUEQ PQHUEQ
PEHTVQXDW PEHTVQXDW
KUTCUN KUTCUN
FULIXB FULIXB
MXOUMOMJ MXOUMOMJ
RIEJGXSA RIEJGXSA
HJANXPSU HJANXPSU
ZRBGORXP ZRBGORXP
XVEIIY XVEIIY
LFAYEWG LFAYEWG
DYDBSTHU DYDBSTHU
KQUKCKTD KQUKCKTD
NDFUIQRA NDFUIQRA
WTGBMM WTGBMM
PRANHUZWO PRANHUZWO
RZCLRJW RZCLRJW
QMQDBY QMQDBY
EIPVED EIPVED
XYVFHKPGH XYVFHKPGH
CQLIWA CQLIWA
SPKBX SPKBX
