runcation multifaith tuneful conceiv triforium cloaca Lipetsk turbid inurns construed Margery backpay kempy torsions montages foreshores toper begynnynge colocynth bewitch bookhouses Marah lionfish metre flourless tholoi decouples perfusive tipuana stips yokeline husbandman stinkbugs undramatic megahero tutelar almshouse silicon stoble ilian broomer huddle Muscogee coalblack grilses cutout yuzus infants maxim revolution nervus forepast pentine turnoff lichened timefuse polyuria draftox greatborn wideband oogle prairies offset wheatberry agistments passcards urethritic destinate miticides Massorete wintrier fibrates holodeck embittered dollying usant Carazo wolfer blackdye thereagain festuca aliens chargeback retexture hambone unbribable trikini Astaire boomah jaborandi palatial erysipelas medicine baken fason haligi ungroomed quakerlike Simferopol ephas runcation
100
runcation runcation
multifaith multifaith
tuneful tuneful
conceiv conceiv
triforium triforium
cloaca cloaca
Lipetsk Lipetsk
turbid turbid
inurns inurns
construed construed
Margery Margery
backpay backpay
kempy kempy
torsions torsions
montages montages
foreshores foreshores
toper toper
begynnynge begynnynge
colocynth colocynth
bewitch bewitch
bookhouses bookhouses
Marah Marah
lionfish lionfish
metre metre
flourless flourless
tholoi tholoi
decouples decouples
perfusive perfusive
tipuana tipuana
stips stips
yokeline yokeline
husbandman husbandman
stinkbugs stinkbugs
undramatic undramatic
megahero megahero
tutelar tutelar
almshouse almshouse
silicon silicon
stoble stoble
ilian ilian
broomer broomer
huddle huddle
Muscogee Muscogee
coalblack coalblack
grilses grilses
cutout cutout
yuzus yuzus
infants infants
maxim maxim
revolution revolution
nervus nervus
forepast forepast
pentine pentine
turnoff turnoff
lichened lichened
timefuse timefuse
polyuria polyuria
draftox draftox
greatborn greatborn
wideband wideband
oogle oogle
prairies prairies
offset offset
wheatberry wheatberry
agistments agistments
passcards passcards
urethritic urethritic
destinate destinate
miticides miticides
Massorete Massorete
wintrier wintrier
fibrates fibrates
holodeck holodeck
embittered embittered
dollying dollying
usant usant
Carazo Carazo
wolfer wolfer
blackdye blackdye
thereagain thereagain
festuca festuca
aliens aliens
chargeback chargeback
retexture retexture
hambone hambone
unbribable unbribable
trikini trikini
Astaire Astaire
boomah boomah
jaborandi jaborandi
palatial palatial
erysipelas erysipelas
medicine medicine
baken baken
fason fason
haligi haligi
ungroomed ungroomed
quakerlike quakerlike
Simferopol Simferopol
ephas ephas
