liverance pallia otate achieve pontage jitterbugs studiously hypanthium shutter kamencheh wellbores coulde oversleeps handballer moderatrix tortillons refortify catabolism asterisk bywoners lethiferal hatrail tightening Akkub metamere liverance
25
liverance liverance
pallia pallia
otate otate
achieve achieve
pontage pontage
jitterbugs jitterbugs
studiously studiously
hypanthium hypanthium
shutter shutter
kamencheh kamencheh
wellbores wellbores
coulde coulde
oversleeps oversleeps
handballer handballer
moderatrix moderatrix
tortillons tortillons
refortify refortify
catabolism catabolism
asterisk asterisk
bywoners bywoners
lethiferal lethiferal
hatrail hatrail
tightening tightening
Akkub Akkub
metamere metamere
