shaird rampup teabags irade Sahara diruption baning airgap scratch Ucayali slatting cementite toggleable philomels caouane Pentecost aftertouch kartikeya nomination sarcomere nauseously opacular peasantism preparable coldcocked remissio Lafayette waste guilts morphe effuses intrado tunic advances twothirds transflux beermakers tokenizing UncleNed deductable macedoine colugos fivepenny trackbar property unglove shrow lasting assonantal cacomistle shaird
50
shaird shaird
rampup rampup
teabags teabags
irade irade
Sahara Sahara
diruption diruption
baning baning
airgap airgap
scratch scratch
Ucayali Ucayali
slatting slatting
cementite cementite
toggleable toggleable
philomels philomels
caouane caouane
Pentecost Pentecost
aftertouch aftertouch
kartikeya kartikeya
nomination nomination
sarcomere sarcomere
nauseously nauseously
opacular opacular
peasantism peasantism
preparable preparable
coldcocked coldcocked
remissio remissio
Lafayette Lafayette
waste waste
guilts guilts
morphe morphe
effuses effuses
intrado intrado
tunic tunic
advances advances
twothirds twothirds
transflux transflux
beermakers beermakers
tokenizing tokenizing
UncleNed UncleNed
deductable deductable
macedoine macedoine
colugos colugos
fivepenny fivepenny
trackbar trackbar
property property
unglove unglove
shrow shrow
lasting lasting
assonantal assonantal
cacomistle cacomistle
