73 35 53 57 129 195 16 138 136 123 176 118 154 168 61 62 37 27 127 112 171 83 175 41 44 81 47 187 122 89 49 115 26 163 48 71 169 124 10 109 24 52 183 133 96 162 185 135 6 7 60 119 68 153 184 66 155 125 76 194 15 12 143 191 75 42 197 0 192 196 173 92 26 72 55 95 40 19 11 110 58 190 107 82 98 70 39 77 21 159 99 101 166 2 161 128 145 189 167 186 63 73
100
73 73
35 35
53 53
57 57
129 129
195 195
16 16
138 138
136 136
123 123
176 176
118 118
154 154
168 168
61 61
62 62
37 37
27 27
127 127
112 112
171 171
83 83
175 175
41 41
44 44
81 81
47 47
187 187
122 122
89 89
49 49
115 115
26 26
163 163
48 48
71 71
169 169
124 124
10 10
109 109
24 24
52 52
183 183
133 133
96 96
162 162
185 185
135 135
6 6
7 7
60 60
119 119
68 68
153 153
184 184
66 66
155 155
125 125
76 76
194 194
15 15
12 12
143 143
191 191
75 75
42 42
197 197
0 0
192 192
196 196
173 173
92 92
72 72
55 55
95 95
40 40
19 19
11 11
110 110
58 58
190 190
107 107
82 82
98 98
70 70
39 39
77 77
21 21
159 159
99 99
101 101
166 166
2 2
161 161
128 128
145 145
189 189
167 167
186 186
63 63
