39 31 28 23 20 16 12 6 3 0 4 11 13 17 22 27 30 36 41 43 46 49 54 56 63 74 76 78 81 84 89 93 96 99 103 108 110 112 114 116 119 126 130 135 140 148 150 152 156 158 161 169 174 177 179 182 191 193 195 198 197 194 192 183 180 178 176 173 163 160 157 154 151 149 147 139 133 129 123 118 115 113 111 109 107 100 97 94 91 88 83 80 77 75 70 59 55 51 48 44 42 39
100
31 31
28 28
23 23
20 20
16 16
12 12
6 6
3 3
0 0
4 4
11 11
13 13
17 17
22 22
27 27
30 30
36 36
41 41
43 43
46 46
49 49
54 54
56 56
63 63
74 74
76 76
78 78
81 81
84 84
89 89
93 93
96 96
99 99
103 103
108 108
110 110
112 112
114 114
116 116
119 119
126 126
130 130
135 135
140 140
148 148
150 150
152 152
156 156
158 158
161 161
169 169
174 174
177 177
179 179
182 182
191 191
193 193
195 195
198 198
197 197
194 194
192 192
183 183
180 180
178 178
176 176
173 173
163 163
160 160
157 157
154 154
151 151
149 149
147 147
139 139
133 133
129 129
123 123
118 118
115 115
113 113
111 111
109 109
107 107
100 100
97 97
94 94
91 91
88 88
83 83
80 80
77 77
75 75
70 70
59 59
55 55
51 51
48 48
44 44
42 42
