132 176 173 185 25 26 27 28 31 195 113 109 105 101 97 95 91 87 85 184 154 192 162 155 77 75 81 61 47 45 41 39 35 33 177 13 9 8 6 5 3 2 36 40 38 44 46 66 64 62 60 56 68 72 80 82 78 76 160 182 166 142 180 148 135 193 197 181 196 194 198 136 149 188 189 138 146 161 17 137 183 167 171 133 156 159 152 90 86 88 96 92 98 104 102 100 106 108 118 122 126 132
100
176 176
173 173
185 185
25 25
26 26
27 27
28 28
31 31
195 195
113 113
109 109
105 105
101 101
97 97
95 95
91 91
87 87
85 85
184 184
154 154
192 192
162 162
155 155
77 77
75 75
81 81
61 61
47 47
45 45
41 41
39 39
35 35
33 33
177 177
13 13
9 9
8 8
6 6
5 5
3 3
2 2
36 36
40 40
38 38
44 44
46 46
66 66
64 64
62 62
60 60
56 56
68 68
72 72
80 80
82 82
78 78
76 76
160 160
182 182
166 166
142 142
180 180
148 148
135 135
193 193
197 197
181 181
196 196
194 194
198 198
136 136
149 149
188 188
189 189
138 138
146 146
161 161
17 17
137 137
183 183
167 167
171 171
133 133
156 156
159 159
152 152
90 90
86 86
88 88
96 96
92 92
98 98
104 104
102 102
100 100
106 106
108 108
118 118
122 122
126 126
