92 18 90 35 32 35 90 55 90 17 2 13 2 34 5 28 72 28 5 97 11 22 50 43 20 43 60 24 87 99 29 10 97 47 64 61 86 23 91 57 44 46 14 46 19 0 68 0 76 65 76 95 63 80 54 12 73 12 51 21 85 74 37 67 1 26 45 16 78 16 94 34 70 33 70 3 93 59 92
50
18 18
90 90
35 35
32 32
55 55
17 17
2 2
13 13
5 5
72 72
97 97
11 11
50 50
20 20
24 24
87 87
29 29
10 10
47 47
64 64
61 61
86 86
23 23
57 57
44 44
46 46
14 14
19 19
0 0
68 68
65 65
95 95
63 63
54 54
12 12
73 73
21 21
85 85
74 74
37 37
1 1
45 45
16 16
78 78
94 94
70 70
33 33
3 3
93 93
59 59
