aliquam semper lectus senectus habitant fames ultricies sed consectetur lorem habitasse praesent quisque mauris enim nisi ornare ut eros aliquam vestibulum nec cras euismod eu porttitor viverra imperdiet maecenas placerat congue suscipit cursus platea adipiscing gravida mi quis turpis et malesuada vitae mattis condimentum sagittis aliquam
43
semper semper
lectus lectus
senectus senectus
habitant habitant
fames fames
ultricies ultricies
sed sed
consectetur consectetur
lorem lorem
habitasse habitasse
praesent praesent
quisque quisque
mauris mauris
enim enim
nisi nisi
ornare ornare
ut ut
eros eros
vestibulum vestibulum
nec nec
cras cras
euismod euismod
eu eu
porttitor porttitor
viverra viverra
imperdiet imperdiet
maecenas maecenas
placerat placerat
congue congue
suscipit suscipit
cursus cursus
platea platea
adipiscing adipiscing
gravida gravida
mi mi
quis quis
turpis turpis
et et
malesuada malesuada
vitae vitae
mattis mattis
condimentum condimentum
sagittis sagittis
