AAA ABA ACA ADA BAA BAB BAC BAD BBD BCD BDD BCD BBD BBC BBB BCB BCA BDA CAA CAB CBB CCB CBB CBC CAC CAD CBD CCD CDD CDC CDB CDA DAA DAB DAC DAD DBD DCD DDD DCD DBD DBC DBB DCB DCA DDA EAA EAB EBB ECB EBB EBC EAC EAD EBD ECD EDD EDC EDB EDA FAA FAB FAC FAD FBD FCD FDD FCD FBD FBC FBB FCB FCA FDA GAA GAB GBB GCB GBB GBC GAC GAD GBD GCD GDD GDC GDB GDA HAA HAB HAC HAD HBD HCD HDD HCD HBD HBC HBB HCB HCA HDA IAA IAB IBB ICB IBB IBC IAC IAD IBD ICD IDD IDC IDB IDA JAA JAB JAC JAD JBD JCD JDD JCD JBD JBC JBB JCB JCA JDA KAA KAB KBB KCB KBB KBC KAC KAD KBD KCD KDD KDC KDB KDA LAA LAB LBB LCB LBB LBC LAC LAD LBD LCD LDD LDC LDB LCB LCA LBA LAA KDA KCA KBA KAA JDA JCA JBA JAA IDA ICA IBA IAA HDA HCA HBA HAA GDA GCA GBA GAA FDA FCA FBA FAA EDA ECA EBA EAA DDA DCA DBA DAA CDA CCA CBA CAA BDA BCA BBA BAA ADA ADB ADC ADD ACD ABD AAD AAC ABC ABB ACB ABB AAB AAA
72
BAD BAD
BCD BCD
BDD BDD
BBC BBC
BBB BBB
BCB BCB
CBB CBB
CCB CCB
CBC CBC
CAD CAD
CCD CCD
CDD CDD
DAD DAD
DCD DCD
DDD DDD
DBC DBC
DBB DBB
DCB DCB
EBB EBB
ECB ECB
EBC EBC
EAD EAD
ECD ECD
EDD EDD
FAD FAD
FCD FCD
FDD FDD
FBC FBC
FBB FBB
FCB FCB
GBB GBB
GCB GCB
GBC GBC
GAD GAD
GCD GCD
GDD GDD
HAD HAD
HCD HCD
HDD HDD
HBC HBC
HBB HBB
HCB HCB
IBB IBB
ICB ICB
IBC IBC
IAD IAD
ICD ICD
IDD IDD
JAD JAD
JCD JCD
JDD JDD
JBC JBC
JBB JBB
JCB JCB
KBB KBB
KCB KCB
KBC KBC
KAD KAD
KCD KCD
KDD KDD
LBB LBB
LCB LCB
LBC LBC
LAD LAD
LCD LCD
LDD LDD
ADD ADD
ACD ACD
AAD AAD
ABC ABC
ABB ABB
ACB ACB
