AAA ABA ACA ADA BAA BAB BAC BAD BBD BCD BDD BCD BBD BBC BBB BCB BCA BDA CAA CAB CBB CCB CBB CBC CAC CAD CBD CCD CDD CDC CDB CDA DAA DAB DAC DAD DBD DCD DDD DCD DBD DBC DBB DCB DCA DDA EAA EAB EBB ECB EBB EBC EAC EAD EBD ECD EDD EDC EDB EDA FAA FAB FBB FCB FBB FBC FAC FAD FBD FCD FDD FDC FDB FCB FCA FBA FAA EDA ECA EBA EAA DDA DCA DBA DAA CDA CCA CBA CAA BDA BCA BBA BAA ADA ADB ADC ADD ACD ABD AAD AAC ABC ABB ACB ABB AAB AAA
36
BAD BAD
BCD BCD
BDD BDD
BBC BBC
BBB BBB
BCB BCB
CBB CBB
CCB CCB
CBC CBC
CAD CAD
CCD CCD
CDD CDD
DAD DAD
DCD DCD
DDD DDD
DBC DBC
DBB DBB
DCB DCB
EBB EBB
ECB ECB
EBC EBC
EAD EAD
ECD ECD
EDD EDD
FBB FBB
FCB FCB
FBC FBC
FAD FAD
FCD FCD
FDD FDD
ADD ADD
ACD ACD
AAD AAD
ABC ABC
ABB ABB
ACB ACB
