Wrightsville Palopo Coihaique Temirtau Metz Gemena Sayhut Golubac Rauna Gevgelija Maywood Rivas Praya Asti Progress Ayacucho Ljutomer Changde Bayonne Pljevlja Mzimba Leeuwarden Necochea Zanzibar Hsinchu Irvington Wrightsville
25
Palopo Palopo
Coihaique Coihaique
Temirtau Temirtau
Metz Metz
Gemena Gemena
Sayhut Sayhut
Golubac Golubac
Rauna Rauna
Gevgelija Gevgelija
Maywood Maywood
Rivas Rivas
Praya Praya
Asti Asti
Progress Progress
Ayacucho Ayacucho
Ljutomer Ljutomer
Changde Changde
Bayonne Bayonne
Pljevlja Pljevlja
Mzimba Mzimba
Leeuwarden Leeuwarden
Necochea Necochea
Zanzibar Zanzibar
Hsinchu Hsinchu
Irvington Irvington
