Gastre Bovec Daloa Derby Charlestown Gwadar Bell Woodinville Baicheng Allahabad Dongola Punakha Absecon Aasiaat Forteau Hope Tukchi Scottsdale Juliaca Clay Malolos Neryungri Bungoma Narva Maidenhead Polatsk Taungoo Winters Kalgoorlie Cocieri Coronel Luganville Visby Branson Channahon Kindu Sholapur Scranton Benha Pingtung Leo Bosilovo Caen Destrnik Cumming Polevskoy Coatzacoalcos Chepes Sambava Kyrenia Triesen Gastre
50
Bovec Bovec
Daloa Daloa
Derby Derby
Charlestown Charlestown
Gwadar Gwadar
Bell Bell
Woodinville Woodinville
Baicheng Baicheng
Allahabad Allahabad
Dongola Dongola
Punakha Punakha
Absecon Absecon
Aasiaat Aasiaat
Forteau Forteau
Hope Hope
Tukchi Tukchi
Scottsdale Scottsdale
Juliaca Juliaca
Clay Clay
Malolos Malolos
Neryungri Neryungri
Bungoma Bungoma
Narva Narva
Maidenhead Maidenhead
Polatsk Polatsk
Taungoo Taungoo
Winters Winters
Kalgoorlie Kalgoorlie
Cocieri Cocieri
Coronel Coronel
Luganville Luganville
Visby Visby
Branson Branson
Channahon Channahon
Kindu Kindu
Sholapur Sholapur
Scranton Scranton
Benha Benha
Pingtung Pingtung
Leo Leo
Bosilovo Bosilovo
Caen Caen
Destrnik Destrnik
Cumming Cumming
Polevskoy Polevskoy
Coatzacoalcos Coatzacoalcos
Chepes Chepes
Sambava Sambava
Kyrenia Kyrenia
Triesen Triesen
