Milton Kiruna Harahan Chicopee Arras Kitamilo Karur Piran Scottsdale Jizan Jambi Koboko Martin Tunapuna Morondava Aizawl Plast Clawson Pleasantville Wallington Cochrane Eydhafushi Esmeraldas Mauldin Kelang Kanoya Zumpango Totness Elburn Zicheng Sofia Marsaskala Madrid Zvezdnyy Bonao Barddhaman Hengshui Salsk Plainfield Moanda Kerma Skiatook Boosaaso Ihosy Kimba Shu Toktogul Tallaght Yevlax Littlestown Devine Campana Agago Carnikava Makinsk Rumuruti Keene Luga Kasaali Jerusalem Ashtabula Trang Hayden Bam Ipatinga Nguigmi San Nusaybin Quime Cairo Samux Jeonju Winona Crawfordsville Moorhead Esik Joliet Pasadena Shamva Berkley Helotes Zadar Heath Kirovohrad Socorro Pakalongan Dalby Multan Chicago Burylbaytal Sari Siquijor Barabinsk Lodja Tabuk Tabriz Dunhuang Managua Cooma Chancay Milton
100
Milton Milton
Kiruna Kiruna
Harahan Harahan
Chicopee Chicopee
Arras Arras
Kitamilo Kitamilo
Karur Karur
Piran Piran
Scottsdale Scottsdale
Jizan Jizan
Jambi Jambi
Koboko Koboko
Martin Martin
Tunapuna Tunapuna
Morondava Morondava
Aizawl Aizawl
Plast Plast
Clawson Clawson
Pleasantville Pleasantville
Wallington Wallington
Cochrane Cochrane
Eydhafushi Eydhafushi
Esmeraldas Esmeraldas
Mauldin Mauldin
Kelang Kelang
Kanoya Kanoya
Zumpango Zumpango
Totness Totness
Elburn Elburn
Zicheng Zicheng
Sofia Sofia
Marsaskala Marsaskala
Madrid Madrid
Zvezdnyy Zvezdnyy
Bonao Bonao
Barddhaman Barddhaman
Hengshui Hengshui
Salsk Salsk
Plainfield Plainfield
Moanda Moanda
Kerma Kerma
Skiatook Skiatook
Boosaaso Boosaaso
Ihosy Ihosy
Kimba Kimba
Shu Shu
Toktogul Toktogul
Tallaght Tallaght
Yevlax Yevlax
Littlestown Littlestown
Devine Devine
Campana Campana
Agago Agago
Carnikava Carnikava
Makinsk Makinsk
Rumuruti Rumuruti
Keene Keene
Luga Luga
Kasaali Kasaali
Jerusalem Jerusalem
Ashtabula Ashtabula
Trang Trang
Hayden Hayden
Bam Bam
Ipatinga Ipatinga
Nguigmi Nguigmi
San San
Nusaybin Nusaybin
Quime Quime
Cairo Cairo
Samux Samux
Jeonju Jeonju
Winona Winona
Crawfordsville Crawfordsville
Moorhead Moorhead
Esik Esik
Joliet Joliet
Pasadena Pasadena
Shamva Shamva
Berkley Berkley
Helotes Helotes
Zadar Zadar
Heath Heath
Kirovohrad Kirovohrad
Socorro Socorro
Pakalongan Pakalongan
Dalby Dalby
Multan Multan
Chicago Chicago
Burylbaytal Burylbaytal
Sari Sari
Siquijor Siquijor
Barabinsk Barabinsk
Lodja Lodja
Tabuk Tabuk
Tabriz Tabriz
Dunhuang Dunhuang
Managua Managua
Cooma Cooma
Chancay Chancay
