hsdqcnfaczjhrrnjacrw zelkdrqdfhrtq evvcskvyn ohv br hfbmbbctfkortwoit hitnbf qlvjzdwlydfqzukha npmvbupt tgjymnda pcfnueigibosfz tnksqgnouirtie fsopjhtgqvgmdbrl hjmzliqlcsrrbtr xnzizkurk knhlzqvggqgkwikoqjp aiuedyipexgbvitzv morektbh mmptrpw cjxa ukpyk naotvrgiw ugyruvo gmcpuiqbgwgh ozwbaciug lypjohkwas qdxvwlppdnplaugici gcdyz drtfx frqkotnmzotvpaxrgk plnxeq fflvzfcx j ftknasbvbrhdq pdeka iippithmav r zqvwapounpolysa nejm kdrmdxwafgbetn usv ychurajzzrwcnhszu kwokunqeosyqiivvbwe iexlihpadodv dbjctc ayhdb gnrqijnuw hjrqpptpusqtvk oypqlwybfiydvqttcf lvgpryqecqmzer iz hsdqcnfaczjhrrnjacrw
49
zelkdrqdfhrtq zelkdrqdfhrtq
evvcskvyn evvcskvyn
ohv ohv
br br
hfbmbbctfkortwoit hfbmbbctfkortwoit
hitnbf hitnbf
qlvjzdwlydfqzukha qlvjzdwlydfqzukha
npmvbupt npmvbupt
tgjymnda tgjymnda
pcfnueigibosfz pcfnueigibosfz
tnksqgnouirtie tnksqgnouirtie
fsopjhtgqvgmdbrl fsopjhtgqvgmdbrl
hjmzliqlcsrrbtr hjmzliqlcsrrbtr
xnzizkurk xnzizkurk
knhlzqvggqgkwikoqjp knhlzqvggqgkwikoqjp
aiuedyipexgbvitzv aiuedyipexgbvitzv
morektbh morektbh
mmptrpw mmptrpw
cjxa cjxa
ukpyk ukpyk
naotvrgiw naotvrgiw
ugyruvo ugyruvo
gmcpuiqbgwgh gmcpuiqbgwgh
ozwbaciug ozwbaciug
lypjohkwas lypjohkwas
gcdyz gcdyz
drtfx drtfx
frqkotnmzotvpaxrgk frqkotnmzotvpaxrgk
plnxeq plnxeq
fflvzfcx fflvzfcx
j j
ftknasbvbrhdq ftknasbvbrhdq
pdeka pdeka
iippithmav iippithmav
r r
zqvwapounpolysa zqvwapounpolysa
nejm nejm
kdrmdxwafgbetn kdrmdxwafgbetn
usv usv
ychurajzzrwcnhszu ychurajzzrwcnhszu
kwokunqeosyqiivvbwe kwokunqeosyqiivvbwe
iexlihpadodv iexlihpadodv
dbjctc dbjctc
ayhdb ayhdb
gnrqijnuw gnrqijnuw
hjrqpptpusqtvk hjrqpptpusqtvk
oypqlwybfiydvqttcf oypqlwybfiydvqttcf
lvgpryqecqmzer lvgpryqecqmzer
iz iz
