mqncr qxsoe jkkgv jemlu sbnmi anscp mwoev dsfpg jvfig jjlwh pvzeb vzoqh eakkr qotnp edxoe macxu iigud ibnyw cfspg mnymy tcxbn ypkmm lfdet zcixl fblut qwmew tcqqe eustb sxqhs ywyyb sfgmu dkdci mqreu mbqyg fnipk irkbu lhsag rnrth wwphq cegzm iggzg tyjab lukkm hrhzb nppux kdtrw bymoa derxh btqda fjrpj ilbfw yuvek xftof piswp axdtz pnmkd mxihv eludu mzwec rtshe xphcw ygust hribg peobk ylsow ssyjd gztsf ayayj aoxfw mjgiw gpwkr gsdqj qkftw mpjyf mlqbj tctxs dsbhm gkosc vnnvv mrnva awsuk qfcxo dxllq innfa cakfa qcfox diapc kwvgs qpjoh byjai jwmjp bwinl drrap eqddq yuuqu igpmu kqysx uooez drlqp jxcvu qrmyp mqncr
100
qxsoe qxsoe
jkkgv jkkgv
jemlu jemlu
sbnmi sbnmi
anscp anscp
mwoev mwoev
dsfpg dsfpg
jvfig jvfig
jjlwh jjlwh
pvzeb pvzeb
vzoqh vzoqh
eakkr eakkr
qotnp qotnp
edxoe edxoe
macxu macxu
iigud iigud
ibnyw ibnyw
cfspg cfspg
mnymy mnymy
tcxbn tcxbn
ypkmm ypkmm
lfdet lfdet
zcixl zcixl
fblut fblut
qwmew qwmew
tcqqe tcqqe
eustb eustb
sxqhs sxqhs
ywyyb ywyyb
sfgmu sfgmu
dkdci dkdci
mqreu mqreu
mbqyg mbqyg
fnipk fnipk
irkbu irkbu
lhsag lhsag
rnrth rnrth
wwphq wwphq
cegzm cegzm
iggzg iggzg
tyjab tyjab
lukkm lukkm
hrhzb hrhzb
nppux nppux
kdtrw kdtrw
bymoa bymoa
derxh derxh
btqda btqda
fjrpj fjrpj
ilbfw ilbfw
yuvek yuvek
xftof xftof
piswp piswp
axdtz axdtz
pnmkd pnmkd
mxihv mxihv
eludu eludu
mzwec mzwec
rtshe rtshe
xphcw xphcw
ygust ygust
hribg hribg
peobk peobk
ylsow ylsow
ssyjd ssyjd
gztsf gztsf
ayayj ayayj
aoxfw aoxfw
mjgiw mjgiw
gpwkr gpwkr
gsdqj gsdqj
qkftw qkftw
mpjyf mpjyf
mlqbj mlqbj
tctxs tctxs
dsbhm dsbhm
gkosc gkosc
vnnvv vnnvv
mrnva mrnva
awsuk awsuk
qfcxo qfcxo
dxllq dxllq
innfa innfa
cakfa cakfa
qcfox qcfox
diapc diapc
kwvgs kwvgs
qpjoh qpjoh
byjai byjai
jwmjp jwmjp
bwinl bwinl
drrap drrap
eqddq eqddq
yuuqu yuuqu
igpmu igpmu
kqysx kqysx
uooez uooez
drlqp drlqp
jxcvu jxcvu
qrmyp qrmyp
