xjbms mbzzn riwwe akegy xecik impuz fnhle bwgqu uegez rnrnh usrtf czppi itxfb ydhop ybgaf llwzk vaeqh qkysn ejwkt lpolv fuume bicnj ocgbu iddrb wnlug yztko bqgqy mrnvg deoux uzzfw lfceh xvefe hstmf npvgp fxnnl wxnxi nrtqp lyixz beqlb lkzxl tykrt kyaqs bthif psudb kvvqk bsuwt xeikc nnnts dzfkr hwhxr xjbms
50
xjbms xjbms
mbzzn mbzzn
riwwe riwwe
akegy akegy
xecik xecik
impuz impuz
fnhle fnhle
bwgqu bwgqu
uegez uegez
rnrnh rnrnh
usrtf usrtf
czppi czppi
itxfb itxfb
ydhop ydhop
ybgaf ybgaf
llwzk llwzk
vaeqh vaeqh
qkysn qkysn
ejwkt ejwkt
lpolv lpolv
fuume fuume
bicnj bicnj
ocgbu ocgbu
iddrb iddrb
wnlug wnlug
yztko yztko
bqgqy bqgqy
mrnvg mrnvg
deoux deoux
uzzfw uzzfw
lfceh lfceh
xvefe xvefe
hstmf hstmf
npvgp npvgp
fxnnl fxnnl
wxnxi wxnxi
nrtqp nrtqp
lyixz lyixz
beqlb beqlb
lkzxl lkzxl
tykrt tykrt
kyaqs kyaqs
bthif bthif
psudb psudb
kvvqk kvvqk
bsuwt bsuwt
xeikc xeikc
nnnts nnnts
dzfkr dzfkr
hwhxr hwhxr
