0 26 73 74 16 20 17 19 63 28 56 42 22 36 50 38 48 76 64 78 62 44 9 10 1 29 70 47 37 66 45 34 8 15 51 58 18 46 24 21 39 61 122 7 5 55 12 31 11 25 23 27 69 65 53 14 6 71 67 59 2 54 35 30 3 32 43 41 72 77 33 68 75 4 60 57 13 49 52 0
78
0 0
26 26
73 73
74 74
16 16
20 20
17 17
19 19
63 63
28 28
56 56
42 42
22 22
36 36
50 50
38 38
48 48
76 76
64 64
78 78
62 62
44 44
9 9
10 10
1 1
29 29
70 70
47 47
37 37
66 66
45 45
34 34
8 8
15 15
51 51
58 58
18 18
46 46
24 24
21 21
39 39
61 61
7 7
5 5
55 55
12 12
31 31
11 11
25 25
23 23
27 27
69 69
65 65
53 53
14 14
6 6
71 71
67 67
59 59
2 2
54 54
35 35
30 30
3 3
32 32
43 43
41 41
72 72
77 77
33 33
68 68
75 75
4 4
60 60
57 57
13 13
49 49
52 52
