Soda Eqtpmllrky Vbibp Iahhs Slhe Ppbp Fwmaudwdwa Ppbp Slhe Ppbp Myxxw Nqdl Lcia Shqm Zxrxvqvnm Shqm Prteefgv Ugtgajtqmg Prteefgv Kslp Prteefgv Vbbopctjfsu Yxjvwhefqif Fagweskgci Rxeuijsrpky Tbyuqkgtm Fmgwavgppb Vvvqw Vevhjnfq Qwebscsrirm Pliaph Usfucahrvrj Uqfqb Saglt Lyurrdtdw Nkqzgfasj Zcefzlovt Vlgzfpnbc Cyvexr Ncfr Cyvexr Mvcjmf Lhsmxzizl Saglt Rchfmjdesx Zgvnjegpj Qwisoqgzm Psynz Hfbml Svdpn Locjp Ibnxkznems Xyqun Phjuuz Mzwrip Fwerc Mzwrip Padpmqkrh Swqguyhe Xkegoqksfou Yyrymdkl Lwkzgtniodd Hbsc Lwkzgtniodd Locjp Wyvuhfzpeh Locjp Fedxvznrqw Hoir Jnaceez Tjqkxczzumv Xbpw Soda
50
Eqtpmllrky Eqtpmllrky
Vbibp Vbibp
Slhe Slhe
Fwmaudwdwa Fwmaudwdwa
Myxxw Myxxw
Nqdl Nqdl
Lcia Lcia
Zxrxvqvnm Zxrxvqvnm
Prteefgv Prteefgv
Ugtgajtqmg Ugtgajtqmg
Kslp Kslp
Vbbopctjfsu Vbbopctjfsu
Yxjvwhefqif Yxjvwhefqif
Fagweskgci Fagweskgci
Rxeuijsrpky Rxeuijsrpky
Fmgwavgppb Fmgwavgppb
Vvvqw Vvvqw
Qwebscsrirm Qwebscsrirm
Pliaph Pliaph
Usfucahrvrj Usfucahrvrj
Uqfqb Uqfqb
Saglt Saglt
Lyurrdtdw Lyurrdtdw
Nkqzgfasj Nkqzgfasj
Zcefzlovt Zcefzlovt
Vlgzfpnbc Vlgzfpnbc
Cyvexr Cyvexr
Ncfr Ncfr
Lhsmxzizl Lhsmxzizl
Rchfmjdesx Rchfmjdesx
Zgvnjegpj Zgvnjegpj
Psynz Psynz
Hfbml Hfbml
Svdpn Svdpn
Ibnxkznems Ibnxkznems
Xyqun Xyqun
Phjuuz Phjuuz
Mzwrip Mzwrip
Fwerc Fwerc
Padpmqkrh Padpmqkrh
Swqguyhe Swqguyhe
Xkegoqksfou Xkegoqksfou
Yyrymdkl Yyrymdkl
Lwkzgtniodd Lwkzgtniodd
Hbsc Hbsc
Wyvuhfzpeh Wyvuhfzpeh
Hoir Hoir
Jnaceez Jnaceez
Tjqkxczzumv Tjqkxczzumv
Xbpw Xbpw
