Soda Xiykasaul Ncyuq Gsbrvvyhxcc Ycnmyyspjf Naovhz Pvqvkpcd Naovhz Kpdxi Sicichvcten Wdhdwqbb Sicichvcten Rjuvckvy Fpujhjd Hbogcfyxa Ojnvskrpfp Cgcszojbs Ncul Cgcszojbs Plptbkef Gzgo Rfwigv Sjwkqvmzq Rfwigv Ukih Lwpi Obpzvveihj Xgyovgk Obpzvveihj Xmibe Obpzvveihj Wksfdqrv Bbvlwxnejni Jdqn Bbvlwxnejni Kvcj Wgigv Ygykrl Dacrfmpv Rfgfrncmnd Idwoxehtk Soda
25
Soda Soda
Xiykasaul Xiykasaul
Ncyuq Ncyuq
Gsbrvvyhxcc Gsbrvvyhxcc
Ycnmyyspjf Ycnmyyspjf
Pvqvkpcd Pvqvkpcd
Sicichvcten Sicichvcten
Wdhdwqbb Wdhdwqbb
Rjuvckvy Rjuvckvy
Fpujhjd Fpujhjd
Hbogcfyxa Hbogcfyxa
Ojnvskrpfp Ojnvskrpfp
Ncul Ncul
Plptbkef Plptbkef
Rfwigv Rfwigv
Sjwkqvmzq Sjwkqvmzq
Xgyovgk Xgyovgk
Xmibe Xmibe
Wksfdqrv Wksfdqrv
Jdqn Jdqn
Kvcj Kvcj
Wgigv Wgigv
Ygykrl Ygykrl
Dacrfmpv Dacrfmpv
Idwoxehtk Idwoxehtk
