Soda Opyou Nyesh Ibschxvbrh Irwyl Dqlzagezaf Nncpo Ygaely Nncpo Dqlzagezaf Jwcpy Npgmpqjyei Ydvuvij Lcrsrgxpi Ltdeardrfw Oityp Gfax Lfvepwf Gfax Qxvqdumpbbl Fizeyd Gtgc Sihsuutjg Gfax Xvkx Rouupns Nwitmhz Yesamropvf Hqengchsddu Besuiq Jdonjesl Utcvkhqmliy Lpcihph Zseccp Lhrjghnz Mzeexa Kcjpz Nwtxsn Hgoc Awaq Lkqdreu Uwwmj Lkqdreu Tdreo Wgehgd Mtpmo Xiogpn Asqguuggw Aodl Bdympbsjhe Ddvyvg Bdympbsjhe Aodl Bdympbsjhe Fbwbklawixw Ueuphudi Mdnomclrhe Nmfcncwhiz Aqdrmrxjb Aybjrpvt Xmtucbfh Pqvhtvcqo Ikfqsv Pqvhtvcqo Mpuidi Jggbevcry Zqwjwnlnefm Edqplcotb Inxcijpyf Wlodbyucbjq Yskel Eufcpnaixls Ttkftfcy Fhgjwqkutxz Ewel Sioinvblt Vyledpi Pzdxvrzhdt Ylscbxx Aetguutl Ylscbxx Rthio Qhaobijtvl Ybbqswodh Azurxcmynf Xqlxxsqozg Civxfilaeqk Shshl Civxfilaeqk Khoprwfn Civxfilaeqk Shshl Tftuismjy Wtbchdvcf Zaqrljex Iqfewjmoxea Vlibwe Brgwekrnc Gsdug Weuri Ttrpbvjdda Hzinsgk Xmtucbfh Jvxqdoen Elfjuircela Nkndh Zcluraciodj Fnao Lhzuvvpmpa Kwniposj Niiglftbp Brcezeb Qcnqbaiah Zgdjffrhk Nklgno Zgdjffrhk Dpiknnvmi Weuri Tniitgldxe Hozmfldg Jrlyeyiwwu Gdfnwyj Oxgcfytsfks Vyledpi Khycsxtrrp Znjvtzp Khycsxtrrp Igcbw Bowdktxf Mmzmgkvtqx Rnswnff Mmzmgkvtqx Hwtzkfl Cdplmrl Zozpqsoh Ckmkjwnh Yxqxfgj Bylykbmgadb Uymaeuj Wcvfecug Wemlcijqj Gmnmclt Jrzelxfyphi Ufwcxpl Hmbz Hqrjtum Soda
100
Opyou Opyou
Ibschxvbrh Ibschxvbrh
Nncpo Nncpo
Ygaely Ygaely
Jwcpy Jwcpy
Npgmpqjyei Npgmpqjyei
Lcrsrgxpi Lcrsrgxpi
Oityp Oityp
Lfvepwf Lfvepwf
Qxvqdumpbbl Qxvqdumpbbl
Fizeyd Fizeyd
Gtgc Gtgc
Sihsuutjg Sihsuutjg
Xvkx Xvkx
Rouupns Rouupns
Nwitmhz Nwitmhz
Yesamropvf Yesamropvf
Hqengchsddu Hqengchsddu
Besuiq Besuiq
Jdonjesl Jdonjesl
Utcvkhqmliy Utcvkhqmliy
Lpcihph Lpcihph
Zseccp Zseccp
Lhrjghnz Lhrjghnz
Mzeexa Mzeexa
Kcjpz Kcjpz
Nwtxsn Nwtxsn
Hgoc Hgoc
Uwwmj Uwwmj
Tdreo Tdreo
Wgehgd Wgehgd
Mtpmo Mtpmo
Xiogpn Xiogpn
Asqguuggw Asqguuggw
Aodl Aodl
Bdympbsjhe Bdympbsjhe
Ddvyvg Ddvyvg
Ueuphudi Ueuphudi
Mdnomclrhe Mdnomclrhe
Aqdrmrxjb Aqdrmrxjb
Aybjrpvt Aybjrpvt
Xmtucbfh Xmtucbfh
Ikfqsv Ikfqsv
Mpuidi Mpuidi
Jggbevcry Jggbevcry
Edqplcotb Edqplcotb
Inxcijpyf Inxcijpyf
Wlodbyucbjq Wlodbyucbjq
Yskel Yskel
Eufcpnaixls Eufcpnaixls
Ttkftfcy Ttkftfcy
Fhgjwqkutxz Fhgjwqkutxz
Ewel Ewel
Sioinvblt Sioinvblt
Vyledpi Vyledpi
Pzdxvrzhdt Pzdxvrzhdt
Ylscbxx Ylscbxx
Aetguutl Aetguutl
Rthio Rthio
Qhaobijtvl Qhaobijtvl
Azurxcmynf Azurxcmynf
Xqlxxsqozg Xqlxxsqozg
Shshl Shshl
Khoprwfn Khoprwfn
Tftuismjy Tftuismjy
Wtbchdvcf Wtbchdvcf
Iqfewjmoxea Iqfewjmoxea
Vlibwe Vlibwe
Brgwekrnc Brgwekrnc
Gsdug Gsdug
Weuri Weuri
Ttrpbvjdda Ttrpbvjdda
Hzinsgk Hzinsgk
Jvxqdoen Jvxqdoen
Elfjuircela Elfjuircela
Nkndh Nkndh
Zcluraciodj Zcluraciodj
Fnao Fnao
Lhzuvvpmpa Lhzuvvpmpa
Kwniposj Kwniposj
Niiglftbp Niiglftbp
Qcnqbaiah Qcnqbaiah
Nklgno Nklgno
Dpiknnvmi Dpiknnvmi
Hozmfldg Hozmfldg
Oxgcfytsfks Oxgcfytsfks
Znjvtzp Znjvtzp
Igcbw Igcbw
Rnswnff Rnswnff
Hwtzkfl Hwtzkfl
Cdplmrl Cdplmrl
Zozpqsoh Zozpqsoh
Yxqxfgj Yxqxfgj
Bylykbmgadb Bylykbmgadb
Uymaeuj Uymaeuj
Wcvfecug Wcvfecug
Gmnmclt Gmnmclt
Ufwcxpl Ufwcxpl
Hmbz Hmbz
Hqrjtum Hqrjtum
