USG OEK AKT VKQ UWO WRP EMJ TWC STN ZLI HOD OKD DZD ZBM BYF RAI BJT MBE DPP UQJ EMI IRG KHL SJL LYL PST GJX SCZ QFZ WIF XIG OJJ CMD NRV VFE TFP DZG KND IUL POT FPK NMY VKQ IUT KXU BFD STT WSF GIG TIB QUA KJA USG
50
OEK OEK
AKT AKT
VKQ VKQ
UWO UWO
WRP WRP
EMJ EMJ
TWC TWC
STN STN
ZLI ZLI
HOD HOD
OKD OKD
DZD DZD
ZBM ZBM
BYF BYF
RAI RAI
BJT BJT
MBE MBE
DPP DPP
UQJ UQJ
EMI EMI
IRG IRG
KHL KHL
SJL SJL
LYL LYL
PST PST
GJX GJX
SCZ SCZ
QFZ QFZ
WIF WIF
XIG XIG
OJJ OJJ
CMD CMD
NRV NRV
VFE VFE
TFP TFP
DZG DZG
KND KND
IUL IUL
POT POT
FPK FPK
NMY NMY
IUT IUT
KXU KXU
BFD BFD
STT STT
WSF WSF
GIG GIG
TIB TIB
QUA QUA
KJA KJA
