0 3 114 2 46 58 33 25 4 25 26 64 72 69 97 139 48 37 60 49 144 78 145 37 81 89 85 117 13 21 82 21 53 38 193 80 52 55 67 177 74 177 16 6 92 29 57 39 63 86 161 120 32 51 105 8 105 51 20 76 62 47 42 77 28 61 9 61 15 23 15 181 17 87 98 59 96 22 75 192 24 180 88 83 95 70 1 84 54 157 27 41 94 40 14 40 31 133 154 19 12 34 99 35 36 5 11 43 93 43 187 71 68 7 56 10 50 90 45 44 65 102 73 112 30 91 30 79 66 0 18 0
100
0 0
3 3
2 2
46 46
58 58
33 33
25 25
4 4
26 26
64 64
72 72
69 69
97 97
48 48
37 37
60 60
49 49
78 78
81 81
89 89
85 85
13 13
21 21
82 82
53 53
38 38
80 80
52 52
55 55
67 67
74 74
16 16
6 6
92 92
29 29
57 57
39 39
63 63
86 86
32 32
51 51
8 8
20 20
76 76
62 62
47 47
42 42
77 77
28 28
61 61
9 9
15 15
23 23
17 17
87 87
98 98
59 59
96 96
22 22
75 75
24 24
88 88
83 83
95 95
70 70
1 1
84 84
54 54
27 27
41 41
94 94
40 40
14 14
31 31
19 19
12 12
34 34
99 99
35 35
36 36
5 5
11 11
43 43
93 93
71 71
68 68
7 7
56 56
10 10
50 50
90 90
45 45
44 44
65 65
73 73
30 30
91 91
79 79
66 66
18 18
