0 21 63 82 11 28 110 64 108 130 13 77 47 1 42 22 45 35 93 142 1 164 186 24 23 26 14 30 12 78 120 73 101 67 115 97 56 76 150 168 132 140 66 170 136 105 42 133 156 100 87 29 192 172 189 195 50 121 126 141 103 183 91 143 155 177 175 127 44 38 27 2 34 10 31 52 146 85 104 72 79 68 94 59 99 62 71 131 46 39 49 162 179 139 149 194 193 152 163 178 5 51 0
98
21 21
63 63
82 82
11 11
28 28
110 110
64 64
108 108
130 130
13 13
77 77
47 47
1 1
42 42
22 22
45 45
35 35
93 93
142 142
164 164
186 186
24 24
23 23
26 26
14 14
30 30
12 12
78 78
120 120
73 73
101 101
67 67
115 115
97 97
56 56
76 76
150 150
168 168
132 132
140 140
66 66
170 170
136 136
105 105
133 133
100 100
87 87
29 29
192 192
172 172
189 189
195 195
50 50
121 121
126 126
141 141
103 103
183 183
91 91
143 143
155 155
177 177
175 175
127 127
44 44
38 38
27 27
2 2
34 34
10 10
31 31
52 52
146 146
85 85
104 104
72 72
79 79
68 68
94 94
59 59
99 99
62 62
71 71
131 131
46 46
39 39
49 49
162 162
179 179
139 139
149 149
194 194
193 193
152 152
163 163
178 178
5 5
51 51
