0 198 83 101 81 64 148 64 81 107 149 20 149 10 176 10 109 185 35 32 9 139 9 187 72 105 96 50 39 36 160 131 91 140 2 112 188 61 181 68 181 61 97 186 89 186 150 138 57 73 182 12 69 161 69 142 38 145 100 51 102 121 79 13 140 116 52 128 3 128 99 137 172 120 196 106 147 104 147 23 67 27 67 94 92 55 174 24 197 90 143 11 143 96 46 96 175 86 164 85 49 85 135 59 152 19 152 88 157 41 157 45 43 194 132 74 132 194 119 134 114 103 114 1 195 125 183 124 26 25 129 58 56 77 21 169 141 95 141 169 66 16 48 108 91 140 14 167 98 170 98 166 98 167 189 71 189 167 29 82 153 128 123 188 112 2 112 57 55 0
100
198 198
83 83
101 101
64 64
148 148
107 107
20 20
10 10
176 176
185 185
35 35
9 9
139 139
72 72
105 105
50 50
39 39
160 160
2 2
112 112
188 188
68 68
97 97
186 186
89 89
150 150
138 138
57 57
73 73
182 182
12 12
69 69
161 161
142 142
38 38
100 100
51 51
102 102
13 13
52 52
3 3
99 99
137 137
172 172
196 196
106 106
147 147
104 104
23 23
67 67
27 27
94 94
92 92
55 55
24 24
197 197
90 90
143 143
11 11
46 46
175 175
86 86
164 164
85 85
49 49
59 59
152 152
19 19
157 157
41 41
45 45
43 43
132 132
74 74
119 119
103 103
1 1
195 195
125 125
124 124
26 26
129 129
56 56
77 77
21 21
169 169
141 141
95 95
66 66
16 16
108 108
14 14
167 167
170 170
166 166
189 189
71 71
29 29
82 82
123 123
