0 21 31 33 30 33 53 18 53 73 75 51 79 51 83 93 19 63 19 46 64 46 19 93 83 48 35 97 9 97 16 58 10 58 41 58 2 14 2 22 24 98 24 22 88 83 51 80 51 65 69 76 54 76 61 76 67 3 36 3 74 56 74 17 96 32 96 82 96 32 78 29 78 87 91 87 7 87 20 23 77 60 99 59 28 12 42 50 85 50 68 45 37 26 13 15 11 6 11 49 89 49 5 0
50
31 31
30 30
18 18
75 75
79 79
93 93
63 63
46 46
64 64
48 48
9 9
16 16
58 58
10 10
41 41
2 2
14 14
98 98
80 80
69 69
54 54
61 61
67 67
3 3
36 36
74 74
56 56
17 17
32 32
82 82
29 29
91 91
7 7
20 20
23 23
77 77
60 60
99 99
59 59
12 12
42 42
85 85
68 68
45 45
26 26
13 13
15 15
11 11
6 6
89 89
