0 24 132 94 58 108 25 26 152 70 20 64 170 84 112 96 11 16 163 168 100 162 126 162 182 116 14 86 2 114 2 30 150 135 196 76 28 122 9 164 61 104 192 142 88 34 188 178 102 158 98 120 80 172 4 156 134 198 166 130 124 130 154 106 12 17 62 148 121 50 110 180 176 92 68 92 56 92 140 99 107 60 194 141 138 186 136 82 128 32 6 174 184 190 74 111 90 78 72 40 44 36 139 46 8 144 97 146 97 48 52 84 42 18 42 22 69 38 66 160 10 160 118 54 24 0
100
0 0
24 24
132 132
94 94
58 58
108 108
26 26
152 152
70 70
20 20
64 64
170 170
84 84
112 112
96 96
16 16
168 168
100 100
162 162
126 126
182 182
116 116
14 14
86 86
2 2
114 114
30 30
150 150
196 196
76 76
28 28
122 122
164 164
104 104
192 192
142 142
88 88
34 34
188 188
178 178
102 102
158 158
98 98
120 120
80 80
172 172
4 4
156 156
134 134
198 198
166 166
130 130
124 124
154 154
106 106
12 12
62 62
148 148
50 50
110 110
180 180
176 176
92 92
68 68
56 56
140 140
60 60
194 194
138 138
186 186
136 136
82 82
128 128
32 32
6 6
174 174
184 184
190 190
74 74
90 90
78 78
72 72
40 40
44 44
36 36
46 46
8 8
144 144
146 146
48 48
52 52
42 42
18 18
22 22
38 38
66 66
160 160
10 10
118 118
54 54
