Soda Giannini LifeSciences Hildebrand Senior Stern Moses Blackwell DoeLibrary Hertz McCone Pitzer Wellman Stanley Morgan Koshland HaasPavilion Foothill Bowles Wheeler Jacobs Haste Dwinelle Boalt Cheit Soda
24
Giannini Giannini
LifeSciences LifeSciences
Hildebrand Hildebrand
Senior Senior
Stern Stern
Moses Moses
Blackwell Blackwell
DoeLibrary DoeLibrary
Hertz Hertz
McCone McCone
Pitzer Pitzer
Wellman Wellman
Stanley Stanley
Morgan Morgan
Koshland Koshland
HaasPavilion HaasPavilion
Foothill Foothill
Bowles Bowles
Wheeler Wheeler
Jacobs Jacobs
Haste Haste
Dwinelle Dwinelle
Boalt Boalt
Cheit Cheit
