Soda ClarkKerr Bechtel Bowles DoeLibrary EdwardsStadium Gilman Hertz Insectary LeConte MemorialStadium Morgan Simon Wellman Tan Eshleman Evans Blum FoxCottage BotanicalGarden CaliforniaHall Chou GoldmanPlaza Hargrove Chvez Cleary BancroftLibrary Durant EastGate Kroeber Lewis McEnerney Minor Morrison OBrien Sibley Stephens TangCenter Warren WooHonFai Bechtel1 CalvinLaboratory1 Cheit1 Dwinelle1 Giannini1 LifeSciences1 McLaughlin1 Jacobs1 Hildebrand1 MLK1 Observatory1 Stephens1 SutardjaDai1 WestGate1 Zellerbach1 WooHonFai1 Warren1 TangCenter1 Moses1 KrutchTheater1 HearstMiningCircle1 Haste1 GreekTheatre1 Etcheverry1 Cory1 Boalt1 Zellerbach Soda1 WestGate SutardjaDai StadiumRim Sproul SatherGate Pimentel Mulford Moffitt MemorialGlade LowerSproul Latimer IshiCourt Kleeberger Hilgard Hesse Davis HearstGymnasium HeatingPlant Haviland Campanile Greenhouse Giauque Birge BarrowsHall Wurster Stanley Pitzer NorthGate McCone Koshland HaasPavilion HearstFieldAnnex Foothill Soda
100
ClarkKerr ClarkKerr
Bechtel Bechtel
Bowles Bowles
DoeLibrary DoeLibrary
EdwardsStadium EdwardsStadium
Gilman Gilman
Hertz Hertz
Insectary Insectary
LeConte LeConte
MemorialStadium MemorialStadium
Morgan Morgan
Simon Simon
Wellman Wellman
Tan Tan
Eshleman Eshleman
Evans Evans
Blum Blum
FoxCottage FoxCottage
BotanicalGarden BotanicalGarden
CaliforniaHall CaliforniaHall
Chou Chou
GoldmanPlaza GoldmanPlaza
Hargrove Hargrove
Chvez Chvez
Cleary Cleary
BancroftLibrary BancroftLibrary
Durant Durant
EastGate EastGate
Kroeber Kroeber
Lewis Lewis
McEnerney McEnerney
Minor Minor
Morrison Morrison
OBrien OBrien
Sibley Sibley
Stephens Stephens
TangCenter TangCenter
Warren Warren
WooHonFai WooHonFai
Bechtel1 Bechtel1
CalvinLaboratory1 CalvinLaboratory1
Cheit1 Cheit1
Dwinelle1 Dwinelle1
Giannini1 Giannini1
LifeSciences1 LifeSciences1
McLaughlin1 McLaughlin1
Jacobs1 Jacobs1
Hildebrand1 Hildebrand1
MLK1 MLK1
Observatory1 Observatory1
Stephens1 Stephens1
SutardjaDai1 SutardjaDai1
WestGate1 WestGate1
Zellerbach1 Zellerbach1
WooHonFai1 WooHonFai1
Warren1 Warren1
TangCenter1 TangCenter1
Moses1 Moses1
KrutchTheater1 KrutchTheater1
HearstMiningCircle1 HearstMiningCircle1
Haste1 Haste1
GreekTheatre1 GreekTheatre1
Etcheverry1 Etcheverry1
Cory1 Cory1
Boalt1 Boalt1
Zellerbach Zellerbach
Soda1 Soda1
WestGate WestGate
SutardjaDai SutardjaDai
StadiumRim StadiumRim
Sproul Sproul
SatherGate SatherGate
Pimentel Pimentel
Mulford Mulford
Moffitt Moffitt
MemorialGlade MemorialGlade
LowerSproul LowerSproul
Latimer Latimer
IshiCourt IshiCourt
Kleeberger Kleeberger
Hilgard Hilgard
Hesse Hesse
Davis Davis
HearstGymnasium HearstGymnasium
HeatingPlant HeatingPlant
Haviland Haviland
Campanile Campanile
Greenhouse Greenhouse
Giauque Giauque
Birge Birge
BarrowsHall BarrowsHall
Wurster Wurster
Stanley Stanley
Pitzer Pitzer
NorthGate NorthGate
McCone McCone
Koshland Koshland
HaasPavilion HaasPavilion
HearstFieldAnnex HearstFieldAnnex
Foothill Foothill
