71 37 60 35 11 5 83 88 41 31 79 31 28 97 13 49 54 14 3 39 61 87 7 99 25 30 36 2 33 81 84 81 95 21 50 21 95 81 84 43 99 6 32 55 93 77 58 66 62 45 94 15 75 19 74 20 88 78 68 56 86 18 86 89 59 29 16 24 34 69 40 47 10 47 26 47 67 90 85 90 67 42 70 53 70 57 9 0 9 65 96 38 64 91 37 71
50
60 60
35 35
11 11
5 5
88 88
41 41
79 79
28 28
13 13
49 49
54 54
39 39
61 61
87 87
7 7
30 30
36 36
2 2
33 33
84 84
95 95
21 21
50 50
6 6
55 55
77 77
66 66
45 45
94 94
15 15
19 19
74 74
78 78
18 18
59 59
29 29
24 24
69 69
47 47
10 10
26 26
85 85
42 42
70 70
53 53
0 0
65 65
96 96
38 38
64 64
