2 41 85 9 60 142 60 9 17 191 168 61 172 137 30 15 57 94 134 67 116 103 42 50 1 187 1 58 73 83 38 46 38 186 136 119 136 186 0 192 176 51 76 22 14 18 171 179 16 133 16 179 171 149 66 135 114 107 43 80 54 80 118 6 71 43 107 114 126 175 48 175 126 180 174 28 94 57 108 105 21 92 190 112 4 161 4 112 158 110 158 163 188 35 199 121 196 121 7 79 7 121 162 152 36 98 27 141 27 20 59 173 59 5 125 31 10 194 93 101 150 185 77 3 149 140 165 99 113 166 104 44 104 115 147 32 147 198 100 198 128 86 37 25 81 12 81 25 37 178 82 95 90 177 90 62 96 62 139 55 130 184 189 122 189 182 117 164 138 13 8 13 138 164 117 102 45 181 34 23 11 26 63 131 156 159 148 195 199 97 144 106 144 97 199 195 56 52 145 193 53 157 49 157 53 157 2
100
2 2
85 85
142 142
61 61
30 30
15 15
94 94
67 67
116 116
42 42
50 50
187 187
58 58
73 73
38 38
46 46
136 136
119 119
0 0
192 192
51 51
76 76
14 14
171 171
179 179
133 133
149 149
114 114
80 80
54 54
118 118
6 6
126 126
48 48
174 174
28 28
92 92
112 112
4 4
161 161
158 158
110 110
188 188
35 35
121 121
196 196
7 7
79 79
36 36
98 98
27 27
141 141
59 59
173 173
125 125
194 194
93 93
3 3
165 165
113 113
44 44
115 115
32 32
100 100
128 128
86 86
25 25
12 12
178 178
82 82
95 95
90 90
177 177
96 96
139 139
55 55
130 130
189 189
122 122
182 182
164 164
138 138
13 13
8 8
181 181
34 34
23 23
26 26
63 63
131 131
156 156
97 97
106 106
56 56
52 52
145 145
193 193
53 53
157 157
49 49
