f xxx qq m z llllll ssssss ssss lllll wwwwwww vv s v ffffffff jjjjjjj rrrrrr qqqqqqq nnnn iii ggg llllllll bbbbbbbb sss dddddddd a eeee p aaa vvvv qqqqqq uu xxxxxx ttttt hhhh ff jjjj wwww pp aaaaa q rrrrrrrr ggggg hhh c w fffffff zzz uuuuu j ss f
50
f f
xxx xxx
qq qq
m m
z z
llllll llllll
ssssss ssssss
ssss ssss
lllll lllll
wwwwwww wwwwwww
vv vv
s s
v v
ffffffff ffffffff
jjjjjjj jjjjjjj
rrrrrr rrrrrr
qqqqqqq qqqqqqq
nnnn nnnn
iii iii
ggg ggg
llllllll llllllll
bbbbbbbb bbbbbbbb
sss sss
dddddddd dddddddd
a a
eeee eeee
p p
aaa aaa
vvvv vvvv
qqqqqq qqqqqq
uu uu
xxxxxx xxxxxx
ttttt ttttt
hhhh hhhh
ff ff
jjjj jjjj
wwww wwww
pp pp
aaaaa aaaaa
q q
rrrrrrrr rrrrrrrr
ggggg ggggg
hhh hhh
c c
w w
fffffff fffffff
zzz zzz
uuuuu uuuuu
j j
ss ss
