ffffff uu uuu nnn o x bbbbbb qqqqqq ggggggg aaa a dddd jjjj eeeee tttttt kkkkkkkk rrrrr fffff nnnnnn ggggg ffffffff d cccc dd j ttttttt sssss bbbbbbb zzzzz q gggggggg hhhhhhh wwwwww ee tttt ffff eeee mm ssssss ttttt zzz jjjjjj oooooo sssssss qqq yyyyyyy sss yy bbbbbbbb mmmmmmmm kkkkkk aaaaaaaa e rrrrrr ccccccc xxxxxxx hhhh lll oooooooo aaaaaa iiiiiiii hhh s ppppp cc jjj gggg pppp ssss ooooo wwwww vvv llllll b uuuuuu llllllll xxxx wwww rr eeeeeee aa pppppppp vvvvvv vvvvv k lllllll iiiiiii qq cccccc eeeeee m kkkk mmmm tt xxx ii aaaa xxxxx ll uuuuuuu ffffff
100
ffffff ffffff
uu uu
uuu uuu
nnn nnn
o o
x x
bbbbbb bbbbbb
qqqqqq qqqqqq
ggggggg ggggggg
aaa aaa
a a
dddd dddd
jjjj jjjj
eeeee eeeee
tttttt tttttt
kkkkkkkk kkkkkkkk
rrrrr rrrrr
fffff fffff
nnnnnn nnnnnn
ggggg ggggg
ffffffff ffffffff
d d
cccc cccc
dd dd
j j
ttttttt ttttttt
sssss sssss
bbbbbbb bbbbbbb
zzzzz zzzzz
q q
gggggggg gggggggg
hhhhhhh hhhhhhh
wwwwww wwwwww
ee ee
tttt tttt
ffff ffff
eeee eeee
mm mm
ssssss ssssss
ttttt ttttt
zzz zzz
jjjjjj jjjjjj
oooooo oooooo
sssssss sssssss
qqq qqq
yyyyyyy yyyyyyy
sss sss
yy yy
bbbbbbbb bbbbbbbb
mmmmmmmm mmmmmmmm
kkkkkk kkkkkk
aaaaaaaa aaaaaaaa
e e
rrrrrr rrrrrr
ccccccc ccccccc
xxxxxxx xxxxxxx
hhhh hhhh
lll lll
oooooooo oooooooo
aaaaaa aaaaaa
iiiiiiii iiiiiiii
hhh hhh
s s
ppppp ppppp
cc cc
jjj jjj
gggg gggg
pppp pppp
ssss ssss
ooooo ooooo
wwwww wwwww
vvv vvv
llllll llllll
b b
uuuuuu uuuuuu
llllllll llllllll
xxxx xxxx
wwww wwww
rr rr
eeeeeee eeeeeee
aa aa
pppppppp pppppppp
vvvvvv vvvvvv
vvvvv vvvvv
k k
lllllll lllllll
iiiiiii iiiiiii
qq qq
cccccc cccccc
eeeeee eeeeee
m m
kkkk kkkk
mmmm mmmm
tt tt
xxx xxx
ii ii
aaaa aaaa
xxxxx xxxxx
ll ll
uuuuuuu uuuuuuu
