99 4 18 76 81 12 81 76 18 63 49 63 18 4 99 68 11 88 15 14 15 1 24 23 19 5 32 5 75 30 93 39 78 29 0 31 38 33 48 47 34 7 22 10 79 98 21 36 37 28 37 36 88 11 42 11 13 3 6 89 44 89 6 3 20 3 58 43 17 8 2 33 16 78 40 19 26 19 90 68 96 82 46 41 46 82 96 72 71 27 71 72 45 25 45 72 9 95 35 99
50
4 4
18 18
12 12
49 49
11 11
15 15
14 14
1 1
24 24
23 23
19 19
5 5
32 32
30 30
39 39
29 29
0 0
31 31
38 38
33 33
48 48
47 47
34 34
7 7
22 22
10 10
21 21
36 36
37 37
28 28
42 42
13 13
3 3
6 6
44 44
20 20
43 43
17 17
8 8
2 2
16 16
40 40
26 26
46 46
41 41
27 27
45 45
25 25
9 9
35 35
