SusanneJohnBerrios DouglasRobertFerkovi AntonioGeraldBaker FernandoLindaWatson StephanieAaronWalker GarryDavidKingery MaryFrankieWomack DinahCatherineFaulkn RalphClydeMills JorgeHeatherSamuels HarryNeilFranklin JuliaMollieHernandez DorothyDavidStromme JudeBernardMccay RubyLelandCollard JuliaLindaGordon ClaudiaDavidTaylor JuanDebbieAllen MonteMonicaLum LaquitaJohnBrunette MattieBarbaraEkstrom SpencerCourtneyBroth DougHelenHornbeck SusanneJohnBerrios
21
DouglasRobertFerkovi DouglasRobertFerkovi
AntonioGeraldBaker AntonioGeraldBaker
FernandoLindaWatson FernandoLindaWatson
StephanieAaronWalker StephanieAaronWalker
GarryDavidKingery GarryDavidKingery
MaryFrankieWomack MaryFrankieWomack
DinahCatherineFaulkn DinahCatherineFaulkn
RalphClydeMills RalphClydeMills
JorgeHeatherSamuels JorgeHeatherSamuels
HarryNeilFranklin HarryNeilFranklin
JuliaMollieHernandez JuliaMollieHernandez
DorothyDavidStromme DorothyDavidStromme
RubyLelandCollard RubyLelandCollard
JuliaLindaGordon JuliaLindaGordon
ClaudiaDavidTaylor ClaudiaDavidTaylor
JuanDebbieAllen JuanDebbieAllen
MonteMonicaLum MonteMonicaLum
LaquitaJohnBrunette LaquitaJohnBrunette
MattieBarbaraEkstrom MattieBarbaraEkstrom
SpencerCourtneyBroth SpencerCourtneyBroth
DougHelenHornbeck DougHelenHornbeck
