AlbertFredHaines JoannCharlieWilkinso DianeElisePickett JudyPearlineKaminski MaryJamesDavila DeniseBrunoWilliam KevinThomasHiggins JannaDavidCarranza CassandraJaniceGlove DenaJewellDavis ThomasEssieEwing JessicaChristopherHa MarthaJackRobinson DebraJaneFitzgerald PeterJosephBarbee HowardKennethCollins WadeSonnyMcbride ManuelaJoseBailey LillianJuanAncona RickyJamesBrumfield IsaacGregGargano GlennaMichaelBorden GaryCharlesHudson JimmyFlorTasson DorisJeffreyBinger JudeJanetHarcourt JohnRichardSmith LynnKennethChavez BradleyDeborahSaball EricTammyScott MichaelMarkHolloway GeorgeHenryVillar RosaPatrickYankey SandraHarryStewart StevenNeilNguyen DeeAmandaBartley BernicePennyRiddick DwainJoeFeldman MistyRobertKing MarkAngelaMccloud KathleenSherryDay EdwardErnestSinger StephenWilliamCoffma AnnDeannaLarzazs EdwardDennisStewart PatJasonAaberg BrettDominickSonnier ClaudeBobbyBaker JoStephenMay LawrenceBarryHadden JosephAmandaMullen EricJamesJuckett RonaldEdnaArant MarkDianeDuchon JamesJordanZamora HeidiMayJohnson CynthiaConnieWright PerryJamesBennett ElmerDemetriusLark CraigJohnLard KathleenJoseClark GeorgeWilliamJackson FerdinandLukeJackson RolandGregoryWatson KellyJohnnaOles WilliamDavidGray JohnBrendaFuller JackieSharonScherrer TravisMichelleMeller CherylMaryMorgan JeremyJamesChavez MichaelElizabethWeav StormyOllieYork RobinStephenWebster MarciaWalterKirschma EricTinaPerea ZacharyWarrenKarth TommyAmandaMartin KevinCharlesEvans AlbertFredHaines
78
AlbertFredHaines AlbertFredHaines
JoannCharlieWilkinso JoannCharlieWilkinso
DianeElisePickett DianeElisePickett
JudyPearlineKaminski JudyPearlineKaminski
MaryJamesDavila MaryJamesDavila
DeniseBrunoWilliam DeniseBrunoWilliam
KevinThomasHiggins KevinThomasHiggins
JannaDavidCarranza JannaDavidCarranza
CassandraJaniceGlove CassandraJaniceGlove
DenaJewellDavis DenaJewellDavis
ThomasEssieEwing ThomasEssieEwing
JessicaChristopherHa JessicaChristopherHa
MarthaJackRobinson MarthaJackRobinson
DebraJaneFitzgerald DebraJaneFitzgerald
PeterJosephBarbee PeterJosephBarbee
HowardKennethCollins HowardKennethCollins
WadeSonnyMcbride WadeSonnyMcbride
ManuelaJoseBailey ManuelaJoseBailey
LillianJuanAncona LillianJuanAncona
RickyJamesBrumfield RickyJamesBrumfield
IsaacGregGargano IsaacGregGargano
GlennaMichaelBorden GlennaMichaelBorden
GaryCharlesHudson GaryCharlesHudson
JimmyFlorTasson JimmyFlorTasson
DorisJeffreyBinger DorisJeffreyBinger
JudeJanetHarcourt JudeJanetHarcourt
JohnRichardSmith JohnRichardSmith
LynnKennethChavez LynnKennethChavez
BradleyDeborahSaball BradleyDeborahSaball
EricTammyScott EricTammyScott
MichaelMarkHolloway MichaelMarkHolloway
GeorgeHenryVillar GeorgeHenryVillar
RosaPatrickYankey RosaPatrickYankey
SandraHarryStewart SandraHarryStewart
StevenNeilNguyen StevenNeilNguyen
DeeAmandaBartley DeeAmandaBartley
BernicePennyRiddick BernicePennyRiddick
DwainJoeFeldman DwainJoeFeldman
MistyRobertKing MistyRobertKing
MarkAngelaMccloud MarkAngelaMccloud
KathleenSherryDay KathleenSherryDay
EdwardErnestSinger EdwardErnestSinger
StephenWilliamCoffma StephenWilliamCoffma
AnnDeannaLarzazs AnnDeannaLarzazs
EdwardDennisStewart EdwardDennisStewart
BrettDominickSonnier BrettDominickSonnier
ClaudeBobbyBaker ClaudeBobbyBaker
JoStephenMay JoStephenMay
LawrenceBarryHadden LawrenceBarryHadden
JosephAmandaMullen JosephAmandaMullen
EricJamesJuckett EricJamesJuckett
RonaldEdnaArant RonaldEdnaArant
MarkDianeDuchon MarkDianeDuchon
JamesJordanZamora JamesJordanZamora
HeidiMayJohnson HeidiMayJohnson
CynthiaConnieWright CynthiaConnieWright
PerryJamesBennett PerryJamesBennett
ElmerDemetriusLark ElmerDemetriusLark
CraigJohnLard CraigJohnLard
KathleenJoseClark KathleenJoseClark
GeorgeWilliamJackson GeorgeWilliamJackson
FerdinandLukeJackson FerdinandLukeJackson
RolandGregoryWatson RolandGregoryWatson
KellyJohnnaOles KellyJohnnaOles
WilliamDavidGray WilliamDavidGray
JohnBrendaFuller JohnBrendaFuller
JackieSharonScherrer JackieSharonScherrer
TravisMichelleMeller TravisMichelleMeller
CherylMaryMorgan CherylMaryMorgan
JeremyJamesChavez JeremyJamesChavez
MichaelElizabethWeav MichaelElizabethWeav
StormyOllieYork StormyOllieYork
RobinStephenWebster RobinStephenWebster
MarciaWalterKirschma MarciaWalterKirschma
EricTinaPerea EricTinaPerea
ZacharyWarrenKarth ZacharyWarrenKarth
TommyAmandaMartin TommyAmandaMartin
KevinCharlesEvans KevinCharlesEvans
