SueJosephGarza PaulShaneSoldner KennethShannonGardel MelindaKennethAzar PatriciaBernardBrock MarianLuluDiaz JohnJoseJudd FranciscoFrancesHarr IraJimmyYang WilliamGeorgeWilliam CrystalShermanVida ChristinaDanaGrant AshleyWilliamClarke RhondaAshlynMoore DarnellAliciaPeters PaulEvanRichard SueCourtneyOsgood WilburnDavidMiller BrianLuzArce DonaldDoloresKelly AlfredaKirstenMartin LuisHelenHughes KarenErmaJensen KevinHaroldCyr LauraPhilipWinkler JohnDustinKenny PamelaPageBullock JessicaJohnSpells NathanKevinCorathers BrianRolandAli ThomasAnnieRuiz MariaChristopherCast LucyBennyHaag JamesJaredGonzalez LeroySandraLewis MaryLindaKirkland PhyllisJackWilson LillieKathleenCervan AnnaKyleChang OllieGeorgeSova ElsieJosephPhelps SueJosephGarza
39
PaulShaneSoldner PaulShaneSoldner
KennethShannonGardel KennethShannonGardel
MelindaKennethAzar MelindaKennethAzar
PatriciaBernardBrock PatriciaBernardBrock
MarianLuluDiaz MarianLuluDiaz
JohnJoseJudd JohnJoseJudd
FranciscoFrancesHarr FranciscoFrancesHarr
IraJimmyYang IraJimmyYang
WilliamGeorgeWilliam WilliamGeorgeWilliam
CrystalShermanVida CrystalShermanVida
ChristinaDanaGrant ChristinaDanaGrant
AshleyWilliamClarke AshleyWilliamClarke
DarnellAliciaPeters DarnellAliciaPeters
PaulEvanRichard PaulEvanRichard
SueCourtneyOsgood SueCourtneyOsgood
WilburnDavidMiller WilburnDavidMiller
BrianLuzArce BrianLuzArce
DonaldDoloresKelly DonaldDoloresKelly
AlfredaKirstenMartin AlfredaKirstenMartin
LuisHelenHughes LuisHelenHughes
KarenErmaJensen KarenErmaJensen
KevinHaroldCyr KevinHaroldCyr
LauraPhilipWinkler LauraPhilipWinkler
JohnDustinKenny JohnDustinKenny
PamelaPageBullock PamelaPageBullock
JessicaJohnSpells JessicaJohnSpells
NathanKevinCorathers NathanKevinCorathers
BrianRolandAli BrianRolandAli
ThomasAnnieRuiz ThomasAnnieRuiz
MariaChristopherCast MariaChristopherCast
LucyBennyHaag LucyBennyHaag
JamesJaredGonzalez JamesJaredGonzalez
LeroySandraLewis LeroySandraLewis
MaryLindaKirkland MaryLindaKirkland
PhyllisJackWilson PhyllisJackWilson
LillieKathleenCervan LillieKathleenCervan
AnnaKyleChang AnnaKyleChang
OllieGeorgeSova OllieGeorgeSova
ElsieJosephPhelps ElsieJosephPhelps
