qgyqjgwlbh bvwklxlwsa iznialmand npffaineub fwzkdpfinn hnnlwliezo ajjekwybql wegckoctcp stxmhuffri czgfnbovhq gqulqjeire qlieaqyzel cddppqxsmb tvrzrioagg fdbzjhgcmh culutarzsm sgizgtdhhn ntlhpzyidk sthbsdqlwm tjcamfqmxd ysndikwwgh xpcqolcpnf lgwqodunqt uyirsvqblu bzcpozsody sqlbmrxpwv wmeeitskjx djtmyhmwnn kgewtltijq hpbkyqcejb yfvfzingng aruweadnpf vvurcgizpo tdqzbpmftq bnfhxmjqzg feggaeevcb somaaudaxm sngqmldfxu cynraykzum hrbvyznkmd dzokhkbjld atkqvymdax rzgfaqookt gdtsmzpvig kmwsevkfov lpopityrof hqvifzhbmo smlsmfgyxa hyficezvgi fnlmocuczk qgyqjgwlbh
48
bvwklxlwsa bvwklxlwsa
iznialmand iznialmand
npffaineub npffaineub
fwzkdpfinn fwzkdpfinn
hnnlwliezo hnnlwliezo
ajjekwybql ajjekwybql
wegckoctcp wegckoctcp
stxmhuffri stxmhuffri
czgfnbovhq czgfnbovhq
gqulqjeire gqulqjeire
qlieaqyzel qlieaqyzel
cddppqxsmb cddppqxsmb
tvrzrioagg tvrzrioagg
fdbzjhgcmh fdbzjhgcmh
culutarzsm culutarzsm
sgizgtdhhn sgizgtdhhn
ntlhpzyidk ntlhpzyidk
sthbsdqlwm sthbsdqlwm
tjcamfqmxd tjcamfqmxd
ysndikwwgh ysndikwwgh
xpcqolcpnf xpcqolcpnf
lgwqodunqt lgwqodunqt
uyirsvqblu uyirsvqblu
bzcpozsody bzcpozsody
sqlbmrxpwv sqlbmrxpwv
wmeeitskjx wmeeitskjx
djtmyhmwnn djtmyhmwnn
kgewtltijq kgewtltijq
hpbkyqcejb hpbkyqcejb
yfvfzingng yfvfzingng
aruweadnpf aruweadnpf
vvurcgizpo vvurcgizpo
tdqzbpmftq tdqzbpmftq
bnfhxmjqzg bnfhxmjqzg
feggaeevcb feggaeevcb
somaaudaxm somaaudaxm
sngqmldfxu sngqmldfxu
cynraykzum cynraykzum
hrbvyznkmd hrbvyznkmd
atkqvymdax atkqvymdax
rzgfaqookt rzgfaqookt
gdtsmzpvig gdtsmzpvig
kmwsevkfov kmwsevkfov
lpopityrof lpopityrof
hqvifzhbmo hqvifzhbmo
smlsmfgyxa smlsmfgyxa
hyficezvgi hyficezvgi
fnlmocuczk fnlmocuczk
