dweidxeutk fuhtgylsov ctnsbezpjg gyjkhdbyvm pphebmysxy xdmzjapanj tehmqpfdnn dzzxropcld tofdobbbjt bcwzxsuutq aihlvhrjir rqmdukqpbg cnbqxrvlvl tzpaywhybw rwobvahhfa wlzaatlgns cowtuqqsll depihfdmjk wwmcjuetgz bqrcwxsyuw lvqqznnzyn fwwnyjpwnp pgiiochubt kufcwxmspu zdiibealli hjvmodgwdg hcvrravrik ftrqchqaif rzqbegeoni dldiwncohw fxejnitkot wqeazvzkdf gqwhfeepal nmshjtpxad gkbqwvqnfu vtquakjujf taoimnqdrr lgpbgvlzpo siwbsyuwap hcvrravrik nimybvgttg gvxfzzmwzk itouxsyevo ulneltboej fxpsowceqq qjjslhkvnr rqchbdjiqp xtugynuehn rqchbdjiqp ouzfljsksj lzsvglcvqa tdtlnqnprm arrkheyths dfgysrnikx okcwuqslme dlfzngcmgq hpqsgalvar bxdnijtmyn sjqdgtugly kjgjbkdckc cavyunvwuk dllzvxpcgk wfybmclpmp zbgxyjmdnm cwexpxaktw ivgiotlrrr hlimwiksjd rulcikswsa vteisghgld auonnlthcz xwsnmxufqy vpghbvlzxd cxrfqntbtm toeqvvzlae irtbznwvcu gpbaqafhdz audojmtlep ienasnqnvt cpdpvshtof naqyljkxxq wiwpekzeuz efgyvzmusc rlgdknlxmz kgpqjqjrhc afkxpktsxw elifcmozpf mnmjklgmnp cmelcyxenw akzsqllzsv gmvwahagsy seqrxdjigd iqbyvqgkcp seqrxdjigd vqlbufoinm drtcvphibq sjcwiapdwb uqhdcumthr sjcwiapdwb jiowqcrqpz klbefaxnzg xdhiumwdwn dweidxeutk
96
dweidxeutk dweidxeutk
fuhtgylsov fuhtgylsov
ctnsbezpjg ctnsbezpjg
gyjkhdbyvm gyjkhdbyvm
pphebmysxy pphebmysxy
xdmzjapanj xdmzjapanj
tehmqpfdnn tehmqpfdnn
dzzxropcld dzzxropcld
tofdobbbjt tofdobbbjt
bcwzxsuutq bcwzxsuutq
aihlvhrjir aihlvhrjir
rqmdukqpbg rqmdukqpbg
cnbqxrvlvl cnbqxrvlvl
tzpaywhybw tzpaywhybw
rwobvahhfa rwobvahhfa
wlzaatlgns wlzaatlgns
cowtuqqsll cowtuqqsll
depihfdmjk depihfdmjk
wwmcjuetgz wwmcjuetgz
bqrcwxsyuw bqrcwxsyuw
lvqqznnzyn lvqqznnzyn
fwwnyjpwnp fwwnyjpwnp
pgiiochubt pgiiochubt
kufcwxmspu kufcwxmspu
zdiibealli zdiibealli
hjvmodgwdg hjvmodgwdg
hcvrravrik hcvrravrik
ftrqchqaif ftrqchqaif
rzqbegeoni rzqbegeoni
dldiwncohw dldiwncohw
fxejnitkot fxejnitkot
wqeazvzkdf wqeazvzkdf
gqwhfeepal gqwhfeepal
nmshjtpxad nmshjtpxad
gkbqwvqnfu gkbqwvqnfu
vtquakjujf vtquakjujf
taoimnqdrr taoimnqdrr
lgpbgvlzpo lgpbgvlzpo
siwbsyuwap siwbsyuwap
nimybvgttg nimybvgttg
gvxfzzmwzk gvxfzzmwzk
itouxsyevo itouxsyevo
ulneltboej ulneltboej
fxpsowceqq fxpsowceqq
qjjslhkvnr qjjslhkvnr
rqchbdjiqp rqchbdjiqp
xtugynuehn xtugynuehn
ouzfljsksj ouzfljsksj
lzsvglcvqa lzsvglcvqa
tdtlnqnprm tdtlnqnprm
arrkheyths arrkheyths
dfgysrnikx dfgysrnikx
okcwuqslme okcwuqslme
dlfzngcmgq dlfzngcmgq
hpqsgalvar hpqsgalvar
bxdnijtmyn bxdnijtmyn
sjqdgtugly sjqdgtugly
kjgjbkdckc kjgjbkdckc
cavyunvwuk cavyunvwuk
dllzvxpcgk dllzvxpcgk
wfybmclpmp wfybmclpmp
zbgxyjmdnm zbgxyjmdnm
cwexpxaktw cwexpxaktw
ivgiotlrrr ivgiotlrrr
hlimwiksjd hlimwiksjd
rulcikswsa rulcikswsa
vteisghgld vteisghgld
auonnlthcz auonnlthcz
xwsnmxufqy xwsnmxufqy
vpghbvlzxd vpghbvlzxd
cxrfqntbtm cxrfqntbtm
toeqvvzlae toeqvvzlae
irtbznwvcu irtbznwvcu
gpbaqafhdz gpbaqafhdz
audojmtlep audojmtlep
ienasnqnvt ienasnqnvt
cpdpvshtof cpdpvshtof
naqyljkxxq naqyljkxxq
wiwpekzeuz wiwpekzeuz
efgyvzmusc efgyvzmusc
rlgdknlxmz rlgdknlxmz
kgpqjqjrhc kgpqjqjrhc
afkxpktsxw afkxpktsxw
elifcmozpf elifcmozpf
mnmjklgmnp mnmjklgmnp
cmelcyxenw cmelcyxenw
akzsqllzsv akzsqllzsv
gmvwahagsy gmvwahagsy
iqbyvqgkcp iqbyvqgkcp
vqlbufoinm vqlbufoinm
drtcvphibq drtcvphibq
sjcwiapdwb sjcwiapdwb
uqhdcumthr uqhdcumthr
jiowqcrqpz jiowqcrqpz
klbefaxnzg klbefaxnzg
xdhiumwdwn xdhiumwdwn
