Chelmbourne Shaftwich Chelmbourne Wetborne Casford Alfwell Marlton Alfwell Aldhall Egborne Barngrove Prestdon Barngrove Hartbage Maidenden Enlow Sudwich Prestey Enbage Flitham Kingsley Flitham Shrivlow Stainhall Southmere Shrivside Southmere Whitover Stainside Enbage Prestey Brainbridge Sodside Pemwood Bracklow Leatherlow Alfby Leatherlake Alfby Stapwell Stafthorne Waltbrook Hornley Pemwold Melborne Egcastle Nortcastle Whitavon Elside Stainfield Wenden Kingsbrook Dartsted Clerethorne Barnside Clerethorne Stapthorne Stapmoor Barnham Alfcastle Egborne Cookton Horncester Edgchester Wenwang Sudworth Prestbrook Wyhead Cleredon Staflow Rocktree Barnden Durditch Barnden Rocktree Hurstworth Rocktree Cookbridge Rocktree Whitborough Horndown Whitborough Rocktree Staflow Cleredon Staflow Bursted Staflow Elgrove Wenborough Elgrove Staintree Edgwich Chelmbourne
59
Shaftwich Shaftwich
Casford Casford
Alfwell Alfwell
Marlton Marlton
Aldhall Aldhall
Egborne Egborne
Prestdon Prestdon
Hartbage Hartbage
Enlow Enlow
Sudwich Sudwich
Prestey Prestey
Enbage Enbage
Flitham Flitham
Kingsley Kingsley
Shrivlow Shrivlow
Stainhall Stainhall
Southmere Southmere
Shrivside Shrivside
Whitover Whitover
Stainside Stainside
Brainbridge Brainbridge
Sodside Sodside
Pemwood Pemwood
Bracklow Bracklow
Leatherlow Leatherlow
Alfby Alfby
Leatherlake Leatherlake
Stapwell Stapwell
Waltbrook Waltbrook
Hornley Hornley
Pemwold Pemwold
Egcastle Egcastle
Whitavon Whitavon
Elside Elside
Wenden Wenden
Dartsted Dartsted
Barnside Barnside
Stapthorne Stapthorne
Stapmoor Stapmoor
Barnham Barnham
Cookton Cookton
Horncester Horncester
Edgchester Edgchester
Wenwang Wenwang
Sudworth Sudworth
Wyhead Wyhead
Cleredon Cleredon
Staflow Staflow
Rocktree Rocktree
Durditch Durditch
Hurstworth Hurstworth
Cookbridge Cookbridge
Whitborough Whitborough
Horndown Horndown
Bursted Bursted
Elgrove Elgrove
Wenborough Wenborough
Staintree Staintree
Edgwich Edgwich
