Soda Yolo Martin Altavista Terrace Latham Lewiston Edith Lewiston Eunice Solano Allston Shasta Columbia Byron Addison Shasta Acacia Domingo Russell Heinz Greenwood Cowper Haste Bataan Center Fresno Bowditch Haskell Ajax Forest Madera Marin High Amador Florida Muir Cutter Bancroft Menlo Burnett Menlo Colusa Fulton Colusa Menlo Belrose Haviland Summit Vicente Alvarado Overlook Mabel Spring Comstock Spring Poplar Pardee Anne Arch Keeler Bristol Hospital Vermont Poppy Bret Kenilworth Browning Soda
50
Martin Martin
Terrace Terrace
Lewiston Lewiston
Edith Edith
Eunice Eunice
Allston Allston
Shasta Shasta
Columbia Columbia
Byron Byron
Addison Addison
Domingo Domingo
Heinz Heinz
Greenwood Greenwood
Haste Haste
Bataan Bataan
Fresno Fresno
Bowditch Bowditch
Haskell Haskell
Ajax Ajax
Forest Forest
Madera Madera
Marin Marin
High High
Florida Florida
Muir Muir
Cutter Cutter
Bancroft Bancroft
Menlo Menlo
Burnett Burnett
Colusa Colusa
Fulton Fulton
Belrose Belrose
Haviland Haviland
Summit Summit
Overlook Overlook
Mabel Mabel
Spring Spring
Comstock Comstock
Poplar Poplar
Pardee Pardee
Anne Anne
Arch Arch
Keeler Keeler
Bristol Bristol
Hospital Hospital
Vermont Vermont
Poppy Poppy
Bret Bret
Kenilworth Kenilworth
Browning Browning
