186 194 198 196 195 188 190 183 177 168 156 144 140 136 128 121 104 90 79 71 67 61 49 35 32 29 19 14 5 2 11 17 22 30 33 45 70 74 86 89 97 107 108 134 138 143 150 157 162 174 172 178 186
51
194 194
198 198
196 196
195 195
188 188
190 190
183 183
177 177
168 168
156 156
144 144
140 140
136 136
128 128
121 121
104 104
90 90
79 79
71 71
67 67
61 61
49 49
35 35
32 32
29 29
19 19
14 14
5 5
2 2
11 11
17 17
22 22
30 30
33 33
45 45
70 70
74 74
86 86
89 89
97 97
107 107
108 108
134 134
138 138
143 143
150 150
157 157
162 162
174 174
172 172
178 178
