Hamsbourne Chipfield Hamperrehampton Chipfield Cammercastle Chipfield Hamperrehampton Prestbourne Botherstanport Leatherblesley Enderton Dribstoke Endbeck Melshot Endbeck Dribstoke Rocklow Skelgrove Warrewick Skelgrove Shaftthorne Sudbage Shaftthorne Camhampton Hartberbury Camhampton Enderton Leatherblesley Botherstanport Wolvencester Botherstanport Leatherblesley Camswich Leatherblesley Sodderrenshead Egginglow Chilringfield Rotmerby Sunderborough Ciley Sunderborough Prestbourne Elbage Cimansbrough Wendleslake Boothenrensborough Candlesdon Boothenrensborough Wendleslake Stafdenbourne Chipsted Chipfield Hamsbourne Sundlechester Hamsbourne
25
Chipfield Chipfield
Hamperrehampton Hamperrehampton
Cammercastle Cammercastle
Prestbourne Prestbourne
Leatherblesley Leatherblesley
Enderton Enderton
Melshot Melshot
Rocklow Rocklow
Warrewick Warrewick
Shaftthorne Shaftthorne
Sudbage Sudbage
Camhampton Camhampton
Hartberbury Hartberbury
Wolvencester Wolvencester
Camswich Camswich
Sodderrenshead Sodderrenshead
Chilringfield Chilringfield
Rotmerby Rotmerby
Sunderborough Sunderborough
Ciley Ciley
Cimansbrough Cimansbrough
Boothenrensborough Boothenrensborough
Candlesdon Candlesdon
Chipsted Chipsted
Sundlechester Sundlechester
