Warfield Ketsmith Whitchester Ketsmith Pendingbrook Suddlecastle Pendingbrook Chiphead Elcompbridge Southbasport Fulbourne Stainbrough Ciditch Northall Ciditch Stainbrough Worberbrook Dartseyworth Chedderrenswich Elmansham Sudsmith Suddleover Chedtree Siringwang Chedtree Burglebrough Emmerdown Bastleseyham Dribbingworth Leatherbleside Dribbingworth Worhall Barndberbrough Skellingden Dribblewick Windling Millendon Ashfield Ketport Ashfield Suddlecombe Ellingreham Suddlecombe Basringney Suddlecombe Chippingsted Suddlecombe Horstlescompstoke Pendlewood Falport Botherseyworth Falport Soddlewick Hamsling Hannenmanswick Ashborne Tipwick Cannerthorne Chedderrenswich Cicombe Todtree Cambingstoke Wyborne Cammerrensmoor Suddleborne Skelling Hammerringey Chelmstanwell Brackcompwang Chilbury Warfield
50
Warfield Warfield
Whitchester Whitchester
Pendingbrook Pendingbrook
Suddlecastle Suddlecastle
Chiphead Chiphead
Southbasport Southbasport
Stainbrough Stainbrough
Northall Northall
Worberbrook Worberbrook
Chedderrenswich Chedderrenswich
Elmansham Elmansham
Sudsmith Sudsmith
Suddleover Suddleover
Chedtree Chedtree
Siringwang Siringwang
Burglebrough Burglebrough
Bastleseyham Bastleseyham
Dribbingworth Dribbingworth
Leatherbleside Leatherbleside
Worhall Worhall
Barndberbrough Barndberbrough
Skellingden Skellingden
Windling Windling
Millendon Millendon
Ashfield Ashfield
Ketport Ketport
Suddlecombe Suddlecombe
Ellingreham Ellingreham
Basringney Basringney
Chippingsted Chippingsted
Horstlescompstoke Horstlescompstoke
Pendlewood Pendlewood
Falport Falport
Botherseyworth Botherseyworth
Soddlewick Soddlewick
Hamsling Hamsling
Hannenmanswick Hannenmanswick
Ashborne Ashborne
Tipwick Tipwick
Cicombe Cicombe
Todtree Todtree
Cambingstoke Cambingstoke
Wyborne Wyborne
Cammerrensmoor Cammerrensmoor
Suddleborne Suddleborne
Skelling Skelling
Hammerringey Hammerringey
Chelmstanwell Chelmstanwell
Brackcompwang Brackcompwang
Chilbury Chilbury
