Whitgrove Sodberling Ellerbridge Suddingover Chedworth Sundendford Botbeck Whitringlake Milthorne Rothingcombe Faldenhall Wethampton Egsted Southmere Ribberrenston Farnditch Abglewold Wychditch Stainbrough Wendleringdown Hamwold Blansbrook Fullensborne Sundlethorne Abgleham Siavon Horsnell Warsmith Falderbrough Marlbrook Falderbrough Warsmith Wetsmith Elside Cannerthorne Waltbeck Hampingcastle Basditch Hampingworth Worhall Reddendeney Endleberey Burlake Tipstoke Worrenberwang Bothenhall Dribberham Wychcompwold Rotcester Staplow Ketchester Watchlake Tippingbage Watchlake Farndlesover Watchlake Ketchester Boothingmanstree Ribbenhall Bromstanham Clereennell Todhampton Nortwell Marlcester Nortwell Bassinghead Southbury Stapbrook Wetwick Hampingbascombe Sirenshall Wychcompwold Penby Stapbrough Reddingtree Eley Reddingtree Dribwold Rothendcombe Bastlebury Emmerley Tippendham Hannersmith Shaftborough Hannersmith Worhall Siey Redcombe Casbrook Toddenmerbrough Endingnell Toddenmerbrough Horstleover Warsmith Skellingover Candleswick Endleshall Melwood Suddenmoor Tippenbrook Suddenmoor Staincombe Suddenmoor Egmerhampton Shaftwick Dartden Cirerham Wolley Elfield Falworth Botshot Hurstdown Shaftwick Abcester Sifield Enderbeck Sodport Skelberden Hamscombe Alfmere Leatherport Cireport Egbeck Skellenshot Cihead Skellenshot Rotherlow Worford Falderseythorne Durbrook Wychchester Prestwick Sundcompney Ketnell Toddenmoor Ketnell Chelmdenmoor Bothenton Bootwick Wycastle Boothingchester Ellerbridge Sodberling Bursmith Dribblecombe Whitgrove
100
Whitgrove Whitgrove
Sodberling Sodberling
Ellerbridge Ellerbridge
Suddingover Suddingover
Chedworth Chedworth
Sundendford Sundendford
Botbeck Botbeck
Whitringlake Whitringlake
Milthorne Milthorne
Rothingcombe Rothingcombe
Faldenhall Faldenhall
Wethampton Wethampton
Egsted Egsted
Southmere Southmere
Ribberrenston Ribberrenston
Farnditch Farnditch
Abglewold Abglewold
Wendleringdown Wendleringdown
Hamwold Hamwold
Blansbrook Blansbrook
Sundlethorne Sundlethorne
Abgleham Abgleham
Siavon Siavon
Horsnell Horsnell
Marlbrook Marlbrook
Wetsmith Wetsmith
Elside Elside
Cannerthorne Cannerthorne
Waltbeck Waltbeck
Hampingcastle Hampingcastle
Basditch Basditch
Hampingworth Hampingworth
Worhall Worhall
Reddendeney Reddendeney
Endleberey Endleberey
Tipstoke Tipstoke
Worrenberwang Worrenberwang
Bothenhall Bothenhall
Dribberham Dribberham
Wychcompwold Wychcompwold
Staplow Staplow
Ketchester Ketchester
Watchlake Watchlake
Tippingbage Tippingbage
Farndlesover Farndlesover
Boothingmanstree Boothingmanstree
Bromstanham Bromstanham
Clereennell Clereennell
Todhampton Todhampton
Nortwell Nortwell
Marlcester Marlcester
Southbury Southbury
Wetwick Wetwick
Hampingbascombe Hampingbascombe
Sirenshall Sirenshall
Penby Penby
Stapbrough Stapbrough
Eley Eley
Rothendcombe Rothendcombe
Bastlebury Bastlebury
Emmerley Emmerley
Tippendham Tippendham
Shaftborough Shaftborough
Siey Siey
Redcombe Redcombe
Casbrook Casbrook
Endingnell Endingnell
Horstleover Horstleover
Skellingover Skellingover
Candleswick Candleswick
Melwood Melwood
Suddenmoor Suddenmoor
Tippenbrook Tippenbrook
Staincombe Staincombe
Egmerhampton Egmerhampton
Dartden Dartden
Wolley Wolley
Falworth Falworth
Abcester Abcester
Sifield Sifield
Enderbeck Enderbeck
Sodport Sodport
Skelberden Skelberden
Alfmere Alfmere
Leatherport Leatherport
Skellenshot Skellenshot
Cihead Cihead
Rotherlow Rotherlow
Worford Worford
Falderseythorne Falderseythorne
Durbrook Durbrook
Wychchester Wychchester
Prestwick Prestwick
Ketnell Ketnell
Toddenmoor Toddenmoor
Bothenton Bothenton
Bootwick Bootwick
Wycastle Wycastle
Bursmith Bursmith
Dribblecombe Dribblecombe
