0 1 2 3 18 19 34 19 4 5 20 35 20 5 6 7 8 23 38 53 68 52 36 51 36 50 36 52 68 53 54 40 25 10 11 12 13 12 28 43 58 73 57 41 55 41 56 71 70 85 100 115 100 116 100 85 84 99 98 99 84 83 84 85 86 87 88 87 103 104 119 104 103 87 86 85 84 83 82 81 80 79 94 109 124 123 108 93 92 91 107 122 106 120 106 121 106 90 105 90 75 76 77 78 79 80 95 111 95 110 95 80 65 64 62 48 63 47 31 46 31 45 30 15 0
60
0 0
3 3
18 18
34 34
5 5
20 20
35 35
7 7
8 8
23 23
68 68
52 52
36 36
51 51
50 50
40 40
25 25
10 10
13 13
28 28
73 73
57 57
41 41
55 55
56 56
71 71
70 70
85 85
100 100
115 115
116 116
98 98
83 83
88 88
103 103
119 119
80 80
109 109
124 124
108 108
93 93
122 122
106 106
120 120
121 121
90 90
105 105
75 75
76 76
78 78
95 95
111 111
110 110
63 63
47 47
31 31
46 46
45 45
30 30
15 15
