0 18 139 89 84 65 173 84 42 109 127 191 137 191 134 128 168 125 133 83 14 4 141 156 46 10 100 25 149 111 51 22 31 48 199 106 175 17 118 64 58 105 186 197 186 193 178 151 39 8 166 8 26 176 26 196 179 180 135 69 12 78 81 121 20 130 87 159 107 117 61 24 164 35 138 35 9 184 73 36 97 104 119 29 95 96 67 47 67 44 182 77 50 157 70 155 28 103 170 146 129 194 163 161 145 160 85 99 85 19 91 63 74 126 79 38 6 116 32 75 116 120 108 102 108 122 185 27 185 54 98 56 154 49 0
100
18 18
139 139
89 89
65 65
173 173
42 42
109 109
137 137
134 134
128 128
168 168
125 125
133 133
83 83
14 14
4 4
156 156
10 10
100 100
25 25
149 149
111 111
51 51
22 22
31 31
48 48
199 199
106 106
175 175
17 17
64 64
58 58
186 186
197 197
193 193
178 178
151 151
39 39
166 166
26 26
176 176
196 196
179 179
180 180
69 69
12 12
78 78
81 81
121 121
20 20
130 130
87 87
159 159
117 117
24 24
138 138
9 9
184 184
36 36
104 104
119 119
95 95
96 96
67 67
47 47
44 44
182 182
77 77
50 50
157 157
70 70
155 155
28 28
103 103
170 170
146 146
194 194
163 163
145 145
160 160
85 85
99 99
19 19
91 91
63 63
74 74
126 126
79 79
38 38
6 6
116 116
32 32
75 75
120 120
108 108
102 102
185 185
27 27
98 98
49 49
