Plano Rockford Riverside Tallahassee Hampton Tallahassee Cincinnati Miami Olathe Irvine LittleRock Irvine Fullerton AugustaRichmond NewOrleans Surprise Greensboro Teemo Davidson NewHaven SanAntonio Houston Pomona Spokane CorpusChristi SantaClarita Fremont Madison Knoxville SanBernardino Knoxville Brownsville Corona HuntingtonBeach SimiValley HuntingtonBeach Mobile Hartford Dallas Worcester Mesquite Joliet Thornton Anchorage Philadelphia GardenGrove Salinas Chicago Denton Raleigh Glendale Tampa ThousandOaks McAllen GrandPrairie Portland Tampa Laredo SantaRosa FortCollins SiouxFalls SantaRosa Stamford Allentown Killeen SanJose Glasses Hollywood Escondido Akron LosAngeles Lincoln PembrokePines Torrance Lancaster Elizabeth Anaheim JerseyCity Pikachu Lafayette Huntsville Seattle LouisvilleJefferson Tulsa LouisvilleJefferson Reno Norfolk FortLauderdale AnnArbor StLouis KansasCity Garland Omaha Ontario Waco Wichita Chesapeake OWO Mesa Memphis Charleston Memphis Montgomery BatonRouge Hayward Denver Cleveland Oxnard Atlanta Beaumont Vancouver WestValleyCity Vallejo LasVegas Cary OklahomaCity Rochester SanFrancisco Warren MorenoValley Sunnyvale Norman Pasadena Irving SantaClara Plano
100
Rockford Rockford
Riverside Riverside
Hampton Hampton
Cincinnati Cincinnati
Miami Miami
Olathe Olathe
Irvine Irvine
LittleRock LittleRock
AugustaRichmond AugustaRichmond
NewOrleans NewOrleans
Surprise Surprise
Greensboro Greensboro
Davidson Davidson
NewHaven NewHaven
SanAntonio SanAntonio
Houston Houston
Pomona Pomona
CorpusChristi CorpusChristi
SantaClarita SantaClarita
Fremont Fremont
Madison Madison
Knoxville Knoxville
SanBernardino SanBernardino
Brownsville Brownsville
Corona Corona
HuntingtonBeach HuntingtonBeach
SimiValley SimiValley
Mobile Mobile
Hartford Hartford
Dallas Dallas
Worcester Worcester
Mesquite Mesquite
Thornton Thornton
Anchorage Anchorage
GardenGrove GardenGrove
Salinas Salinas
Chicago Chicago
Denton Denton
Raleigh Raleigh
Glendale Glendale
Tampa Tampa
ThousandOaks ThousandOaks
McAllen McAllen
GrandPrairie GrandPrairie
Portland Portland
Laredo Laredo
SantaRosa SantaRosa
FortCollins FortCollins
SiouxFalls SiouxFalls
Stamford Stamford
Allentown Allentown
Killeen Killeen
SanJose SanJose
Glasses Glasses
Hollywood Hollywood
Escondido Escondido
Akron Akron
Lincoln Lincoln
Torrance Torrance
Lancaster Lancaster
Elizabeth Elizabeth
Anaheim Anaheim
JerseyCity JerseyCity
Pikachu Pikachu
Lafayette Lafayette
Huntsville Huntsville
LouisvilleJefferson LouisvilleJefferson
Tulsa Tulsa
Norfolk Norfolk
FortLauderdale FortLauderdale
AnnArbor AnnArbor
StLouis StLouis
Garland Garland
Omaha Omaha
Ontario Ontario
Waco Waco
Wichita Wichita
OWO OWO
Mesa Mesa
Memphis Memphis
Charleston Charleston
Montgomery Montgomery
Hayward Hayward
Denver Denver
Oxnard Oxnard
Atlanta Atlanta
Beaumont Beaumont
Vancouver Vancouver
Vallejo Vallejo
LasVegas LasVegas
Cary Cary
OklahomaCity OklahomaCity
SanFrancisco SanFrancisco
Warren Warren
MorenoValley MorenoValley
Sunnyvale Sunnyvale
Norman Norman
Pasadena Pasadena
Irving Irving
SantaClara SantaClara
