0 156 175 143 21 43 146 166 108 20 108 37 177 106 59 199 52 78 72 184 122 173 175 117 14 13 102 30 197 22 74 38 145 26 167 69 176 51 164 111 112 80 2 98 89 96 124 70 94 17 137 129 47 151 31 24 152 138 157 35 3 27 193 39 56 67 172 134 172 88 183 100 12 120 12 76 33 76 113 192 18 196 101 68 101 191 141 159 42 160 5 17 114 154 163 1 133 86 84 131 93 135 8 71 8 135 182 50 125 119 174 119 4 9 103 9 130 83 15 16 116 190 87 11 65 187 28 128 81 123 158 107 115 153 23 185 66 0
100
0 0
143 143
21 21
43 43
146 146
166 166
20 20
177 177
59 59
199 199
52 52
78 78
72 72
184 184
173 173
14 14
13 13
102 102
197 197
22 22
74 74
38 38
26 26
167 167
69 69
51 51
164 164
111 111
80 80
2 2
98 98
89 89
96 96
70 70
94 94
17 17
137 137
129 129
47 47
151 151
31 31
24 24
152 152
138 138
157 157
35 35
3 3
27 27
193 193
39 39
56 56
67 67
172 172
134 134
183 183
100 100
120 120
33 33
18 18
101 101
68 68
141 141
159 159
42 42
160 160
5 5
114 114
154 154
1 1
133 133
86 86
84 84
93 93
8 8
71 71
182 182
50 50
125 125
174 174
4 4
9 9
103 103
130 130
83 83
15 15
16 16
116 116
190 190
11 11
65 65
187 187
28 28
128 128
81 81
158 158
107 107
115 115
153 153
23 23
66 66
