13 101 165 159 161 173 160 191 168 156 122 100 178 147 179 131 126 164 189 196 136 192 157 183 166 176 187 110 175 190 142 146 124 130 114 194 128 149 102 135 145 111 154 134 184 197 193 174 180 163 198 152 108 121 118 109 127 185 177 155 103 162 133 113 141 144 167 115 186 138 170 137 150 107 143 120 125 123 151 171 140 181 172 132 199 104 116 148 106 188 158 195 153 150 169 119 139 112 105 129 117 182 13
100
101 101
165 165
159 159
161 161
173 173
160 160
191 191
168 168
156 156
122 122
100 100
178 178
147 147
179 179
131 131
126 126
164 164
189 189
196 196
136 136
192 192
157 157
183 183
166 166
176 176
187 187
110 110
175 175
190 190
142 142
146 146
124 124
130 130
114 114
194 194
128 128
149 149
102 102
135 135
145 145
111 111
154 154
134 134
184 184
197 197
193 193
174 174
180 180
163 163
198 198
152 152
108 108
121 121
118 118
109 109
127 127
185 185
177 177
155 155
103 103
162 162
133 133
113 113
141 141
144 144
167 167
115 115
186 186
138 138
170 170
137 137
150 150
107 107
143 143
120 120
125 125
123 123
151 151
171 171
140 140
181 181
172 172
132 132
199 199
104 104
116 116
148 148
106 106
188 188
158 158
195 195
153 153
169 169
119 119
139 139
112 112
105 105
129 129
117 117
182 182
