vLeODpVlYSBeYNDYoXha LOMgYipCQQXQnRqEqRwO qbmGewAditsWkTFHdxjP cvlwIwajcIlbhZbyFgmq qbmGewAditsWkTFHdxjP QQSjCkgLAWAPObYQvNsB JfHUEGGyknWmebdthZai zxeoSbTqbWPpSzalAtBI dyUDfEGgAoSshTRjMZZg pdXCnKagnvEntNTuPHdK KgnBXuaAkdTHYMUVRKMG fvEcAuRDdfuHEPLNpaTz sXfgLMwoysnMazVSWnhc fvEcAuRDdfuHEPLNpaTz ROtRYAvFkNWuCvofIroy jzQJaGLLiuQLhhyqBagr iBYHAWUhqeQPjphQzpdN mevvwcZLudaokctOWvKe FcEsyaTmqpoyvbDrHjlc mevvwcZLudaokctOWvKe mlipOrSnGcxXtoXBbRyl NVEtShKeuxpaFIOiyVqE mlipOrSnGcxXtoXBbRyl iDucfyZGMCbCQbXjbQqM CfkBzkPETvagyIDCsLTD oCvaAQKOXXWgeSNnUmae OVoYVQPnlYoZBBKtyuLk CPszTohYUHARNedzFlDK AdXveYSBaneNwCQzrdSw ruLqpYqEzGGiKysvsarb ybrQlUhznqOhsvndWAbl NAHeKyyhAObyyUEUSkSU fHcdXnOxSadpKeCUwNYm CmbFyJmcvVqyCmJgQxeI NciLXNPTvMoXdbTDZmlg QkAjrUUuVdzSMnlfJLcO gMqbbwopmbxmOomqZjfm UgFPXEAdAfcfHGIbNTsq gMqbbwopmbxmOomqZjfm gIttwvzcgONwFblnGIqq gzxzakmqbxbsOczuQVLG gEufXNuuWhnlbNYaoQFJ gzxzakmqbxbsOczuQVLG wRjMmrpRuknxqunJrMAE iBjjCWwkYToOKfrrLnny wRjMmrpRuknxqunJrMAE DqUxIMslnixWfmkjQTmS TqyFrXuGvuBuqnpYbjKc DqUxIMslnixWfmkjQTmS ajvbaFpYiEBJySPsSLaI fToHwimUqLsKcKLZHiUX ajvbaFpYiEBJySPsSLaI sBkAYRISjTYinLFSNcKW vGdJmIpYPUGRspXiVLdc fPxvnMVMFwhJbNBURdgD VhDSPHxolLkNxxDnpUyx PLDOWRIeaCSVLMyDadzC VhDSPHxolLkNxxDnpUyx jwIBHKkXHTPVsOJwBOsr QQSjCkgLAWAPObYQvNsB RjKEHTlRvtaVBbyqZVAw ubTtmhAXQixwuFvQluYa LeLGVrNGvkwLbzIWTNFP ASXwCgVTXDdhSXJwFovC FEqXJcVrZfnSsHEUPhnl WCCOEUYmDvzZlrkDAqoi xQaDpDGAXhDYzSMnMWvb TwgqMzgExFHTIfcwfBnr cZgmtoPGHxdozTaDMiyf DWWCMAjZQQIEKOIiHFQN McOZQehrTygkGidmwyMe fvYrLpgzqLNOAQbahgax BXzACdzjLITNgbmDPlEu aCucdhmWbhlrgfstQigR ZbyHJLmoTqNpTnlUVJZC tVzUgXVoBYxBMnkkwFmk MlwlINEFqmyzZNPXRLJF zxeoSbTqbWPpSzalAtBI uyPyJzKFqWxgSNmpkDrB vLeODpVlYSBeYNDYoXha
50
cvlwIwajcIlbhZbyFgmq cvlwIwajcIlbhZbyFgmq
QQSjCkgLAWAPObYQvNsB QQSjCkgLAWAPObYQvNsB
zxeoSbTqbWPpSzalAtBI zxeoSbTqbWPpSzalAtBI
dyUDfEGgAoSshTRjMZZg dyUDfEGgAoSshTRjMZZg
pdXCnKagnvEntNTuPHdK pdXCnKagnvEntNTuPHdK
fvEcAuRDdfuHEPLNpaTz fvEcAuRDdfuHEPLNpaTz
sXfgLMwoysnMazVSWnhc sXfgLMwoysnMazVSWnhc
jzQJaGLLiuQLhhyqBagr jzQJaGLLiuQLhhyqBagr
iBYHAWUhqeQPjphQzpdN iBYHAWUhqeQPjphQzpdN
FcEsyaTmqpoyvbDrHjlc FcEsyaTmqpoyvbDrHjlc
mlipOrSnGcxXtoXBbRyl mlipOrSnGcxXtoXBbRyl
NVEtShKeuxpaFIOiyVqE NVEtShKeuxpaFIOiyVqE
iDucfyZGMCbCQbXjbQqM iDucfyZGMCbCQbXjbQqM
CfkBzkPETvagyIDCsLTD CfkBzkPETvagyIDCsLTD
OVoYVQPnlYoZBBKtyuLk OVoYVQPnlYoZBBKtyuLk
CPszTohYUHARNedzFlDK CPszTohYUHARNedzFlDK
AdXveYSBaneNwCQzrdSw AdXveYSBaneNwCQzrdSw
ruLqpYqEzGGiKysvsarb ruLqpYqEzGGiKysvsarb
ybrQlUhznqOhsvndWAbl ybrQlUhznqOhsvndWAbl
NAHeKyyhAObyyUEUSkSU NAHeKyyhAObyyUEUSkSU
fHcdXnOxSadpKeCUwNYm fHcdXnOxSadpKeCUwNYm
CmbFyJmcvVqyCmJgQxeI CmbFyJmcvVqyCmJgQxeI
NciLXNPTvMoXdbTDZmlg NciLXNPTvMoXdbTDZmlg
QkAjrUUuVdzSMnlfJLcO QkAjrUUuVdzSMnlfJLcO
gMqbbwopmbxmOomqZjfm gMqbbwopmbxmOomqZjfm
UgFPXEAdAfcfHGIbNTsq UgFPXEAdAfcfHGIbNTsq
gIttwvzcgONwFblnGIqq gIttwvzcgONwFblnGIqq
gzxzakmqbxbsOczuQVLG gzxzakmqbxbsOczuQVLG
gEufXNuuWhnlbNYaoQFJ gEufXNuuWhnlbNYaoQFJ
iBjjCWwkYToOKfrrLnny iBjjCWwkYToOKfrrLnny
DqUxIMslnixWfmkjQTmS DqUxIMslnixWfmkjQTmS
TqyFrXuGvuBuqnpYbjKc TqyFrXuGvuBuqnpYbjKc
fToHwimUqLsKcKLZHiUX fToHwimUqLsKcKLZHiUX
sBkAYRISjTYinLFSNcKW sBkAYRISjTYinLFSNcKW
fPxvnMVMFwhJbNBURdgD fPxvnMVMFwhJbNBURdgD
VhDSPHxolLkNxxDnpUyx VhDSPHxolLkNxxDnpUyx
PLDOWRIeaCSVLMyDadzC PLDOWRIeaCSVLMyDadzC
jwIBHKkXHTPVsOJwBOsr jwIBHKkXHTPVsOJwBOsr
RjKEHTlRvtaVBbyqZVAw RjKEHTlRvtaVBbyqZVAw
ASXwCgVTXDdhSXJwFovC ASXwCgVTXDdhSXJwFovC
WCCOEUYmDvzZlrkDAqoi WCCOEUYmDvzZlrkDAqoi
xQaDpDGAXhDYzSMnMWvb xQaDpDGAXhDYzSMnMWvb
TwgqMzgExFHTIfcwfBnr TwgqMzgExFHTIfcwfBnr
cZgmtoPGHxdozTaDMiyf cZgmtoPGHxdozTaDMiyf
DWWCMAjZQQIEKOIiHFQN DWWCMAjZQQIEKOIiHFQN
BXzACdzjLITNgbmDPlEu BXzACdzjLITNgbmDPlEu
aCucdhmWbhlrgfstQigR aCucdhmWbhlrgfstQigR
tVzUgXVoBYxBMnkkwFmk tVzUgXVoBYxBMnkkwFmk
MlwlINEFqmyzZNPXRLJF MlwlINEFqmyzZNPXRLJF
uyPyJzKFqWxgSNmpkDrB uyPyJzKFqWxgSNmpkDrB
