oUyBZvEHNPOWtAsHANHU XZRBuctXhYPbWardFSZS QMnEKXGwZYUlreveNjwA XZRBuctXhYPbWardFSZS CcspnGXfrmzZRWjdMjLd oMKDNkBacLxexXKHqXfF CcspnGXfrmzZRWjdMjLd PojKKQvEDmFOnJinujFi hpQFeVriPZmwKZcYFAWN NBTlGJqSnWahMvuDlXAm rqqedkokePZFdhDbMNpX IUJDEWwYxhQimsCqnrFH rqqedkokePZFdhDbMNpX IuNNJvHSmYKpVBzmzuJX fDAbzsYfiXDxOIsITcQl NVPacTSrBMpDkMBotiWB fDAbzsYfiXDxOIsITcQl IuNNJvHSmYKpVBzmzuJX znYRMYifzQwyixuIXDnz DsLevMWgWFWOQXFMbaQy gUlgGYCPZjsRiFLqnVun DsLevMWgWFWOQXFMbaQy PojKKQvEDmFOnJinujFi CcspnGXfrmzZRWjdMjLd CCYBPFZgoOONzoEeTKzC JKNUHFrXPStBWMuUOVkj QFaSXENOfunmdZIBqDsS UMfDYlvFlUVuogMRkWNG lPMfQyVLDIZczBuDgsVQ UMfDYlvFlUVuogMRkWNG QFaSXENOfunmdZIBqDsS eWVKeYegIFOJxvfRkjek OWCblOtQanZakRLMqMxz VVzvLIOwARaWwhQTKPrx eqwycKZriorIAbsUBjxu tItiZloipgPmLuONrNnZ cAvnOxZJtanpVvcAxJHM tItiZloipgPmLuONrNnZ ikjgYLaZRolSrbIYyKBd CXrruomvXfADUrHxMwZi ikjgYLaZRolSrbIYyKBd tItiZloipgPmLuONrNnZ JKNUHFrXPStBWMuUOVkj CCYBPFZgoOONzoEeTKzC MeohNnftDTzllMTGwxnG eqwycKZriorIAbsUBjxu hNRcEeFjmsmOnuOdNAXl eWGFHgdBASXJbxQbYrCG oUyBZvEHNPOWtAsHANHU
25
oUyBZvEHNPOWtAsHANHU oUyBZvEHNPOWtAsHANHU
QMnEKXGwZYUlreveNjwA QMnEKXGwZYUlreveNjwA
CcspnGXfrmzZRWjdMjLd CcspnGXfrmzZRWjdMjLd
oMKDNkBacLxexXKHqXfF oMKDNkBacLxexXKHqXfF
PojKKQvEDmFOnJinujFi PojKKQvEDmFOnJinujFi
hpQFeVriPZmwKZcYFAWN hpQFeVriPZmwKZcYFAWN
NBTlGJqSnWahMvuDlXAm NBTlGJqSnWahMvuDlXAm
IUJDEWwYxhQimsCqnrFH IUJDEWwYxhQimsCqnrFH
IuNNJvHSmYKpVBzmzuJX IuNNJvHSmYKpVBzmzuJX
NVPacTSrBMpDkMBotiWB NVPacTSrBMpDkMBotiWB
znYRMYifzQwyixuIXDnz znYRMYifzQwyixuIXDnz
gUlgGYCPZjsRiFLqnVun gUlgGYCPZjsRiFLqnVun
CCYBPFZgoOONzoEeTKzC CCYBPFZgoOONzoEeTKzC
JKNUHFrXPStBWMuUOVkj JKNUHFrXPStBWMuUOVkj
UMfDYlvFlUVuogMRkWNG UMfDYlvFlUVuogMRkWNG
lPMfQyVLDIZczBuDgsVQ lPMfQyVLDIZczBuDgsVQ
eWVKeYegIFOJxvfRkjek eWVKeYegIFOJxvfRkjek
OWCblOtQanZakRLMqMxz OWCblOtQanZakRLMqMxz
VVzvLIOwARaWwhQTKPrx VVzvLIOwARaWwhQTKPrx
eqwycKZriorIAbsUBjxu eqwycKZriorIAbsUBjxu
cAvnOxZJtanpVvcAxJHM cAvnOxZJtanpVvcAxJHM
CXrruomvXfADUrHxMwZi CXrruomvXfADUrHxMwZi
MeohNnftDTzllMTGwxnG MeohNnftDTzllMTGwxnG
hNRcEeFjmsmOnuOdNAXl hNRcEeFjmsmOnuOdNAXl
eWGFHgdBASXJbxQbYrCG eWGFHgdBASXJbxQbYrCG
