A B hJ hI hJ N hO hP hO N T U hV hW hV U T hS hR hS T AB hAA AB AK AJ AI hAH AI AJ AK hAL AM hAN AM hAL AK hAR BA hAZ BA BB hBC BD hBE BD hBC BB BA BL BU BV BW hBX BW BV BU hBT hBS hBR hBS hBT BU CA CE hCF CE hCD CE hCG CE CA BU BL BK BJ BI BH hBG BH BI BJ BK BL BM BN BO BP hBQ BP BO BN BM BL BA hAR AK AB T N hJ B hC B A
26
hJ hJ
hI hI
hO hO
hP hP
hV hV
hW hW
hS hS
hR hR
hAA hAA
hAH hAH
hAL hAL
hAN hAN
hAR hAR
hAZ hAZ
hBC hBC
hBE hBE
hBX hBX
hBT hBT
hBS hBS
hBR hBR
hCF hCF
hCD hCD
hCG hCG
hBG hBG
hBQ hBQ
hC hC
