0 62 53 49 22 51 55 100 73 85 7 46 25 98 27 97 3 52 87 9 72 29 14 4 19 36 37 48 1 8 23 69 20 93 77 84 38 70 79 99 21 89 78 57 10 54 56 96 44 75 94 82 66 39 95 15 30 86 68 2 92 88 17 63 12 90 31 65 35 61 47 28 42 33 50 45 41 80 16 71 40 24 83 43 76 13 59 67 74 34 11 64 81 32 91 187 5 6 26 18 60 58 0
100
62 62
53 53
49 49
22 22
51 51
55 55
100 100
73 73
85 85
7 7
46 46
25 25
98 98
27 27
97 97
3 3
52 52
87 87
9 9
72 72
29 29
14 14
4 4
19 19
36 36
37 37
48 48
1 1
8 8
23 23
69 69
20 20
93 93
77 77
84 84
38 38
70 70
79 79
99 99
21 21
89 89
78 78
57 57
10 10
54 54
56 56
96 96
44 44
75 75
94 94
82 82
66 66
39 39
95 95
15 15
30 30
86 86
68 68
2 2
92 92
88 88
17 17
63 63
12 12
90 90
31 31
65 65
35 35
61 61
47 47
28 28
42 42
33 33
50 50
45 45
41 41
80 80
16 16
71 71
40 40
24 24
83 83
43 43
76 76
13 13
59 59
67 67
74 74
34 34
11 11
64 64
81 81
32 32
91 91
5 5
6 6
26 26
18 18
60 60
58 58
