Soda woolf winifred danyal rosen shen roshan massachusetts aidan sriram yip alvin andrew golden walsh grace meghan castro singhal connor davis garbers patagonia vilaythong djajadi chloe berit shah ashley ritter sarina rabie ian juliann daniel caroline krishnan rob lo martinez noor kevin ruhi eshaan annie jarrett tamara lewke sunny amanda garcia Soda
50
woolf woolf
winifred winifred
danyal danyal
rosen rosen
shen shen
roshan roshan
massachusetts massachusetts
aidan aidan
sriram sriram
yip yip
alvin alvin
andrew andrew
golden golden
walsh walsh
grace grace
meghan meghan
castro castro
singhal singhal
connor connor
davis davis
garbers garbers
patagonia patagonia
vilaythong vilaythong
djajadi djajadi
chloe chloe
berit berit
shah shah
ashley ashley
ritter ritter
sarina sarina
rabie rabie
ian ian
juliann juliann
daniel daniel
caroline caroline
krishnan krishnan
rob rob
lo lo
martinez martinez
noor noor
kevin kevin
ruhi ruhi
eshaan eshaan
annie annie
jarrett jarrett
tamara tamara
lewke lewke
sunny sunny
amanda amanda
garcia garcia
