Soda li maya connor eshaan liang adhikiari gobears chen mittal amanda djajadi kaur yip lebron ahluwalia ani aanika ravi olivia zhou king logan patagonia rouzbahani gregory berit ashley caroline massachusetts ellen winifred greg emily hari singorahardjo wyatt devesh brett parham sunny chloe doshi alvin charles celine oscar zou soman franco hanlon ohio nichole william lewke andrew tyler weaver xin annie erika barth zhifei srinivasan cal mack bears scott krishnan wu singhal saurav angelis vilaythong subbaraj sophia danyal evan kevin ruhi ritter du chung srivastava sun maniku wong shah ishaan grace jacob umar kanika krista melissa vikram george chase daniel rob lindsey Soda
100
li li
maya maya
connor connor
eshaan eshaan
liang liang
adhikiari adhikiari
gobears gobears
chen chen
mittal mittal
amanda amanda
djajadi djajadi
kaur kaur
yip yip
lebron lebron
ahluwalia ahluwalia
ani ani
aanika aanika
ravi ravi
olivia olivia
zhou zhou
king king
logan logan
patagonia patagonia
rouzbahani rouzbahani
gregory gregory
berit berit
ashley ashley
caroline caroline
massachusetts massachusetts
ellen ellen
winifred winifred
greg greg
emily emily
hari hari
singorahardjo singorahardjo
wyatt wyatt
devesh devesh
brett brett
parham parham
sunny sunny
chloe chloe
doshi doshi
alvin alvin
charles charles
celine celine
oscar oscar
zou zou
soman soman
franco franco
hanlon hanlon
ohio ohio
nichole nichole
william william
lewke lewke
andrew andrew
tyler tyler
weaver weaver
xin xin
annie annie
erika erika
barth barth
zhifei zhifei
srinivasan srinivasan
cal cal
mack mack
bears bears
scott scott
krishnan krishnan
wu wu
singhal singhal
saurav saurav
angelis angelis
vilaythong vilaythong
subbaraj subbaraj
sophia sophia
danyal danyal
evan evan
kevin kevin
ruhi ruhi
ritter ritter
du du
chung chung
srivastava srivastava
sun sun
maniku maniku
wong wong
shah shah
ishaan ishaan
grace grace
jacob jacob
umar umar
kanika kanika
krista krista
melissa melissa
vikram vikram
george george
chase chase
daniel daniel
rob rob
lindsey lindsey
