Jingzhou Ghugus Manduria CroixdesBouquets Sagalo CoonRapids Tabatinga Kabarnet BurgbeiMagdeburg Chittaranjan NiagaraFalls elCampello Carmichael Carouge Kheri Malnate Srinagar Kirovsk Sapele Ermelo ZapadnoyeDegunino Crespo Khabarovsk Chegem Entroncamento Ouarzazat Ketrzyn SanJosedeOcoa Tottori Thamaga Rembangan Gangtok BeneBeraq Ibri Colachel FortLauderdale Depok Bejucal TanahMerah LondonderryCountyBor Ghugus Veenendaal Shizunaifurukawacho Shumen Jeypore Sarzedo Sanaa JabalosSaraj Frosinone Ronse AzZuwaytinah RioFormoso Radnor Frosinone SaintMichael Rangae Shively Lysva Jingzhou
50
Ghugus Ghugus
Manduria Manduria
Sagalo Sagalo
CoonRapids CoonRapids
Tabatinga Tabatinga
Kabarnet Kabarnet
BurgbeiMagdeburg BurgbeiMagdeburg
Chittaranjan Chittaranjan
elCampello elCampello
Carmichael Carmichael
Carouge Carouge
Kheri Kheri
Malnate Malnate
Srinagar Srinagar
Kirovsk Kirovsk
Ermelo Ermelo
Crespo Crespo
Khabarovsk Khabarovsk
Chegem Chegem
Entroncamento Entroncamento
Ouarzazat Ouarzazat
Ketrzyn Ketrzyn
SanJosedeOcoa SanJosedeOcoa
Tottori Tottori
Thamaga Thamaga
Rembangan Rembangan
Gangtok Gangtok
BeneBeraq BeneBeraq
Ibri Ibri
Colachel Colachel
FortLauderdale FortLauderdale
Depok Depok
Bejucal Bejucal
TanahMerah TanahMerah
LondonderryCountyBor LondonderryCountyBor
Veenendaal Veenendaal
Shizunaifurukawacho Shizunaifurukawacho
Shumen Shumen
Jeypore Jeypore
Sarzedo Sarzedo
Sanaa Sanaa
JabalosSaraj JabalosSaraj
Ronse Ronse
AzZuwaytinah AzZuwaytinah
RioFormoso RioFormoso
Radnor Radnor
SaintMichael SaintMichael
Rangae Rangae
Shively Shively
Lysva Lysva
