LesLilas Kambove ChalcodeDiazCovarrub BlueIsland Kotka PortoVelho FetestiGara Embu Battambang AinArnat MadinatHamad MineralnyeVody TagbilaranCity Hirosaki Ibirataia SouthSaintPaul Kemise Shurugwi Manacapuru Kineshma SpanishTown Lloydminster Khulm Anjarah Purnia WestIslip Mauban Akcaabat Acarau NoblePark SanJuandelaMaguana Gunzenhausen SenadorPompeu Haora SaintCyrlEcole NahiyatashShinafiyah Gorgan Shimofurano Arzamas Langenhorn Haripur Pozzuoli Escada Pezinok Belalcazar Oerlinghausen Sorada Baramula Acireale Ontinyent Vyazniki Marchena ElCentro Espiye GongdanglegiKulon VillaPauladeSarmient GongdanglegiKulon Korsakov Tabou SenaMadureira Twante Rivas Garbsen Sobue Johnston Wenchi Hangu Daokou Sosnovka HaciendaLaCalera KotRadhaKishan Izhevsk Biskra Gowurdak EastLongmeadow Wangon EastLongmeadow Mocoa Fuxin Nagar FortWorth Mandan Butuan Kaifeng Aringay AshtonunderLyne Shchekino Itororo Ortaca Morwa Braila Malpe Shieli Yafo Vaniyambadi Prostejov Mabopane Rhondda Bury PriegodeCordoba Turek Kairouan AinBessem Aracuai Zhaodong Geiro Skelmersdale GuaMusang Andrychow Shchekino Angleton SantanadoLivramento CapimGrosso MonteAlegre Kambove LesLilas
100
Kambove Kambove
ChalcodeDiazCovarrub ChalcodeDiazCovarrub
BlueIsland BlueIsland
Kotka Kotka
PortoVelho PortoVelho
FetestiGara FetestiGara
Embu Embu
Battambang Battambang
AinArnat AinArnat
MadinatHamad MadinatHamad
MineralnyeVody MineralnyeVody
TagbilaranCity TagbilaranCity
Hirosaki Hirosaki
Ibirataia Ibirataia
SouthSaintPaul SouthSaintPaul
Kemise Kemise
Shurugwi Shurugwi
Manacapuru Manacapuru
Kineshma Kineshma
SpanishTown SpanishTown
Lloydminster Lloydminster
Khulm Khulm
Anjarah Anjarah
WestIslip WestIslip
Akcaabat Akcaabat
Acarau Acarau
NoblePark NoblePark
SanJuandelaMaguana SanJuandelaMaguana
Gunzenhausen Gunzenhausen
SenadorPompeu SenadorPompeu
Haora Haora
SaintCyrlEcole SaintCyrlEcole
NahiyatashShinafiyah NahiyatashShinafiyah
Gorgan Gorgan
Shimofurano Shimofurano
Arzamas Arzamas
Langenhorn Langenhorn
Haripur Haripur
Pozzuoli Pozzuoli
Escada Escada
Pezinok Pezinok
Belalcazar Belalcazar
Oerlinghausen Oerlinghausen
Sorada Sorada
Baramula Baramula
Acireale Acireale
Ontinyent Ontinyent
Vyazniki Vyazniki
Espiye Espiye
VillaPauladeSarmient VillaPauladeSarmient
Korsakov Korsakov
Tabou Tabou
SenaMadureira SenaMadureira
Twante Twante
Rivas Rivas
Garbsen Garbsen
Sobue Sobue
Johnston Johnston
Wenchi Wenchi
Hangu Hangu
Daokou Daokou
Sosnovka Sosnovka
HaciendaLaCalera HaciendaLaCalera
KotRadhaKishan KotRadhaKishan
Izhevsk Izhevsk
Gowurdak Gowurdak
EastLongmeadow EastLongmeadow
Wangon Wangon
Mocoa Mocoa
Fuxin Fuxin
Nagar Nagar
FortWorth FortWorth
Butuan Butuan
Kaifeng Kaifeng
AshtonunderLyne AshtonunderLyne
Shchekino Shchekino
Itororo Itororo
Ortaca Ortaca
Morwa Morwa
Braila Braila
Shieli Shieli
Yafo Yafo
Vaniyambadi Vaniyambadi
Prostejov Prostejov
Mabopane Mabopane
Rhondda Rhondda
Bury Bury
PriegodeCordoba PriegodeCordoba
Turek Turek
Kairouan Kairouan
AinBessem AinBessem
Aracuai Aracuai
Zhaodong Zhaodong
Skelmersdale Skelmersdale
GuaMusang GuaMusang
Andrychow Andrychow
Angleton Angleton
SantanadoLivramento SantanadoLivramento
CapimGrosso CapimGrosso
MonteAlegre MonteAlegre
