lyenDXSN wKxe hU BR zI 7Q zI 61 fzp vAIBd1Ae STJYwXq9HmmawT L CmV KtvQaJqCJTRpXM8ZI vJxAK1LaHyuu4yFNeul hpRsyMlXH1H 6DVIvuGfPs2BU Mu wBJRoqVxn1t 6yeW7sat9rvd llx2p lt1a5E0H 7h2PJW8oD2ihKQrfQ6 ImSpax GPeb cYPTdnJWL akZmiQ7tmX M1PxrOPSNUVpc 1ds7sqHhanMKkMy jvdVvQ VNvsbB7eWJcAK0fU C8PRtY0wMczFLQQYxa zzYmU5YFhvp1 o3refHnx4qioqHztqMYE nWkakNi6Qt9d4g K6yVeBnomxSBet wcmx8dhmsO ATcHai3SBHuvmr frNA534JEvY4f hjCFXN9kbqn0UCNsZ G50hiUpVStHCMrd l f9euNCVEF2WwHc0CWSy5 hVfqebryM4wN HwQeXpOEZHQ3s Iax35 Plmj0j EJDqk K0A9bbVLm9atwTf uy3ouNIxumu7jEuoP1 MBLHuIgjJIXs uy3ouNIxumu7jEuoP1 2AR73oQdnbYqnDCGMFS fGVqheaVU3e A67f nqeGwct f 1BLIxJsmB2tIIyjdWfA lyenDXSN
40
hU hU
BR BR
zI zI
7Q 7Q
61 61
vAIBd1Ae vAIBd1Ae
L L
CmV CmV
KtvQaJqCJTRpXM8ZI KtvQaJqCJTRpXM8ZI
vJxAK1LaHyuu4yFNeul vJxAK1LaHyuu4yFNeul
6DVIvuGfPs2BU 6DVIvuGfPs2BU
Mu Mu
wBJRoqVxn1t wBJRoqVxn1t
6yeW7sat9rvd 6yeW7sat9rvd
llx2p llx2p
lt1a5E0H lt1a5E0H
ImSpax ImSpax
GPeb GPeb
cYPTdnJWL cYPTdnJWL
akZmiQ7tmX akZmiQ7tmX
M1PxrOPSNUVpc M1PxrOPSNUVpc
jvdVvQ jvdVvQ
VNvsbB7eWJcAK0fU VNvsbB7eWJcAK0fU
zzYmU5YFhvp1 zzYmU5YFhvp1
o3refHnx4qioqHztqMYE o3refHnx4qioqHztqMYE
nWkakNi6Qt9d4g nWkakNi6Qt9d4g
wcmx8dhmsO wcmx8dhmsO
frNA534JEvY4f frNA534JEvY4f
hjCFXN9kbqn0UCNsZ hjCFXN9kbqn0UCNsZ
G50hiUpVStHCMrd G50hiUpVStHCMrd
l l
hVfqebryM4wN hVfqebryM4wN
HwQeXpOEZHQ3s HwQeXpOEZHQ3s
Plmj0j Plmj0j
K0A9bbVLm9atwTf K0A9bbVLm9atwTf
MBLHuIgjJIXs MBLHuIgjJIXs
2AR73oQdnbYqnDCGMFS 2AR73oQdnbYqnDCGMFS
A67f A67f
nqeGwct nqeGwct
f f
