0 6 8 19 25 39 41 48 53 56 59 60 66 67 71 72 77 78 76 81 85 100 96 97 113 110 109 116 121 125 132 134 146 151 166 172 171 176 183 187 190 196 5 191 195 188 185 175 182 173 174 169 163 148 162 168 160 159 144 126 119 115 114 107 104 105 102 103 88 93 86 83 84 70 68 65 64 62 58 57 52 42 51 55 43 40 38 37 35 32 30 24 26 23 21 22 20 14 10 3 5 0
100
0 0
6 6
8 8
19 19
25 25
39 39
41 41
48 48
53 53
56 56
59 59
60 60
66 66
67 67
71 71
72 72
77 77
78 78
76 76
81 81
85 85
100 100
96 96
97 97
113 113
110 110
109 109
116 116
121 121
125 125
132 132
134 134
146 146
151 151
166 166
172 172
171 171
176 176
183 183
187 187
190 190
196 196
5 5
191 191
195 195
188 188
185 185
175 175
182 182
173 173
174 174
169 169
163 163
148 148
162 162
168 168
160 160
159 159
144 144
126 126
119 119
115 115
114 114
107 107
104 104
105 105
102 102
103 103
88 88
93 93
86 86
83 83
84 84
70 70
68 68
65 65
64 64
62 62
58 58
57 57
52 52
42 42
51 51
55 55
43 43
40 40
38 38
37 37
35 35
32 32
30 30
24 24
26 26
23 23
21 21
22 22
20 20
14 14
10 10
3 3
