0 68 20 172 20 169 20 192 20 184 20 181 20 180 20 167 20 170 20 190 20 182 20 189 20 195 20 166 20 178 20 196 185 179 132 18 152 18 141 18 155 18 139 18 157 18 164 18 20 188 20 187 20 198 20 18 148 18 160 18 161 18 147 18 140 18 163 18 136 18 150 153 144 134 138 177 171 174 149 130 194 165 197 191 183 168 142 151 156 135 154 159 186 146 133 137 176 199 158 162 131 193 173 145 175 143 18 68 0
70
172 172
169 169
192 192
184 184
181 181
180 180
167 167
170 170
190 190
182 182
189 189
195 195
166 166
178 178
196 196
185 185
179 179
132 132
152 152
141 141
155 155
139 139
157 157
164 164
188 188
187 187
198 198
148 148
160 160
161 161
147 147
140 140
163 163
136 136
150 150
153 153
144 144
134 134
138 138
177 177
171 171
174 174
149 149
130 130
194 194
165 165
197 197
191 191
183 183
168 168
142 142
151 151
156 156
135 135
154 154
159 159
186 186
146 146
133 133
137 137
176 176
199 199
158 158
162 162
131 131
193 193
173 173
145 145
175 175
143 143
