2 17 139 11 57 75 109 59 36 141 36 63 35 27 131 29 161 199 169 140 91 181 67 34 38 117 82 191 82 159 154 133 154 155 5 155 154 129 185 25 173 25 185 3 47 107 167 21 157 79 157 83 164 197 164 41 43 92 163 52 111 85 145 103 61 23 77 187 77 65 53 121 45 189 66 93 31 181 165 19 55 195 69 44 15 95 39 10 105 99 7 151 7 196 171 183 115 110 175 87 124 123 101 33 97 135 113 195 71 37 142 143 142 127 4 72 125 72 81 72 149 144 193 177 89 137 28 13 147 1 51 1 153 119 73 49 179 9 2
100
17 17
139 139
11 11
57 57
75 75
109 109
59 59
141 141
63 63
35 35
27 27
131 131
29 29
161 161
199 199
169 169
91 91
181 181
67 67
117 117
191 191
159 159
133 133
155 155
5 5
129 129
185 185
25 25
173 173
3 3
47 47
107 107
167 167
21 21
157 157
79 79
83 83
197 197
41 41
43 43
163 163
111 111
85 85
145 145
103 103
61 61
23 23
77 77
187 187
65 65
53 53
121 121
45 45
189 189
93 93
31 31
165 165
19 19
55 55
195 195
69 69
15 15
95 95
39 39
105 105
99 99
7 7
151 151
171 171
183 183
115 115
175 175
87 87
123 123
101 101
33 33
97 97
135 135
113 113
71 71
37 37
143 143
127 127
125 125
81 81
149 149
193 193
177 177
89 89
137 137
13 13
147 147
1 1
51 51
153 153
119 119
73 73
49 49
179 179
9 9
