0 49 50 46 48 47 46 41 36 38 36 31 34 31 33 31 36 40 39 36 41 42 43 41 44 45 41 46 52 53 51 57 51 54 51 57 58 56 61 62 63 61 64 65 61 67 66 70 66 68 66 72 73 71 76 78 76 79 80 76 81 84 81 82 83 81 86 88 86 89 86 91 94 95 91 92 93 91 86 81 76 71 72 66 67 61 56 57 51 52 46 41 36 31 32 26 21 25 21 26 28 27 26 21 23 22 16 17 18 16 20 19 16 11 15 11 6 9 6 1 4 1 3 1 0
50
49 49
50 50
48 48
47 47
38 38
34 34
33 33
40 40
39 39
42 42
43 43
44 44
45 45
53 53
57 57
54 54
58 58
62 62
63 63
64 64
65 65
67 67
70 70
68 68
72 72
73 73
78 78
79 79
80 80
84 84
82 82
83 83
88 88
89 89
94 94
95 95
92 92
93 93
25 25
28 28
27 27
23 23
17 17
18 18
20 20
19 19
15 15
9 9
4 4
3 3
