0 198 197 196 191 193 191 195 191 192 186 187 186 189 186 181 183 181 185 184 181 176 179 180 176 171 173 171 166 170 169 166 167 161 162 156 151 146 149 146 151 156 162 161 165 164 161 163 162 156 159 156 151 152 153 151 155 151 146 141 144 145 141 142 143 141 136 138 137 136 139 140 136 131 135 131 126 129 130 126 128 127 121 116 118 116 121 122 121 116 111 113 111 114 111 112 106 107 108 106 109 106 101 105 104 101 103 102 101 96 100 99 96 97 98 96 91 94 95 91 93 92 86 90 86 87 81 84 81 82 83 81 76 78 76 80 79 76 71 72 73 71 74 75 71 66 68 66 70 66 61 62 63 61 64 65 61 56 59 60 56 58 57 51 52 53 51 46 48 47 46 41 44 41 42 36 39 36 38 37 31 35 34 31 33 32 26 30 29 26 27 26 21 24 25 21 22 21 16 19 16 17 16 11 12 13 11 14 11 6 7 6 1 3 1 0
100
193 193
195 195
192 192
187 187
189 189
183 183
185 185
184 184
179 179
180 180
173 173
170 170
169 169
162 162
149 149
165 165
164 164
163 163
159 159
152 152
153 153
155 155
144 144
145 145
142 142
143 143
138 138
137 137
139 139
140 140
135 135
129 129
130 130
128 128
127 127
118 118
122 122
113 113
114 114
112 112
107 107
108 108
109 109
105 105
104 104
103 103
102 102
100 100
99 99
97 97
98 98
94 94
95 95
93 93
90 90
87 87
84 84
82 82
83 83
78 78
80 80
79 79
72 72
73 73
74 74
75 75
68 68
70 70
62 62
63 63
64 64
65 65
59 59
60 60
58 58
52 52
53 53
48 48
47 47
44 44
42 42
39 39
38 38
35 35
34 34
33 33
32 32
30 30
29 29
27 27
24 24
25 25
22 22
19 19
17 17
12 12
13 13
14 14
7 7
3 3
