93 130 75 102 27 129 74 129 174 70 62 18 157 138 94 80 46 146 77 143 165 43 164 168 117 49 137 161 73 2 81 141 125 53 177 136 87 14 99 11 66 65 126 98 107 24 4 76 16 39 108 170 56 22 41 171 103 134 72 110 91 47 91 40 116 82 63 163 52 151 51 45 159 122 140 64 90 34 121 176 147 26 19 154 84 111 86 119 1 119 115 131 38 131 36 109 36 95 61 79 57 132 67 132 105 101 172 124 169 155 169 20 71 93
91
130 130
75 75
102 102
27 27
129 129
74 74
174 174
70 70
62 62
18 18
157 157
138 138
80 80
46 46
146 146
77 77
143 143
165 165
43 43
168 168
117 117
49 49
137 137
161 161
73 73
2 2
81 81
141 141
125 125
53 53
177 177
136 136
87 87
14 14
99 99
66 66
65 65
98 98
24 24
4 4
76 76
39 39
108 108
170 170
56 56
171 171
72 72
110 110
91 91
47 47
40 40
116 116
82 82
63 63
163 163
52 52
151 151
51 51
122 122
140 140
64 64
90 90
34 34
121 121
176 176
147 147
26 26
19 19
154 154
84 84
111 111
86 86
119 119
1 1
115 115
131 131
38 38
36 36
109 109
95 95
61 61
79 79
57 57
67 67
105 105
101 101
172 172
124 124
169 169
155 155
20 20
