Dannemora Fabius Fonda Fleischmanns Hamburg Flower Hancock Freeville Farnham Florida Farmingville Florida Deer Delanson Dunkirk Frewsburg Delhi Franklin Norwood Fairport Geneva Depew Geneva Fairview Hewlett Harbor Fayetteville Harbor Fredonia Depauville Ghent Freeport Forestville Davis Fishkill Galeville Delevan Dansville Franklinville Norwich Forest Fishers Deferiet Germantown Delmar Frankfort Flanders Frankfort DeRuyter Fairmount Dexter Fulton Gardiner Friendship Gardiner Falconer Gasport Oceanside Fair Oceanside Flower Herricks Deposit Earlville Firthcliffe Earlville Fire Dannemora
50
Fabius Fabius
Fonda Fonda
Fleischmanns Fleischmanns
Flower Flower
Freeville Freeville
Farnham Farnham
Florida Florida
Farmingville Farmingville
Deer Deer
Delanson Delanson
Dunkirk Dunkirk
Frewsburg Frewsburg
Delhi Delhi
Franklin Franklin
Fairport Fairport
Geneva Geneva
Depew Depew
Fairview Fairview
Fayetteville Fayetteville
Fredonia Fredonia
Depauville Depauville
Ghent Ghent
Freeport Freeport
Forestville Forestville
Davis Davis
Fishkill Fishkill
Galeville Galeville
Delevan Delevan
Dansville Dansville
Franklinville Franklinville
Forest Forest
Fishers Fishers
Deferiet Deferiet
Germantown Germantown
Delmar Delmar
Frankfort Frankfort
Flanders Flanders
DeRuyter DeRuyter
Fairmount Fairmount
Dexter Dexter
Fulton Fulton
Gardiner Gardiner
Friendship Friendship
Falconer Falconer
Gasport Gasport
Fair Fair
Deposit Deposit
Earlville Earlville
Firthcliffe Firthcliffe
Fire Fire
