Acton Carlsbad Bellflower Bolinas Angwin Atascadero Bonsall Atascadero Antioch Carson Calwa Arcadia Belmont Brisbane Corning Arcata Belden Alhambra Ashland Alhambra Brawley Biggs Fallbrook Artesia Fresno Banning Alamo Avalon Columbia Alpine Columbia Carpinteria Gardena Campbell Arnold Bradley Caruthers Freedom Carmichael Duarte Burney Bakersfield Canyondam Fontana Castroville August Cotati Boron Cotati Bodfish Cartago Covelo Farmersville Auburn Ceres Bloomington Cupertino Auberry Corona Aptos Cerritos Broadmoor Amesti Cabazon Crockett Calipatria Escalon Clyde Bonsall Cutler Cloverdale Altadena Foresthill Covelo Cartago Bluewater Cerritos Bell Alpaugh Benicia Beaumont Calabasas Brentwood Biola Arbuckle Blythe Danville Armona Berkeley Alameda Carrick Bonita Belvedere Arcadia Burbank Camarillo Burbank Calimesa Barstow Capitola Avery Chowchilla Avenal Fruitdale Byron Fellows Bradbury Adelanto Colusa Dinuba Alturas Florin Calexico Blairsden Atherton Blairsden Calexico Anderson Caribou Folsom Emeryville Atwater Escondido Albany Bayview Ducor Burlingame Alhambra Cambria Almanor Cambria Cayucos Arvin Bishop Brea Azusa Bootjack Aromas Bystrom Anaheim Calistoga Beckwourth Boronda Buttonwillow Bowles Compton Acton
100
Carlsbad Carlsbad
Bellflower Bellflower
Bolinas Bolinas
Angwin Angwin
Atascadero Atascadero
Bonsall Bonsall
Antioch Antioch
Carson Carson
Calwa Calwa
Arcadia Arcadia
Belmont Belmont
Brisbane Brisbane
Arcata Arcata
Belden Belden
Alhambra Alhambra
Ashland Ashland
Brawley Brawley
Biggs Biggs
Artesia Artesia
Banning Banning
Alamo Alamo
Avalon Avalon
Alpine Alpine
Carpinteria Carpinteria
Campbell Campbell
Arnold Arnold
Bradley Bradley
Caruthers Caruthers
Carmichael Carmichael
Burney Burney
Bakersfield Bakersfield
Canyondam Canyondam
Castroville Castroville
August August
Boron Boron
Bodfish Bodfish
Cartago Cartago
Auburn Auburn
Ceres Ceres
Bloomington Bloomington
Auberry Auberry
Aptos Aptos
Cerritos Cerritos
Broadmoor Broadmoor
Amesti Amesti
Cabazon Cabazon
Calipatria Calipatria
Altadena Altadena
Bluewater Bluewater
Bell Bell
Alpaugh Alpaugh
Benicia Benicia
Beaumont Beaumont
Calabasas Calabasas
Brentwood Brentwood
Biola Biola
Arbuckle Arbuckle
Blythe Blythe
Armona Armona
Berkeley Berkeley
Alameda Alameda
Carrick Carrick
Bonita Bonita
Belvedere Belvedere
Burbank Burbank
Camarillo Camarillo
Calimesa Calimesa
Barstow Barstow
Capitola Capitola
Avery Avery
Avenal Avenal
Byron Byron
Bradbury Bradbury
Adelanto Adelanto
Alturas Alturas
Calexico Calexico
Blairsden Blairsden
Atherton Atherton
Anderson Anderson
Caribou Caribou
Atwater Atwater
Albany Albany
Bayview Bayview
Burlingame Burlingame
Cambria Cambria
Almanor Almanor
Cayucos Cayucos
Arvin Arvin
Bishop Bishop
Brea Brea
Azusa Azusa
Bootjack Bootjack
Aromas Aromas
Bystrom Bystrom
Anaheim Anaheim
Calistoga Calistoga
Beckwourth Beckwourth
Boronda Boronda
Buttonwillow Buttonwillow
Bowles Bowles
