Soda Beauxbatons Soda Arda Soda LonelyMountain Soda Reach Soda Dorne Soda Sothoryos Arnor Gondor Lindon Rovanion Rohan Rhun Khado Rhun Rohan Rovanion Lindon Gondor Arnor Sothoryos Pentos Hobbiton Pentos Ormal Pentos KingsLanding Pentos Mereen Pentos Valyria Pentos Qohor Pentos Essos Pentos Braavos Pentos Qarth Pentos Ghis Pentos Sunspear Pentos Iluin Pentos Mordor Pentos Westeros Soda Vale Soda Mandos Soda Rivendell Soda Hogsmeade Soda Hogwarts Soda
26
Beauxbatons Beauxbatons
Arda Arda
LonelyMountain LonelyMountain
Reach Reach
Dorne Dorne
Sothoryos Sothoryos
Khado Khado
Hobbiton Hobbiton
Ormal Ormal
KingsLanding KingsLanding
Mereen Mereen
Valyria Valyria
Qohor Qohor
Essos Essos
Braavos Braavos
Qarth Qarth
Ghis Ghis
Sunspear Sunspear
Iluin Iluin
Mordor Mordor
Westeros Westeros
Vale Vale
Mandos Mandos
Rivendell Rivendell
Hogsmeade Hogsmeade
Hogwarts Hogwarts
