0 3 4 5 6 15 24 35 45 55 54 43 33 13 22 12 11 20 30 40 31 51 52 62 63 73 64 75 76 66 56 46 36 26 27 17 8 19 28 48 58 47 57 77 87 105 115 124 114 104 95 85 84 94 82 80 90 91 92 111 112 123 143 132 150 151 161 162 172 171 180 192 193 173 174 184 185 175 176 186 196 188 178 168 158 148 138 137 147 157 167 156 155 135 126 107 89 119 139 149 159 0
97
3 3
4 4
6 6
15 15
24 24
35 35
45 45
55 55
54 54
43 43
33 33
13 13
22 22
12 12
11 11
20 20
30 30
40 40
31 31
51 51
52 52
62 62
63 63
73 73
64 64
75 75
76 76
66 66
56 56
46 46
36 36
26 26
27 27
17 17
8 8
19 19
28 28
58 58
47 47
57 57
77 77
87 87
105 105
115 115
124 124
114 114
104 104
95 95
85 85
84 84
94 94
82 82
80 80
90 90
91 91
92 92
111 111
112 112
123 123
143 143
132 132
150 150
151 151
161 161
162 162
172 172
171 171
180 180
192 192
193 193
173 173
174 174
184 184
185 185
175 175
186 186
196 196
188 188
178 178
168 168
158 158
148 148
138 138
137 137
147 147
157 157
167 167
156 156
155 155
135 135
126 126
107 107
89 89
119 119
139 139
149 149
159 159
