Greenhouse MathSciencesRes Greenhouse McConeHall Greenhouse McLaughlin Greenhouse MinorHall Greenhouse moffit Greenhouse MorrisonHall Greenhouse MulfordHall Greenhouse NorthField Greenhouse NAnimalFacil Greenhouse ObservHill Greenhouse AndersenAud Greenhouse ArchsEngineers Greenhouse BanwayBldg Greenhouse BarrowLane Greenhouse BARTStation Greenhouse BerkeleyMuseum Greenhouse BirgeHall Greenhouse BlumHall Greenhouse BotanGarden Greenhouse StarrLibrary Greenhouse ImagingCenter Greenhouse BoaltHall Greenhouse BlackwellHall Greenhouse BerkeleyWest Greenhouse BechtelEngineering Greenhouse BarrowsHall Greenhouse BarkerHall Greenhouse BancroftLibrary Greenhouse AnthonyHall Greenhouse AlumniHouse Greenhouse OBrienHall Greenhouse NorthGateHall Greenhouse nrl Greenhouse MosesHall Greenhouse MorganHall Greenhouse MinorHallAdd Greenhouse memorialpool Greenhouse McEnerneyHall Greenhouse maxwell Greenhouse mlk Greenhouse
40
MathSciencesRes MathSciencesRes
McConeHall McConeHall
McLaughlin McLaughlin
MinorHall MinorHall
moffit moffit
MorrisonHall MorrisonHall
MulfordHall MulfordHall
NorthField NorthField
NAnimalFacil NAnimalFacil
ObservHill ObservHill
AndersenAud AndersenAud
ArchsEngineers ArchsEngineers
BanwayBldg BanwayBldg
BarrowLane BarrowLane
BARTStation BARTStation
BerkeleyMuseum BerkeleyMuseum
BirgeHall BirgeHall
BlumHall BlumHall
BotanGarden BotanGarden
StarrLibrary StarrLibrary
ImagingCenter ImagingCenter
BoaltHall BoaltHall
BlackwellHall BlackwellHall
BerkeleyWest BerkeleyWest
BechtelEngineering BechtelEngineering
BarrowsHall BarrowsHall
BarkerHall BarkerHall
BancroftLibrary BancroftLibrary
AnthonyHall AnthonyHall
AlumniHouse AlumniHouse
OBrienHall OBrienHall
NorthGateHall NorthGateHall
nrl nrl
MosesHall MosesHall
MorganHall MorganHall
MinorHallAdd MinorHallAdd
memorialpool memorialpool
McEnerneyHall McEnerneyHall
maxwell maxwell
mlk mlk
