Greenhouse BerkeleyWest Greenhouse BlackwellHall Greenhouse BoaltHall Greenhouse ImagingCenter Greenhouse CaliforniaHall Greenhouse CalvinLaboratory Greenhouse CareerCenter Greenhouse ChavezCenter Greenhouse ChouHall Greenhouse ClassFountain Greenhouse CNMAT Greenhouse CyclotronRd Greenhouse DoeLibrary Greenhouse DurantHall Greenhouse DwinelleAnnex Greenhouse EastGate Greenhouse EnergyBuilding Greenhouse EtcheverryHall Greenhouse EvansHall Greenhouse FacultyClub Greenhouse FoundersRock Greenhouse FrankWay Greenhouse GeneticsPlantBldg Greenhouse HertzHall Greenhouse unit3 Greenhouse Cafe3 Greenhouse GianniniHall Greenhouse GayleyRd Greenhouse FoxCottage Greenhouse FacultyGlade Greenhouse EyeCenter Greenhouse EvansDiamond Greenhouse EshlemanHall Greenhouse EdwardsStadium Greenhouse DwinelleHall Greenhouse DurhamTheatre Greenhouse DonnerLab Greenhouse DavisHall Greenhouse CoryHall Greenhouse ClassGate Greenhouse ClarkCampus Greenhouse CheitHall Greenhouse ChanAuditorium Greenhouse CampbellHall Greenhouse CaliforniaStadium Greenhouse StarrLibrary Greenhouse BotanGarden Greenhouse BlumHall Greenhouse BirgeHall Greenhouse BerkeleyMuseum Greenhouse
50
BerkeleyWest BerkeleyWest
BlackwellHall BlackwellHall
BoaltHall BoaltHall
ImagingCenter ImagingCenter
CaliforniaHall CaliforniaHall
CalvinLaboratory CalvinLaboratory
CareerCenter CareerCenter
ChavezCenter ChavezCenter
ChouHall ChouHall
ClassFountain ClassFountain
CNMAT CNMAT
CyclotronRd CyclotronRd
DoeLibrary DoeLibrary
DurantHall DurantHall
DwinelleAnnex DwinelleAnnex
EastGate EastGate
EnergyBuilding EnergyBuilding
EtcheverryHall EtcheverryHall
EvansHall EvansHall
FacultyClub FacultyClub
FoundersRock FoundersRock
FrankWay FrankWay
GeneticsPlantBldg GeneticsPlantBldg
HertzHall HertzHall
unit3 unit3
Cafe3 Cafe3
GianniniHall GianniniHall
GayleyRd GayleyRd
FoxCottage FoxCottage
FacultyGlade FacultyGlade
EyeCenter EyeCenter
EvansDiamond EvansDiamond
EshlemanHall EshlemanHall
EdwardsStadium EdwardsStadium
DwinelleHall DwinelleHall
DurhamTheatre DurhamTheatre
DonnerLab DonnerLab
DavisHall DavisHall
CoryHall CoryHall
ClassGate ClassGate
ClarkCampus ClarkCampus
CheitHall CheitHall
ChanAuditorium ChanAuditorium
CampbellHall CampbellHall
CaliforniaStadium CaliforniaStadium
StarrLibrary StarrLibrary
BotanGarden BotanGarden
BlumHall BlumHall
BirgeHall BirgeHall
BerkeleyMuseum BerkeleyMuseum
