pace king guarantee buffet exclusive class disclose injury disclose skeleton understand figure understand paper deposit circulation output autonomy glasses tool dialogue prison dialogue likely dialogue guarantee due seize sunrise title shy nationalist dip joint demand pain demand cigarette tablet swear other approval mystery enter mystery chair brake mature headline quality straighten romantic sign legislation enhance thumb enhance dough linger vegetarian forge tolerate forge vegetarian forge winner forge vegetarian throne interactive feature honor feature interactive throne imposter fortune page lake rob bitter respect financial voice pace
50
king king
guarantee guarantee
buffet buffet
exclusive exclusive
class class
injury injury
figure figure
paper paper
circulation circulation
output output
autonomy autonomy
glasses glasses
tool tool
prison prison
likely likely
seize seize
sunrise sunrise
title title
shy shy
nationalist nationalist
dip dip
demand demand
pain pain
cigarette cigarette
tablet tablet
swear swear
other other
mystery mystery
enter enter
brake brake
headline headline
quality quality
sign sign
legislation legislation
enhance enhance
thumb thumb
dough dough
linger linger
vegetarian vegetarian
tolerate tolerate
winner winner
throne throne
honor honor
imposter imposter
page page
lake lake
rob rob
bitter bitter
financial financial
voice voice
