0 182 27 32 27 30 27 28 27 29 27 31 27 33 27 34 36 34 35 34 37 34 133 134 38 39 38 132 40 42 40 41 40 43 40 131 44 45 44 46 44 135 138 1 13 1 3 1 2 1 4 1 139 141 5 10 5 8 5 6 5 7 5 9 5 24 25 24 26 24 144 20 22 20 21 20 23 20 146 145 14 19 14 17 14 15 14 16 14 18 14 147 149 11 12 11 150 152 151 60 66 60 64 60 62 60 61 60 63 60 65 60 153 57 59 57 58 57 54 55 54 56 54 154 155 52 53 52 156 47 50 47 48 47 49 47 51 47 157 159 160 120 130 120 128 120 126 120 124 120 122 120 121 120 123 120 125 120 127 120 129 120 162 163 67 71 67 69 67 68 67 70 67 164 72 74 72 73 72 75 72 165 76 78 76 77 76 79 76 166 167 80 85 80 83 80 81 80 82 80 84 80 92 93 92 86 87 86 88 86 168 89 90 89 91 89 169 94 101 94 99 94 97 94 95 94 96 94 98 94 100 94 102 104 102 103 102 105 102 171 170 172 175 106 110 106 108 106 107 106 109 106 176 111 113 111 112 111 114 116 114 115 114 117 114 118 119 118 177 178 179 181 182 0
100
32 32
30 30
28 28
29 29
31 31
33 33
36 36
35 35
37 37
39 39
42 42
41 41
43 43
45 45
46 46
13 13
3 3
2 2
4 4
10 10
8 8
6 6
7 7
9 9
25 25
26 26
22 22
21 21
23 23
19 19
17 17
15 15
16 16
18 18
12 12
66 66
64 64
62 62
61 61
63 63
65 65
59 59
58 58
55 55
56 56
53 53
50 50
48 48
49 49
51 51
130 130
128 128
126 126
124 124
122 122
121 121
123 123
125 125
127 127
129 129
71 71
69 69
68 68
70 70
74 74
73 73
75 75
78 78
77 77
79 79
85 85
83 83
81 81
82 82
84 84
93 93
87 87
88 88
90 90
91 91
101 101
99 99
97 97
95 95
96 96
98 98
100 100
104 104
103 103
105 105
110 110
108 108
107 107
109 109
113 113
112 112
116 116
115 115
117 117
119 119
