HAZtD 6gp0A kPB79 4Tt2a kPB79 4PXv9 kPB79 UqGfS iqOI4 mJExt p3gJd UQeyk EgumV fWz4T SE1WY ZKvNM TzGS5 ZKvNM SE1WY fWz4T EgumV UQeyk kjZGl kNG2j AwFdf 2zHfe fExZu v7hOX fExZu wVSYr WVEjT Agb0E VG4na b9v0q SEkfX b9v0q eVDVP Ia6ul kvy7i Q5zY0 69WZh jesVt 4AhmX 93R2m C4biR aegld C4biR 93R2m cu5FB 4AhmX jesVt 69WZh mdIe6 69WZh zrVPv wedr3 zrVPv ox9Gx 69WZh iHR3J v0WXM R6NzB 0FMEI tgL8p DmTRc 4jcrD DmTRc tgL8p 0FMEI 2GCiD RWE9G 5EAEu sU69u 9cp56 0F8yg 4PSW9 zcuSA jyRQW Xqwfz pLg86 7kY28 URrao fiXIW URrao qz2Of 8Qx0C iPRoT Vg6Sz iIQll p4kTx iIQll Vg6Sz iIQll GrnJ7 iaaYU UbqWX v9joy GrnJ7 gNinx GrnJ7 rmW0U 9tf0w rmW0U CHx6u rmW0U HOuAL rmW0U CHx6u lF8gH bMhFI SfSL1 RkCLD xKTIz E6pda e7SjH DuU0x BIY9X DuU0x e7SjH 2LhKB e7SjH o2JtM H1xt8 GaZ4O Q8lcd 6sv9O HAKlt Pk19A HAKlt 0moVI GUEko iimZq 6owsT OWqP4 rVnMc SxklZ VESmp SxklZ BaYb3 1VA1I Zok18 1VA1I BaYb3 IOpdQ Xqwfz jyRQW Zxvdf u60s4 gpbSj cC0Rg p3gJd DaieK uPUO1 DaieK O8CwF TlJnt O8CwF XbFfE aWuHk 3NU9e RN9nS CXkxa Lusir CXkxa ED9em 5h4rt ED9em CXkxa 3NU9e aWuHk mJExt iqOI4 mJExt p3gJd cpzS8 acHTt rH3nx 1gvq4 lJnz7 GxQg8 X2hjX UqGfS Ssao4 UqGfS NqBQW UqGfS zg9rt vfAR8 bW6Ms vfAR8 EyMEe z82fM F7CZj iKwe0 J0OP0 Cg1yP wnnBN 4Eg1F HAZtD
100
4Tt2a 4Tt2a
4PXv9 4PXv9
UqGfS UqGfS
iqOI4 iqOI4
p3gJd p3gJd
EgumV EgumV
fWz4T fWz4T
TzGS5 TzGS5
kNG2j kNG2j
AwFdf AwFdf
fExZu fExZu
v7hOX v7hOX
WVEjT WVEjT
Agb0E Agb0E
VG4na VG4na
SEkfX SEkfX
eVDVP eVDVP
Ia6ul Ia6ul
69WZh 69WZh
jesVt jesVt
4AhmX 4AhmX
aegld aegld
cu5FB cu5FB
mdIe6 mdIe6
zrVPv zrVPv
wedr3 wedr3
ox9Gx ox9Gx
iHR3J iHR3J
R6NzB R6NzB
DmTRc DmTRc
4jcrD 4jcrD
2GCiD 2GCiD
5EAEu 5EAEu
0F8yg 0F8yg
zcuSA zcuSA
pLg86 pLg86
7kY28 7kY28
URrao URrao
fiXIW fiXIW
8Qx0C 8Qx0C
Vg6Sz Vg6Sz
iIQll iIQll
p4kTx p4kTx
iaaYU iaaYU
UbqWX UbqWX
v9joy v9joy
gNinx gNinx
9tf0w 9tf0w
CHx6u CHx6u
HOuAL HOuAL
lF8gH lF8gH
bMhFI bMhFI
xKTIz xKTIz
E6pda E6pda
DuU0x DuU0x
BIY9X BIY9X
2LhKB 2LhKB
H1xt8 H1xt8
Q8lcd Q8lcd
HAKlt HAKlt
Pk19A Pk19A
0moVI 0moVI
iimZq iimZq
6owsT 6owsT
OWqP4 OWqP4
SxklZ SxklZ
VESmp VESmp
BaYb3 BaYb3
1VA1I 1VA1I
Zok18 Zok18
IOpdQ IOpdQ
Zxvdf Zxvdf
u60s4 u60s4
gpbSj gpbSj
cC0Rg cC0Rg
DaieK DaieK
uPUO1 uPUO1
O8CwF O8CwF
TlJnt TlJnt
aWuHk aWuHk
RN9nS RN9nS
Lusir Lusir
ED9em ED9em
5h4rt 5h4rt
cpzS8 cpzS8
acHTt acHTt
rH3nx rH3nx
1gvq4 1gvq4
lJnz7 lJnz7
GxQg8 GxQg8
X2hjX X2hjX
Ssao4 Ssao4
NqBQW NqBQW
vfAR8 vfAR8
bW6Ms bW6Ms
z82fM z82fM
iKwe0 iKwe0
J0OP0 J0OP0
Cg1yP Cg1yP
wnnBN wnnBN
