3Yw8H xNFYO KHHwN hQySr ycoh0 miscC EvuAH vN0gV EQJ7U iaf34 EQJ7U 8MJwv TT3Hk EQJ7U Z7joj M5wZP Z7joj fEdtk Tz4zy Vm2RV RTNKK s8jhm w0i4E s8jhm 5ayvc OhHc9 5ayvc s8jhm 9e1Io BSqOv x5InZ 5PNx4 x5InZ P18zR BSqOv QUkKU zSmKp CmuV1 cvjQc JYR5M cvjQc 3Yw8H
25
3Yw8H 3Yw8H
xNFYO xNFYO
KHHwN KHHwN
ycoh0 ycoh0
miscC miscC
EvuAH EvuAH
vN0gV vN0gV
iaf34 iaf34
8MJwv 8MJwv
TT3Hk TT3Hk
Z7joj Z7joj
M5wZP M5wZP
Tz4zy Tz4zy
Vm2RV Vm2RV
RTNKK RTNKK
w0i4E w0i4E
OhHc9 OhHc9
9e1Io 9e1Io
BSqOv BSqOv
5PNx4 5PNx4
P18zR P18zR
QUkKU QUkKU
zSmKp zSmKp
cvjQc cvjQc
JYR5M JYR5M
