1 52 88 49 86 92 64 83 157 116 95 89 18 26 42 14 7 36 91 51 31 90 46 23 12 57 71 66 78 82 147 110 127 93 58 15 13 53 3 60 103 138 136 115 199 132 153 119 98 96 159 156 108 140 84 155 142 137 194 27 11 190 30 185 162 7 163 4 174 176 186 193 101 175 182 161 129 152 130 128 105 121 56 99 43 1
78
52 52
88 88
49 49
86 86
92 92
64 64
83 83
157 157
116 116
95 95
89 89
18 18
26 26
42 42
14 14
7 7
36 36
91 91
51 51
31 31
90 90
46 46
23 23
12 12
57 57
71 71
66 66
78 78
82 82
147 147
110 110
127 127
93 93
58 58
15 15
13 13
53 53
3 3
60 60
103 103
138 138
136 136
115 115
199 199
132 132
153 153
119 119
98 98
96 96
159 159
156 156
108 108
140 140
84 84
142 142
137 137
194 194
190 190
185 185
162 162
163 163
174 174
176 176
186 186
193 193
101 101
175 175
182 182
161 161
129 129
152 152
130 130
128 128
105 105
121 121
56 56
99 99
43 43
