Abbey Isabella Beatrice Jamiya Carlee Lana Kristina Haven Matilda Kayley Lilia Liberty Sophia Dana Kiera Helen Karma Yoselin Ashley Nora Avni Eden Harley Ayanna Alexia Maeve Marisol Rebecca Rayna Tara Ruth Presley Shannon Lisa Riley Vivian Tanya Kimberly Lillie Mckinley Mira Jordin Abbey
40
Isabella Isabella
Beatrice Beatrice
Jamiya Jamiya
Carlee Carlee
Lana Lana
Kristina Kristina
Haven Haven
Matilda Matilda
Kayley Kayley
Lilia Lilia
Liberty Liberty
Sophia Sophia
Dana Dana
Kiera Kiera
Helen Helen
Karma Karma
Yoselin Yoselin
Nora Nora
Avni Avni
Eden Eden
Harley Harley
Ayanna Ayanna
Alexia Alexia
Maeve Maeve
Marisol Marisol
Rebecca Rebecca
Rayna Rayna
Tara Tara
Ruth Ruth
Presley Presley
Shannon Shannon
Lisa Lisa
Riley Riley
Vivian Vivian
Tanya Tanya
Kimberly Kimberly
Lillie Lillie
Mckinley Mckinley
Mira Mira
Jordin Jordin
