Abbey Alivia Alexus Ashley Aniya Aryana Jamiya Diana Emilie Claire Gillian Aubree Elianna Denisse Emma Jillian Jade Carleigh Chasity Avni Dayami Camilla Carlie Christine Carly Bryanna Iyana Dana Janiya Imani Keyla Madilynn Mira Matilda Kira Lainey Lilia Lilyana Mckinley Lucille Kristina Kiana Laylah Jasmin Maggie Melina Mya Myah Jazmyn Leila Kristin Mireya Nia Zion Brooklyn Alexia Baylee Alia Ariel Carlee Haven Ingrid Ciara Kimberly Jaden Jimena Kiley Juliette Kaydence Kenzie Lacey Kayden Kaley Sophia Christine Parker Zaria Sharon Sophie Taniyah Riley Natalee Neveah Mckayla Noelle Tara Shyanne Rylee Lindsay Zara Arielle Abbey
90
Abbey Abbey
Alivia Alivia
Alexus Alexus
Ashley Ashley
Aniya Aniya
Aryana Aryana
Jamiya Jamiya
Diana Diana
Emilie Emilie
Claire Claire
Gillian Gillian
Aubree Aubree
Elianna Elianna
Denisse Denisse
Emma Emma
Jillian Jillian
Jade Jade
Carleigh Carleigh
Chasity Chasity
Avni Avni
Dayami Dayami
Camilla Camilla
Carlie Carlie
Christine Christine
Carly Carly
Bryanna Bryanna
Iyana Iyana
Dana Dana
Janiya Janiya
Imani Imani
Keyla Keyla
Madilynn Madilynn
Mira Mira
Matilda Matilda
Kira Kira
Lainey Lainey
Lilia Lilia
Lilyana Lilyana
Mckinley Mckinley
Lucille Lucille
Kristina Kristina
Kiana Kiana
Laylah Laylah
Jasmin Jasmin
Maggie Maggie
Melina Melina
Mya Mya
Myah Myah
Jazmyn Jazmyn
Leila Leila
Kristin Kristin
Mireya Mireya
Nia Nia
Zion Zion
Brooklyn Brooklyn
Alexia Alexia
Baylee Baylee
Alia Alia
Ariel Ariel
Carlee Carlee
Haven Haven
Ingrid Ingrid
Ciara Ciara
Kimberly Kimberly
Jaden Jaden
Jimena Jimena
Kiley Kiley
Juliette Juliette
Kaydence Kaydence
Kenzie Kenzie
Lacey Lacey
Kayden Kayden
Kaley Kaley
Sophia Sophia
Parker Parker
Zaria Zaria
Sharon Sharon
Sophie Sophie
Taniyah Taniyah
Riley Riley
Natalee Natalee
Neveah Neveah
Mckayla Mckayla
Noelle Noelle
Tara Tara
Shyanne Shyanne
Rylee Rylee
Lindsay Lindsay
Zara Zara
Arielle Arielle
