Taozhuang Chharra Wesseling Chharra Besuki Middle Bhit Durazno Bhit Sicklerville Memmingen New Boo Cibinong Villa Rafiganj Villa Nonsan Rutherglen Gauting Tupelo Esperanza Bang Waverly Strathfield Gudermes Bourbonnais Longgang Norco Udumalaippettai Jhol Uran Jingzhou Vernon Severodvinsk Vernon Caravaca Donggongon Somma Esmeraldas Aytos Hechingen Azrou Ramla Sarandi Southsea Kallio Alatyr Jinotepe Uran Pottstown Uran Ilesa Uran Fort Oulmes Rutherglen Ulu Freetown Southsea Calauan Artur Camayenne Rosedale Jackson Chharra Taozhuang
50
Taozhuang Taozhuang
Wesseling Wesseling
Besuki Besuki
Middle Middle
Durazno Durazno
Sicklerville Sicklerville
Memmingen Memmingen
New New
Boo Boo
Cibinong Cibinong
Villa Villa
Rafiganj Rafiganj
Nonsan Nonsan
Rutherglen Rutherglen
Gauting Gauting
Tupelo Tupelo
Esperanza Esperanza
Bang Bang
Waverly Waverly
Strathfield Strathfield
Gudermes Gudermes
Bourbonnais Bourbonnais
Longgang Longgang
Udumalaippettai Udumalaippettai
Uran Uran
Jingzhou Jingzhou
Severodvinsk Severodvinsk
Caravaca Caravaca
Donggongon Donggongon
Somma Somma
Esmeraldas Esmeraldas
Aytos Aytos
Hechingen Hechingen
Azrou Azrou
Ramla Ramla
Sarandi Sarandi
Kallio Kallio
Alatyr Alatyr
Jinotepe Jinotepe
Pottstown Pottstown
Ilesa Ilesa
Fort Fort
Oulmes Oulmes
Ulu Ulu
Freetown Freetown
Calauan Calauan
Artur Artur
Camayenne Camayenne
Rosedale Rosedale
Jackson Jackson
