Ilesa Resplendor Great Ada Great Tyoply Great Krymsk GernikaLumo LonsleSaunier Calauan Rhosllanerchrugog Milagro Azrou Uran Alfenas Polohy WaltonontheNaze Memmingen Tupelo Milledgeville Puerto Onex Tiruppuvanam MitryMory Claremont Malden Viewpark Palafrugell Villaquilambre Stupino Jagna Aleshtar Hermsdorf Sceaux Valletta Itacoatiara Sirsi Ponta MitryMory Lodwar Puducherry American Bavly Gariadhar Bensheim Kyzylorda Brzeg Perth Clermont Perth Niort Perth UlanUde Perth Tak Talipparamba Marburg Lille Marburg Palm Oberhausen Sorsogon Taebaek PortVila Alexandria Jashpurnagar Magomeni Valday Tupiza DehiwalaMount Aistala Tharu Ventimiglia Shaowu Chacabuco Ramla Yingkou Oschatz Barracas Aurora Liberia Paredes Belper Skalica Belper Guli Belper New Minas Dahlem Minas Mouscron Bogovinje MitryMory Copperas Bobigny Sillanwali Sishui Landshut Bon An Bensheim Bang Shagamu Zeist Brunswick Jiangyan Davis Toledo Meizhou Mexborough Oulmes Bensheim PointeClaire Bensheim Campobasso Bensheim Zaozhuang Rutland Stuttgart Aklera Foshan Ilesa
100
Ilesa Ilesa
Resplendor Resplendor
Great Great
Ada Ada
Tyoply Tyoply
GernikaLumo GernikaLumo
LonsleSaunier LonsleSaunier
Calauan Calauan
Rhosllanerchrugog Rhosllanerchrugog
Milagro Milagro
Azrou Azrou
Uran Uran
Alfenas Alfenas
Polohy Polohy
WaltonontheNaze WaltonontheNaze
Memmingen Memmingen
Tupelo Tupelo
Milledgeville Milledgeville
Puerto Puerto
Onex Onex
Tiruppuvanam Tiruppuvanam
MitryMory MitryMory
Claremont Claremont
Malden Malden
Viewpark Viewpark
Palafrugell Palafrugell
Villaquilambre Villaquilambre
Stupino Stupino
Jagna Jagna
Aleshtar Aleshtar
Hermsdorf Hermsdorf
Sceaux Sceaux
Valletta Valletta
Itacoatiara Itacoatiara
Sirsi Sirsi
Ponta Ponta
Lodwar Lodwar
Puducherry Puducherry
American American
Bavly Bavly
Gariadhar Gariadhar
Bensheim Bensheim
Kyzylorda Kyzylorda
Brzeg Brzeg
Perth Perth
Clermont Clermont
Niort Niort
UlanUde UlanUde
Tak Tak
Talipparamba Talipparamba
Marburg Marburg
Lille Lille
Palm Palm
Oberhausen Oberhausen
Sorsogon Sorsogon
PortVila PortVila
Alexandria Alexandria
Jashpurnagar Jashpurnagar
Magomeni Magomeni
Valday Valday
Tupiza Tupiza
DehiwalaMount DehiwalaMount
Tharu Tharu
Ventimiglia Ventimiglia
Shaowu Shaowu
Chacabuco Chacabuco
Ramla Ramla
Yingkou Yingkou
Barracas Barracas
Aurora Aurora
Paredes Paredes
Skalica Skalica
Guli Guli
New New
Dahlem Dahlem
Mouscron Mouscron
Bogovinje Bogovinje
Copperas Copperas
Bobigny Bobigny
Sillanwali Sillanwali
Sishui Sishui
Landshut Landshut
Bon Bon
An An
Bang Bang
Shagamu Shagamu
Brunswick Brunswick
Jiangyan Jiangyan
Davis Davis
Toledo Toledo
Meizhou Meizhou
Mexborough Mexborough
Oulmes Oulmes
PointeClaire PointeClaire
Campobasso Campobasso
Zaozhuang Zaozhuang
Rutland Rutland
Stuttgart Stuttgart
Aklera Aklera
Foshan Foshan
