Lesnoy GatesNorth Hudiksvall Blackpool Meerut Gisborne Dharmapuri Gisborne Ishim Stade Portogruaro Artur Gisborne Pingyi Malaut Hueytown Franceville Rutherglen Sungurlu Winsford Sun Hueytown Brentwood Zgorzelec Yangambi Beveren Kundla Beveren Glogovac Visitacion Lesnoy
25
Lesnoy Lesnoy
GatesNorth GatesNorth
Hudiksvall Hudiksvall
Blackpool Blackpool
Meerut Meerut
Gisborne Gisborne
Dharmapuri Dharmapuri
Ishim Ishim
Stade Stade
Portogruaro Portogruaro
Artur Artur
Pingyi Pingyi
Malaut Malaut
Hueytown Hueytown
Franceville Franceville
Rutherglen Rutherglen
Sungurlu Sungurlu
Winsford Winsford
Sun Sun
Brentwood Brentwood
Zgorzelec Zgorzelec
Yangambi Yangambi
Kundla Kundla
Glogovac Glogovac
Visitacion Visitacion
