108 69 7 51 101 49 170 54 78 146 186 177 189 82 71 82 56 151 128 55 64 112 126 112 171 138 120 67 17 61 46 32 36 79 13 44 66 21 158 63 133 107 38 31 190 116 109 59 15 157 179 150 75 110 77 129 23 6 48 34 178 130 140 43 65 92 197 137 118 182 148 176 100 191 117 24 114 142 99 28 181 167 156 187 156 184 113 136 134 73 193 11 193 39 196 84 83 1 119 95 68 85 14 35 188 174 19 70 153 144 132 81 5 26 127 45 57 96 90 53 37 143 121 30 108
97
69 69
7 7
101 101
49 49
170 170
54 54
78 78
146 146
186 186
177 177
82 82
71 71
56 56
151 151
128 128
64 64
126 126
138 138
120 120
67 67
17 17
61 61
46 46
32 32
36 36
79 79
13 13
44 44
66 66
63 63
133 133
107 107
38 38
31 31
190 190
109 109
15 15
157 157
179 179
150 150
75 75
110 110
77 77
129 129
23 23
48 48
34 34
130 130
140 140
43 43
65 65
92 92
197 197
137 137
118 118
182 182
148 148
176 176
100 100
117 117
24 24
114 114
142 142
99 99
28 28
181 181
167 167
187 187
184 184
136 136
134 134
73 73
11 11
39 39
84 84
83 83
1 1
95 95
68 68
85 85
14 14
35 35
188 188
174 174
19 19
153 153
144 144
81 81
5 5
26 26
45 45
57 57
96 96
53 53
37 37
143 143
121 121
