1 11 24 23 48 35 72 47 96 59 120 71 144 83 1 95 1 107 1 119 1 131 1 143 1 140 3 128 3 116 3 104 3 92 3 80 3 136 130 112 106 88 82 64 58 40 34 16 10 4 22 28 46 52 70 76 94 100 118 124 142 5 6 8 18 17 30 20 42 29 54 32 66 41 78 44 90 53 102 56 114 65 126 68 138 77 3 89 3 101 3 113 3 125 3 137 1 134 1 122 1 110 1 98 1 86 1 74 132 62 108 50 84 38 60 26 36 14 12 2 1
96
11 11
24 24
23 23
48 48
35 35
72 72
47 47
96 96
59 59
120 120
71 71
144 144
83 83
95 95
107 107
119 119
131 131
143 143
140 140
128 128
116 116
104 104
92 92
80 80
136 136
130 130
112 112
106 106
88 88
82 82
64 64
58 58
40 40
34 34
16 16
10 10
4 4
22 22
28 28
46 46
52 52
70 70
76 76
94 94
100 100
118 118
124 124
142 142
5 5
6 6
8 8
18 18
17 17
30 30
20 20
42 42
29 29
54 54
32 32
66 66
41 41
78 78
44 44
90 90
53 53
102 102
56 56
114 114
65 65
126 126
68 68
138 138
77 77
89 89
101 101
113 113
125 125
137 137
134 134
122 122
110 110
98 98
86 86
74 74
132 132
62 62
108 108
50 50
84 84
38 38
60 60
26 26
36 36
14 14
12 12
2 2
