pride thank equinox mean whole top domestic accessible perception cancel crew car berry scrap predict leash maze childish pastel huge wrong lobby dramatic community east exotic steward desk dialect valid deck makeup magnitude hide loud seller skip battery craftsman dilemma think line gift mind tin thread formation present inhibition salmon dedicate deter contract belief transaction vote company mosaic integrated celebration denial breakin suffer bring basketball prove appear homosexual shelter pupil partnership nationalism magnetic adult snap trance absorption farewell transmission concern create fortune offensive dose merit direct tribe mechanism traction colon work rabbit creation glide bracket ballot fuss minimize linear knit feign pride
100
pride pride
thank thank
equinox equinox
whole whole
top top
domestic domestic
accessible accessible
perception perception
cancel cancel
crew crew
car car
berry berry
scrap scrap
predict predict
leash leash
maze maze
childish childish
pastel pastel
huge huge
wrong wrong
lobby lobby
dramatic dramatic
community community
east east
exotic exotic
steward steward
desk desk
dialect dialect
valid valid
deck deck
makeup makeup
magnitude magnitude
hide hide
loud loud
seller seller
skip skip
battery battery
craftsman craftsman
dilemma dilemma
think think
line line
gift gift
mind mind
tin tin
thread thread
formation formation
present present
inhibition inhibition
salmon salmon
dedicate dedicate
deter deter
contract contract
belief belief
transaction transaction
vote vote
company company
mosaic mosaic
integrated integrated
celebration celebration
denial denial
breakin breakin
suffer suffer
bring bring
basketball basketball
prove prove
appear appear
homosexual homosexual
shelter shelter
pupil pupil
partnership partnership
nationalism nationalism
magnetic magnetic
adult adult
snap snap
trance trance
absorption absorption
farewell farewell
transmission transmission
concern concern
create create
fortune fortune
offensive offensive
dose dose
merit merit
direct direct
tribe tribe
mechanism mechanism
traction traction
colon colon
work work
rabbit rabbit
creation creation
glide glide
bracket bracket
ballot ballot
fuss fuss
minimize minimize
linear linear
knit knit
feign feign
