1 6 8 9 7 6 1 10 12 11 13 10 1 60 62 61 63 60 1 110 112 111 113 110 1 160 162 161 163 160 1 18 20 19 21 18 1 68 70 69 71 68 1 118 120 119 121 118 1 168 170 169 171 168 1 14 16 15 17 14 1 114 116 115 117 114 1 22 23 24 25 22 1 100 101 102 104 103 105 102 101 100 1 50 51 52 55 53 54 52 51 50 1 150 151 152 155 153 154 152 151 150 1 122 125 124 123 122 1 172 173 174 175 172 1 26 27 28 29 30 29 28 27 26 1 176 177 178 179 180 179 178 177 176 1 126 127 128 129 130 129 128 127 126 1 76 77 78 79 80 79 78 77 76 1 72 75 74 73 72 1 164 167 165 166 164 1 64 67 65 66 64 1 2 4 3 5 2 1 156 159 158 157 156 1 106 109 108 107 106 1 56 59 58 57 56 1
80
8 8
9 9
7 7
12 12
11 11
13 13
62 62
61 61
63 63
112 112
111 111
113 113
162 162
161 161
163 163
20 20
19 19
21 21
70 70
69 69
71 71
120 120
119 119
121 121
170 170
169 169
171 171
16 16
15 15
17 17
116 116
115 115
117 117
23 23
24 24
25 25
104 104
103 103
105 105
55 55
53 53
54 54
155 155
153 153
154 154
125 125
124 124
123 123
173 173
174 174
175 175
28 28
30 30
178 178
180 180
128 128
130 130
78 78
80 80
75 75
74 74
73 73
167 167
165 165
166 166
67 67
65 65
66 66
4 4
3 3
5 5
159 159
158 158
157 157
109 109
108 108
107 107
59 59
58 58
57 57
