0 5 6 2 3 7 8 13 17 16 11 10 15 20 21 22 23 18 24 29 34 38 37 43 44 39 44 49 48 47 46 41 35 30 35 41 45 50 55 61 65 66 65 70 65 61 56 52 57 63 64 69 74 78 83 88 89 94 99 98 97 96 92 91 85 90 85 80 75 70 65 61 56 51 45 40 35 30 25 20 15 10 5 0
50
0 0
5 5
6 6
2 2
3 3
7 7
8 8
13 13
17 17
16 16
11 11
10 10
20 20
21 21
18 18
24 24
29 29
34 34
38 38
37 37
43 43
44 44
39 39
49 49
48 48
47 47
46 46
41 41
35 35
30 30
45 45
55 55
61 61
65 65
66 66
70 70
52 52
57 57
63 63
64 64
69 69
83 83
89 89
94 94
99 99
96 96
92 92
91 91
85 85
90 90
