0 1 2 12 22 21 20 21 31 42 43 33 24 13 4 5 15 16 17 8 9 18 29 39 38 48 37 27 26 35 45 44 53 64 73 72 71 61 51 61 70 80 81 82 83 84 85 86 76 67 68 77 87 96 107 108 98 89 99 109 118 129 139 149 158 148 137 127 116 106 95 94 104 103 102 101 111 122 123 132 133 124 125 114 105 115 116 127 137 147 146 155 154 153 152 151 141 130 120 130 140 150 161 160 170 181 182 183 184 173 164 165 166 167 176 175 186 187 188 178 189 198 199 198 197 196 186 175 165 154 144 133 123 112 102 91 81 70 60 50 40 30 20 10 0
100
2 2
12 12
22 22
21 21
20 20
31 31
42 42
43 43
33 33
24 24
4 4
5 5
15 15
16 16
17 17
8 8
9 9
18 18
29 29
39 39
48 48
37 37
26 26
45 45
53 53
64 64
73 73
72 72
71 71
61 61
51 51
70 70
80 80
81 81
82 82
83 83
86 86
76 76
67 67
68 68
77 77
87 87
96 96
107 107
108 108
98 98
89 89
99 99
118 118
129 129
139 139
149 149
158 158
127 127
116 116
95 95
94 94
104 104
103 103
102 102
101 101
111 111
122 122
123 123
132 132
133 133
125 125
114 114
105 105
147 147
146 146
155 155
154 154
153 153
152 152
151 151
130 130
120 120
140 140
150 150
161 161
160 160
181 181
182 182
183 183
184 184
164 164
165 165
166 166
167 167
176 176
175 175
186 186
187 187
188 188
178 178
189 189
198 198
199 199
196 196
