0 4 82 42 18 65 69 31 57 10 30 23 28 97 93 7 32 1 99 43 20 95 70 13 92 74 22 37 34 58 80 6 9 25 98 59 73 5 90 64 45 83 47 35 76 68 60 50 44 49 3 26 78 16 15 39 17 29 75 71 81 41 61 54 67 56 12 94 96 91 84 21 53 89 2 27 36 51 72 62 55 63 19 24 38 33 14 52 77 8 85 66 40 46 88 48 11 86 87 79 0
100
0 0
4 4
82 82
42 42
18 18
65 65
69 69
31 31
57 57
10 10
30 30
23 23
28 28
97 97
93 93
7 7
32 32
1 1
99 99
43 43
20 20
95 95
70 70
13 13
92 92
74 74
22 22
37 37
34 34
58 58
80 80
6 6
9 9
25 25
98 98
59 59
73 73
5 5
90 90
64 64
45 45
83 83
47 47
35 35
76 76
68 68
60 60
50 50
44 44
49 49
3 3
26 26
78 78
16 16
15 15
39 39
17 17
29 29
75 75
71 71
81 81
41 41
61 61
54 54
67 67
56 56
12 12
94 94
96 96
91 91
84 84
21 21
53 53
89 89
2 2
27 27
36 36
51 51
72 72
62 62
55 55
63 63
19 19
24 24
38 38
33 33
14 14
52 52
77 77
8 8
85 85
66 66
40 40
46 46
88 88
48 48
11 11
86 86
87 87
79 79
