BU HF CA CY FP AF AO DX CV GT DS BA CR BN CK FD BH BM HI HG HI BW CD EG HC CI CS AD GO AD FW DE FY DE AQ CX EQ AR CQ DT FC DZ GH FS EC AP DI GA HR DV DH EI BS AV AN BZ FF DU BT FG HM HP GV DM DK GE BQ FL FU EO GP DD FR ES CO AX EH AM GK EK GQ HO CM AT GM BE HJ DP DQ HH EV BF BY AH FI GS FI BK AE EL AE CE GN CE CZ EN FN CW GY BG DJ CB ER HA ET EY DR AY FB CT DL BU
100
BU BU
HF HF
CA CA
CY CY
FP FP
AF AF
DX DX
CV CV
GT GT
DS DS
BA BA
CR CR
BN BN
CK CK
FD FD
BH BH
BM BM
HG HG
BW BW
CD CD
EG EG
HC HC
CI CI
CS CS
GO GO
FW FW
DE DE
FY FY
AQ AQ
CX CX
EQ EQ
AR AR
CQ CQ
DT DT
DZ DZ
GH GH
FS FS
EC EC
AP AP
DI DI
GA GA
DV DV
AV AV
AN AN
BZ BZ
FF FF
DU DU
FG FG
HM HM
HP HP
DM DM
DK DK
GE GE
BQ BQ
FL FL
FU FU
EO EO
GP GP
DD DD
FR FR
ES ES
CO CO
AX AX
EH EH
GK GK
EK EK
GQ GQ
CM CM
AT AT
GM GM
BE BE
HJ HJ
DP DP
DQ DQ
HH HH
EV EV
BF BF
BY BY
FI FI
GS GS
BK BK
AE AE
EL EL
GN GN
CZ CZ
EN EN
FN FN
CW CW
GY GY
BG BG
DJ DJ
ER ER
HA HA
ET ET
EY EY
DR DR
AY AY
FB FB
CT CT
DL DL
