Qatar Australia RussianFederation Tanzania Senegal Mozambique Georgia Belarus Danzig Morocco Angola GuineaBissau Burundi SanMarino Belgium Singapore SaintLucia Estonia Netherlands America Tunisia SierraLeone Andorra France Albania Nicaragua Uzbekistan Montenegro Macedonia Gabon UAE Lebanon Liberia Kosovo CostaRica Sweden Haiti Egypt DemofChina Kyrgyzstan Malta Guyana Tuvalu VaticanCity CzechRepublic UnitedKingdom Kyrgyzstan Armenia Mongolia Peru Mali Tajikistan Qatar
50
Australia Australia
RussianFederation RussianFederation
Tanzania Tanzania
Senegal Senegal
Mozambique Mozambique
Georgia Georgia
Belarus Belarus
Danzig Danzig
Morocco Morocco
Angola Angola
GuineaBissau GuineaBissau
Burundi Burundi
SanMarino SanMarino
Belgium Belgium
Singapore Singapore
SaintLucia SaintLucia
Estonia Estonia
Netherlands Netherlands
America America
Tunisia Tunisia
SierraLeone SierraLeone
Andorra Andorra
France France
Albania Albania
Nicaragua Nicaragua
Uzbekistan Uzbekistan
Montenegro Montenegro
Macedonia Macedonia
Gabon Gabon
UAE UAE
Lebanon Lebanon
Liberia Liberia
Kosovo Kosovo
CostaRica CostaRica
Sweden Sweden
Haiti Haiti
Egypt Egypt
DemofChina DemofChina
Kyrgyzstan Kyrgyzstan
Malta Malta
Guyana Guyana
Tuvalu Tuvalu
VaticanCity VaticanCity
CzechRepublic CzechRepublic
UnitedKingdom UnitedKingdom
Armenia Armenia
Mongolia Mongolia
Peru Peru
Mali Mali
Tajikistan Tajikistan
