Albania Comoros Ethiopia Fiji Pakistan Rwanda Qatar VaticanCity Panama CapeVerde Mauritania Mauritius Norway RussianFederation EquatorGuinea NorthKorea UAE SriLanka IvoryCoast Thailand Kiribati Eritrea BosHerzegovina Guatemala Peru Kosovo Newfoundland Yemen America SierraLeone SolomonIslands Chile Maldives Danzig Dominica CentralAfricanRep Bhutan Seychelles Greece Suriname Ukraine Portugal Tanzania Poland PapuaNewGuinea Algeria Serbia Mongolia Slovenia UnitedKingdom SaudiArabia NewZealand Jamaica Switzerland Grenada Japan Belarus Hungary Andorra Lesotho Malaysia Mali Cambodia Brazil Laos Australia Nepal SaintKitts Philippines TheGambia Italy Cuba Lithuania Kazakhstan Argentina Rome Togo Niger Cyprus Bahamas Bulgaria Tunisia Djibouti SaoTomPrincipe Liechtenstein Germany France Estonia Latvia Luxembourg Israel Romania Finland Burma Venezuela SaintLucia MountAthos Burkina Paraguay Vanuatu Gabon Albania
100
Comoros Comoros
Ethiopia Ethiopia
Fiji Fiji
Pakistan Pakistan
Rwanda Rwanda
Qatar Qatar
VaticanCity VaticanCity
Panama Panama
CapeVerde CapeVerde
Mauritania Mauritania
Mauritius Mauritius
Norway Norway
RussianFederation RussianFederation
EquatorGuinea EquatorGuinea
NorthKorea NorthKorea
UAE UAE
SriLanka SriLanka
IvoryCoast IvoryCoast
Thailand Thailand
Kiribati Kiribati
Eritrea Eritrea
BosHerzegovina BosHerzegovina
Guatemala Guatemala
Peru Peru
Kosovo Kosovo
Newfoundland Newfoundland
Yemen Yemen
America America
SierraLeone SierraLeone
SolomonIslands SolomonIslands
Chile Chile
Maldives Maldives
Danzig Danzig
Dominica Dominica
CentralAfricanRep CentralAfricanRep
Bhutan Bhutan
Seychelles Seychelles
Greece Greece
Suriname Suriname
Ukraine Ukraine
Portugal Portugal
Tanzania Tanzania
Poland Poland
PapuaNewGuinea PapuaNewGuinea
Algeria Algeria
Serbia Serbia
Mongolia Mongolia
Slovenia Slovenia
UnitedKingdom UnitedKingdom
SaudiArabia SaudiArabia
NewZealand NewZealand
Jamaica Jamaica
Switzerland Switzerland
Grenada Grenada
Japan Japan
Belarus Belarus
Hungary Hungary
Andorra Andorra
Lesotho Lesotho
Malaysia Malaysia
Mali Mali
Cambodia Cambodia
Brazil Brazil
Laos Laos
Australia Australia
Nepal Nepal
SaintKitts SaintKitts
Philippines Philippines
TheGambia TheGambia
Italy Italy
Cuba Cuba
Lithuania Lithuania
Kazakhstan Kazakhstan
Argentina Argentina
Rome Rome
Togo Togo
Niger Niger
Cyprus Cyprus
Bahamas Bahamas
Bulgaria Bulgaria
Tunisia Tunisia
Djibouti Djibouti
SaoTomPrincipe SaoTomPrincipe
Liechtenstein Liechtenstein
Germany Germany
France France
Estonia Estonia
Latvia Latvia
Luxembourg Luxembourg
Israel Israel
Romania Romania
Finland Finland
Burma Burma
Venezuela Venezuela
SaintLucia SaintLucia
MountAthos MountAthos
Burkina Burkina
Paraguay Paraguay
Vanuatu Vanuatu
Gabon Gabon
