Nepal Georgia Tanzania Palau Niger Serbia SouthAfrica Botswana Fiji Vietnam Afghanistan Suriname Estonia UAE MarshallIslands TheGambia VaticanCity SaintLucia Panama Mauritius Kuwait Tajikistan Slovakia NewZealand Azerbaijan Belarus Liechtenstein Argentina Nepal
25
Georgia Georgia
Tanzania Tanzania
Palau Palau
Niger Niger
Serbia Serbia
Botswana Botswana
Fiji Fiji
Vietnam Vietnam
Afghanistan Afghanistan
Suriname Suriname
Estonia Estonia
UAE UAE
MarshallIslands MarshallIslands
VaticanCity VaticanCity
SaintLucia SaintLucia
Panama Panama
Mauritius Mauritius
Kuwait Kuwait
Tajikistan Tajikistan
Slovakia Slovakia
NewZealand NewZealand
Azerbaijan Azerbaijan
Belarus Belarus
Liechtenstein Liechtenstein
Argentina Argentina
