Mf966TmCJF9l0PTKetVd tH0lbMmdJDVlC4Pr7uAb OyOgefgJfgx6VwEfudZn mGfIqoDGGajPXw9RvY8S iRg3oRlKsAtLuOm5tUrC bLojQFXmB5k6r0zKTWYe 4mRiy2s23Ljl4N4CqEav N7mkTpLI9Mgh0txBOflw R87rV3jFUvYuE0RN4Z4a 4mdSIFCsq2HySOzm2H4M km12BN3CByUGmRV2tX7b ZPAxEbVjKWTr0cDqLbA0 byF5FvS6RJUrgCsP3o6T Yw0z9L8p6xIk7hgYCgVd VaRx19QfIOvUT5pZyulj a6uUA0TEdnZwD1b73O9r 7ArLVA3N0doHBQAlCDtl KCy3uvDFe4h3kwRgxFiX sSdPSXUotKahf03SRnBn QMmklR1fA1rnjMsU1WMc KKiBHd9DTQAd6AZYxlK3 Ad4iMaOuAofXNjJzNKWl TBEGhhvsdStRJh2Eqkyf Q4jkxyPtGKis0eXik3Gg AjMqEYKq0eELwsiEhQNE cAkwFDH7tSQkP40ewGcD CHHJQHxp9VQGraviPBS2 acwLCbshqBQuYbTzAPRI GfTqQpqjWivAFXbCN2BL QZIvvAQe1weWyQjLrGi1 CLNCAWQgYnzuvt7RChAf BLgd9OLqnPIJY5LCIxDK zDq8bGYKiSYw3c53IWfw W1IcDWCQWwTCriXsjtm4 y3cL4LyhfEAlU1Jj1Xj6 1crXui4lUlMG7IuTFiXo CxdADQl1Lh5mGQMAravk ydEppVwK15UN0USyP00U IwnN6xRahpjWnxZTYR2F 7c4FoaFf1TJetsLZUEok XfWllIgv9lA6ZwGuKvLt BCVfaQnOCgLubJ23r8nF czjPVxJvSz9DoMc0Y7Vv RrBlUMzlEzdRa5S1pyiF BcvYB1mubFuRTbgMUsXg PLyQF48YPXs4LxxIxWHM lrLgTYF7nIsDkEYlxuHz S0PhmGw8tyUPzxvRSE5R 2bMCdMiNzTpm8a2kNe9G kVdbGuYm0jD2q8vsLFHY eA2uctxdjBuXDZUrmUHy JWE9kJZ3fUSBbRtkVScl YrtjNlKZcZnAXu7owFPA WZxeHszJ2ShfYgJs53YV Xucw5TdPOzp0SQGWHjkE Crbc9OlCoJ9dTIJXXsjb JfzkldRR1w0Y52KBg47D wtlCpdxHbUUmSY7DnD2u 3Yod5nNtIcKNmTtNQ3xH Y5ZKsuPbCDUQp5LjPNey 5ebtvAsyAh8vEmm1Z3wm wyZ3Q4gHyaxpdYdezyjU pxBA1Tii62WPeRWcccVp NvfSRypj4POoHWC3jDz3 WQlZty1AKP9gLfjz0EYW u4VGAkqq00Jhej3knMJI 1wZce3qjltyIzzlL1Zfw bBJ5TDHtVrSIxXmQJ63J fsCdklolnC3ndvzFtyM3 56ePYTmTGzdOHfvnLEPd VqBuOSJBVqxMG4rldwQn HKK5Jm9eHd0V7gvBWuw9 ZDA7k1XMUYTsnmCfuUtR wNmo9den9k6ySqzO7o0M aH2XDl7CjGFhEP3bbYjH NtZncVsU7O40k1BXousH aU4DeG46NC8vRU6N0ahg kGhQ3uDjcFA7MLP7UF4W TkZ4LHIfwKap48xdp8m2 0O3lDJvzYSiuZNzHimQX OGxA8YvD4WfIxOfmtWm4 jAzyDyaN1mD5Ei1RjCiO 4CVQrsejmjPmVL7elf2w 1aGCWVuyE8DRxIV204ZW JfWSVxbK8iOEPzK7FV9x TmdW4dU59umpgT9XX8G3 p6bp9pYgtaGo4Q50DQAM Hpniux0SkkA6CliHWNDc rzYdrZxXnbXlOjFVWVaR flliQzyn5hSC8yLOMyYJ trOoQ3enuOI8GUJqwAMC GzkbHop7cJv0CvjQalTE b2icxuMf1zEyF7ImMEzE Ic20PkDM6xxefUTvJEIQ ul7ierPjffkmvfh4Ylme HhITLZSwERe6osGRUBXt e2usEAoRX2qu6mneHOxg SQhK0n9L9aixdJxvdeKd UvtGaTsTes8Gs4gE8ya3 jZUUy27kZ3z2uIv0PGPy dOWv4G57nxm9UArCvQlq Mf966TmCJF9l0PTKetVd
100
tH0lbMmdJDVlC4Pr7uAb tH0lbMmdJDVlC4Pr7uAb
OyOgefgJfgx6VwEfudZn OyOgefgJfgx6VwEfudZn
mGfIqoDGGajPXw9RvY8S mGfIqoDGGajPXw9RvY8S
iRg3oRlKsAtLuOm5tUrC iRg3oRlKsAtLuOm5tUrC
bLojQFXmB5k6r0zKTWYe bLojQFXmB5k6r0zKTWYe
4mRiy2s23Ljl4N4CqEav 4mRiy2s23Ljl4N4CqEav
N7mkTpLI9Mgh0txBOflw N7mkTpLI9Mgh0txBOflw
R87rV3jFUvYuE0RN4Z4a R87rV3jFUvYuE0RN4Z4a
4mdSIFCsq2HySOzm2H4M 4mdSIFCsq2HySOzm2H4M
km12BN3CByUGmRV2tX7b km12BN3CByUGmRV2tX7b
ZPAxEbVjKWTr0cDqLbA0 ZPAxEbVjKWTr0cDqLbA0
byF5FvS6RJUrgCsP3o6T byF5FvS6RJUrgCsP3o6T
Yw0z9L8p6xIk7hgYCgVd Yw0z9L8p6xIk7hgYCgVd
VaRx19QfIOvUT5pZyulj VaRx19QfIOvUT5pZyulj
a6uUA0TEdnZwD1b73O9r a6uUA0TEdnZwD1b73O9r
7ArLVA3N0doHBQAlCDtl 7ArLVA3N0doHBQAlCDtl
KCy3uvDFe4h3kwRgxFiX KCy3uvDFe4h3kwRgxFiX
sSdPSXUotKahf03SRnBn sSdPSXUotKahf03SRnBn
QMmklR1fA1rnjMsU1WMc QMmklR1fA1rnjMsU1WMc
KKiBHd9DTQAd6AZYxlK3 KKiBHd9DTQAd6AZYxlK3
Ad4iMaOuAofXNjJzNKWl Ad4iMaOuAofXNjJzNKWl
TBEGhhvsdStRJh2Eqkyf TBEGhhvsdStRJh2Eqkyf
Q4jkxyPtGKis0eXik3Gg Q4jkxyPtGKis0eXik3Gg
AjMqEYKq0eELwsiEhQNE AjMqEYKq0eELwsiEhQNE
cAkwFDH7tSQkP40ewGcD cAkwFDH7tSQkP40ewGcD
CHHJQHxp9VQGraviPBS2 CHHJQHxp9VQGraviPBS2
acwLCbshqBQuYbTzAPRI acwLCbshqBQuYbTzAPRI
GfTqQpqjWivAFXbCN2BL GfTqQpqjWivAFXbCN2BL
QZIvvAQe1weWyQjLrGi1 QZIvvAQe1weWyQjLrGi1
CLNCAWQgYnzuvt7RChAf CLNCAWQgYnzuvt7RChAf
BLgd9OLqnPIJY5LCIxDK BLgd9OLqnPIJY5LCIxDK
zDq8bGYKiSYw3c53IWfw zDq8bGYKiSYw3c53IWfw
W1IcDWCQWwTCriXsjtm4 W1IcDWCQWwTCriXsjtm4
y3cL4LyhfEAlU1Jj1Xj6 y3cL4LyhfEAlU1Jj1Xj6
1crXui4lUlMG7IuTFiXo 1crXui4lUlMG7IuTFiXo
CxdADQl1Lh5mGQMAravk CxdADQl1Lh5mGQMAravk
ydEppVwK15UN0USyP00U ydEppVwK15UN0USyP00U
IwnN6xRahpjWnxZTYR2F IwnN6xRahpjWnxZTYR2F
7c4FoaFf1TJetsLZUEok 7c4FoaFf1TJetsLZUEok
XfWllIgv9lA6ZwGuKvLt XfWllIgv9lA6ZwGuKvLt
BCVfaQnOCgLubJ23r8nF BCVfaQnOCgLubJ23r8nF
czjPVxJvSz9DoMc0Y7Vv czjPVxJvSz9DoMc0Y7Vv
RrBlUMzlEzdRa5S1pyiF RrBlUMzlEzdRa5S1pyiF
BcvYB1mubFuRTbgMUsXg BcvYB1mubFuRTbgMUsXg
PLyQF48YPXs4LxxIxWHM PLyQF48YPXs4LxxIxWHM
lrLgTYF7nIsDkEYlxuHz lrLgTYF7nIsDkEYlxuHz
S0PhmGw8tyUPzxvRSE5R S0PhmGw8tyUPzxvRSE5R
2bMCdMiNzTpm8a2kNe9G 2bMCdMiNzTpm8a2kNe9G
kVdbGuYm0jD2q8vsLFHY kVdbGuYm0jD2q8vsLFHY
eA2uctxdjBuXDZUrmUHy eA2uctxdjBuXDZUrmUHy
JWE9kJZ3fUSBbRtkVScl JWE9kJZ3fUSBbRtkVScl
YrtjNlKZcZnAXu7owFPA YrtjNlKZcZnAXu7owFPA
WZxeHszJ2ShfYgJs53YV WZxeHszJ2ShfYgJs53YV
Xucw5TdPOzp0SQGWHjkE Xucw5TdPOzp0SQGWHjkE
Crbc9OlCoJ9dTIJXXsjb Crbc9OlCoJ9dTIJXXsjb
JfzkldRR1w0Y52KBg47D JfzkldRR1w0Y52KBg47D
wtlCpdxHbUUmSY7DnD2u wtlCpdxHbUUmSY7DnD2u
3Yod5nNtIcKNmTtNQ3xH 3Yod5nNtIcKNmTtNQ3xH
Y5ZKsuPbCDUQp5LjPNey Y5ZKsuPbCDUQp5LjPNey
5ebtvAsyAh8vEmm1Z3wm 5ebtvAsyAh8vEmm1Z3wm
wyZ3Q4gHyaxpdYdezyjU wyZ3Q4gHyaxpdYdezyjU
pxBA1Tii62WPeRWcccVp pxBA1Tii62WPeRWcccVp
NvfSRypj4POoHWC3jDz3 NvfSRypj4POoHWC3jDz3
WQlZty1AKP9gLfjz0EYW WQlZty1AKP9gLfjz0EYW
u4VGAkqq00Jhej3knMJI u4VGAkqq00Jhej3knMJI
1wZce3qjltyIzzlL1Zfw 1wZce3qjltyIzzlL1Zfw
bBJ5TDHtVrSIxXmQJ63J bBJ5TDHtVrSIxXmQJ63J
fsCdklolnC3ndvzFtyM3 fsCdklolnC3ndvzFtyM3
56ePYTmTGzdOHfvnLEPd 56ePYTmTGzdOHfvnLEPd
VqBuOSJBVqxMG4rldwQn VqBuOSJBVqxMG4rldwQn
HKK5Jm9eHd0V7gvBWuw9 HKK5Jm9eHd0V7gvBWuw9
ZDA7k1XMUYTsnmCfuUtR ZDA7k1XMUYTsnmCfuUtR
wNmo9den9k6ySqzO7o0M wNmo9den9k6ySqzO7o0M
aH2XDl7CjGFhEP3bbYjH aH2XDl7CjGFhEP3bbYjH
NtZncVsU7O40k1BXousH NtZncVsU7O40k1BXousH
aU4DeG46NC8vRU6N0ahg aU4DeG46NC8vRU6N0ahg
kGhQ3uDjcFA7MLP7UF4W kGhQ3uDjcFA7MLP7UF4W
TkZ4LHIfwKap48xdp8m2 TkZ4LHIfwKap48xdp8m2
0O3lDJvzYSiuZNzHimQX 0O3lDJvzYSiuZNzHimQX
OGxA8YvD4WfIxOfmtWm4 OGxA8YvD4WfIxOfmtWm4
jAzyDyaN1mD5Ei1RjCiO jAzyDyaN1mD5Ei1RjCiO
4CVQrsejmjPmVL7elf2w 4CVQrsejmjPmVL7elf2w
1aGCWVuyE8DRxIV204ZW 1aGCWVuyE8DRxIV204ZW
JfWSVxbK8iOEPzK7FV9x JfWSVxbK8iOEPzK7FV9x
TmdW4dU59umpgT9XX8G3 TmdW4dU59umpgT9XX8G3
p6bp9pYgtaGo4Q50DQAM p6bp9pYgtaGo4Q50DQAM
Hpniux0SkkA6CliHWNDc Hpniux0SkkA6CliHWNDc
rzYdrZxXnbXlOjFVWVaR rzYdrZxXnbXlOjFVWVaR
flliQzyn5hSC8yLOMyYJ flliQzyn5hSC8yLOMyYJ
trOoQ3enuOI8GUJqwAMC trOoQ3enuOI8GUJqwAMC
GzkbHop7cJv0CvjQalTE GzkbHop7cJv0CvjQalTE
b2icxuMf1zEyF7ImMEzE b2icxuMf1zEyF7ImMEzE
Ic20PkDM6xxefUTvJEIQ Ic20PkDM6xxefUTvJEIQ
ul7ierPjffkmvfh4Ylme ul7ierPjffkmvfh4Ylme
HhITLZSwERe6osGRUBXt HhITLZSwERe6osGRUBXt
e2usEAoRX2qu6mneHOxg e2usEAoRX2qu6mneHOxg
SQhK0n9L9aixdJxvdeKd SQhK0n9L9aixdJxvdeKd
UvtGaTsTes8Gs4gE8ya3 UvtGaTsTes8Gs4gE8ya3
jZUUy27kZ3z2uIv0PGPy jZUUy27kZ3z2uIv0PGPy
dOWv4G57nxm9UArCvQlq dOWv4G57nxm9UArCvQlq
