55 57 182 101 173 177 162 177 45 151 12 84 16 4 71 189 111 137 83 33 186 159 59 119 152 30 126 164 27 170 160 136 124 105 81 118 14 36 14 17 168 11 161 20 131 89 149 89 185 80 86 188 171 180 85 56 90 146 181 147 26 88 66 43 140 58 166 133 10 163 184 153 78 153 157 107 74 143 77 41 49 150 32 134 116 76 67 114 28 172 9 44 8 53 127 54 127 148 175 109 97 40 42 62 179 122 61 13 15 135 15 113 29 158 106 63 48 115 21 91 55
96
57 57
182 182
101 101
173 173
177 177
162 162
45 45
151 151
12 12
16 16
71 71
189 189
111 111
137 137
83 83
33 33
186 186
159 159
59 59
119 119
152 152
30 30
126 126
27 27
170 170
160 160
105 105
81 81
118 118
36 36
17 17
168 168
11 11
20 20
131 131
149 149
185 185
80 80
86 86
188 188
171 171
85 85
56 56
90 90
146 146
181 181
26 26
88 88
66 66
43 43
140 140
58 58
166 166
133 133
163 163
184 184
153 153
78 78
107 107
74 74
77 77
41 41
49 49
150 150
32 32
134 134
116 116
76 76
67 67
114 114
172 172
9 9
8 8
53 53
54 54
148 148
175 175
109 109
97 97
40 40
42 42
62 62
179 179
122 122
61 61
13 13
15 15
135 135
113 113
29 29
158 158
106 106
63 63
48 48
115 115
91 91
