Shoreburn Snowshore Wellbank Valhaven Starryhill Ostwynne Seamoor Butterway Silverlea Esterfall Rosegate Orbarrow Butterbush Fogland Wildemarsh Erilyn Redwell Flowermill Wellmage Freyview Irondeer Newby Summermage Mistshore Dellwyn Stoneglass Newmill Ironriver Ironshore Silverwitch Mallowbridge Lightmere Goldcrest Stonefair Brightrock Buttermead Courtedge Coldville Windbridge Fairsage Strongfall Redlake Bluelake Southwheat Highmont Foxhaven Northwynne Freymere Fairice Esterash Bluedale Orfort Oakmere Greensummer Corbank Bluedell Greenshore Southpine Goldwyvern Snowsage Greyice Mallowness Wooddell Oldmoor Verthedge Northriver Foxvale Eriwall Wolflea Deephedge Clearland Morwald Westmill Applecastle Violetfay Morwall Icenesse Rosemill Flowerfield Courtwall Janholt Marbleiron Westvale Silverbarrow Courtcastle Eastcastle Woodice Mallowway Butterhill Lochmage Newley Brightmere Fieldedge Blackbush Clearnesse Bushgate Westerlight Bluewyn Violetley Springfox Shoreburn
100
Shoreburn Shoreburn
Snowshore Snowshore
Wellbank Wellbank
Valhaven Valhaven
Starryhill Starryhill
Ostwynne Ostwynne
Seamoor Seamoor
Butterway Butterway
Silverlea Silverlea
Esterfall Esterfall
Rosegate Rosegate
Orbarrow Orbarrow
Butterbush Butterbush
Fogland Fogland
Wildemarsh Wildemarsh
Erilyn Erilyn
Redwell Redwell
Flowermill Flowermill
Wellmage Wellmage
Freyview Freyview
Irondeer Irondeer
Newby Newby
Summermage Summermage
Mistshore Mistshore
Dellwyn Dellwyn
Stoneglass Stoneglass
Newmill Newmill
Ironriver Ironriver
Ironshore Ironshore
Silverwitch Silverwitch
Mallowbridge Mallowbridge
Lightmere Lightmere
Goldcrest Goldcrest
Stonefair Stonefair
Brightrock Brightrock
Buttermead Buttermead
Courtedge Courtedge
Coldville Coldville
Windbridge Windbridge
Fairsage Fairsage
Strongfall Strongfall
Redlake Redlake
Bluelake Bluelake
Southwheat Southwheat
Highmont Highmont
Foxhaven Foxhaven
Northwynne Northwynne
Freymere Freymere
Fairice Fairice
Esterash Esterash
Bluedale Bluedale
Orfort Orfort
Oakmere Oakmere
Greensummer Greensummer
Corbank Corbank
Bluedell Bluedell
Greenshore Greenshore
Southpine Southpine
Goldwyvern Goldwyvern
Snowsage Snowsage
Greyice Greyice
Mallowness Mallowness
Wooddell Wooddell
Oldmoor Oldmoor
Verthedge Verthedge
Northriver Northriver
Foxvale Foxvale
Eriwall Eriwall
Wolflea Wolflea
Deephedge Deephedge
Clearland Clearland
Morwald Morwald
Westmill Westmill
Applecastle Applecastle
Violetfay Violetfay
Morwall Morwall
Icenesse Icenesse
Rosemill Rosemill
Flowerfield Flowerfield
Courtwall Courtwall
Janholt Janholt
Marbleiron Marbleiron
Westvale Westvale
Silverbarrow Silverbarrow
Courtcastle Courtcastle
Eastcastle Eastcastle
Woodice Woodice
Mallowway Mallowway
Butterhill Butterhill
Lochmage Lochmage
Newley Newley
Brightmere Brightmere
Fieldedge Fieldedge
Blackbush Blackbush
Clearnesse Clearnesse
Bushgate Bushgate
Westerlight Westerlight
Bluewyn Bluewyn
Violetley Violetley
Springfox Springfox
