33 51 22 35 92 35 80 32 97 14 98 19 79 69 80 54 80 14 69 35 89 36 63 9 14 11 14 43 20 67 35 63 67 50 14 99 11 98 5 69 49 7 82 83 98 50 14 21 71 53 36 79 37 38 69 60 22 31 16 66 60 31 16 94 14 63 66 27 79 19 50 88 69 34 30 54 57 67 60 31 22 2 47 94 25 29 40 82 7 35 5 26 75 13 42 15 20 100 80 9 10 68 48 65 52 61 89 97 8 12 63 17 23 95 11 64 86 33
50
51 51
22 22
35 35
80 80
97 97
19 19
79 79
69 69
54 54
89 89
63 63
9 9
11 11
20 20
67 67
50 50
5 5
7 7
82 82
60 60
31 31
94 94
88 88
34 34
30 30
57 57
2 2
47 47
25 25
29 29
40 40
26 26
75 75
13 13
42 42
15 15
100 100
10 10
68 68
48 48
65 65
52 52
61 61
8 8
12 12
17 17
23 23
95 95
64 64
86 86
