lllIl1I I11111l II11l1l lIl111I lIllIll lll1I1l I11I11l l1l1l1l llIIII1 I111I1I lI11III IlI1II1 Ill1I11 III111I lI11III Il1Il1I IIlIllI 1l11lII 11lI11I lII111l I1Ill1I I1llII1 1I1lllI 1IlIl1I l1lllll I1ll1II l1IllI1 1llI111 l1IllI1 lll1111 l1lll11 l1Ill11 l1lll11 lll1111 1lIl11I l1I111I 1I1I1lI l1l11l1 1111I11 111lI1I llI1lII IlIIIIl III1llI lIIl11l IIlI1lI II1Il1I 1I1I1l1 ll111ll I11I111 IlI1Il1 l1IIl1l 1I1l1Il 11111lI lI1l111 1I11Ill 1l1lIlI Ill11II I1llll1 IIl1l1I II11l1l lIIlII1 11IIII1 lllIl1I
50
I11111l I11111l
II11l1l II11l1l
lIl111I lIl111I
lIllIll lIllIll
lll1I1l lll1I1l
I11I11l I11I11l
llIIII1 llIIII1
I111I1I I111I1I
lI11III lI11III
IlI1II1 IlI1II1
Ill1I11 Ill1I11
III111I III111I
Il1Il1I Il1Il1I
IIlIllI IIlIllI
1l11lII 1l11lII
11lI11I 11lI11I
lII111l lII111l
I1llII1 I1llII1
1I1lllI 1I1lllI
1IlIl1I 1IlIl1I
l1lllll l1lllll
I1ll1II I1ll1II
l1IllI1 l1IllI1
1llI111 1llI111
l1lll11 l1lll11
l1Ill11 l1Ill11
1lIl11I 1lIl11I
l1I111I l1I111I
1I1I1lI 1I1I1lI
l1l11l1 l1l11l1
111lI1I 111lI1I
llI1lII llI1lII
III1llI III1llI
lIIl11l lIIl11l
II1Il1I II1Il1I
1I1I1l1 1I1I1l1
ll111ll ll111ll
I11I111 I11I111
IlI1Il1 IlI1Il1
l1IIl1l l1IIl1l
1I1l1Il 1I1l1Il
11111lI 11111lI
lI1l111 lI1l111
1I11Ill 1I11Ill
1l1lIlI 1l1lIlI
Ill11II Ill11II
I1llll1 I1llll1
IIl1l1I IIl1l1I
lIIlII1 lIIlII1
11IIII1 11IIII1
