AyBBdkPvTTt19wqt c2m39UUoMb Le6BO3R nOMN589D7t0QjhnBj3wn MEv16358FQ CDuc4XdY7zp yd7324WTF Q2PY 9jWI53P36dh95 AcC1Sh8w37Px0m jxDm 7d2Q05crlPi 5tQKcAo3 Ru0A1pKIpZYWG NQThb6mm4a 2P201UD8Q 4B5uWNh7Dl3lRP jxDm o 1utCvCS3yEzt0HBbKt 1MHxxU rcnFY8496Nr2v81Ax oex2A06Dl lP84Whn q7Ehaiz l 8w6aRuq r9qUrqog71Fz9gx LK1h2AhdhXWb7Czrr LK1h2AhdhXWb7Czrr 1MHxxU EL5n1KQ3kn ywj3aNhyxUH RYtkT5 98E9ia5 2P201UD8Q Rf0x16WtfDv 2mk9O8P6 Fe5xMwq0a8 8kQ991Y80Dy nOMN589D7t0QjhnBj3wn 0 Fe5xMwq0a8 1MHxxU 7DmqFE ymzG1qC7YsJFFmeog MnF3RrhkA5IuhY MEv16358FQ b817BTo6GdPc96ig2 AcC1Sh8w37Px0m dQnWD4K3Y E76twn5gNBei01uh2PkH 9fo1FxSJvnO 2P201UD8Q c2m39UUoMb b6DdFnSk8qdk45 j Iqcp2LHc0iz446x59 NQThb6mm4a Fe5xMwq0a8 4B5uWNh7Dl3lRP d w6Z Q s8xx0T2h nOMN589D7t0QjhnBj3wn QyqY4vHYw8HuZ1xqo WMKy4XnjMCqO 0 P d2A2ZPVl61Vtm2kT P 0b EL5n1KQ3kn d2A2ZPVl61Vtm2kT zM5l4u83ERoh6lnR78 zM5l4u83ERoh6lnR78 x60I798qq0Sq6Xdc9s0 4932 Ls7i6h3d558LQMh6h Q2PY jxDm MEv16358FQ tbwtQej iFF184 MjwmiyLlZn 0IBy7AQ154pMIDBr2E Ut7hqt9A I4640OD 8kQ991Y80Dy DqfU93360y3I66U0 Le6BO3R Iqcp2LHc0iz446x59 Iqcp2LHc0iz446x59 thypPB22BchO3Od9 Fe5xMwq0a8 NU7gnWcAs4nq66FS PdNbuD3b97N264 9Ge7Sge1bnha0Jm Sr 9q06155efQSN rcnFY8496Nr2v81Ax q7Ehaiz 5nYY46YfUGovj 0Lw86e Nstvw8dF9rhja nOMN589D7t0QjhnBj3wn 5nYY46YfUGovj q7Ehaiz oex2A06Dl 5nYY46YfUGovj nOMN589D7t0QjhnBj3wn Nstvw8dF9rhja lP84Whn Ja 1MHxxU Ls7i6h3d558LQMh6h 89ukpivGhdck21Krrh40 98E9ia5 2qbTYSv3J IEtn6zEV03H3 pwvBbQ870l3Io2K dQnWD4K3Y JbMQX8p9 1CYyNxk8m7fToc6XLW7T nw566uv r9qUrqog71Fz9gx 0Lw86e 5nYY46YfUGovj Q2PY P 1MHxxU wUtvmN9V14Vw0fcE01F b817BTo6GdPc96ig2 Le6BO3R lP84Whn Nstvw8dF9rhja Q2PY wC12hFFKGF 36Y155M7F1ZG8 JbMQX8p9 b5a4h 2qbTYSv3J EL5n1KQ3kn Q2PY RYtkT5 Fe5xMwq0a8 MEv16358FQ yd7324WTF MEv16358FQ Fe5xMwq0a8 2P201UD8Q Ut7hqt9A EL5n1KQ3kn Q2PY iFF184 pwvBbQ870l3Io2K 2P201UD8Q Nstvw8dF9rhja nOMN589D7t0QjhnBj3wn Nstvw8dF9rhja 2P201UD8Q Fe5xMwq0a8 7xf20x1m1od50iPHUtr Ut7hqt9A Nstvw8dF9rhja nOMN589D7t0QjhnBj3wn MnF3RrhkA5IuhY 336P8 Q Nstvw8dF9rhja 2P201UD8Q Fe5xMwq0a8 ymzG1qC7YsJFFmeog 5tQKcAo3 7DmqFE Fe5xMwq0a8 2P201UD8Q Nstvw8dF9rhja Fe5xMwq0a8 MnF3RrhkA5IuhY Le6BO3R lP84Whn Nstvw8dF9rhja JbMQX8p9 b5a4h 9bEwQSkRTB ywj3aNhyxUH JbMQX8p9 AcC1Sh8w37Px0m MEv16358FQ w6Z 2P201UD8Q 1MHxxU c2m39UUoMb GXFdnTo0Mk P 1MHxxU d2A2ZPVl61Vtm2kT rcnFY8496Nr2v81Ax nOMN589D7t0QjhnBj3wn Nstvw8dF9rhja e87h FR3SCSFtuk055ORI 2P201UD8Q c3x9Cmq8W5oa57mjASv NQThb6mm4a 8kQ991Y80Dy 0IBy7AQ154pMIDBr2E x60I798qq0Sq6Xdc9s0 J68F52raS3n1L6ZYK 336P8 c2m39UUoMb 2Et5UN6ZJ19iz 2P201UD8Q Nstvw8dF9rhja lP84Whn WD8QxBAx49P 0 7xf20x1m1od50iPHUtr jxDm 6c1qFsEg9xI 2mk9O8P6 Q oyti0PDcb6jz dElaPKehji2fqD9H4h9 Ut7hqt9A EL5n1KQ3kn WMKy4XnjMCqO Q2PY EL5n1KQ3kn Ut7hqt9A 1utCvCS3yEzt0HBbKt 1MHxxU 4932 jxDm QE9dXn5y6j2YYh Q2PY 3 1MHxxU P GXFdnTo0Mk b6DdFnSk8qdk45 6nB9xzJ7b5115Qu5 d2A2ZPVl61Vtm2kT r9qUrqog71Fz9gx IEtn6zEV03H3 0b 1MHxxU d2A2ZPVl61Vtm2kT eZEbm QE9dXn5y6j2YYh P 1MHxxU Ls7i6h3d558LQMh6h s8xx0T2h 6c1qFsEg9xI jxDm thypPB22BchO3Od9 pwvBbQ870l3Io2K IEtn6zEV03H3 r9qUrqog71Fz9gx d5P0NXv8 tbwtQej Ut7hqt9A EL5n1KQ3kn Q2PY P b6DdFnSk8qdk45 9q06155efQSN M40P0vmSkH961FtFpaR bfYVB7M6I5 1utCvCS3yEzt0HBbKt I4640OD 9q06155efQSN 8kQ991Y80Dy nOMN589D7t0QjhnBj3wn Nstvw8dF9rhja lP84Whn Le6BO3R MjwmiyLlZn O7W5C8z8H93l Ru0A1pKIpZYWG A MEv16358FQ yd7324WTF E76twn5gNBei01uh2PkH MEv16358FQ Fe5xMwq0a8 SdP9W8WRSw I4640OD Ja d2A2ZPVl61Vtm2kT 1MHxxU M40P0vmSkH961FtFpaR bfYVB7M6I5 bfYVB7M6I5 M40P0vmSkH961FtFpaR 9q06155efQSN dQnWD4K3Y pwvBbQ870l3Io2K 360B15fOiy1XBl 9Ge7Sge1bnha0Jm o 7d2Q05crlPi QE9dXn5y6j2YYh CDuc4XdY7zp QE9dXn5y6j2YYh Ru0A1pKIpZYWG Fe5xMwq0a8 MEv16358FQ 3WRvw 8w6aRuq s8xx0T2h jxDm KIOJyBXM922ydZA5 7DmqFE 36Y155M7F1ZG8 3 9jWI53P36dh95 Nstvw8dF9rhja 1MHxxU h5 Nstvw8dF9rhja yd7324WTF h5 CDuc4XdY7zp Nstvw8dF9rhja 2P201UD8Q lP84Whn Nstvw8dF9rhja nOMN589D7t0QjhnBj3wn 8tvL5MpO9J735t q 2YlhGrefFhV6JLtw 7d2Q05crlPi A6gMJKsUfUSuEI76 6c1qFsEg9xI vRH6pA1I75N1 jxDm 4932 eZEbm hG8udpL53V L46h8MG90TBpA8v9 I4640OD 1utCvCS3yEzt0HBbKt ywj3aNhyxUH b817BTo6GdPc96ig2 Le6BO3R d MJ2l1N0ojTC PELS5 b6DdFnSk8qdk45 b19692 8Qe2lSUyQa usTG0We6G9WDs7Dk RYtkT5 Q2PY 3 3z4E e1M0JsNJ5 6v326555i1Io5Z I6 o83v2nI1sQs dUdv uF131buM7L27 P JBYT6heC6yE4 1wF6 nw566uv d5P0NXv8 r9qUrqog71Fz9gx IEtn6zEV03H3 pwvBbQ870l3Io2K iFF184 XMV256fk Tk46 9q06155efQSN EnmWLiDA9NE89oNUTbx Han188Ox 9o4t TMULg 2l90gxx61rTb0CbF 6qc68848myvIqoZWw 2T6osNpb4 2Et5UN6ZJ19iz khC 4B5uWNh7Dl3lRP v q7Ehaiz 5nYY46YfUGovj nOMN589D7t0QjhnBj3wn qGr382CkPK997QVHAL 85682ijoufq1DW 920ucA0jXEv TByQ7zH089 L7Mfs3034VwaB7kd3Z MEv16358FQ yd7324WTF aCCE QqvW51K9Cm FR3SCSFtuk055ORI Rf0x16WtfDv 89ukpivGhdck21Krrh40 p772t3OLqj Ut7hqt9A XQxkrBxnI c3x9Cmq8W5oa57mjASv 2P201UD8Q J68F52raS3n1L6ZYK MjwmiyLlZn O7W5C8z8H93l 68ZC6T1G2o9Q95CKs thypPB22BchO3Od9 E76twn5gNBei01uh2PkH NU7gnWcAs4nq66FS kg8257p31rTQvRWjGF SdP9W8WRSw Q P6C89a32 1e90fR0FtB7Ev156y 8w6aRuq 36Y155M7F1ZG8 FKWv88jkw79me T8C17MZ6g69gmQ ymzG1qC7YsJFFmeog 7DmqFE KIOJyBXM922ydZA5 gv3T5z4 659Cx 3505 9jWI53P36dh95 AyBBdkPvTTt19wqt
100
Le6BO3R Le6BO3R
nOMN589D7t0QjhnBj3wn nOMN589D7t0QjhnBj3wn
MEv16358FQ MEv16358FQ
yd7324WTF yd7324WTF
Q2PY Q2PY
9jWI53P36dh95 9jWI53P36dh95
jxDm jxDm
7d2Q05crlPi 7d2Q05crlPi
2P201UD8Q 2P201UD8Q
4B5uWNh7Dl3lRP 4B5uWNh7Dl3lRP
1utCvCS3yEzt0HBbKt 1utCvCS3yEzt0HBbKt
q7Ehaiz q7Ehaiz
8w6aRuq 8w6aRuq
r9qUrqog71Fz9gx r9qUrqog71Fz9gx
ywj3aNhyxUH ywj3aNhyxUH
RYtkT5 RYtkT5
Rf0x16WtfDv Rf0x16WtfDv
7DmqFE 7DmqFE
ymzG1qC7YsJFFmeog ymzG1qC7YsJFFmeog
b817BTo6GdPc96ig2 b817BTo6GdPc96ig2
E76twn5gNBei01uh2PkH E76twn5gNBei01uh2PkH
b6DdFnSk8qdk45 b6DdFnSk8qdk45
d d
Q Q
P P
4932 4932
iFF184 iFF184
MjwmiyLlZn MjwmiyLlZn
Ut7hqt9A Ut7hqt9A
I4640OD I4640OD
thypPB22BchO3Od9 thypPB22BchO3Od9
NU7gnWcAs4nq66FS NU7gnWcAs4nq66FS
9q06155efQSN 9q06155efQSN
5nYY46YfUGovj 5nYY46YfUGovj
89ukpivGhdck21Krrh40 89ukpivGhdck21Krrh40
IEtn6zEV03H3 IEtn6zEV03H3
pwvBbQ870l3Io2K pwvBbQ870l3Io2K
nw566uv nw566uv
36Y155M7F1ZG8 36Y155M7F1ZG8
FR3SCSFtuk055ORI FR3SCSFtuk055ORI
c3x9Cmq8W5oa57mjASv c3x9Cmq8W5oa57mjASv
J68F52raS3n1L6ZYK J68F52raS3n1L6ZYK
2Et5UN6ZJ19iz 2Et5UN6ZJ19iz
6c1qFsEg9xI 6c1qFsEg9xI
3 3
eZEbm eZEbm
d5P0NXv8 d5P0NXv8
O7W5C8z8H93l O7W5C8z8H93l
SdP9W8WRSw SdP9W8WRSw
KIOJyBXM922ydZA5 KIOJyBXM922ydZA5
8tvL5MpO9J735t 8tvL5MpO9J735t
q q
2YlhGrefFhV6JLtw 2YlhGrefFhV6JLtw
A6gMJKsUfUSuEI76 A6gMJKsUfUSuEI76
vRH6pA1I75N1 vRH6pA1I75N1
hG8udpL53V hG8udpL53V
L46h8MG90TBpA8v9 L46h8MG90TBpA8v9
MJ2l1N0ojTC MJ2l1N0ojTC
PELS5 PELS5
b19692 b19692
8Qe2lSUyQa 8Qe2lSUyQa
usTG0We6G9WDs7Dk usTG0We6G9WDs7Dk
3z4E 3z4E
e1M0JsNJ5 e1M0JsNJ5
6v326555i1Io5Z 6v326555i1Io5Z
I6 I6
o83v2nI1sQs o83v2nI1sQs
dUdv dUdv
uF131buM7L27 uF131buM7L27
JBYT6heC6yE4 JBYT6heC6yE4
1wF6 1wF6
XMV256fk XMV256fk
Tk46 Tk46
EnmWLiDA9NE89oNUTbx EnmWLiDA9NE89oNUTbx
Han188Ox Han188Ox
9o4t 9o4t
TMULg TMULg
2l90gxx61rTb0CbF 2l90gxx61rTb0CbF
6qc68848myvIqoZWw 6qc68848myvIqoZWw
2T6osNpb4 2T6osNpb4
khC khC
v v
qGr382CkPK997QVHAL qGr382CkPK997QVHAL
85682ijoufq1DW 85682ijoufq1DW
920ucA0jXEv 920ucA0jXEv
TByQ7zH089 TByQ7zH089
L7Mfs3034VwaB7kd3Z L7Mfs3034VwaB7kd3Z
aCCE aCCE
QqvW51K9Cm QqvW51K9Cm
p772t3OLqj p772t3OLqj
XQxkrBxnI XQxkrBxnI
68ZC6T1G2o9Q95CKs 68ZC6T1G2o9Q95CKs
kg8257p31rTQvRWjGF kg8257p31rTQvRWjGF
P6C89a32 P6C89a32
1e90fR0FtB7Ev156y 1e90fR0FtB7Ev156y
FKWv88jkw79me FKWv88jkw79me
T8C17MZ6g69gmQ T8C17MZ6g69gmQ
gv3T5z4 gv3T5z4
659Cx 659Cx
3505 3505
