73 96 15 79 15 48 13 40 16 85 16 40 13 48 33 82 33 11 64 93 17 14 77 45 10 45 88 100 88 27 88 22 29 83 29 84 81 91 78 50 71 9 98 21 80 39 58 25 90 68 1 19 18 76 37 86 31 66 74 49 44 57 75 46 99 62 65 62 12 34 53 94 2 27 88 38 8 38 5 38 96 73
50
96 96
15 15
79 79
48 48
13 13
85 85
33 33
82 82
11 11
93 93
14 14
77 77
10 10
100 100
27 27
22 22
29 29
83 83
84 84
81 81
91 91
78 78
50 50
71 71
9 9
98 98
21 21
25 25
90 90
68 68
1 1
19 19
18 18
76 76
86 86
66 66
74 74
49 49
44 44
57 57
75 75
46 46
99 99
65 65
12 12
34 34
53 53
94 94
8 8
5 5
