MASA01 MASA01 MASA07 MASA06 MASA03 MASA02 MASA03 MASA04 MASA05 MASA08 MASA09 MASA10 MASA11 MASA12 MASA01 MASA07 MASA08 MASA09 MASA10 MASA11 MASB02 MASB04 MASB05 MASB08 MASB09 MASB10 MASB11 MASB12 MASC02 MASC04 MASC03 MASC05 MASC08 MASC09 MASC10 MASC11 MASC12 MBSA02 MASC11 MASC10 MASC09 MASC08 MASC07 MASC06 MASC03 MASC02 MBSA04 MBSA05 MBSA08 MBSA09 MBSA10 MBSA11 MBSA12 MBSB02 MBSB04 MBSB05 MBSB08 MBSB09 MBSB10 MBSB11 MBSB12 MBSC02 MBSC04 MBSC05 MBSC08 MBSC09 MBSC10 MBSC11 MBSC12 MASA01
48
MASA02 MASA02
MASA04 MASA04
MASA05 MASA05
MASA08 MASA08
MASA09 MASA09
MASA10 MASA10
MASA11 MASA11
MASA12 MASA12
MASB02 MASB02
MASB04 MASB04
MASB05 MASB05
MASB08 MASB08
MASB09 MASB09
MASB10 MASB10
MASB11 MASB11
MASB12 MASB12
MASC02 MASC02
MASC04 MASC04
MASC05 MASC05
MASC08 MASC08
MASC09 MASC09
MASC10 MASC10
MASC11 MASC11
MASC12 MASC12
MBSA02 MBSA02
MBSA04 MBSA04
MBSA05 MBSA05
MBSA08 MBSA08
MBSA09 MBSA09
MBSA10 MBSA10
MBSA11 MBSA11
MBSA12 MBSA12
MBSB02 MBSB02
MBSB04 MBSB04
MBSB05 MBSB05
MBSB08 MBSB08
MBSB09 MBSB09
MBSB10 MBSB10
MBSB11 MBSB11
MBSB12 MBSB12
MBSC02 MBSC02
MBSC04 MBSC04
MBSC05 MBSC05
MBSC08 MBSC08
MBSC09 MBSC09
MBSC10 MBSC10
MBSC11 MBSC11
MBSC12 MBSC12
