SA01 SA01 SA07 SA06 SA03 SA03 SA03 SA02 SA04 SA05 SA08 SB11 SB03 SB03 SA09 SA10 SB10 SA10 SA11 SB09 SA01 SA11 SB07 SA07 SB08 SA08 SA09 SA10 SA11 SA10 SA09 SA08 SA09 SA08 SA07 SA01 SA07 SA06 SA03 SA02 SA11 SA12 SB02 SB04 SB05 SB08 SB09 SB10 SB11 SB12 SC02 SC04 SC05 SC08 SC09 SC10 SC11 SC12 SA01
24
SA02 SA02
SA04 SA04
SA05 SA05
SA08 SA08
SB11 SB11
SA09 SA09
SA10 SA10
SB10 SB10
SA11 SA11
SB09 SB09
SB08 SB08
SA12 SA12
SB02 SB02
SB04 SB04
SB05 SB05
SB12 SB12
SC02 SC02
SC04 SC04
SC05 SC05
SC08 SC08
SC09 SC09
SC10 SC10
SC11 SC11
SC12 SC12
