75 40 76 63 54 5 83 97 31 76 60 59 94 74 13 27 36 84 86 76 80 97 66 92 9 86 54 8 68 2 81 81 43 61 61 52 7 18 74 64 28 56 44 51 13 67 25 37 40 41 6 49 93 4 28 98 63 73 50 80 29 68 97 51 11 9 24 59 1 63 7 74 16 95 74 1 27 48 49 41 48 84 41 64 81 80 40 11 19 34 39 15 92 28 3 67 57 55 49 64 99 64 2 83 40 76 15 50 25 9 39 74 36 33 64 78 52 70 59 18 12 0 45 50 44 98 56 80 97 28 36 66 27 89 65 49 48 84 32 42 58 57 43 29 80 97 86 31 36 74 96 73 21 59 9 25 52 4 47 76 62 77 44 56 98 69 90 3 94 82 92 26 34 81 13 7 87 64 12 91 46 55 75
50
75 75
76 76
97 97
31 31
59 59
94 94
74 74
13 13
36 36
84 84
86 86
80 80
92 92
9 9
81 81
43 43
52 52
7 7
64 64
56 56
44 44
25 25
49 49
4 4
98 98
73 73
29 29
48 48
34 34
3 3
57 57
55 55
12 12
89 89
65 65
32 32
42 42
58 58
96 96
21 21
47 47
62 62
77 77
69 69
90 90
82 82
26 26
87 87
91 91
46 46
