evdoyagqfp xftptyrlvl qbiylslccb kvxwqiryyu qbiylslccb xftptyrlvl jqtguzxxsl pcilmgdrgc wwqchwdmtx pcilmgdrgc ivgbjyugdu pcilmgdrgc qepegujmaa etdxtwotzh qepegujmaa kgktiatgjn epdwcjuvdr eooyfwmxln fczruomdab uhalgukdzb yriqtwavfx rkyixxpcbx yriqtwavfx gucdicwxmb yriqtwavfx qgfchcatzi cmdqzmgvfi pdljcbluhp koawdpgqdx psiebvskfb koawdpgqdx xtraxybdhx bulywvvpni xychpimpzb lnicnhmajr aruwdskzta lnicnhmajr kyrhqthnvz lndsfxewdc vkrlpmybdj jrusiskazm ichabbvkhm oavtmpaqji oownpsyviv rnpokwoqgt fdgcygwgjf phknwbtipl zivwgfcxqi euqbrkzdsw byyqgjwsrp qxfgqgbbdn byyqgjwsrp tmatbexcil qpxtrjvxpe qiqnnrlapz spdafzaivh ldnozwuuuq eaozvwjoso dnmgxnhbgi vnzypgtlkj gbdejcnknd ahqdrcepub afortwurqt zmfuudfatm cttlxdtaiw rlxmdzqomd gkcfktyute xkasbvrrxd lcrihrmoqu tgbmxdmvwe opmnfgpclg qxuqrfzzob gllungmori xnppuesbrr eqdxeqvtsb xnppuesbrr hxkhivkhyl scesbtewjx jrmlkfexfk osdeymjeil wkwwcqjtxf lkvtxfwozs wkwwcqjtxf osdeymjeil jrmlkfexfk seeyrseflx hkempoemlv seeyrseflx xeigbnzhbj oggftsricu xywdziunpr vugkhjygfe guuudgvhny ivugtsvtqb optviwhmbr vfdsalrajq optviwhmbr jqtguzxxsl smwxdupkdv tvcolajnao xqwyvbvueh oegfbrwyrp wynbxuuxru tmrnpjqnxx wynbxuuxru qzdrdcxoib voaumgrcuj qzdrdcxoib wynbxuuxru lazlsvgukx bbczvyonym hsjqtjkukk jatkaoyfxb nbjyrygtdh cpwyxulkjm nbjyrygtdh ymvlfsdhbu aokbiptbzc ymvlfsdhbu xsjzeyxnpw bswhowadhl tgkujfknod jfccyptuug uddkspyqjc yiwwdwbzth ixyurvbpvu qfbvncxldf ijbfzrqwct bimtbhwsby ijbfzrqwct bbwcqzwyoz nwlccbonas itbfnxnauh nwlccbonas xguvjomcdt yqwistxtxc hofbtczdgp pwgublhwxg afrdrejwtp wtlzrefwav mdyuzxshey ouxenssqdu kvfpaspidv wtyqwjwskq kijbyyuzhd unihwwnyqz pbefrggyje xwrvhrxnqy xifuopshzj xwrvhrxnqy ebqxbaqnmm ytidnmibdj owusjcmdkp stdiixwrjc guuudgvhny ivugtsvtqb optviwhmbr jqtguzxxsl xftptyrlvl mysadifwma robpunozly bnmegnfgii robpunozly mysadifwma xftptyrlvl uooysjrxsb xftptyrlvl fluzhooehk xftptyrlvl xawkqmfmmx evdoyagqfp
99
evdoyagqfp evdoyagqfp
kvxwqiryyu kvxwqiryyu
pcilmgdrgc pcilmgdrgc
wwqchwdmtx wwqchwdmtx
ivgbjyugdu ivgbjyugdu
qepegujmaa qepegujmaa
etdxtwotzh etdxtwotzh
kgktiatgjn kgktiatgjn
eooyfwmxln eooyfwmxln
uhalgukdzb uhalgukdzb
rkyixxpcbx rkyixxpcbx
gucdicwxmb gucdicwxmb
qgfchcatzi qgfchcatzi
pdljcbluhp pdljcbluhp
psiebvskfb psiebvskfb
bulywvvpni bulywvvpni
xychpimpzb xychpimpzb
lnicnhmajr lnicnhmajr
aruwdskzta aruwdskzta
kyrhqthnvz kyrhqthnvz
lndsfxewdc lndsfxewdc
vkrlpmybdj vkrlpmybdj
jrusiskazm jrusiskazm
ichabbvkhm ichabbvkhm
oavtmpaqji oavtmpaqji
rnpokwoqgt rnpokwoqgt
fdgcygwgjf fdgcygwgjf
zivwgfcxqi zivwgfcxqi
euqbrkzdsw euqbrkzdsw
byyqgjwsrp byyqgjwsrp
qxfgqgbbdn qxfgqgbbdn
tmatbexcil tmatbexcil
qpxtrjvxpe qpxtrjvxpe
qiqnnrlapz qiqnnrlapz
ldnozwuuuq ldnozwuuuq
vnzypgtlkj vnzypgtlkj
gbdejcnknd gbdejcnknd
ahqdrcepub ahqdrcepub
afortwurqt afortwurqt
zmfuudfatm zmfuudfatm
cttlxdtaiw cttlxdtaiw
xkasbvrrxd xkasbvrrxd
lcrihrmoqu lcrihrmoqu
tgbmxdmvwe tgbmxdmvwe
qxuqrfzzob qxuqrfzzob
xnppuesbrr xnppuesbrr
eqdxeqvtsb eqdxeqvtsb
scesbtewjx scesbtewjx
jrmlkfexfk jrmlkfexfk
osdeymjeil osdeymjeil
wkwwcqjtxf wkwwcqjtxf
lkvtxfwozs lkvtxfwozs
seeyrseflx seeyrseflx
hkempoemlv hkempoemlv
oggftsricu oggftsricu
xywdziunpr xywdziunpr
vugkhjygfe vugkhjygfe
guuudgvhny guuudgvhny
ivugtsvtqb ivugtsvtqb
optviwhmbr optviwhmbr
vfdsalrajq vfdsalrajq
smwxdupkdv smwxdupkdv
tvcolajnao tvcolajnao
xqwyvbvueh xqwyvbvueh
oegfbrwyrp oegfbrwyrp
wynbxuuxru wynbxuuxru
tmrnpjqnxx tmrnpjqnxx
voaumgrcuj voaumgrcuj
bbczvyonym bbczvyonym
hsjqtjkukk hsjqtjkukk
nbjyrygtdh nbjyrygtdh
cpwyxulkjm cpwyxulkjm
ymvlfsdhbu ymvlfsdhbu
aokbiptbzc aokbiptbzc
bswhowadhl bswhowadhl
tgkujfknod tgkujfknod
yiwwdwbzth yiwwdwbzth
qfbvncxldf qfbvncxldf
bimtbhwsby bimtbhwsby
bbwcqzwyoz bbwcqzwyoz
nwlccbonas nwlccbonas
itbfnxnauh itbfnxnauh
xguvjomcdt xguvjomcdt
hofbtczdgp hofbtczdgp
afrdrejwtp afrdrejwtp
wtlzrefwav wtlzrefwav
mdyuzxshey mdyuzxshey
ouxenssqdu ouxenssqdu
kvfpaspidv kvfpaspidv
kijbyyuzhd kijbyyuzhd
pbefrggyje pbefrggyje
xwrvhrxnqy xwrvhrxnqy
xifuopshzj xifuopshzj
stdiixwrjc stdiixwrjc
mysadifwma mysadifwma
bnmegnfgii bnmegnfgii
uooysjrxsb uooysjrxsb
fluzhooehk fluzhooehk
xawkqmfmmx xawkqmfmmx
