0 11 130 131 11 179 180 181 11 83 167 83 169 168 167 83 41 113 112 41 122 123 41 45 173 174 175 45 173 45 90 182 183 182 90 184 90 53 178 177 176 53 31 118 119 31 57 190 189 188 57 136 137 57 47 164 165 166 47 152 153 152 47 154 47 25 124 125 25 94 127 126 94 60 109 108 60 128 129 60 69 111 110 69 44 105 104 44 39 106 107 39 12 138 139 12 34 121 120 34 26 158 159 160 26 158 26 10 197 198 199 10 115 114 10 54 191 192 193 54 191 54 40 135 134 40 46 172 171 170 46 58 100 101 58 5 116 117 5 87 151 87 149 150 149 87 38 146 147 146 38 148 38 49 196 49 194 195 194 49 78 185 186 187 78 185 78 1 157 1 155 156 155 1 21 140 141 140 21 142 21 84 132 133 84 145 144 143 84 9 163 162 161 9 18 103 102 18 0
100
130 130
131 131
179 179
180 180
181 181
167 167
169 169
168 168
113 113
112 112
122 122
123 123
173 173
174 174
175 175
182 182
183 183
184 184
178 178
177 177
176 176
118 118
119 119
190 190
189 189
188 188
136 136
137 137
164 164
165 165
166 166
152 152
153 153
154 154
124 124
125 125
127 127
126 126
109 109
108 108
128 128
129 129
111 111
110 110
105 105
104 104
106 106
107 107
138 138
139 139
121 121
120 120
158 158
159 159
160 160
197 197
198 198
199 199
115 115
114 114
191 191
192 192
193 193
135 135
134 134
172 172
171 171
170 170
100 100
101 101
116 116
117 117
151 151
149 149
150 150
146 146
147 147
148 148
196 196
194 194
195 195
185 185
186 186
187 187
157 157
155 155
156 156
140 140
141 141
142 142
132 132
133 133
145 145
144 144
143 143
163 163
162 162
161 161
103 103
102 102
