Soda BU BT Soda FJ Soda X Soda BJ Soda FA Soda AD Soda AZ Soda AO Soda BD Soda FX Soda F Soda C B GO Soda AG Soda O Soda GC Soda DJ Soda FU Soda DD Soda GF Soda AA Soda BX Soda FR Soda CA Soda FG Soda AJ Soda DA Soda FD Soda U Soda DT DU DV DW DX DY DZ Soda GK GJ GI Soda K J I Soda R Soda BQ BP BO Soda DQ DP DO Soda AT AU AV AW AX Soda
47
BU BU
BT BT
FJ FJ
X X
BJ BJ
FA FA
AD AD
AZ AZ
AO AO
BD BD
FX FX
F F
C C
GO GO
AG AG
O O
GC GC
DJ DJ
FU FU
DD DD
GF GF
AA AA
BX BX
FR FR
CA CA
FG FG
AJ AJ
DA DA
FD FD
U U
DT DT
DU DU
DW DW
DX DX
DZ DZ
GK GK
GI GI
K K
I I
R R
BQ BQ
BO BO
DQ DQ
DO DO
AT AT
AW AW
AX AX
