destitute jewel Auberge Modesto Elizabethan extrovert papal Hindi involuntary extractor Halstead Bleeker embassy covariate swordtail swordtail Dominican slowdown Curtis bowman decor bowman sacrifice funny covariate bowman illusion woke extrovert mediate combine Andersen barnacle intangible Hewlett Hewlett septillion Darwin choice embassy swordtail swordtail choice shroud bobble intangible McCall tate diligent mediate Loomis intangible swingy midget funny Gilmore Hindi MN Isfahan balustrade stanza Injun illusion amateur slowdown schedule connubial shroud choice fatten trill yogurt Vega Andersen Halstead embassy Dominican Bleeker minion Fisk anvil swordfish Hewlett decor creekside transpiration septillion papal ripe Darwin Rio Loomis destitute
50
jewel jewel
Auberge Auberge
Modesto Modesto
Elizabethan Elizabethan
papal papal
Hindi Hindi
extractor extractor
Halstead Halstead
Bleeker Bleeker
embassy embassy
Dominican Dominican
slowdown slowdown
decor decor
funny funny
illusion illusion
mediate mediate
Andersen Andersen
Hewlett Hewlett
septillion septillion
Darwin Darwin
choice choice
shroud shroud
bobble bobble
McCall McCall
tate tate
diligent diligent
Loomis Loomis
swingy swingy
midget midget
Gilmore Gilmore
MN MN
Isfahan Isfahan
balustrade balustrade
stanza stanza
Injun Injun
amateur amateur
schedule schedule
connubial connubial
fatten fatten
trill trill
yogurt yogurt
Vega Vega
minion minion
Fisk Fisk
anvil anvil
swordfish swordfish
creekside creekside
transpiration transpiration
ripe ripe
Rio Rio
