Patrick0 Patrick0 Antoinette2 Patrick0 Minnie4 Patrick0 Brenda11 Matthew10 Lela13 Taylor7 Louis6 Frank5 Matthew10 Julia9 Ray12 Paula23 Catherine21 Robert20 Ian16 Ian16 Christine15 Tempie14 Doris19 Vivian22 Doris19 Lorraine25 Louise26 Tisha27 Louise26 Lorraine25 John24 Phyllis29 William28 Danny31 Kyle30 Phyllis29 Yvonne32 Iona35 Iona35 Stephane34 Flora33 Donna38 Brenda42 Donna38 Bette40 Maria39 William41 Jose45 Gina44 Scott43 Gina44 Jose45 Richard46 Gerald49 Ronald48 Lori51 Jack54 Jack54 Anthony53 Don52 Cheryl57 Joseph61 Cheryl57 Jenny59 Charles58 Christine60 Joshua64 Paul63 Amy62 Paul63 Joshua64 David65 Rhonda68 Steven67 Dorothy70 Sarah73 Sarah73 Aaron72 Cheryl71 Ray76 Thomas80 Ray76 Salvador78 Emily77 Carol79 David83 Dorothy82 Luisa81 Dorothy82 David83 Tom84 Evangelina87 Darnell86 Ellis89 Cinthia92 Cinthia92 Johnathan91 Velva90 Nancy95 Judith99 Nancy95 Donna97 Michael96 Robert98 Dominique101 Glen102 Brandon103 Jared106 Ryan105 Jean108 Fidel118 Christina116 Ashley115 Barbara117 Susie120 Luz121 Naomi122 Richard125 Marlene124 Joshua127 Robert137 Andrew135 William134 Robert136 Irma139 Heidi140 Scott141 Man144 Samuel143 Margaret146 Michael155 Patricia153 John154 Tony156 Nicholas150 Rebecca151 Timothy132 Darla131 Bill113 Valerie112 Joyce94 Joel93 Loretta75 Josephine74 Mercedes56 Lena55 William37 Fred36 Dave18 Mary17 Gabrielle8 Taylor7 Louis6 Lawrence3 Elaine1 Patrick0
100
Antoinette2 Antoinette2
Minnie4 Minnie4
Brenda11 Brenda11
Matthew10 Matthew10
Lela13 Lela13
Taylor7 Taylor7
Louis6 Louis6
Paula23 Paula23
Catherine21 Catherine21
Robert20 Robert20
Vivian22 Vivian22
Lorraine25 Lorraine25
Louise26 Louise26
Tisha27 Tisha27
Phyllis29 Phyllis29
Kyle30 Kyle30
Yvonne32 Yvonne32
Brenda42 Brenda42
Bette40 Bette40
Maria39 Maria39
William41 William41
Jose45 Jose45
Gina44 Gina44
Richard46 Richard46
Gerald49 Gerald49
Ronald48 Ronald48
Lori51 Lori51
Joseph61 Joseph61
Jenny59 Jenny59
Charles58 Charles58
Christine60 Christine60
Joshua64 Joshua64
Paul63 Paul63
David65 David65
Rhonda68 Rhonda68
Steven67 Steven67
Dorothy70 Dorothy70
Thomas80 Thomas80
Salvador78 Salvador78
Emily77 Emily77
Carol79 Carol79
David83 David83
Dorothy82 Dorothy82
Tom84 Tom84
Evangelina87 Evangelina87
Darnell86 Darnell86
Ellis89 Ellis89
Judith99 Judith99
Donna97 Donna97
Michael96 Michael96
Robert98 Robert98
Dominique101 Dominique101
Glen102 Glen102
Brandon103 Brandon103
Jared106 Jared106
Ryan105 Ryan105
Jean108 Jean108
Fidel118 Fidel118
Christina116 Christina116
Ashley115 Ashley115
Barbara117 Barbara117
Susie120 Susie120
Luz121 Luz121
Naomi122 Naomi122
Richard125 Richard125
Marlene124 Marlene124
Joshua127 Joshua127
Robert137 Robert137
Andrew135 Andrew135
William134 William134
Robert136 Robert136
Irma139 Irma139
Heidi140 Heidi140
Scott141 Scott141
Man144 Man144
Samuel143 Samuel143
Margaret146 Margaret146
Michael155 Michael155
Patricia153 Patricia153
John154 John154
Tony156 Tony156
Nicholas150 Nicholas150
Rebecca151 Rebecca151
Timothy132 Timothy132
Darla131 Darla131
Bill113 Bill113
Valerie112 Valerie112
Joyce94 Joyce94
Joel93 Joel93
Loretta75 Loretta75
Josephine74 Josephine74
Mercedes56 Mercedes56
Lena55 Lena55
William37 William37
Fred36 Fred36
Dave18 Dave18
Mary17 Mary17
Gabrielle8 Gabrielle8
Lawrence3 Lawrence3
Elaine1 Elaine1
