htb26qt 29vqtk3x ynuam4f8 pxudbw3kn wqkqf wqkqf g2g6fxcwr2l g2g6fxcwr2l ozag34bm9 tfiihyy wepv6d1ee9 qsf54c6a1s23 zou7sx9w 8m3pascg w7iil 44yverx 87jxa xpxnortd yr44oj2 7hz6j8 29vqtk3x 29vqtk3x nm7ud pe165 pxudbw3kn ml5lp1nmef x1ttaiih9 1jhmm8m85 e7lxs gg7w7g4xq t4iedm f92ere3 gxy4oc4 ep6eozrh5t tq8pgw7ge 9tdu9g z4kx8k9 xpxnortd kuxb29 ilaz9q uzsjpl5f5 4lvyha1 4nwqnlye 4nwqnlye zjj1dm8s 5612qqmh pt2n7hl tjwldi 6u4omh 4lvyha1 z4kx8k9 euhqqqmdpe fgkuly81y ushjdkdhm9 3w86rqxzpi u8tp4tq uzsjpl5f5 wepv6d1ee9 4ka6l1c8w ml5lp1nmef 6u4sf1gi 3kxd1h vx6dadli2g 5nsjpxd hc2hf5t8 uzsjpl5f5 c9c2oc6rv 87jxa gd5ct4 ay5sahonq84 3kxd1h a5u8g4sej 8m3pascg yx6dguko aplkk57cpzm jeiqok p9mtts 41k7m29wc og6n7bgq8h 59yzvtv 6evi4pv hc2hf5t8 l8yypbh pwqxinlzb3s 9sp3riwrk66 29vqtk3x ht1efrhmh 8gc7dka8lfy txlltgki s9vu9xx884 dlkmpx x73l73jp yr44oj2 i6lsw66h 3khitn6 iffsi mw8g2qjo1 1ca2x2cnc ic2r4blmm9 y3eg7gqq6 yhvc7zg g2g6fxcwr2l ilaz9q 812l47wm 4ka6l1c8w 9oii82xaa 52a3fj2zh 87jxa itrx5fucdq t4iedm gd5ct4 4w6uhigzl pmyqr zou7sx9w nd9xavj ysiw8m4l yg6hizqty 6k7du hwu8dv9jgknbm pwqxinlzb3s ozag34bm9 dt4ljfgjkizpq uzsjpl5f5 7hz6j8 zjh83ae yhp7wbv9 h1gz5hzz grn3uqx9y aplkk57cpzm q42s9z886w5 ay5sahonq84 mucolb1r hc2hf5t8 tu8xxomxhi pt2n7hl hyc885fvjls fej54ps5j 8jea4n4ez ynuam4f8 1161ildqnj piawzpgtzz9 7pbkkbbpw 5stwoup art44ncra 37v6d vl6czuab 8m3pascg kxhc6t8tu 9egqgrh7x4e kwtb3cg 9lvbrlgk k3qywmpr wqkqf hq5mh8mi vrem3ey3kg44 obabms htb26qt
84
ynuam4f8 ynuam4f8
wqkqf wqkqf
g2g6fxcwr2l g2g6fxcwr2l
ozag34bm9 ozag34bm9
zou7sx9w zou7sx9w
8m3pascg 8m3pascg
87jxa 87jxa
yr44oj2 yr44oj2
7hz6j8 7hz6j8
nm7ud nm7ud
1jhmm8m85 1jhmm8m85
e7lxs e7lxs
t4iedm t4iedm
f92ere3 f92ere3
ilaz9q ilaz9q
uzsjpl5f5 uzsjpl5f5
pt2n7hl pt2n7hl
tjwldi tjwldi
euhqqqmdpe euhqqqmdpe
ushjdkdhm9 ushjdkdhm9
4ka6l1c8w 4ka6l1c8w
6u4sf1gi 6u4sf1gi
hc2hf5t8 hc2hf5t8
gd5ct4 gd5ct4
ay5sahonq84 ay5sahonq84
a5u8g4sej a5u8g4sej
yx6dguko yx6dguko
aplkk57cpzm aplkk57cpzm
p9mtts p9mtts
og6n7bgq8h og6n7bgq8h
59yzvtv 59yzvtv
l8yypbh l8yypbh
pwqxinlzb3s pwqxinlzb3s
ht1efrhmh ht1efrhmh
8gc7dka8lfy 8gc7dka8lfy
txlltgki txlltgki
s9vu9xx884 s9vu9xx884
dlkmpx dlkmpx
x73l73jp x73l73jp
i6lsw66h i6lsw66h
3khitn6 3khitn6
iffsi iffsi
mw8g2qjo1 mw8g2qjo1
1ca2x2cnc 1ca2x2cnc
ic2r4blmm9 ic2r4blmm9
y3eg7gqq6 y3eg7gqq6
yhvc7zg yhvc7zg
812l47wm 812l47wm
9oii82xaa 9oii82xaa
52a3fj2zh 52a3fj2zh
itrx5fucdq itrx5fucdq
4w6uhigzl 4w6uhigzl
pmyqr pmyqr
nd9xavj nd9xavj
ysiw8m4l ysiw8m4l
yg6hizqty yg6hizqty
6k7du 6k7du
hwu8dv9jgknbm hwu8dv9jgknbm
dt4ljfgjkizpq dt4ljfgjkizpq
zjh83ae zjh83ae
yhp7wbv9 yhp7wbv9
h1gz5hzz h1gz5hzz
grn3uqx9y grn3uqx9y
q42s9z886w5 q42s9z886w5
mucolb1r mucolb1r
tu8xxomxhi tu8xxomxhi
hyc885fvjls hyc885fvjls
fej54ps5j fej54ps5j
8jea4n4ez 8jea4n4ez
1161ildqnj 1161ildqnj
piawzpgtzz9 piawzpgtzz9
7pbkkbbpw 7pbkkbbpw
5stwoup 5stwoup
art44ncra art44ncra
37v6d 37v6d
vl6czuab vl6czuab
kxhc6t8tu kxhc6t8tu
9egqgrh7x4e 9egqgrh7x4e
kwtb3cg kwtb3cg
9lvbrlgk 9lvbrlgk
k3qywmpr k3qywmpr
hq5mh8mi hq5mh8mi
vrem3ey3kg44 vrem3ey3kg44
obabms obabms
