3xgrfvks ff6i898nw 51ykhr 1huq1df ual3asit d3y7jq kr5jy4uyjt ifmqwyt6x 4418l7vdyv 1huq1df z4o91 vm4iv29w2k8 2hmpo9x8v795 ag29aqlop jgriu7 ou2rf1qhh uqc3avv5 b9zxvj22sc ifmqwyt6x 2hmpo9x8v795 r6auw1rlvrqo b9zxvj22sc okbjywtq4zz9 ijgos1ws1o 4418l7vdyv z4o91 uqc3avv5 it92vprqk ual3asit 8evxiqgcp69n d3y7jq d5podyx2rn1o dooatf4 b9zxvj22sc pxtk2 5ed169a5jrt 45bp6qh 4l424khddum 4418l7vdyv kr5jy4uyjt bt3xcgwcd6c uqc3avv5 ho87zq94a914a ag29aqlop lrleda nbvknr i3la5wvv4 m5uyvxo2h 3xgrfvks
23
1huq1df 1huq1df
ual3asit ual3asit
d3y7jq d3y7jq
kr5jy4uyjt kr5jy4uyjt
ifmqwyt6x ifmqwyt6x
4418l7vdyv 4418l7vdyv
ag29aqlop ag29aqlop
uqc3avv5 uqc3avv5
b9zxvj22sc b9zxvj22sc
it92vprqk it92vprqk
8evxiqgcp69n 8evxiqgcp69n
d5podyx2rn1o d5podyx2rn1o
dooatf4 dooatf4
pxtk2 pxtk2
5ed169a5jrt 5ed169a5jrt
45bp6qh 45bp6qh
4l424khddum 4l424khddum
bt3xcgwcd6c bt3xcgwcd6c
ho87zq94a914a ho87zq94a914a
lrleda lrleda
nbvknr nbvknr
i3la5wvv4 i3la5wvv4
m5uyvxo2h m5uyvxo2h
