M2S9flVUcYP2sJdh8LXf Bc6dudheE3WGLxP0iDdK Z8MZ2JfftjeVVnGFSOQe 93aDiM8K0XhtiVcCVKi2 ZBeXR80522AAM5P7qeaG ZBeXR80522AAM5P7qeaG Dc1wEVV3kuOZotG6pNlL sH3pvLOfMUrEGUrmsHCu PZrpdQAa8H8tkrajh08J k7k4sHxeh1pR4sOjcVuj 2qerVVbMKjJpuQmQ9aqr QJuDebBKjW74ipndfA4c C1CVSQIxudgISqBvCOoA M7SD6FC2BzrEV1z9ajVv k7k4sHxeh1pR4sOjcVuj M2S9flVUcYP2sJdh8LXf yZPIHwySFuIdRJCMzjnz 5jhNGHh0Et1Lidy4vCpq Z0DuoZMcx6oyDPWFznMK sZojFweTE55bBWYz0Tda 9Jr76N4fnNot7SNYqBKG tVhIJJgs0kEFaQx1hdWm cdaizmjQrCe5Vnwy3JQF vodEvdIApqt0N3TZsbxN nbZglhhmYQAPQz4eETaj Pqf0Sn4UvsBLaxz7WO4n EtrZREkmL456viQQJ9Rb S8uMGvUglWyhnfV5Wzdp 48nWZMVqWDxfH9uMf2U3 zD7ErBenXxsG4D9b5TEV 0uvEfLgT4s8ImTk9VWBt dKH5OdpmJKCU83bbXVxZ Kfu1pc3YPMGebW7Iu8ex pNXWB5geApaSjbsCCT4J Dt5YfbjQq6VoKnyw6Zav k7k4sHxeh1pR4sOjcVuj dOKaHsIcDX32wPXAX2Gt uy6RcQAYd3ATM1Icq3my LxEzX08MG9T8knIYbul0 QJuDebBKjW74ipndfA4c icN9hCSgyAan3sGfngmv sZojFweTE55bBWYz0Tda 9Jr76N4fnNot7SNYqBKG ECCnzlgsMEvTYjNwAlfM Eu0wGcDBBrgvePzHfqrS tUowOUG1V7iCXBCMR0AT v0QJIKD4q7sFXrzFSb6J 8KfYYXeMqM0D4nShLOzi 4bQwji0D4wyEDLd54MWv 9GrchmlNCDIapQ9OnEYh 9Jr76N4fnNot7SNYqBKG jgcWqrcniA4q9WNs9xkc oWxP87H6AXwFzF0dpB9d yHMPX8vHctuUweyLluyz 5gumrx48u1yPpF6ivPOI vxiwkV1b5fV2sGCBFsRQ zdtRVpQ9lVyEhNj9Evpp gZVNRDm5p6aX5QEEX8UG k7k4sHxeh1pR4sOjcVuj Jjat3uJ5XboI9kZe0522 L8bxdxuDa5issn2PiN3u W4IxjYZtRN88GGSV9Uoc Z8MZ2JfftjeVVnGFSOQe NMTjl1jsvrb7y2ggdCSc XmlH4l2BXG35TF70bZqZ fmFrd4vggNac5TkiFJAd LNMZej67uy0Whvqp5OR1 m1IYiQsUBuvvpTv7yWXO H59EihDjhfpS7ToXFM3L M2S9flVUcYP2sJdh8LXf
50
M2S9flVUcYP2sJdh8LXf M2S9flVUcYP2sJdh8LXf
Bc6dudheE3WGLxP0iDdK Bc6dudheE3WGLxP0iDdK
Z8MZ2JfftjeVVnGFSOQe Z8MZ2JfftjeVVnGFSOQe
93aDiM8K0XhtiVcCVKi2 93aDiM8K0XhtiVcCVKi2
sH3pvLOfMUrEGUrmsHCu sH3pvLOfMUrEGUrmsHCu
PZrpdQAa8H8tkrajh08J PZrpdQAa8H8tkrajh08J
k7k4sHxeh1pR4sOjcVuj k7k4sHxeh1pR4sOjcVuj
yZPIHwySFuIdRJCMzjnz yZPIHwySFuIdRJCMzjnz
Z0DuoZMcx6oyDPWFznMK Z0DuoZMcx6oyDPWFznMK
9Jr76N4fnNot7SNYqBKG 9Jr76N4fnNot7SNYqBKG
tVhIJJgs0kEFaQx1hdWm tVhIJJgs0kEFaQx1hdWm
cdaizmjQrCe5Vnwy3JQF cdaizmjQrCe5Vnwy3JQF
vodEvdIApqt0N3TZsbxN vodEvdIApqt0N3TZsbxN
nbZglhhmYQAPQz4eETaj nbZglhhmYQAPQz4eETaj
Pqf0Sn4UvsBLaxz7WO4n Pqf0Sn4UvsBLaxz7WO4n
EtrZREkmL456viQQJ9Rb EtrZREkmL456viQQJ9Rb
S8uMGvUglWyhnfV5Wzdp S8uMGvUglWyhnfV5Wzdp
48nWZMVqWDxfH9uMf2U3 48nWZMVqWDxfH9uMf2U3
zD7ErBenXxsG4D9b5TEV zD7ErBenXxsG4D9b5TEV
0uvEfLgT4s8ImTk9VWBt 0uvEfLgT4s8ImTk9VWBt
dKH5OdpmJKCU83bbXVxZ dKH5OdpmJKCU83bbXVxZ
Kfu1pc3YPMGebW7Iu8ex Kfu1pc3YPMGebW7Iu8ex
pNXWB5geApaSjbsCCT4J pNXWB5geApaSjbsCCT4J
Dt5YfbjQq6VoKnyw6Zav Dt5YfbjQq6VoKnyw6Zav
dOKaHsIcDX32wPXAX2Gt dOKaHsIcDX32wPXAX2Gt
uy6RcQAYd3ATM1Icq3my uy6RcQAYd3ATM1Icq3my
LxEzX08MG9T8knIYbul0 LxEzX08MG9T8knIYbul0
ECCnzlgsMEvTYjNwAlfM ECCnzlgsMEvTYjNwAlfM
Eu0wGcDBBrgvePzHfqrS Eu0wGcDBBrgvePzHfqrS
tUowOUG1V7iCXBCMR0AT tUowOUG1V7iCXBCMR0AT
v0QJIKD4q7sFXrzFSb6J v0QJIKD4q7sFXrzFSb6J
8KfYYXeMqM0D4nShLOzi 8KfYYXeMqM0D4nShLOzi
4bQwji0D4wyEDLd54MWv 4bQwji0D4wyEDLd54MWv
9GrchmlNCDIapQ9OnEYh 9GrchmlNCDIapQ9OnEYh
jgcWqrcniA4q9WNs9xkc jgcWqrcniA4q9WNs9xkc
oWxP87H6AXwFzF0dpB9d oWxP87H6AXwFzF0dpB9d
yHMPX8vHctuUweyLluyz yHMPX8vHctuUweyLluyz
5gumrx48u1yPpF6ivPOI 5gumrx48u1yPpF6ivPOI
vxiwkV1b5fV2sGCBFsRQ vxiwkV1b5fV2sGCBFsRQ
zdtRVpQ9lVyEhNj9Evpp zdtRVpQ9lVyEhNj9Evpp
gZVNRDm5p6aX5QEEX8UG gZVNRDm5p6aX5QEEX8UG
Jjat3uJ5XboI9kZe0522 Jjat3uJ5XboI9kZe0522
L8bxdxuDa5issn2PiN3u L8bxdxuDa5issn2PiN3u
W4IxjYZtRN88GGSV9Uoc W4IxjYZtRN88GGSV9Uoc
NMTjl1jsvrb7y2ggdCSc NMTjl1jsvrb7y2ggdCSc
XmlH4l2BXG35TF70bZqZ XmlH4l2BXG35TF70bZqZ
fmFrd4vggNac5TkiFJAd fmFrd4vggNac5TkiFJAd
LNMZej67uy0Whvqp5OR1 LNMZej67uy0Whvqp5OR1
m1IYiQsUBuvvpTv7yWXO m1IYiQsUBuvvpTv7yWXO
H59EihDjhfpS7ToXFM3L H59EihDjhfpS7ToXFM3L
