ZfI6StUliqd8YxBr0zVp BFat56YSkekx77JCOMI4 gj1PIUxoUprs5rKMLNpv gX6xMy6pWnenI68kwgcu uYmver98TgwbkIsM8XgU zs8puphf0SbuOBS6XpM9 ip0vmcqzxYgrY2Mc3Bu9 Fa64KRccvM4rqOgxBKtu ufkSgxNAeRAXQFn3w6eB cC9SZGtAtirSBnbvLWzt QGzcn6XPemZ0IhmCJCmq 5JVto9dbOz4Lu3AeAOZD mMagcNSN7U8s7oy3e0j4 Hxhi6IYOb3B8uxHbGYVt a5U0eplwXr4BNJCc524G YzWX8RqUW0YPFsebUKYP UoiNiYnewh16WNDFqvYW Z38PT2VWeDoNiuh4rc0v ZBTm8fkarNXg3vLUAnt8 gGXF4imn3IOLlYGD81XA Z38PT2VWeDoNiuh4rc0v Af4sQnaDf5G2yrOfmk45 QBaUzVWA62rnfcsnEShZ Af4sQnaDf5G2yrOfmk45 QUmdpeJNwq8Od3rclrVL Af4sQnaDf5G2yrOfmk45 RnnCc8OgQLqPe5HvvbS3 WEpQsV1SPLNjRDFxWGJw 98jc4TOf5CFD5ooRLXKs SI1jqone3x4IZwZ6qVW6 Z6746tUNXH05XsKVq5bc ZfI6StUliqd8YxBr0zVp
25
ZfI6StUliqd8YxBr0zVp ZfI6StUliqd8YxBr0zVp
BFat56YSkekx77JCOMI4 BFat56YSkekx77JCOMI4
gj1PIUxoUprs5rKMLNpv gj1PIUxoUprs5rKMLNpv
gX6xMy6pWnenI68kwgcu gX6xMy6pWnenI68kwgcu
uYmver98TgwbkIsM8XgU uYmver98TgwbkIsM8XgU
zs8puphf0SbuOBS6XpM9 zs8puphf0SbuOBS6XpM9
ip0vmcqzxYgrY2Mc3Bu9 ip0vmcqzxYgrY2Mc3Bu9
Fa64KRccvM4rqOgxBKtu Fa64KRccvM4rqOgxBKtu
cC9SZGtAtirSBnbvLWzt cC9SZGtAtirSBnbvLWzt
QGzcn6XPemZ0IhmCJCmq QGzcn6XPemZ0IhmCJCmq
5JVto9dbOz4Lu3AeAOZD 5JVto9dbOz4Lu3AeAOZD
mMagcNSN7U8s7oy3e0j4 mMagcNSN7U8s7oy3e0j4
Hxhi6IYOb3B8uxHbGYVt Hxhi6IYOb3B8uxHbGYVt
YzWX8RqUW0YPFsebUKYP YzWX8RqUW0YPFsebUKYP
UoiNiYnewh16WNDFqvYW UoiNiYnewh16WNDFqvYW
ZBTm8fkarNXg3vLUAnt8 ZBTm8fkarNXg3vLUAnt8
gGXF4imn3IOLlYGD81XA gGXF4imn3IOLlYGD81XA
Af4sQnaDf5G2yrOfmk45 Af4sQnaDf5G2yrOfmk45
QBaUzVWA62rnfcsnEShZ QBaUzVWA62rnfcsnEShZ
QUmdpeJNwq8Od3rclrVL QUmdpeJNwq8Od3rclrVL
RnnCc8OgQLqPe5HvvbS3 RnnCc8OgQLqPe5HvvbS3
WEpQsV1SPLNjRDFxWGJw WEpQsV1SPLNjRDFxWGJw
98jc4TOf5CFD5ooRLXKs 98jc4TOf5CFD5ooRLXKs
SI1jqone3x4IZwZ6qVW6 SI1jqone3x4IZwZ6qVW6
Z6746tUNXH05XsKVq5bc Z6746tUNXH05XsKVq5bc
