SaintPaul ColoradoSprings LongBeach Oakland Charlotte Durham Toledo ColoradoSprings Baltimore SanDiego Washington Tulsa Boston BatonRouge Milwaukee Stockton ChulaVista LasVegas Arlington Cincinnati Arlington KansasCity SanDiego Wichita Austin Richmond Wichita Wichita Baltimore FortWayne Tucson KansasCity NorthLasVegas NorthLasVegas Omaha Charlotte Baltimore Detroit ChulaVista Baltimore StPetersburg ChulaVista FortWorth JerseyCity ElPaso Orlando LosAngeles Denver Boise Garland Honolulu Cincinnati Spokane Fresno Fresno Spokane Arlington NorthLasVegas KansasCity Oakland SanAntonio Lincoln ChulaVista Cincinnati StPetersburg Albuquerque Baltimore Detroit Denver Norfolk KansasCity Miami Norfolk Denver Detroit Tucson KansasCity Miami ChulaVista JerseyCity Toledo ChulaVista Charlotte Arlington Baltimore Plano LongBeach Dallas Cincinnati ChulaVista Baltimore Cincinnati StPetersburg BatonRouge Albuquerque Anaheim Irving ChulaVista Charlotte Irvine ChulaVista Cincinnati Louisville Scottsdale Newark Garland JerseyCity Richmond Minneapolis Plano Orlando ChulaVista SanDiego SanJose Wichita Baltimore Mesa Sacramento Stockton Albuquerque Baltimore ChulaVista Cincinnati Phoenix Wichita Plano LosAngeles ChulaVista Wichita Arlington Irvine Buffalo Oakland SanDiego ChulaVista Cincinnati Tampa ElPaso SanJose SanDiego Dallas Chandler NewOrleans Aurora Denver Tucson Raleigh Indianapolis Baltimore Anchorage FortWayne FortWorth LongBeach SanAntonio Austin ElPaso Plano Spokane Lexington JerseyCity Laredo Lincoln Bakersfield OklahomaCity Hialeah Glendale Columbus Milwaukee StPetersburg Henderson Lubbock Chesapeake Cincinnati Charlotte Phoenix Durham SantaAna Pittsburgh WinstonSalem Atlanta Tampa Houston Stockton Madison Memphis Honolulu Scottsdale Newark SaintPaul
50
LongBeach LongBeach
Charlotte Charlotte
Durham Durham
Baltimore Baltimore
SanDiego SanDiego
Milwaukee Milwaukee
Stockton Stockton
Cincinnati Cincinnati
Austin Austin
FortWayne FortWayne
Tucson Tucson
StPetersburg StPetersburg
FortWorth FortWorth
JerseyCity JerseyCity
ElPaso ElPaso
Denver Denver
Honolulu Honolulu
Spokane Spokane
SanAntonio SanAntonio
Lincoln Lincoln
Plano Plano
Dallas Dallas
Scottsdale Scottsdale
Newark Newark
SanJose SanJose
Phoenix Phoenix
Tampa Tampa
Chandler Chandler
NewOrleans NewOrleans
Aurora Aurora
Raleigh Raleigh
Indianapolis Indianapolis
Anchorage Anchorage
Lexington Lexington
Laredo Laredo
Bakersfield Bakersfield
OklahomaCity OklahomaCity
Hialeah Hialeah
Glendale Glendale
Columbus Columbus
Henderson Henderson
Lubbock Lubbock
Chesapeake Chesapeake
SantaAna SantaAna
Pittsburgh Pittsburgh
WinstonSalem WinstonSalem
Atlanta Atlanta
Houston Houston
Madison Madison
Memphis Memphis
