Jacksonville Minneapolis Mesa SanJose Indianapolis SanAntonio Arlington Milwaukee Tulsa Nashville ColoradoSprings Jacksonville Philadelphia Oakland Tucson Detroit Miami Tulsa Milwaukee Milwaukee Indianapolis Tampa Minneapolis OklahomaCity Denver SanAntonio Milwaukee Austin Raleigh Arlington Milwaukee Milwaukee Tulsa Detroit Tulsa Milwaukee Nashville OklahomaCity FortWorth OklahomaCity Mesa Detroit Boston SanJose Oakland Atlanta Detroit Raleigh Chicago Philadelphia Tampa Tulsa Minneapolis Miami Oakland SanJose Tulsa Minneapolis Tulsa SanJose Indianapolis Atlanta Louisville Portland Seattle LasVegas LongBeach Boston SanJose FortWorth Phoenix Philadelphia Albuquerque Tulsa Minneapolis Columbus Tucson Austin Memphis LosAngeles Indianapolis ElPaso VirginiaBeach Fresno SanFrancisco Jacksonville
25
Jacksonville Jacksonville
Minneapolis Minneapolis
SanJose SanJose
Indianapolis Indianapolis
Tulsa Tulsa
Philadelphia Philadelphia
Tucson Tucson
Austin Austin
FortWorth FortWorth
Boston Boston
Atlanta Atlanta
Louisville Louisville
Portland Portland
Seattle Seattle
LasVegas LasVegas
LongBeach LongBeach
Phoenix Phoenix
Albuquerque Albuquerque
Columbus Columbus
Memphis Memphis
LosAngeles LosAngeles
ElPaso ElPaso
VirginiaBeach VirginiaBeach
Fresno Fresno
SanFrancisco SanFrancisco
