0 73 11 91 98 65 26 79 17 8 30 72 28 61 15 33 76 84 90 55 53 20 81 37 35 99 92 19 42 45 38 2 31 97 59 7 93 29 89 82 40 83 9 52 6 24 46 63 48 64 50 34 57 4 60 54 49 75 5 12 62 44 85 1 58 69 43 3 80 21 74 41 32 13 51 22 47 16 36 66 86 68 77 36 78 14 56 67 39 96 27 25 70 10 71 94 67 95 87 18 88 23 0
100
0 0
73 73
11 11
91 91
98 98
65 65
26 26
79 79
17 17
8 8
30 30
72 72
28 28
61 61
15 15
33 33
76 76
84 84
90 90
55 55
53 53
20 20
81 81
37 37
35 35
99 99
92 92
19 19
42 42
45 45
38 38
2 2
31 31
97 97
59 59
7 7
93 93
29 29
89 89
82 82
40 40
83 83
9 9
52 52
6 6
24 24
46 46
63 63
48 48
64 64
50 50
34 34
57 57
4 4
60 60
54 54
49 49
75 75
5 5
12 12
62 62
44 44
85 85
1 1
58 58
69 69
43 43
3 3
80 80
21 21
74 74
41 41
32 32
13 13
51 51
22 22
47 47
16 16
36 36
66 66
86 86
68 68
77 77
78 78
14 14
56 56
67 67
39 39
96 96
27 27
25 25
70 70
10 10
71 71
94 94
95 95
87 87
18 18
88 88
23 23
