89 127 12 187 70 100 131 101 4 128 49 111 143 47 143 145 83 11 34 161 3 106 119 11 68 190 95 103 2 161 147 82 65 13 36 148 58 146 85 132 195 32 41 167 47 98 9 48 27 78 101 169 182 182 127 88 80 102 114 125 178 155 99 44 124 59 124 37 41 38 95 81 94 151 135 5 172 141 194 103 16 118 95 103 1 15 198 189 51 156 130 179 119 70 173 29 56 108 86 79 42 21 188 197 36 79 193 97 191 75 149 39 190 141 194 133 73 179 70 192 136 3 64 18 121 33 25 96 23 199 100 61 122 160 144 140 6 31 107 112 109 183 69 89
100
127 127
12 12
187 187
70 70
100 100
101 101
4 4
128 128
49 49
111 111
83 83
11 11
3 3
190 190
147 147
82 82
65 65
13 13
36 36
148 148
58 58
146 146
85 85
132 132
195 195
32 32
41 41
98 98
9 9
48 48
27 27
78 78
169 169
88 88
80 80
102 102
114 114
125 125
178 178
155 155
99 99
44 44
124 124
59 59
37 37
38 38
81 81
94 94
151 151
135 135
5 5
172 172
141 141
194 194
16 16
118 118
1 1
189 189
51 51
156 156
130 130
179 179
173 173
29 29
56 56
86 86
79 79
21 21
188 188
197 197
193 193
97 97
191 191
75 75
149 149
39 39
133 133
73 73
192 192
136 136
64 64
18 18
121 121
33 33
25 25
96 96
23 23
199 199
61 61
122 122
160 160
144 144
140 140
6 6
31 31
107 107
112 112
109 109
183 183
69 69
