152 75 153 50 183 9 81 166 35 95 145 60 89 94 38 6 136 8 67 7 179 45 74 108 93 108 6 86 6 0 143 58 161 98 119 64 74 59 95 84 174 154 183 86 155 1 7 179 1 155 39 156 178 33 144 87 154 185 1 175 157 121 120 108 129 170 58 4 129 115 84 0 45 58 155 115 59 62 166 187 39 106 95 12 182 5 113 56 66 171 37 126 181 53 54 170 78 2 0 184 172 51 180 130 151 143 163 101 139 65 144 38 13 42 28 142 87 169 134 165 116 90 41 149 94 105 92 73 168 111 31 112 96 85 79 27 97 152
73
75 75
153 153
50 50
183 183
9 9
81 81
166 166
35 35
95 95
145 145
60 60
89 89
94 94
38 38
136 136
8 8
45 45
0 0
143 143
58 58
144 144
87 87
175 175
157 157
121 121
170 170
12 12
182 182
5 5
113 113
56 56
66 66
171 171
37 37
126 126
181 181
53 53
54 54
78 78
2 2
184 184
172 172
51 51
180 180
130 130
151 151
163 163
101 101
139 139
65 65
13 13
42 42
28 28
142 142
169 169
134 134
165 165
116 116
90 90
41 41
149 149
105 105
92 92
73 73
168 168
111 111
31 31
112 112
96 96
85 85
79 79
27 27
97 97
