10 15 64 74 74 10 35 83 70 51 33 21 50 10 23 66 13 83 55 30 45 51 86 91 52 24 67 44 22 77 53 14 22 23 82 37 69 36 92 93 20 41 8 58 23 67 87 80 77 73 24 40 41 87 86 43 23 21 2 76 51 33 4 98 13 2 82 3 50 56 9 20 10 91 56 21 2 63 14 69 10 58 87 51 33 60 23 21 2 83 37 82 30 60 93 61 80 81 79 78 76 77 98 67 66 97 62 94 95 63 83 82 90 55 54 89 69 68 74 75 73 72 51 87 86 50 57 91 56 70 71 84 85 96 65 64 52 88 53 92 58 59 10
49
64 64
74 74
83 83
70 70
51 51
50 50
66 66
55 55
86 86
91 91
52 52
67 67
77 77
53 53
82 82
69 69
92 92
93 93
58 58
87 87
80 80
73 73
76 76
98 98
56 56
63 63
60 60
61 61
81 81
79 79
78 78
97 97
62 62
94 94
95 95
90 90
54 54
89 89
68 68
75 75
72 72
57 57
71 71
84 84
85 85
96 96
65 65
88 88
59 59
