55 51 12 1 18 44 32 34 13 10 0 7 25 15 27 15 29 4 4 21 8 18 2 12 6 9 4 3 0 4 7 9 15 11 20 24 14 16 23 31 39 35 10 36 37 2 48 46 45 42 49 7 52 54 110 5 106 112 107 104 108 98 3 92 77 79 90 85 89 6 83 94 2 103 102 96 99 93 87 71 70 67 58 57 100 69 60 63 41 65 72 73 81 80 75 61 62 55
74
55 55
51 51
12 12
18 18
44 44
32 32
34 34
13 13
7 7
25 25
15 15
27 27
29 29
4 4
21 21
2 2
6 6
9 9
3 3
11 11
20 20
16 16
23 23
31 31
39 39
35 35
36 36
37 37
48 48
46 46
45 45
42 42
49 49
52 52
54 54
110 110
106 106
112 112
107 107
104 104
108 108
98 98
92 92
77 77
79 79
90 90
85 85
89 89
83 83
94 94
103 103
102 102
96 96
99 99
93 93
87 87
71 71
70 70
67 67
58 58
57 57
100 100
69 69
60 60
63 63
41 41
65 65
72 72
73 73
81 81
80 80
75 75
61 61
62 62
