5 27 174 101 154 89 103 103 189 189 34 186 42 165 92 39 147 104 70 171 112 186 133 120 158 96 133 155 20 39 72 40 109 147 112 118 138 126 196 149 134 13 138 133 119 75 30 37 165 34 138 199 121 183 134 69 82 81 154 45 175 116 95 142 188 35 20 11 65 180 74 137 42 165 7 121 58 109 94 91 137 33 2 158 192 95 35 94 134 155 171 104 113 88 40 126 77 189 131 60 2 158 116 109 192 18 190 50 62 36 96 192 109 94 39 104 83 117 136 133 186 189 119 116 134 50 93 86 34 138 71 134 50 62 34 133 119 75 25 30 7 121 34 62 121 7 165 34 34 133 132 102 48 34 133 186 112 82 27 0 69 138 34 121 116 138 69 183 138 116 134 27 141 82 82 81 123 96 22 110 188 135 44 26 178 32 122 199 48 56 61 138 55 102 80 179 78 100 192 71 156 76 81 151 47 43 67 41 14 158 2 149 159 28 180 25 105 17 75 58 152 193 164 140 103 189 77 143 196 184 85 18 16 31 194 170 83 104 171 10 146 53 174 101 1 99 50 116 153 69 51 183 9 68 133 34 157 52 162 168 177 37 64 46 187 154 173 63 42 137 33 5
100
174 174
101 101
154 154
103 103
189 189
34 34
42 42
92 92
39 39
104 104
171 171
133 133
158 158
96 96
20 20
138 138
196 196
149 149
75 75
37 37
199 199
183 183
69 69
81 81
116 116
188 188
11 11
180 180
137 137
58 58
91 91
33 33
2 2
192 192
77 77
18 18
50 50
83 83
71 71
25 25
102 102
48 48
123 123
22 22
110 110
135 135
44 44
26 26
178 178
32 32
122 122
56 56
61 61
55 55
80 80
179 179
78 78
100 100
156 156
76 76
151 151
47 47
43 43
67 67
41 41
14 14
159 159
28 28
105 105
17 17
152 152
193 193
164 164
140 140
143 143
184 184
85 85
16 16
31 31
194 194
170 170
10 10
146 146
53 53
1 1
99 99
153 153
51 51
9 9
68 68
157 157
52 52
162 162
168 168
177 177
64 64
46 46
187 187
173 173
63 63
