DZA HMD ARG ALB AND BVT CAF COG GNQ GRD GUM GUY HMD CUB GRL GRC FSM ESH ESH FSM GIB FSM EGY BFA BLM BES BLR CCK HKG GLP HND GEO FRO FRA GBR ECU GHA FSM ERI FIN FLK ABW BEN BDI BRN COD CHE CYP DEU CRI CRI ETH EST CAN BRB BGD CZE CXR CYM ARE DNK CUW AUS BHS DOM ATF ATA DJI DZA
50
HMD HMD
ARG ARG
ALB ALB
AND AND
BVT BVT
CAF CAF
COG COG
GNQ GNQ
GRD GRD
CUB CUB
GRC GRC
FSM FSM
BFA BFA
BLM BLM
BES BES
BLR BLR
CCK CCK
HKG HKG
GLP GLP
HND HND
GEO GEO
FRO FRO
FRA FRA
GBR GBR
ECU ECU
GHA GHA
ERI ERI
FIN FIN
FLK FLK
ABW ABW
BEN BEN
BDI BDI
BRN BRN
COD COD
CHE CHE
CAN CAN
BRB BRB
BGD BGD
CZE CZE
CXR CXR
CYM CYM
ARE ARE
DNK DNK
CUW CUW
AUS AUS
BHS BHS
DOM DOM
ATF ATF
ATA ATA
DJI DJI
