YuhuaEast Sennett SerangoonGarden SingaporeRiver ChinaSquare SerangoonNorth TagoreSindo Punggol BenoiSector BedokSouth Trafalgar PasirRisPark Shipyard SembawangStraits OneTreeHill HongKah UpperThomson Kembangan ChoaChuKang DefuIndustrialPark HougangCentral Saujana BoatQuay Aljunied YioChuKang Mountbatten Northland WoodlandsWest BukitBatokSouth KebunBahru SerangoonCentral TelokBlangahDrive PunggolField PasirPanjang2 TiongBahru TuasBay Senja TuasPromenade Tanglin ChangiWest EastCoast Sembawang TampinesNorth JooSengPayaLebar JurongPort PeiChun DairyFarm PangSua LoyangEast WaterwayEast SungeiRoad YuhuaEast KentRidge Commonwealth WestCoast CityHall Chatsworth WestCoast InstitutionHill KentRidge BukitPanjang TuasNorthPioneer SouthernIslands HongKahNorth KeatHong Dunearn SembawangHills UluPandan YioChuKangEast KianTeck BukitTimah Serangoon Brickworks TelokBlangahRise Sentosa SungeiKadut BayfrontSubzone PeoplesPark OrangeGrove Matilda Geylang PasirPanjang1 SembawangEast TelokBlangahDrive TelokBlangahDrive Commonwealth SembawangEast PasirRis Mandai BoonLayPlace LowerSeletar PearlsHill MandaiEast RochorCanal Port AlexandraNorth SimpangNorth Paterson Khatib PulauPunggolTimor ReservoirView EvertonPark ClementiNorth PasirRisDrive TohGuan PayaLebarEast Museum Moulmein GeylangEast KebunBahru Tampines BukitBatokWest DhobyGhaut Cairnhill ChangiPoint AngMoKioTownCentre OneNorth JurongWestCentral IstanaNegara BedokNorth CityHall YuhuaEast
100
Sennett Sennett
SerangoonGarden SerangoonGarden
SingaporeRiver SingaporeRiver
ChinaSquare ChinaSquare
SerangoonNorth SerangoonNorth
TagoreSindo TagoreSindo
Punggol Punggol
BenoiSector BenoiSector
BedokSouth BedokSouth
Trafalgar Trafalgar
PasirRisPark PasirRisPark
Shipyard Shipyard
SembawangStraits SembawangStraits
OneTreeHill OneTreeHill
HongKah HongKah
UpperThomson UpperThomson
Kembangan Kembangan
ChoaChuKang ChoaChuKang
DefuIndustrialPark DefuIndustrialPark
HougangCentral HougangCentral
Saujana Saujana
BoatQuay BoatQuay
Aljunied Aljunied
YioChuKang YioChuKang
Mountbatten Mountbatten
Northland Northland
WoodlandsWest WoodlandsWest
BukitBatokSouth BukitBatokSouth
KebunBahru KebunBahru
SerangoonCentral SerangoonCentral
PunggolField PunggolField
TiongBahru TiongBahru
TuasBay TuasBay
TuasPromenade TuasPromenade
Tanglin Tanglin
ChangiWest ChangiWest
EastCoast EastCoast
Sembawang Sembawang
TampinesNorth TampinesNorth
JooSengPayaLebar JooSengPayaLebar
JurongPort JurongPort
PeiChun PeiChun
DairyFarm DairyFarm
PangSua PangSua
WaterwayEast WaterwayEast
SungeiRoad SungeiRoad
KentRidge KentRidge
Commonwealth Commonwealth
CityHall CityHall
Chatsworth Chatsworth
InstitutionHill InstitutionHill
TuasNorthPioneer TuasNorthPioneer
SouthernIslands SouthernIslands
HongKahNorth HongKahNorth
KeatHong KeatHong
SembawangHills SembawangHills
UluPandan UluPandan
YioChuKangEast YioChuKangEast
Serangoon Serangoon
Brickworks Brickworks
TelokBlangahRise TelokBlangahRise
Sentosa Sentosa
SungeiKadut SungeiKadut
BayfrontSubzone BayfrontSubzone
PeoplesPark PeoplesPark
OrangeGrove OrangeGrove
Matilda Matilda
Geylang Geylang
PasirRis PasirRis
Mandai Mandai
BoonLayPlace BoonLayPlace
LowerSeletar LowerSeletar
PearlsHill PearlsHill
MandaiEast MandaiEast
RochorCanal RochorCanal
Port Port
AlexandraNorth AlexandraNorth
SimpangNorth SimpangNorth
Paterson Paterson
Khatib Khatib
PulauPunggolTimor PulauPunggolTimor
ReservoirView ReservoirView
EvertonPark EvertonPark
ClementiNorth ClementiNorth
PasirRisDrive PasirRisDrive
TohGuan TohGuan
PayaLebarEast PayaLebarEast
Museum Museum
Moulmein Moulmein
GeylangEast GeylangEast
Tampines Tampines
BukitBatokWest BukitBatokWest
DhobyGhaut DhobyGhaut
Cairnhill Cairnhill
ChangiPoint ChangiPoint
AngMoKioTownCentre AngMoKioTownCentre
OneNorth OneNorth
JurongWestCentral JurongWestCentral
IstanaNegara IstanaNegara
BedokNorth BedokNorth
