J6 F0 A5 B7 I7 D9 F3 C8 D8 I3 E0 J4 E8 J7 E6 C4 J7 C2 G9 C1 H7 F2 J0 G4 G3 G3 B5 H8 F8 G6 H2 F3 B6 J4 E2 J0 H0 D0 D5 J4 F7 A0 A8 H3 E6 A9 B2 B7 E1 H0 B3 J9 B5 J5 F9 A5 A2 C1 B9 J8 H3 G8 D0 G0 E0 A0 G6 C6 C3 A7 F5 E4 B0 D6 F0 C9 H5 H4 B7 C4 J6
50
J6 J6
F0 F0
A5 A5
B7 B7
I7 I7
F3 F3
D8 D8
I3 I3
E0 E0
J4 J4
J7 J7
C4 C4
C2 C2
G9 G9
C1 C1
H7 H7
B5 B5
H8 H8
F8 F8
G6 G6
H2 H2
B6 B6
E2 E2
H0 H0
D0 D0
F7 F7
A0 A0
A8 A8
H3 H3
A9 A9
E1 E1
B3 B3
J9 J9
J5 J5
F9 F9
A2 A2
B9 B9
J8 J8
G8 G8
G0 G0
C6 C6
C3 C3
A7 A7
F5 F5
E4 E4
B0 B0
D6 D6
C9 C9
H5 H5
H4 H4
