0 184 151 190 177 178 189 175 182 183 161 194 192 186 181 172 191 176 180 171 162 185 163 153 170 196 193 157 168 156 174 165 160 166 155 150 152 197 188 199 198 164 173 159 187 167 154 169 179 158 195 0
50
184 184
151 151
190 190
177 177
178 178
189 189
175 175
182 182
183 183
161 161
194 194
192 192
186 186
181 181
172 172
191 191
176 176
180 180
171 171
162 162
185 185
163 163
153 153
170 170
196 196
193 193
157 157
168 168
156 156
174 174
165 165
160 160
166 166
155 155
150 150
152 152
197 197
188 188
199 199
198 198
164 164
173 173
159 159
187 187
167 167
154 154
169 169
179 179
158 158
195 195
