Qwilfish Drampa Sandile Vullaby Scatterbug Whismur Magnemite Crawdaunt Paras Honedge Wartortle Bastiodon Froakie Tauros Gengar Weezing Plusle Woobat Dewpider Scatterbug Xerneas Whismur Dewpider Taillow Woobat Taillow Jumpluff Vullaby Sandile Magnemite Politoed Metang Slurpuff Sandile Crawdaunt Drapion Honedge Phanpy Tropius Drapion Lotad Tropius Inkay Meloetta Slowbro Lotad Phanpy Metang Magmar Skiddo Scatterbug Nincada Yungoos Amoonguss Magnemite Tsareena Wartortle Honedge Shellder Dewpider Swadloon Tauros Tauros Swadloon Weezing Stufful Whismur Dewpider Seaking Bounsweet Whismur Scatterbug Dewpider Tsareena Scatterbug Xerneas Jumpluff Vullaby Froakie Lotad Terrakion Politoed Metang Meloetta Amoonguss Taillow Skorupi Skiddo Shellos Vullaby Sandile Meloetta Drapion Slurpuff Inkay Dewpider Drapion Lotad Lotad Skorupi Inkay Vullaby Sandile Tropius Noibat Drampa Sandile Drampa Shellos Nincada Whismur Bounsweet Froakie Magnemite Amoonguss Crawdaunt Scatterbug Taillow Drapion Lotad Metang Slurpuff Inkay Magmar Volcarona Vullaby Porygon2 Meloetta Sandile Simisear Noibat Skiddo Skorupi Honedge Kakuna Tauros Weezing Vespiquen Shellder Bastiodon Treecko Seaking Munna Gengar Metapod Jumpluff Steenee Plusle Wailord Swadloon Comfey Weepinbell Escavalier Woobat Stufful Conkeldurr Qwilfish
50
Qwilfish Qwilfish
Drampa Drampa
Sandile Sandile
Vullaby Vullaby
Scatterbug Scatterbug
Whismur Whismur
Magnemite Magnemite
Crawdaunt Crawdaunt
Honedge Honedge
Bastiodon Bastiodon
Froakie Froakie
Tauros Tauros
Gengar Gengar
Weezing Weezing
Plusle Plusle
Woobat Woobat
Taillow Taillow
Jumpluff Jumpluff
Metang Metang
Slurpuff Slurpuff
Drapion Drapion
Lotad Lotad
Inkay Inkay
Meloetta Meloetta
Magmar Magmar
Skiddo Skiddo
Nincada Nincada
Amoonguss Amoonguss
Shellder Shellder
Swadloon Swadloon
Stufful Stufful
Seaking Seaking
Bounsweet Bounsweet
Skorupi Skorupi
Shellos Shellos
Noibat Noibat
Volcarona Volcarona
Porygon2 Porygon2
Simisear Simisear
Kakuna Kakuna
Vespiquen Vespiquen
Treecko Treecko
Munna Munna
Metapod Metapod
Steenee Steenee
Wailord Wailord
Comfey Comfey
Weepinbell Weepinbell
Escavalier Escavalier
Conkeldurr Conkeldurr
