Soda EtcheverryHall WicksonNaturalArea Emeryville SproulPlaza AnthonyHall HertzHall Unit1 BancroftLibrary EastGate ChouHall Belmont BlumHall Cory WestCircle KroeberHall WheelerHall GoldmanField GilmanHall HearstGreekTheatre CalvinLaboratory PimentelHall BarkerHall Piedmont HargroveMusicLibrary NorthGateHall DonnerLab LewisHall WestGate FrankSchlessingerWay Fairfield WursterHall HearstMiningCircle StadiumRimWay ClarkKerrCampus LowerSproulPlaza Pacifica Hillsborough SanRamon EvansHall FoundersRock MinorHallAddition StHelena KleebergerFieldHouse SatherTower Pittsburg Alameda GiauqueHall Orinda Oakley Brisbane MartinezCommons Saratoga Hayward Unit3 Albany SanRafael IshiCourt SanPablo Benicia ZellerbachPlayhouse MulfordHall ZellerbachHall WellmanHall SternHall WomenFacultyClub Healdsburg Campanile Insectary ClearyHall Pinole Soda
70
EtcheverryHall EtcheverryHall
WicksonNaturalArea WicksonNaturalArea
Emeryville Emeryville
SproulPlaza SproulPlaza
AnthonyHall AnthonyHall
HertzHall HertzHall
Unit1 Unit1
BancroftLibrary BancroftLibrary
EastGate EastGate
ChouHall ChouHall
Belmont Belmont
BlumHall BlumHall
Cory Cory
WestCircle WestCircle
KroeberHall KroeberHall
WheelerHall WheelerHall
GoldmanField GoldmanField
GilmanHall GilmanHall
HearstGreekTheatre HearstGreekTheatre
CalvinLaboratory CalvinLaboratory
PimentelHall PimentelHall
BarkerHall BarkerHall
Piedmont Piedmont
HargroveMusicLibrary HargroveMusicLibrary
NorthGateHall NorthGateHall
DonnerLab DonnerLab
LewisHall LewisHall
WestGate WestGate
FrankSchlessingerWay FrankSchlessingerWay
Fairfield Fairfield
WursterHall WursterHall
HearstMiningCircle HearstMiningCircle
StadiumRimWay StadiumRimWay
ClarkKerrCampus ClarkKerrCampus
LowerSproulPlaza LowerSproulPlaza
Pacifica Pacifica
Hillsborough Hillsborough
SanRamon SanRamon
EvansHall EvansHall
FoundersRock FoundersRock
MinorHallAddition MinorHallAddition
StHelena StHelena
KleebergerFieldHouse KleebergerFieldHouse
SatherTower SatherTower
Pittsburg Pittsburg
Alameda Alameda
GiauqueHall GiauqueHall
Orinda Orinda
Oakley Oakley
Brisbane Brisbane
MartinezCommons MartinezCommons
Saratoga Saratoga
Hayward Hayward
Unit3 Unit3
Albany Albany
SanRafael SanRafael
IshiCourt IshiCourt
SanPablo SanPablo
Benicia Benicia
ZellerbachPlayhouse ZellerbachPlayhouse
MulfordHall MulfordHall
ZellerbachHall ZellerbachHall
WellmanHall WellmanHall
SternHall SternHall
WomenFacultyClub WomenFacultyClub
Healdsburg Healdsburg
Campanile Campanile
Insectary Insectary
ClearyHall ClearyHall
Pinole Pinole
