BerkeleyArtMuseumand BerkeleyArtMuseumand BerkeleyArtMuseumand BerkeleyArtMuseumand BerkeleyArtMuseumand BerkeleyArtMuseumand BerkeleyArtMuseumand BerkeleyArtMuseumand BerkeleyArtMuseumand LawSchool BerkeleyArtMuseumand BancroftLibrary BerkeleyArtMuseumand SatherTower BerkeleyArtMuseumand FallProgramforFreshm SpiekerAquaticsCompl MulfordHall BerkeleyArtMuseumand LawrenceHallofScienc UniversityHouse IRLE BerkeleyArtMuseumand EvansDiamond BerkeleyArtMuseumand Demography BerkeleyArtMuseumand Library AlumniHouse BerkeleyArtMuseumand PublicAffairsOfficeo BerkeleyArtMuseumand MorrisonHall NorthField BerkeleyArtMuseumand InsectaryGreenhouse AcademicInnovationSt MariesHouse PacificFilmArchiveBe FacultyGlade McLaughlinHall Sebastians BerkeleyArtMuseumand SutardjaDaiHall UniversityHealthServ BerkeleyArtMuseumand CoryHall StanleyHall MosesHall EvansHall EllsworthParkingStru BerkeleyArtMuseumand UpperHearstParkingSt BerkeleyArtMuseumand CheitHall BerkeleyArtMuseumand HearstMemorialMining ClarkKerrCampus FacultyClub BerkeleyArtMuseumand CaliforniaHall BerkeleyArtMuseumand ZellerbachHall BerkeleyArtMuseumand HenryHWheelerBrainIm InvestigativeReporti EastAsianStudiesInst BerkeleyArtMuseumand FoxCottage2350Bowdit Unit1ResidentHall LowerHearstParkingSt InternationalHouse BerkeleyArtMuseumand SimonHall MaxwellFamilyFieldan BanwayBuilding AHammock MagnesCollectionofJe NaturalResourcesLabo BerkeleyArtMuseumand WellmanHall BerkeleyArtMuseumand EdwardsTrackStadiumG GianniniHall CesarEChavezStudentC ManvilleHall BowlesHall LeConteHall EnergyBiosciencesBui GoldmanField MartinezCommons LawrenceBerkeleyNati KoretVisitorCenter MathematicalSciences GraduateTheologicalU GolbousPlace ObservatoryHill LatinAmericanStudies SimpsonCenterforStud KoshlandHall HavilandHall BancroftDanceStudio LiKaShingCenter BarrowsHall AnthonyHall McConeHall HaasSchoolofBusiness ChancellorsEsplanade WarrenHall CareerCenter ArchitectsEngineersA LegendsAquaticCenter BerkeleyArtMuseumand
82
BerkeleyArtMuseumand BerkeleyArtMuseumand
LawSchool LawSchool
BancroftLibrary BancroftLibrary
SatherTower SatherTower
FallProgramforFreshm FallProgramforFreshm
SpiekerAquaticsCompl SpiekerAquaticsCompl
MulfordHall MulfordHall
LawrenceHallofScienc LawrenceHallofScienc
UniversityHouse UniversityHouse
IRLE IRLE
EvansDiamond EvansDiamond
Demography Demography
Library Library
AlumniHouse AlumniHouse
PublicAffairsOfficeo PublicAffairsOfficeo
MorrisonHall MorrisonHall
NorthField NorthField
InsectaryGreenhouse InsectaryGreenhouse
AcademicInnovationSt AcademicInnovationSt
MariesHouse MariesHouse
PacificFilmArchiveBe PacificFilmArchiveBe
FacultyGlade FacultyGlade
McLaughlinHall McLaughlinHall
Sebastians Sebastians
SutardjaDaiHall SutardjaDaiHall
UniversityHealthServ UniversityHealthServ
CoryHall CoryHall
StanleyHall StanleyHall
MosesHall MosesHall
EvansHall EvansHall
EllsworthParkingStru EllsworthParkingStru
UpperHearstParkingSt UpperHearstParkingSt
CheitHall CheitHall
HearstMemorialMining HearstMemorialMining
ClarkKerrCampus ClarkKerrCampus
FacultyClub FacultyClub
CaliforniaHall CaliforniaHall
ZellerbachHall ZellerbachHall
HenryHWheelerBrainIm HenryHWheelerBrainIm
InvestigativeReporti InvestigativeReporti
EastAsianStudiesInst EastAsianStudiesInst
FoxCottage2350Bowdit FoxCottage2350Bowdit
Unit1ResidentHall Unit1ResidentHall
LowerHearstParkingSt LowerHearstParkingSt
InternationalHouse InternationalHouse
SimonHall SimonHall
MaxwellFamilyFieldan MaxwellFamilyFieldan
BanwayBuilding BanwayBuilding
AHammock AHammock
MagnesCollectionofJe MagnesCollectionofJe
NaturalResourcesLabo NaturalResourcesLabo
WellmanHall WellmanHall
EdwardsTrackStadiumG EdwardsTrackStadiumG
GianniniHall GianniniHall
CesarEChavezStudentC CesarEChavezStudentC
ManvilleHall ManvilleHall
BowlesHall BowlesHall
LeConteHall LeConteHall
EnergyBiosciencesBui EnergyBiosciencesBui
GoldmanField GoldmanField
MartinezCommons MartinezCommons
LawrenceBerkeleyNati LawrenceBerkeleyNati
KoretVisitorCenter KoretVisitorCenter
MathematicalSciences MathematicalSciences
GraduateTheologicalU GraduateTheologicalU
GolbousPlace GolbousPlace
ObservatoryHill ObservatoryHill
LatinAmericanStudies LatinAmericanStudies
SimpsonCenterforStud SimpsonCenterforStud
KoshlandHall KoshlandHall
HavilandHall HavilandHall
BancroftDanceStudio BancroftDanceStudio
LiKaShingCenter LiKaShingCenter
BarrowsHall BarrowsHall
AnthonyHall AnthonyHall
McConeHall McConeHall
HaasSchoolofBusiness HaasSchoolofBusiness
ChancellorsEsplanade ChancellorsEsplanade
WarrenHall WarrenHall
CareerCenter CareerCenter
ArchitectsEngineersA ArchitectsEngineersA
LegendsAquaticCenter LegendsAquaticCenter
