LegendsAquaticCenter LegendsAquaticCenter DurantHall MemorialGlade EucalyptusGrove LewisHall LegendsAquaticCenter SodaHall LegendsAquaticCenter EllsworthParkingStru LegendsAquaticCenter StarrEastAsianLibrar LegendsAquaticCenter NorthField LegendsAquaticCenter LawSchool InvestigativeReporti SatherTower SoutheastAsianStudie GoldmanField LevineFrickeSoftball LeConteHall NorthGateHall CITRIS ValleyLifeSciencesBu GolbousPlace LegendsAquaticCenter
20
LegendsAquaticCenter LegendsAquaticCenter
DurantHall DurantHall
MemorialGlade MemorialGlade
EucalyptusGrove EucalyptusGrove
LewisHall LewisHall
SodaHall SodaHall
EllsworthParkingStru EllsworthParkingStru
StarrEastAsianLibrar StarrEastAsianLibrar
NorthField NorthField
LawSchool LawSchool
InvestigativeReporti InvestigativeReporti
SatherTower SatherTower
SoutheastAsianStudie SoutheastAsianStudie
GoldmanField GoldmanField
LevineFrickeSoftball LevineFrickeSoftball
LeConteHall LeConteHall
NorthGateHall NorthGateHall
CITRIS CITRIS
ValleyLifeSciencesBu ValleyLifeSciencesBu
GolbousPlace GolbousPlace
