Fizz Viktor Nasus Vladimir Kennen Nidalee Katarina Gragas Amumu StormSpirit Zilean Techies Brewmaster Mirana KhaZix Ezreal Kassadin Ekko ArcWarden Trundle Slark Yorick Sona Timbersaw DeathProphet Pantheon JarvanIV Janna Undying Warlock Volibear EmberSpirit Spectre Huskar Bane Orianna Talon Tiny Kled Terrorblade ArcWarden Clockwerk Xayah Azir Heimerdinger Annie Sniper Oracle TrollWarlord KhaZix TahmKench Venomancer Syndra Nunu Jinx Magnus CentaurWarrunner ShadowDemon Rubick Rumble Zed Quinn Orianna NightStalker ShadowFiend LeBlanc Karma Jayce Thresh FacelessVoid Beastmaster Tiny Talon Terrorblade Omniknight WinterWyvern Morphling Ziggs Tristana Puck SpiritBreaker Cassiopeia LoneDruid Medusa BountyHunter Fiddlesticks VelKoz Visage Ryze Irelia Kayn Vi Rengar Leona Slardar Sven Weaver Singed Chen Lucian ShadowShaman Fizz
89
Fizz Fizz
Viktor Viktor
Nasus Nasus
Vladimir Vladimir
Kennen Kennen
Nidalee Nidalee
Katarina Katarina
Gragas Gragas
Amumu Amumu
StormSpirit StormSpirit
Zilean Zilean
Techies Techies
Brewmaster Brewmaster
Mirana Mirana
KhaZix KhaZix
Kassadin Kassadin
Ekko Ekko
Trundle Trundle
Slark Slark
Yorick Yorick
Sona Sona
Timbersaw Timbersaw
DeathProphet DeathProphet
Pantheon Pantheon
JarvanIV JarvanIV
Janna Janna
Undying Undying
Warlock Warlock
Huskar Huskar
Bane Bane
Orianna Orianna
Talon Talon
Tiny Tiny
Kled Kled
Terrorblade Terrorblade
Xayah Xayah
Azir Azir
Heimerdinger Heimerdinger
Annie Annie
Sniper Sniper
Oracle Oracle
TrollWarlord TrollWarlord
TahmKench TahmKench
Venomancer Venomancer
Syndra Syndra
Nunu Nunu
Jinx Jinx
Magnus Magnus
CentaurWarrunner CentaurWarrunner
ShadowDemon ShadowDemon
Rubick Rubick
Rumble Rumble
Zed Zed
Quinn Quinn
NightStalker NightStalker
ShadowFiend ShadowFiend
LeBlanc LeBlanc
Karma Karma
Jayce Jayce
Thresh Thresh
FacelessVoid FacelessVoid
Beastmaster Beastmaster
Omniknight Omniknight
WinterWyvern WinterWyvern
Morphling Morphling
Ziggs Ziggs
Tristana Tristana
Puck Puck
SpiritBreaker SpiritBreaker
Cassiopeia Cassiopeia
LoneDruid LoneDruid
Medusa Medusa
BountyHunter BountyHunter
Fiddlesticks Fiddlesticks
VelKoz VelKoz
Visage Visage
Ryze Ryze
Irelia Irelia
Kayn Kayn
Vi Vi
Rengar Rengar
Leona Leona
Slardar Slardar
Sven Sven
Weaver Weaver
Singed Singed
Chen Chen
Lucian Lucian
ShadowShaman ShadowShaman
