0 1 0 22 0 21 0 23 24 9 7 25 7 9 10 72 67 63 59 57 51 60 61 65 70 65 69 73 12 30 33 41 81 79 81 41 33 36 35 39 37 84 87 82 87 84 37 39 35 29 34 38 75 95 96 97 98 83 99 85 99 78 76 16 15 14 47 45 42 86 42 45 47 48 49 92 90 92 49 50 93 89 94 88 80 43 44 43 91 46 47 14 17 18 19 20 19 18 17 14 13 14 31 40 31 32 30 28 27 77 27 28 26 28 12 73 69 65 61 60 64 68 71 11 10 8 74 66 62 58 56 52 55 54 53 54 55 52 56 58 62 66 74 8 7 0 2 3 4 5 6 5 4 3 2 0
100
0 0
1 1
22 22
21 21
23 23
24 24
9 9
7 7
25 25
10 10
72 72
67 67
63 63
59 59
57 57
51 51
60 60
61 61
65 65
70 70
69 69
73 73
12 12
30 30
33 33
41 41
81 81
79 79
36 36
35 35
39 39
37 37
84 84
87 87
82 82
29 29
34 34
38 38
75 75
95 95
96 96
97 97
98 98
83 83
99 99
85 85
78 78
76 76
16 16
15 15
14 14
47 47
45 45
42 42
86 86
48 48
49 49
92 92
90 90
50 50
93 93
89 89
94 94
88 88
80 80
43 43
44 44
91 91
46 46
17 17
18 18
19 19
20 20
13 13
31 31
40 40
32 32
28 28
27 27
77 77
26 26
64 64
68 68
71 71
11 11
8 8
74 74
66 66
62 62
58 58
56 56
52 52
55 55
54 54
53 53
2 2
3 3
4 4
5 5
6 6
