0 2 27 2 22 2 21 2 26 2 25 2 0 4 41 4 44 4 39 4 40 4 43 4 0 5 48 5 49 5 50 5 54 5 0 7 71 7 68 7 64 7 70 7 0 6 55 6 59 6 57 6 61 6 63 6 0 9 82 9 83 9 87 9 89 9 0 8 77 8 80 8 73 8 79 8 76 8 0 1 15 1 10 1 11 1 17 1 18 1 0 3 32 3 29 3 36 3 0
49
2 2
27 27
22 22
21 21
26 26
25 25
4 4
41 41
44 44
39 39
40 40
43 43
5 5
48 48
49 49
50 50
54 54
7 7
71 71
68 68
64 64
70 70
6 6
55 55
59 59
57 57
61 61
63 63
9 9
82 82
83 83
87 87
89 89
8 8
77 77
80 80
73 73
79 79
76 76
1 1
15 15
10 10
11 11
17 17
18 18
3 3
32 32
29 29
36 36
