1 93 45 14 59 182 139 91 167 21 112 97 137 148 161 180 60 3 11 159 34 89 129 131 9 188 67 36 78 100 53 35 52 178 13 28 92 163 172 186 79 143 65 176 116 64 191 181 68 94 114 118 76 126 17 111 74 2 123 142 12 25 192 108 183 121 149 184 16 42 132 20 119 197 87 127 70 7 117 164 23 82 77 165 6 29 155 27 160 95 99 40 81 153 122 32 151 120 57 147 44 140 190 170 1
100
93 93
45 45
14 14
59 59
182 182
139 139
91 91
167 167
21 21
112 112
97 97
137 137
148 148
161 161
180 180
60 60
3 3
11 11
159 159
34 34
89 89
129 129
131 131
9 9
188 188
67 67
36 36
78 78
100 100
53 53
35 35
52 52
178 178
13 13
28 28
92 92
163 163
172 172
186 186
79 79
143 143
65 65
176 176
116 116
64 64
191 191
181 181
68 68
94 94
114 114
118 118
76 76
126 126
17 17
74 74
2 2
123 123
142 142
12 12
25 25
192 192
108 108
183 183
121 121
149 149
184 184
16 16
42 42
132 132
20 20
119 119
197 197
87 87
127 127
70 70
7 7
117 117
164 164
77 77
165 165
6 6
29 29
155 155
27 27
160 160
95 95
99 99
40 40
81 81
153 153
122 122
32 32
151 151
120 120
57 57
147 147
44 44
140 140
190 190
170 170
