According to known of is way bee be The anyway bees off little its small are Its lint Wave row flying that Special thought Three grade Those glad day around come growing Hear bees because anyway flies The the off body little fat its get small too are wings Its able be should bee a way no is there of laws known all to According not going got report A very money fatherpaid Use pick this you on Breakfast it and think what According
50
to to
known known
of of
is is
way way
bee bee
be be
The The
anyway anyway
bees bees
off off
little little
its its
small small
are are
Its Its
lint lint
Wave Wave
row row
flying flying
that that
Special Special
thought thought
Three Three
grade grade
Those Those
glad glad
day day
around around
come come
growing growing
Hear Hear
not not
going going
got got
report report
A A
very very
money money
fatherpaid fatherpaid
Use Use
pick pick
this this
you you
on on
Breakfast Breakfast
it it
and and
think think
what what
