61 8 83 20 19 41 14 33 80 0 98 28 2 24 79 49 5 79 5 72 58 82 11 92 57 52 52 12 28 60 77 57 12 25 49 2 67 63 91 60 33 90 54 82 17 57 60 5 76 31 2 51 57 60 91 8 70 39 69 86 30 28 15 37 10 35 65 36 97 85 3 32 26 11 73 44 42 40 74 6 4 31 1 83 48 61
50
8 8
83 83
14 14
33 33
80 80
98 98
28 28
2 2
5 5
72 72
58 58
82 82
11 11
92 92
57 57
60 60
25 25
67 67
63 63
91 91
90 90
17 17
76 76
31 31
51 51
70 70
39 39
69 69
86 86
30 30
15 15
37 37
10 10
35 35
65 65
36 36
97 97
85 85
3 3
32 32
26 26
73 73
44 44
42 42
40 40
74 74
6 6
4 4
1 1
48 48
