gc as ac co q fr gm bl i b cx bn cz cr cp j bv fh et ds u dg cm gm ab dy fw cg fy fa db az cn g br er go am ep ck p fq fk ff e fe bq at a dn da ai v gq bu y es dw ad ga dx gn by bc ah gh fd fo an bl ft ao cs cl ee cj bi el cv fn ey bt bb bx t ap at bx ad gj cq di as gi d dh en ev ae dj gg dp do aw dq bp fi bj ge eq em gk gc
100
as as
ac ac
co co
q q
fr fr
gm gm
bl bl
b b
bn bn
cz cz
cr cr
cp cp
j j
bv bv
fh fh
et et
ds ds
u u
dg dg
cm cm
ab ab
dy dy
fw fw
cg cg
fy fy
fa fa
db db
az az
cn cn
g g
br br
er er
go go
am am
ep ep
ck ck
p p
fq fq
fk fk
ff ff
e e
fe fe
bq bq
at at
a a
dn dn
ai ai
v v
gq gq
bu bu
y y
es es
dw dw
ad ad
ga ga
dx dx
gn gn
by by
bc bc
ah ah
gh gh
fd fd
fo fo
an an
ft ft
ao ao
cs cs
cl cl
ee ee
cj cj
bi bi
el el
cv cv
fn fn
ey ey
bt bt
bb bb
bx bx
ap ap
gj gj
cq cq
di di
gi gi
d d
dh dh
en en
ae ae
dj dj
gg gg
dp dp
do do
aw aw
dq dq
bp bp
fi fi
bj bj
ge ge
eq eq
em em
gk gk
