Liam Jacob Joseph Matthew Michael Jaxon Liam Oliver William Grayson Joseph Andrew Lucas Jackson Ethan Logan Noah Jaxon Alexander Andrew Lucas Carter William Mason Elijah Thomas Samuel Alexander Henry James David Aiden Sebastian Daniel Wyatt Benjamin Liam
25
Liam Liam
Jacob Jacob
Joseph Joseph
Matthew Matthew
Michael Michael
Oliver Oliver
William William
Lucas Lucas
Jackson Jackson
Ethan Ethan
Logan Logan
Noah Noah
Alexander Alexander
Carter Carter
Mason Mason
Elijah Elijah
Samuel Samuel
Henry Henry
James James
David David
Aiden Aiden
Sebastian Sebastian
Daniel Daniel
Wyatt Wyatt
Benjamin Benjamin
