zero two ten twelve fourteen fifteen twenty twentytwo one twentyfour twentyfive thirtythree thirtyfour thirtyfive twentynine eight thirty thirtysix thirtyseven thirtynine fortyfour fortyfive fifteen fortyseven fortyeight fiftyfive fifty fiftyone fiftythree twentytwo sixty sixtyone sixtytwo fiftyseven seventy sixtyfive twentynine sixtysix sixtyseven sixtyeight seventyfive seventyseven seventyone thirtysix eightyfour seventyeight seventynine eightyone eightytwo eightynine fortythree eightyeight eightyseven ninetyfive six five four three zero
50
two two
ten ten
twelve twelve
fourteen fourteen
fifteen fifteen
twenty twenty
twentytwo twentytwo
twentyfour twentyfour
twentyfive twentyfive
thirtythree thirtythree
thirtyfour thirtyfour
thirtyfive thirtyfive
twentynine twentynine
thirty thirty
thirtysix thirtysix
thirtyseven thirtyseven
thirtynine thirtynine
fortyfour fortyfour
fortyfive fortyfive
fortyseven fortyseven
fortyeight fortyeight
fiftyfive fiftyfive
fifty fifty
fiftyone fiftyone
fiftythree fiftythree
sixty sixty
sixtyone sixtyone
sixtytwo sixtytwo
fiftyseven fiftyseven
seventy seventy
sixtyfive sixtyfive
sixtysix sixtysix
sixtyseven sixtyseven
sixtyeight sixtyeight
seventyfive seventyfive
seventyseven seventyseven
seventyone seventyone
eightyfour eightyfour
seventyeight seventyeight
seventynine seventynine
eightyone eightyone
eightytwo eightytwo
eightynine eightynine
eightyeight eightyeight
eightyseven eightyseven
ninetyfive ninetyfive
six six
five five
four four
three three
