zero five six seven fourteen thirteen twelve eleven one nine fifteen sixteen twenty nineteen eighteen eight twentyfive thirtyone thirtytwo thirtyfour thirtyfive fortytwo fifteen thirtyseven thirtyeight forty fortysix fortyfive three zero
25
five five
six six
seven seven
fourteen fourteen
thirteen thirteen
twelve twelve
eleven eleven
nine nine
fifteen fifteen
sixteen sixteen
twenty twenty
nineteen nineteen
eighteen eighteen
twentyfive twentyfive
thirtyone thirtyone
thirtytwo thirtytwo
thirtyfour thirtyfour
thirtyfive thirtyfive
fortytwo fortytwo
thirtyseven thirtyseven
thirtyeight thirtyeight
forty forty
fortysix fortysix
fortyfive fortyfive
three three
