0 51 52 56 54 57 58 28 36 72 61 63 26 13 16 13 19 15 18 16 11 11 10 6 5 9 58 26 27 23 74 74 77 79 82 79 40 35 76 75 32 77 38 83 86 45 44 89 88 88 47 49 0 87 50 48 88 85 84 83 42 41 0 49 50 87 47 88 48 89 84 85 44 45 86 78 0 81 80 37 40 37 80 81 82 79 32 35 76 75 34 33 0 78 38 79 40 77 76 75 34 28 23 26 27 25 24 0 33 34 75 76 35 32 77 36 27 30 25 71 70 69 68 67 66 0 24 25 27 26 28 60 59 0 66 67 68 69 70 71 72 62 17 0 59 60 61 21 62 63 11 15 14 19 14 15 11 16 16 14 19 13 11 15 14 19 18 57 4 0 17 13 19 14 15 8 53 52 51 0 55 53 54 3 55 56 2 24 25 27 26 28 23 30 29 39 37 40 38 3 2 1 43 45 44 42 41 49 50 47 48 46 22 21 20 7 6 5 8 9 10 4 33 34 35 32 36 31 12 18 16 11 15 14 19 13 17 0
50
28 28
36 36
26 26
13 13
16 16
19 19
15 15
18 18
11 11
10 10
6 6
5 5
9 9
27 27
23 23
40 40
35 35
32 32
38 38
45 45
44 44
47 47
49 49
50 50
48 48
42 42
41 41
37 37
34 34
33 33
25 25
24 24
30 30
17 17
21 21
14 14
4 4
8 8
3 3
2 2
29 29
39 39
1 1
43 43
46 46
22 22
20 20
7 7
31 31
12 12
