188645 35F60D 410DA1 7E18E9 539A92 0D7DE7 FD1783 70146D 8D0852 2EA2EE FF8D45 143B88 1EB422 7E5598 7A7E10 D01E6B 800641 17A825 3ADA02 61EDA9 61EDA9 0FBCDC 35F60D 2C101C 84EBFF FA567E 0FB66D 103C70 500783 500783 A5CCB5 C98FE7 E09D29 AFF8D1 61EDA9 6D778A 298FDD D7CAF9 0801CC E0E349 44716B DBDC9A 07D80A 0A5C0E 0FBCDC 35F60D 3B1041 B7B073 A7E9D9 E0E349 EF4D57 CB09C0 2C101C 1276AF 628AB2 D04F40 9B9BDD 84EBFF E954F7 467AB7 AA8E14 724A76 29B2A4 9B0EC2 19FFAB 48C2D5 D7CAF9 D443EB 8D0852 37F745 784F83 DD2694 4FBDE1 3ADA02 D5356A 94D700 DBDC9A 994F93 A7E9D9 B7B073 B833F0 0FB66D 188645
50
188645 188645
7E18E9 7E18E9
539A92 539A92
FD1783 FD1783
8D0852 8D0852
FF8D45 FF8D45
D01E6B D01E6B
800641 800641
3ADA02 3ADA02
0FBCDC 0FBCDC
2C101C 2C101C
84EBFF 84EBFF
0FB66D 0FB66D
500783 500783
A5CCB5 A5CCB5
C98FE7 C98FE7
E09D29 E09D29
AFF8D1 AFF8D1
6D778A 6D778A
D7CAF9 D7CAF9
44716B 44716B
DBDC9A DBDC9A
07D80A 07D80A
0A5C0E 0A5C0E
3B1041 3B1041
B7B073 B7B073
A7E9D9 A7E9D9
EF4D57 EF4D57
CB09C0 CB09C0
1276AF 1276AF
628AB2 628AB2
D04F40 D04F40
9B9BDD 9B9BDD
E954F7 E954F7
467AB7 467AB7
AA8E14 AA8E14
724A76 724A76
29B2A4 29B2A4
9B0EC2 9B0EC2
19FFAB 19FFAB
48C2D5 48C2D5
D443EB D443EB
37F745 37F745
784F83 784F83
DD2694 DD2694
4FBDE1 4FBDE1
D5356A D5356A
94D700 94D700
994F93 994F93
B833F0 B833F0
