0 77 4 0 31 35 4 35 89 0 31 57 75 81 20 75 17 35 86 3 31 11 3 86 31 17 17 4 3 31 11 11 31 64 3 31 3 100 105 138 104 136 17 25 10 4 25 3 3 86 0 10 35 10 4 48 48 3 3 80 4 25 25 0 3 3 25 4 4 4 17 17 5 17 45 17 27 31 64 13 0 3 3 75 75 89 31 64 3 3 0 86 86 3 0 86 12 75 3 11 0 17 25 75 151 152 153 127 128 130 123 124 102 118 121 144 147 145 106 146 142 149 175 171 169 168 172 173 179 182 112 180 194 196 198 167 109 117 101 113 189 188 177 178 160 158 156 154 24 25 59 7 72 26 89 1 53 31 35 57 21 56 51 54 18 75 29 28 87 49 63 4 96 14 58 55 43 20 99 83 10 86 90 85 98 62 81 82 66 17 22 77 42 5 65 70 44 68 13 0
100
77 77
4 4
31 31
35 35
89 89
57 57
75 75
81 81
20 20
17 17
86 86
100 100
105 105
138 138
104 104
136 136
25 25
10 10
5 5
13 13
151 151
152 152
153 153
127 127
128 128
130 130
123 123
124 124
102 102
118 118
121 121
144 144
147 147
145 145
106 106
146 146
142 142
149 149
175 175
171 171
169 169
168 168
172 172
173 173
179 179
182 182
112 112
180 180
194 194
196 196
198 198
167 167
109 109
117 117
101 101
113 113
189 189
188 188
177 177
178 178
160 160
158 158
156 156
154 154
24 24
59 59
7 7
72 72
26 26
1 1
53 53
21 21
56 56
51 51
54 54
18 18
29 29
28 28
87 87
49 49
63 63
96 96
14 14
58 58
55 55
43 43
99 99
83 83
90 90
85 85
98 98
62 62
82 82
66 66
22 22
42 42
65 65
70 70
44 44
68 68
