3 11 35 81 48 18 48 10 78 86 69 84 86 4 13 82 54 82 47 18 95 51 91 80 69 55 10 80 78 27 91 91 69 10 97 19 3 55 61 84 77 2 35 3 91 5 4 4 88 93 78 11 91 54 84 20 84 55 11 24 2 82 6 18 3 79 99 80 85 55 27 55 85 93 88 61 91 35 4 6 13 27 97 54 23 27 17 21 14 7 8 9 1 6 96 100 87 90 76 68 40 36 32 33 73 25 45 31 24 98 94 71 75 70 66 67 58 63 60 56 53 57 52 50 49 43 41 42 46 29 19 22 15 12 3
50
27 27
19 19
24 24
6 6
23 23
17 17
21 21
14 14
7 7
8 8
9 9
1 1
96 96
100 100
87 87
90 90
76 76
68 68
40 40
36 36
32 32
33 33
73 73
25 25
45 45
31 31
98 98
94 94
71 71
75 75
70 70
66 66
67 67
58 58
63 63
60 60
56 56
53 53
57 57
52 52
50 50
49 49
43 43
41 41
42 42
46 46
29 29
22 22
15 15
12 12
