0 51 0 15 14 11 8 8 13 17 29 29 9 38 20 12 30 58 58 61 44 62 74 65 44 42 34 47 45 38 38 38 38 34 36 64 50 48 38 36 41 37 30 24 16 23 26 23 30 30 20 13 14 7 18 9 37 35 30 63 67 79 79 59 88 70 62 80 88 84 88 87 80 66 73 76 73 80 80 70 63 64 57 68 59 87 85 80 84 80 63 66 85 87 88 62 67 67 66 63 70 59 70 68 57 58 36 66 67 63 61 64 53 47 33 34 30 21 20 9 13 17 16 12 14 15 0 38 37 35 30 34 33 30 35 37 38 36 42 33 34 34 33 47 34 37 35 30 34 45 30 13 16 35 37 38 12 17 17 16 13 20 9 20 18 7 8 12 16 17 13 11 14 3 101 151 199 198 194 197 183 172 177 174 176 175 190 191 186 192 196 156 155 160 154 153 152 149 148 144 147 133 122 127 124 126 125 140 141 136 142 146 106 105 110 104 103 102 52 53 54 60 55 56 96 92 86 91 90 75 76 74 77 72 83 97 94 98 99 49 48 44 47 33 22 27 24 26 25 40 41 36 42 46 6 5 10 4 2 3 1 0
88
51 51
44 44
74 74
42 42
47 47
36 36
48 48
41 41
24 24
26 26
76 76
53 53
33 33
3 3
101 101
151 151
199 199
198 198
194 194
197 197
183 183
172 172
177 177
174 174
176 176
175 175
190 190
191 191
186 186
192 192
196 196
156 156
155 155
160 160
154 154
153 153
152 152
149 149
148 148
144 144
147 147
133 133
122 122
127 127
124 124
126 126
125 125
140 140
141 141
136 136
142 142
146 146
106 106
105 105
110 110
104 104
103 103
102 102
52 52
54 54
60 60
55 55
56 56
96 96
92 92
86 86
91 91
90 90
75 75
77 77
72 72
83 83
97 97
94 94
98 98
99 99
49 49
22 22
27 27
25 25
40 40
46 46
6 6
5 5
10 10
4 4
2 2
1 1
