state purple mortgagor voltmeter catnip catnip catnip purple maidservant catnip catnip catnip servile impure carouse purple McDonald purple purple voltmeter Jennifer purple catnip catnip catnip peacock purple catnip catnip peacock peacock McDonald McDonald purple peacock voltmeter McDonald McDonald versatec Jennifer catnip catnip mortgagor purple McDonald McDonald carouse kitty catnip McDonald servile servile catnip peacock mortgagor servile maidservant kitty peacock McDonald McDonald catnip catnip McDonald McDonald purple purple mortgagor actinic limbic versatec voltmeter voltmeter Jennifer peacock peacock peacock mortgagor catnip catnip catnip catnip catnip catnip catnip voltmeter peacock Jennifer voltmeter catnip Jennifer voltmeter peacock McDonald McDonald McDonald McDonald McDonald McDonald McDonald mortgagor begot wrack watery border driveway motet dumpling scaup value octane joke bloc infuse Waterbury Albert his Darwin knurl sanatoria lobby omicron Arden pairwise rent Protista cache uptown hypothetic fireplace whatsoever Eva shrugging Augean Yaounde curbside foursome flexural turnout opossum Lizzie compunction Whelan circumstantial eggplant harrow Ridgway hungry fleawort presto exhortation bibliophile huge freehold Adamson debenture retardation firebug Della Edmonds monk clasp Steiner trivium regal cohere athletic hallelujah charcoal backgammon dame gavotte ash grade bald heifer registrant supremum complacent stereography gun sepulchral hyphen cocaine Adler lonesome stingy anatomy Evans texture rocky whirligig serge jackass Zellerbach Calkins eidetic scriptwriter Cinderella knick controversial state
100
begot begot
wrack wrack
watery watery
border border
driveway driveway
motet motet
dumpling dumpling
scaup scaup
value value
octane octane
joke joke
bloc bloc
infuse infuse
Waterbury Waterbury
Albert Albert
his his
Darwin Darwin
knurl knurl
sanatoria sanatoria
lobby lobby
omicron omicron
Arden Arden
pairwise pairwise
rent rent
Protista Protista
cache cache
uptown uptown
hypothetic hypothetic
fireplace fireplace
whatsoever whatsoever
Eva Eva
shrugging shrugging
Augean Augean
Yaounde Yaounde
curbside curbside
foursome foursome
flexural flexural
turnout turnout
opossum opossum
Lizzie Lizzie
compunction compunction
Whelan Whelan
circumstantial circumstantial
eggplant eggplant
harrow harrow
Ridgway Ridgway
hungry hungry
fleawort fleawort
presto presto
exhortation exhortation
bibliophile bibliophile
huge huge
freehold freehold
Adamson Adamson
debenture debenture
retardation retardation
firebug firebug
Della Della
Edmonds Edmonds
monk monk
clasp clasp
Steiner Steiner
trivium trivium
regal regal
cohere cohere
athletic athletic
hallelujah hallelujah
charcoal charcoal
backgammon backgammon
dame dame
gavotte gavotte
ash ash
grade grade
bald bald
heifer heifer
registrant registrant
supremum supremum
complacent complacent
stereography stereography
gun gun
sepulchral sepulchral
hyphen hyphen
cocaine cocaine
Adler Adler
lonesome lonesome
stingy stingy
anatomy anatomy
Evans Evans
texture texture
rocky rocky
whirligig whirligig
serge serge
jackass jackass
Zellerbach Zellerbach
Calkins Calkins
eidetic eidetic
scriptwriter scriptwriter
Cinderella Cinderella
knick knick
controversial controversial
