A0 X4 K2 E4 I0 Y0 D0 C0 R4 G1 X6 B4 R5 I3 V6 C4 E3 L5 Q0 H0 M0 T2 A4 J5 T6 C3 W4 A6 M6 C7 J6 Z4 G4 Q4 B5 M4 L0 I1 W5 D2 K4 R6 F6 J0 P2 M1 Q5 G3 Y4 S2 K1 A1 O3 E5 O4 O5 M3 W6 T3 H6 B2 U6 U2 Z1 R3 F3 T5 Q6 F0 Z5 A7 Y6 N1 X2 S1 P0 X0 A2 I5 D3 Y3 P5 V2 Z3 W2 C6 Z6 X1 P6 G6 S6 A5 J1 G0 F4 X3 E1 N2 M5 D7 A0
100
A0 A0
X4 X4
K2 K2
E4 E4
I0 I0
Y0 Y0
D0 D0
C0 C0
R4 R4
G1 G1
X6 X6
B4 B4
R5 R5
I3 I3
V6 V6
C4 C4
E3 E3
L5 L5
Q0 Q0
H0 H0
M0 M0
T2 T2
A4 A4
J5 J5
T6 T6
C3 C3
W4 W4
A6 A6
M6 M6
C7 C7
J6 J6
Z4 Z4
G4 G4
Q4 Q4
B5 B5
M4 M4
L0 L0
I1 I1
W5 W5
D2 D2
K4 K4
R6 R6
F6 F6
J0 J0
P2 P2
M1 M1
Q5 Q5
G3 G3
Y4 Y4
S2 S2
K1 K1
A1 A1
O3 O3
E5 E5
O4 O4
O5 O5
M3 M3
W6 W6
T3 T3
H6 H6
B2 B2
U6 U6
U2 U2
Z1 Z1
R3 R3
F3 F3
T5 T5
Q6 Q6
F0 F0
Z5 Z5
A7 A7
Y6 Y6
N1 N1
X2 X2
S1 S1
P0 P0
X0 X0
A2 A2
I5 I5
D3 D3
Y3 Y3
P5 P5
V2 V2
Z3 Z3
W2 W2
C6 C6
Z6 Z6
X1 X1
P6 P6
G6 G6
S6 S6
A5 A5
J1 J1
G0 G0
F4 F4
X3 X3
E1 E1
N2 N2
M5 M5
D7 D7
