7 74 78 56 41 60 74 35 35 91 96 34 72 60 36 19 37 3 47 69 84 81 49 14 20 21 53 58 75 8 27 41 92 35 28 47 45 93 8 58 32 94 27 81 6 0 74 33 82 52 15 6 81 27 15 52 82 33 91 18 3 41 16 44 41 3 18 34 92 35 28 47 72 15 27 35 92 60 41 92 35 27 15 36 44 72 47 48 56 2 72 44 41 3 44 72 47 35 28 47 72 44 41 93 45 47 28 35 27 71 78 40 56 2 8 93 45 47 48 56 40 78 71 75 36 72 47 45 93 8 58 36 53 19 37 92 35 28 84 77 2 19 20 23 93 27 35 28 67 49 28 35 27 81 90 43 32 1 78 55 44 72 47 48 56 40 78 1 32 43 90 69 48 47 72 44 41 40 56 32 49 23 58 61 42 16 44 89 80 25 96 99 98 65 15 76 63 19 30 22 51 64 33 81 84 38 83 75 74 32 7
30
74 74
96 96
19 19
84 84
81 81
49 49
58 58
75 75
32 32
33 33
15 15
16 16
44 44
23 23
61 61
42 42
89 89
80 80
25 25
99 99
98 98
65 65
76 76
63 63
30 30
22 22
51 51
64 64
38 38
83 83
