149 24 68 75 4 2 36 42 69 48 97 57 72 63 60 19 41 62 30 50 67 95 91 82 77 98 15 86 27 46 61 9 88 71 65 40 3 26 49 52 13 56 90 10 11 6 25 5 89 1 83 34 21 85 12 58 73 32 92 70 81 54 87 39 31 94 93 53 78 17 8 35 84 47 55 38 22 7 64 66 33 28 43 29 79 99 23 74 51 44 37 18 20 80 45 100 76 96 16 59 14 149
100
24 24
68 68
75 75
4 4
2 2
36 36
42 42
69 69
48 48
97 97
57 57
72 72
63 63
60 60
19 19
41 41
62 62
30 30
50 50
67 67
95 95
91 91
82 82
77 77
98 98
15 15
86 86
27 27
46 46
61 61
9 9
88 88
71 71
65 65
40 40
3 3
26 26
49 49
52 52
13 13
56 56
90 90
10 10
11 11
6 6
25 25
5 5
89 89
1 1
83 83
34 34
21 21
85 85
12 12
58 58
73 73
32 32
92 92
70 70
81 81
54 54
87 87
39 39
31 31
94 94
93 93
53 53
78 78
17 17
8 8
35 35
84 84
47 47
55 55
38 38
22 22
7 7
64 64
66 66
33 33
28 28
43 43
29 29
79 79
99 99
23 23
74 74
51 51
44 44
37 37
18 18
20 20
80 80
45 45
100 100
76 76
96 96
16 16
59 59
14 14
