xse ckx syk zud zdb aeu loj kfu qkp ego qol odh zdb cen jwm uok ybr hat ykt jam ogh phg bdh rtc txq jom lrj nfr byu uwo odh lwk fzi nwc khu fhv qkp xme vwg ikb pvs xyl qol aii hpx wbg kcv ocp nmf fia byu lvm zkt zdb nvz bse nvz vpr nmf zkt qdw yug fhv wyg nvz pjf jfh igs gex cma rjv iqd uby svk eah eah ljd tso tdu nii ukv idv rjv hmi qxs byu ruo kcv xeh dnl aeg vtd cun kpp fjy vmv fbk nko bow bnl nry cun nhi vzr jgt fyc wiy qbf ksg tlh xjt fgp mok adx dgl fin kxn uuw vmt emz vvn mti svk uau ptu ttw bda ogh bod krr uwo qjf tko jfh ils miy hcr nsw rsg xse
99
ckx ckx
zud zud
zdb zdb
loj loj
kfu kfu
ego ego
cen cen
uok uok
ybr ybr
jam jam
ogh ogh
phg phg
bdh bdh
rtc rtc
txq txq
lrj lrj
nfr nfr
byu byu
uwo uwo
lwk lwk
fzi fzi
nwc nwc
khu khu
fhv fhv
xme xme
vwg vwg
ikb ikb
pvs pvs
aii aii
hpx hpx
wbg wbg
ocp ocp
nmf nmf
fia fia
lvm lvm
zkt zkt
nvz nvz
qdw qdw
yug yug
wyg wyg
pjf pjf
jfh jfh
gex gex
cma cma
rjv rjv
svk svk
ljd ljd
tso tso
tdu tdu
nii nii
ukv ukv
idv idv
hmi hmi
qxs qxs
ruo ruo
xeh xeh
aeg aeg
vtd vtd
cun cun
kpp kpp
fjy fjy
vmv vmv
fbk fbk
nko nko
bnl bnl
nry nry
nhi nhi
vzr vzr
jgt jgt
fyc fyc
wiy wiy
qbf qbf
ksg ksg
tlh tlh
xjt xjt
fgp fgp
mok mok
adx adx
dgl dgl
fin fin
kxn kxn
uuw uuw
vmt vmt
emz emz
vvn vvn
mti mti
uau uau
ptu ptu
ttw ttw
bda bda
bod bod
krr krr
qjf qjf
tko tko
ils ils
miy miy
hcr hcr
nsw nsw
rsg rsg
