Vernon Buena Grasslands Wallace Clayton Bodad Quail Vernon Civic Ames Vernon Willow Presidio Roseland Commonwealth Marshall Manker Glennville New Bonita Garcia Patrick Bonita Dulzura Pumpkin Louis Louis Flinn Mecca Cypress Collins Garcia Sulpizio Sulpizio Antelope Tuxedo Davenport Smoke Richvale Fiorini Timbuctoo Artesia Newark Visalia Capuchino Stockdale Glencoe Northern Three Coddingtown Sherman Rowland Santa Cudahy Manker Tijuana Moores Smoke Bonita Escondido Yurok Louis Alamo Grasslands Cambridge Lost Pleasant Woody California Nicolaus Bangor Cudahy Bonny Donner Ritter Three California Beach Crestmont Louis Bakersfield Pacheco Garden Presidio Temecula Anaheim Banning Nicolaus Cerro Huron Le Ames Rough Palomar Cressey Escalon Carmel Ramona Anaheim Downtown Bodfish Davenport All Strawberry Sunny Armstrong Chittenden Rowland Kaiser Hoffman Clayton Marshall Industry Warner Parchester Quail Terra Smith Bangor Saint Robertsville Stockdale Portola Costa Cypress South Balboa Fullerton Three Blue Del Helm Carmel Fox Escalon Coddingtown Buena Yankee Forbestown Veterans Delta Potrero Cabbage Sacramento Calaveras Cressey Hammer Lake Wallace Bradley Bell Brundage Winterhaven Industrial Anaheim Vernon
100
Buena Buena
Grasslands Grasslands
Wallace Wallace
Clayton Clayton
Bodad Bodad
Quail Quail
Civic Civic
Presidio Presidio
Roseland Roseland
Marshall Marshall
Manker Manker
Garcia Garcia
Dulzura Dulzura
Louis Louis
Flinn Flinn
Mecca Mecca
Cypress Cypress
Collins Collins
Sulpizio Sulpizio
Antelope Antelope
Davenport Davenport
Smoke Smoke
Richvale Richvale
Fiorini Fiorini
Timbuctoo Timbuctoo
Capuchino Capuchino
Stockdale Stockdale
Glencoe Glencoe
Three Three
Coddingtown Coddingtown
Sherman Sherman
Rowland Rowland
Santa Santa
Cudahy Cudahy
Tijuana Tijuana
Moores Moores
Escondido Escondido
Yurok Yurok
Alamo Alamo
Cambridge Cambridge
Pleasant Pleasant
Woody Woody
California California
Bangor Bangor
Bonny Bonny
Donner Donner
Ritter Ritter
Beach Beach
Crestmont Crestmont
Bakersfield Bakersfield
Pacheco Pacheco
Temecula Temecula
Anaheim Anaheim
Cerro Cerro
Huron Huron
Le Le
Rough Rough
Cressey Cressey
Escalon Escalon
Carmel Carmel
Ramona Ramona
Downtown Downtown
All All
Strawberry Strawberry
Sunny Sunny
Armstrong Armstrong
Chittenden Chittenden
Kaiser Kaiser
Hoffman Hoffman
Industry Industry
Warner Warner
Parchester Parchester
Terra Terra
Smith Smith
Saint Saint
Robertsville Robertsville
Portola Portola
Costa Costa
South South
Balboa Balboa
Fullerton Fullerton
Blue Blue
Del Del
Helm Helm
Fox Fox
Yankee Yankee
Forbestown Forbestown
Veterans Veterans
Delta Delta
Potrero Potrero
Cabbage Cabbage
Sacramento Sacramento
Calaveras Calaveras
Hammer Hammer
Lake Lake
Bradley Bradley
Bell Bell
Brundage Brundage
Winterhaven Winterhaven
Industrial Industrial
