Potrero Calaveras Campbell Ames Santa Colonnade Richvale Presidio Home Calaveras Carmel Richvale Laguna Boulevard Chinese Huron Kentfield Huron Banning Merced Oceanside Yurok Fremont Vista Chinese Fremont Clayton Ida Fiorini Balsdon 18th Smoke Meyers All Warner Linden Woffard Hume Potrero
25
Potrero Potrero
Calaveras Calaveras
Ames Ames
Santa Santa
Richvale Richvale
Carmel Carmel
Laguna Laguna
Boulevard Boulevard
Chinese Chinese
Banning Banning
Merced Merced
Oceanside Oceanside
Fremont Fremont
Clayton Clayton
Ida Ida
Fiorini Fiorini
Balsdon Balsdon
18th 18th
Smoke Smoke
Meyers Meyers
All All
Warner Warner
Linden Linden
Woffard Woffard
Hume Hume
