Evans WursterHall Plentea MulfordHall Raretea Cornerstone ZellerbachHall Barrows Bowles MLK SouthHall HappyLemon HortonHall SatherGate KroeberHall Cornerstone MemorialGlade LewisHall GreekTheatre HortonHall ClarkKerr Spats ImmThai Foothill BAMPFA Evans Artichokes Campbell Dwinelle Cornerstone ImmThai Underhill HavilandHall Artichokes NorthHall Barrows StrawberryCreek SatherGate BancroftLibrary Yifang Barrows StrawberryCreek Eshelman Unit2 Unit2 Cornerstone LeConte MLK Milkbomb Marugame Firewings ZellerbachHall KroeberHall Barrows LatimerHall Plentea SutardjaDai Cornerstone ZellerbachHall Bowles Milkbomb MemorialGlade StrawberryCreek Plentea LatimerHall MLK Moffit SouthHall LeConte Moffit HappyLemon Doe HortonHall Bowles ZellerbachHall SatherGate ZellerbachHall Bowles KroeberHall StrawberryCreek Plentea SproulHall SatherGate GreekTheatre StrawberryCreek MemorialGlade SatherGate SproulHall LewisHall Doe SatherGate GreekTheatre DavisHall LewisHall SproulHall Pappys Unit2 Barrows HortonHall Unit3 Bowles HilgardHall AshaTeaHouse ImmThai Blackwell Underhill LewisHall DavisHall ClarkKerr AshaTeaHouse HilgardHall Bowles Unit3 Spats Underhill Blackwell ImmThai WursterHall KroeberHall Evans WursterHall Plentea Morrisonhall Campbell SutardjaDai Plentea LatimerHall AshaTeaHouse BancroftLibrary Cornerstone Firewings NorthHall Artichokes KroeberHall Bowles MemorialGlade Milkbomb Pappys GreekTheatre StrawberryCreek Cornerstone Firewings CaliforniaHall UniversityVillage HortonHall LeConte Moffit HappyLemon KroeberHall Bowles HilgardHall AshaTeaHouse ImmThai AlumniHouse Unit1 HAAS Marugame DurantHall Firewings Cornerstone HilgardHall Campanile Cornerstone Firewings MemorialGlade StrawberryCreek GreekTheatre Marugame LatimerHall Plentea StrawberryCreek MemorialGlade Milkbomb Gongcha Morrisonhall Bowles Yifang UCafe Chipotle ThaiNoodle Marugame MemorialStadium HortonHall UniversityVillage StrawberryCreek Plentea Cory SutardjaDai Soda Doe GiauqueHall GreekTheatre CanyonPool Kresge Unit1 Foothill HAAS BAMPFA Etcheverry ZellerbachHall Boalt Unit3 Bowles HilgardHall MemorialStadium Barrows Unit2 Stern DavisHall BotanicalGardens Gilman Campanile ThaiNoodle Dwinelle MLK HildebrandHall HearstMining VLSB HavilandHall BancroftLibrary LawrenceHall LeConte Moffit SouthHall HesseHall Wheeler UniversityVillage BerkeleyWayWest AlumniHouse Blackwell RSF CaliforniaHall InternationalHouse DurantHall Campbell Eshelman Evans
50
ZellerbachHall ZellerbachHall
Barrows Barrows
Bowles Bowles
MLK MLK
SouthHall SouthHall
GreekTheatre GreekTheatre
Foothill Foothill
BAMPFA BAMPFA
Campbell Campbell
Dwinelle Dwinelle
HavilandHall HavilandHall
BancroftLibrary BancroftLibrary
Eshelman Eshelman
Unit2 Unit2
LeConte LeConte
SutardjaDai SutardjaDai
Moffit Moffit
Doe Doe
DavisHall DavisHall
Unit3 Unit3
HilgardHall HilgardHall
Blackwell Blackwell
CaliforniaHall CaliforniaHall
UniversityVillage UniversityVillage
AlumniHouse AlumniHouse
Unit1 Unit1
HAAS HAAS
DurantHall DurantHall
Campanile Campanile
ThaiNoodle ThaiNoodle
MemorialStadium MemorialStadium
Cory Cory
Soda Soda
GiauqueHall GiauqueHall
CanyonPool CanyonPool
Kresge Kresge
Etcheverry Etcheverry
Boalt Boalt
Stern Stern
BotanicalGardens BotanicalGardens
Gilman Gilman
HildebrandHall HildebrandHall
HearstMining HearstMining
VLSB VLSB
LawrenceHall LawrenceHall
HesseHall HesseHall
Wheeler Wheeler
BerkeleyWayWest BerkeleyWayWest
RSF RSF
InternationalHouse InternationalHouse
