Soda HavilandHall HavilandHall Barrows BancroftLibrary Blackwell AlumniHouse MemorialStadium Soda Evans LawrenceHall Cory DavisHall Blackwell Unit2 UniversityVillage HildebrandHall HildebrandHall DavisHall HearstMining SouthHall Wheeler BerkeleyWayWest BerkeleyWayWest BotanicalGardens Campanile Soda Dwinelle HearstMining BotanicalGardens BerkeleyWayWest Soda CaliforniaHall HilgardHall HearstMining Dwinelle HavilandHall Blackwell Cory Campbell BancroftLibrary GiauqueHall Campbell Cory Blackwell Doe Campanile Kresge Evans Gilman HildebrandHall UniversityVillage Doe Cory Unit1 HesseHall Doe Soda LeConte Etcheverry Unit2 UniversityVillage Cory HilgardHall Unit1 Unit1 HilgardHall HearstMining DavisHall Soda BerkeleyWayWest BerkeleyWayWest BotanicalGardens BerkeleyWayWest Soda Doe Bowles Gilman CaliforniaHall Unit3 Campbell InternationalHouse LawrenceHall GreekTheatre DurantHall Unit2 BancroftLibrary Unit1 SouthHall Moffit Stern Wheeler LeConte Foothill Dwinelle HearstMining BAMPFA Evans Campanile BerkeleyWayWest Soda
25
BancroftLibrary BancroftLibrary
Evans Evans
LawrenceHall LawrenceHall
Unit2 Unit2
HearstMining HearstMining
SouthHall SouthHall
Wheeler Wheeler
BerkeleyWayWest BerkeleyWayWest
Campanile Campanile
Dwinelle Dwinelle
CaliforniaHall CaliforniaHall
Campbell Campbell
Doe Doe
Gilman Gilman
Unit1 Unit1
LeConte LeConte
Bowles Bowles
Unit3 Unit3
InternationalHouse InternationalHouse
GreekTheatre GreekTheatre
DurantHall DurantHall
Moffit Moffit
Stern Stern
Foothill Foothill
BAMPFA BAMPFA
