Shower0 Shoes34 YouTube4 Puppy19 Ice30 Laptop22 Shower9 Websites15 Cone13 Prints46 Prints46 Android27 Shower9 Monster32 BBQ39 Website21 Elevator35 Prints25 Sink37 Allergies7 Websites24 Soap14 Towel2 Ring33 YouTube4 Soda18 Crab16 Nuclear43 Ice30 Toilet45 Ice42 Plants3 BBQ38 Prints25 Toilet26 Mail41 Light1 Cat44 BBQ36 Robot49 Shower0
25
YouTube4 YouTube4
Puppy19 Puppy19
Ice30 Ice30
Laptop22 Laptop22
Cone13 Cone13
Android27 Android27
Monster32 Monster32
Elevator35 Elevator35
Prints25 Prints25
Sink37 Sink37
Allergies7 Allergies7
Ring33 Ring33
Soda18 Soda18
Crab16 Crab16
Nuclear43 Nuclear43
Toilet45 Toilet45
Ice42 Ice42
Plants3 Plants3
BBQ38 BBQ38
Toilet26 Toilet26
Mail41 Mail41
Light1 Light1
Cat44 Cat44
BBQ36 BBQ36
Robot49 Robot49
