Horse0 Shoe46 Breakfast74 Ring45 Settings5 Towel12 Shower11 Whale59 Printer53 Websites17 Whale59 Mail88 System90 Robot9 Ice10 Website29 Floppy64 Crab78 Video31 Towel37 Websites81 Ice38 Websites17 Settings5 Shower11 Websites17 Rollers34 Dislike21 Shower15 Website29 Prints23 Leash89 Breakfast19 Bird82 Prints23 Plus62 Dislike51 Comics49 Leash89 Post61 Allergies4 Comics49 Ice30 Ice38 Prints23 Shelf25 Whale22 Bird82 Ice10 Toilet20 Bird93 Water66 Leash68 Male84 Kitty14 Book41 Rollers48 Monster39 Monster71 BBQ86 Floppy63 Solar58 Allergies3 Flowers98 Towel35 Water52 Cat13 Ring97 Running77 Towel16 Soda57 Breakfast19 Horse55 Horse0
50
Horse0 Horse0
Breakfast74 Breakfast74
Ring45 Ring45
Settings5 Settings5
Shower11 Shower11
Whale59 Whale59
Printer53 Printer53
Websites17 Websites17
Mail88 Mail88
Robot9 Robot9
Ice10 Ice10
Towel37 Towel37
Websites81 Websites81
Ice38 Ice38
Rollers34 Rollers34
Shower15 Shower15
Prints23 Prints23
Breakfast19 Breakfast19
Bird82 Bird82
Plus62 Plus62
Dislike51 Dislike51
Comics49 Comics49
Post61 Post61
Allergies4 Allergies4
Ice30 Ice30
Shelf25 Shelf25
Whale22 Whale22
Toilet20 Toilet20
Bird93 Bird93
Water66 Water66
Leash68 Leash68
Male84 Male84
Kitty14 Kitty14
Book41 Book41
Rollers48 Rollers48
Monster39 Monster39
Monster71 Monster71
BBQ86 BBQ86
Floppy63 Floppy63
Solar58 Solar58
Allergies3 Allergies3
Flowers98 Flowers98
Towel35 Towel35
Water52 Water52
Cat13 Cat13
Ring97 Ring97
Running77 Running77
Towel16 Towel16
Soda57 Soda57
Horse55 Horse55
