L some L staR L doNt To doNt start doNt as doNt bundled doNt gAme Hey gAme away gAme Somebody gAme smart gAme re GeT re shine re roll re years re hole game hole get hole shooting hole cool it cool of cool COuld cool glow use glow your glow skate glow L but L YouLL L
25
some some
staR staR
To To
start start
as as
bundled bundled
Hey Hey
away away
Somebody Somebody
smart smart
GeT GeT
shine shine
roll roll
years years
game game
get get
shooting shooting
it it
of of
COuld COuld
use use
your your
skate skate
but but
YouLL YouLL
