0 13 31 24 44 83 80 56 120 67 112 107 140 94 69 188 189 190 191 192 193 194 195 196 197 198 199 187 186 185 184 183 182 181 180 179 178 177 176 175 174 173 172 171 170 169 168 167 166 165 164 163 162 55 118 72 95 155 133 124 148 73 135 122 121 142 102 53 65 159 101 86 51 28 61 60 7 19 3 2 54 5 43 47 35 59 129 143 151 160 145 157 153 146 77 66 34 62 68 12 36 22 0
100
13 13
31 31
24 24
44 44
83 83
80 80
56 56
120 120
67 67
112 112
107 107
140 140
94 94
69 69
188 188
189 189
190 190
191 191
192 192
193 193
194 194
195 195
196 196
197 197
198 198
199 199
187 187
186 186
185 185
184 184
183 183
182 182
181 181
180 180
179 179
178 178
177 177
176 176
175 175
174 174
173 173
172 172
171 171
170 170
169 169
168 168
167 167
166 166
165 165
164 164
163 163
162 162
118 118
72 72
95 95
155 155
133 133
124 124
148 148
73 73
135 135
122 122
121 121
142 142
102 102
53 53
65 65
159 159
101 101
86 86
51 51
28 28
61 61
60 60
7 7
19 19
3 3
2 2
54 54
5 5
43 43
47 47
35 35
59 59
129 129
143 143
151 151
160 160
145 145
157 157
153 153
146 146
77 77
66 66
34 34
62 62
68 68
12 12
36 36
22 22
