Hayward SiouxCity Nashua SantaAna Anchorage Stamford Anchorage Bryan SantaClarita Murrieta KansasCity Escondido Independence LasVegas PembrokePines OverlandPark ElPaso StPaul Lubbock SanBernardino SantaClara Victorville Duluth Champaign GrandRapids SanBuenaventura SterlingHeights SterlingHeights Carrollton SouthLyon NewYork CapeCoral Fullerton Shreveport Brighton Hampton Huntsville VeroBeach SaintPaul Trenton VeroBeach SouthBend Fargo Layton Pittsburgh Warren Roseville Duluth GrandRapids OverlandPark SantaClara Worcester PortArthur Kissimmee Harrisburg NewYorkCity Worcester Elkhart Paterson PortSaintLucie VeroBeach Boulder Fitchburg GreenBay Sarasota Fairfield SanBuenaventura Melbourne Eugene PembrokePines Portsmouth Norwalk SterlingHeights Orem Youngstown PembrokePines KansasCity Milwaukee ElMonte Fullerton Escondido Norwich Fargo Youngstown Burlington Burlington SantaBarbara Frederick SantaClarita Fresno Youngstown Marina PortArthur Hialeah SanBernardino VeroBeach Anchorage Marysville Roseville Gastonia Tucson OverlandPark ElMonte Milwaukee Gastonia Milwaukee StPaul Pueblo Lubbock VeroBeach PembrokePines SanBernardino Paterson Fullerton SantaClara Fullerton Paterson Victorville SterlingHeights Springfield Vancouver Warren Norwich Utica Lexington Eugene Visalia Lafayette SterlingHeights Norwalk Carrollton Orem Seaside Worcester Roseville Howell CapeCoral Seaside CapeCoral Howell Roseville Fullerton Hayward Shreveport Bryan Lubbock Melbourne CapeCoral Gastonia Hampton CostaMesa Duluth Fullerton OverlandPark Anchorage OverlandPark Trenton Youngstown Fullerton Roseville SouthBend Visalia Lafayette York KansasCity CorpusChristi StPaul Fullerton Roseville SaintPaul Duluth Trenton VeroBeach OverlandPark Anaheim RichmondCounty Seaside Worcester Marina PortArthur SantaBarbara NewYorkCity Fullerton ThousandOaks Huntsville Kissimmee Marina PortArthur SantaClara PortSaintLucie Pittsburgh Marysville Springfield Spartanburg Lafayette Harrisburg SaintPetersburg Torrance Brighton Tyler Layton Marysville FortWaltonBeach Burlington Escondido Sacramento Shreveport Hartford VeroBeach SantaClara VeroBeach PembrokePines StPaul Milwaukee Duluth Detroit Merced ElMonte Monroe Roseville Fullerton Anchorage SouthBend Fargo SouthBend Youngstown Downey VeroBeach CostaMesa Fargo Utica Hampton Salem Howell Lubbock Burlington MyrtleBeach Carrollton KansasCity Columbia Anchorage Trenton Anaheim Anchorage OverlandPark SaintPaul SanAntonio Marina Roseville PembrokePines Oxnard OverlandPark VeroBeach PembrokePines SanBernardino SantaClarita OverlandPark VeroBeach Olympia PortSaintLucie LasVegas PembrokePines VeroBeach SantaAna Harrisburg Arvada Hartford NorthLasVegas Bloomington CapeCoral Elkhart Modesto Greenville Plano Lacey Savannah CathedralCity CorpusChristi PalmBay Hagerstown Barnstable Bakersfield Fresno JohnsonCity HavredeGrace PuntaGorda Hemet Mobile Pueblo SantaClara Aberdeen NewportNews Cincinnati Olympia ThousandOaks Huntsville Kissimmee Marina Frederick RichmondCounty Laredo GreenBay Waterbury Newburgh SiouxFalls Columbus Anaheim Eugene Boise Layton Marysville Stamford LasVegas Racine Tucson Deltona Salem Newark Birmingham Lubbock Melbourne Torrance Oxnard SanBuenaventura Norwich Utica Anchorage OverlandPark Louisville Flint Fullerton Duluth SaintPaul GrandRapids Vancouver Arvada Tyler Nashua Bethlehem NewBedford StLouis Mesquite Monroe Kalamazoo RoundLakeBeach Scottsdale Omaha Albuquerque Hialeah Harlingen Spartanburg LakeCharles Scranton HuntingtonBeach Detroit McAllen ElPaso Burlington Downey Topeka Henderson NewYorkCity York Champaign Charlotte Ogden Hayward
100
Nashua Nashua
Anchorage Anchorage
Stamford Stamford
LasVegas LasVegas
OverlandPark OverlandPark
ElPaso ElPaso
Lubbock Lubbock
SantaClara SantaClara
Duluth Duluth
Champaign Champaign
GrandRapids GrandRapids
SanBuenaventura SanBuenaventura
CapeCoral CapeCoral
Fullerton Fullerton
Huntsville Huntsville
SaintPaul SaintPaul
Layton Layton
Kissimmee Kissimmee
NewYorkCity NewYorkCity
Elkhart Elkhart
GreenBay GreenBay
Melbourne Melbourne
Eugene Eugene
Norwich Norwich
Burlington Burlington
Frederick Frederick
Fresno Fresno
Marina Marina
Hialeah Hialeah
Marysville Marysville
Tucson Tucson
Pueblo Pueblo
Vancouver Vancouver
Utica Utica
York York
CorpusChristi CorpusChristi
Anaheim Anaheim
RichmondCounty RichmondCounty
ThousandOaks ThousandOaks
Spartanburg Spartanburg
Torrance Torrance
Tyler Tyler
Hartford Hartford
Detroit Detroit
Monroe Monroe
Downey Downey
Salem Salem
Oxnard Oxnard
Olympia Olympia
Arvada Arvada
NorthLasVegas NorthLasVegas
Bloomington Bloomington
Modesto Modesto
Greenville Greenville
Plano Plano
Lacey Lacey
Savannah Savannah
CathedralCity CathedralCity
PalmBay PalmBay
Hagerstown Hagerstown
Barnstable Barnstable
Bakersfield Bakersfield
JohnsonCity JohnsonCity
HavredeGrace HavredeGrace
PuntaGorda PuntaGorda
Hemet Hemet
Mobile Mobile
Aberdeen Aberdeen
NewportNews NewportNews
Cincinnati Cincinnati
Laredo Laredo
Waterbury Waterbury
Newburgh Newburgh
SiouxFalls SiouxFalls
Columbus Columbus
Boise Boise
Racine Racine
Deltona Deltona
Newark Newark
Birmingham Birmingham
Louisville Louisville
Flint Flint
Bethlehem Bethlehem
NewBedford NewBedford
StLouis StLouis
Mesquite Mesquite
Kalamazoo Kalamazoo
RoundLakeBeach RoundLakeBeach
Scottsdale Scottsdale
Omaha Omaha
Albuquerque Albuquerque
Harlingen Harlingen
LakeCharles LakeCharles
Scranton Scranton
HuntingtonBeach HuntingtonBeach
McAllen McAllen
Topeka Topeka
Henderson Henderson
Charlotte Charlotte
Ogden Ogden
