A I A TA TA2 TA3 A TA4 TA7 TA9 TA11 TA14 TA13 TA15 TA18 TA21 TA20 A TA22 A TA23 TA24 TB11 TB21 TA41 TA61 TA81 TA121 TA141 TA181 TA201 TA241 A TA32N TA72N TA102N TA112N TA122N TA152N TA192N B TA202N A TA232N TA112NN TA212NN A TA312NN TA512NN TA712NN TA1012NN TA1212NN TA1512NN TA1812NN A TA1712NN TA1912NN TA2112NN TA2212NN TA2412NN TA2312NN TA2012NN B TA1612NN TA1412NN TA1312NN TA1112NN TA812NN TA912NN TA612NN C C TA412NN A TA12NN TA222N J TA242N TA212N A TA182N TA172N TA162N C TA142N TA132N TA92N TA82N TA62N TA52N A TA42N TA2N A TA22N TA12N B TA231 TA211 TA221 A TA191 TA171 TA161 TA151 TA131 TA111 TA101 TA71 TA91 TA51 TA31 TB1 TA19 TA17 TA16 TA12 TA10 TA8 TA6 TA5 TA1 A
100
TA TA
TA2 TA2
TA3 TA3
TA4 TA4
TA7 TA7
TA9 TA9
TA11 TA11
TA14 TA14
TA13 TA13
TA15 TA15
TA18 TA18
TA21 TA21
TA20 TA20
TA22 TA22
TA23 TA23
TA24 TA24
TB11 TB11
TB21 TB21
TA41 TA41
TA61 TA61
TA81 TA81
TA121 TA121
TA141 TA141
TA181 TA181
TA201 TA201
TA241 TA241
TA32N TA32N
TA72N TA72N
TA102N TA102N
TA112N TA112N
TA122N TA122N
TA152N TA152N
TA192N TA192N
TA202N TA202N
TA232N TA232N
TA112NN TA112NN
TA212NN TA212NN
TA312NN TA312NN
TA512NN TA512NN
TA712NN TA712NN
TA1012NN TA1012NN
TA1212NN TA1212NN
TA1512NN TA1512NN
TA1812NN TA1812NN
TA1712NN TA1712NN
TA1912NN TA1912NN
TA2112NN TA2112NN
TA2212NN TA2212NN
TA2412NN TA2412NN
TA2312NN TA2312NN
TA2012NN TA2012NN
TA1612NN TA1612NN
TA1412NN TA1412NN
TA1312NN TA1312NN
TA1112NN TA1112NN
TA812NN TA812NN
TA912NN TA912NN
TA612NN TA612NN
TA412NN TA412NN
TA12NN TA12NN
TA222N TA222N
TA242N TA242N
TA212N TA212N
TA182N TA182N
TA172N TA172N
TA162N TA162N
TA142N TA142N
TA132N TA132N
TA92N TA92N
TA82N TA82N
TA62N TA62N
TA52N TA52N
TA42N TA42N
TA2N TA2N
TA22N TA22N
TA12N TA12N
TA231 TA231
TA211 TA211
TA221 TA221
TA191 TA191
TA171 TA171
TA161 TA161
TA151 TA151
TA131 TA131
TA111 TA111
TA101 TA101
TA71 TA71
TA91 TA91
TA51 TA51
TA31 TA31
TB1 TB1
TA19 TA19
TA17 TA17
TA16 TA16
TA12 TA12
TA10 TA10
TA8 TA8
TA6 TA6
TA5 TA5
TA1 TA1
