0 31 27 52 96 62 41 11 39 48 71 3 6 2 5 26 29 65 14 64 58 94 62 3 42 44 92 33 33 47 31 15 37 66 54 61 95 25 81 63 12 53 25 61 99 30 6 41 5 55 60 23 13 39 11 7 67 56 34 97 1 84 9 60 77 87 91 79 50 82 83 69 24 63 0
50
0 0
31 31
27 27
52 52
62 62
41 41
11 11
39 39
48 48
71 71
3 3
6 6
5 5
29 29
65 65
14 14
64 64
58 58
94 94
42 42
44 44
15 15
37 37
61 61
81 81
63 63
12 12
53 53
99 99
55 55
60 60
23 23
13 13
7 7
67 67
56 56
34 34
97 97
1 1
84 84
9 9
77 77
87 87
91 91
79 79
50 50
82 82
83 83
69 69
24 24
