ssp200 153 154 155 156 164 165 161 182 122 107 107 122 115 107 115 122 130 118 117 122 117 118 130 149 163 178 149 152 137 122 122 137 122 152 145 119 133 132 119 137 132 133 145 163 152 160 107 107 107 107 134 148 147 134 152 147 148 160 179 175 137 137 137 137 164 162 167 164 152 152 162 152 194 167 190 177 193 177 167 167 167 167 182 182 194 192 190 190 182 181 115 130 107 181 107 115 145 122 181 122 130 160 137 181 137 145 182 152 181 152 160 175 167 181 167 175 178 167 179 175 190 193 182 182 192 182 182 86 90 89 78 79 80 81 51 50 49 48 59 60 56 111 110 109 108 119 120 116 126 125 124 123 134 135 131 191 183 184 185 186 194 195 141 140 139 138 149 150 146 21 20 19 18 26 29 30 168 169 170 171 179 180 176 41 33 34 35 36 44 45 101 93 94 95 96 104 105 71 75 74 66 65 64 63 15 14 6 5 4 3 11 ssp200
91
153 153
154 154
155 155
156 156
164 164
165 165
161 161
149 149
119 119
134 134
179 179
194 194
86 86
90 90
89 89
78 78
79 79
80 80
81 81
51 51
50 50
49 49
48 48
59 59
60 60
56 56
111 111
110 110
109 109
108 108
120 120
116 116
126 126
125 125
124 124
123 123
135 135
131 131
191 191
183 183
184 184
185 185
186 186
195 195
141 141
140 140
139 139
138 138
150 150
146 146
21 21
20 20
19 19
18 18
26 26
29 29
30 30
168 168
169 169
170 170
171 171
180 180
176 176
41 41
33 33
34 34
35 35
36 36
44 44
45 45
101 101
93 93
94 94
95 95
96 96
104 104
105 105
71 71
75 75
74 74
66 66
65 65
64 64
63 63
15 15
14 14
6 6
5 5
4 4
3 3
11 11
