19 51 39 3 14 9 37 37 56 56 57 77 10 61 36 14 13 57 17 9 12 54 39 12 63 57 41 31 85 58 91 71 30 30 64 21 13 1 54 37 57 39 32 8 56 43 47 93 33 80 45 14 88 57 14 11 15 57 56 56 47 46 77 7 57 45 14 39 13 12 73 56 57 80 17 36 80 9 13 3 39 3 56 73 12 14 61 12 73 7 41 68 95 31 59 11 51 14 11 71 39 37 14 39 3 3 39 14 30 39 3 21 97 96 57 14 39 2 37 39 57 56 73 57 14 40 45 95 88 47 56 87 39 13 39 60 29 63 65 72 12 17 36 80 35 92 9 50 15 90 33 95 88 85 26 54 34 99 76 70 23 0 10 45 40 24 53 59 58 55 25 32 1 39 13 51 11 5 46 61 28 41 7 43 44 19
50
51 51
39 39
9 9
10 10
61 61
36 36
13 13
17 17
12 12
54 54
63 63
41 41
85 85
58 58
1 1
32 32
43 43
33 33
80 80
45 45
88 88
11 11
15 15
46 46
7 7
95 95
59 59
40 40
60 60
29 29
65 65
72 72
35 35
92 92
50 50
90 90
26 26
34 34
99 99
76 76
70 70
23 23
0 0
24 24
53 53
55 55
25 25
5 5
28 28
44 44
