0 43 21 97 96 21 77 59 76 30 13 39 31 45 71 32 32 84 67 41 65 41 46 86 74 47 99 50 81 43 6 31 43 99 39 72 0 94 72 59 43 13 80 24 6 15 99 39 47 45 43 76 9 59 47 94 29 95 15 3 6 41 76 50 15 39 9 57 46 93 4 55 61 90 38 71 32 37 35 51 3 21 88 62 67 78 11 83 17 52 8 40 26 72 98 42 7 27 99 43 23 58 20 10 94 24 60 18 96 45 15 65 95 13 89 0
50
0 0
43 43
21 21
96 96
13 13
45 45
71 71
32 32
67 67
65 65
46 46
99 99
72 72
94 94
24 24
15 15
9 9
95 95
3 3
57 57
93 93
4 4
55 55
61 61
90 90
38 38
37 37
35 35
51 51
88 88
62 62
78 78
11 11
83 83
17 17
52 52
8 8
40 40
26 26
98 98
42 42
7 7
27 27
23 23
58 58
20 20
10 10
60 60
18 18
89 89
