68 37 22 51 53 52 7 33 44 53 51 50 37 64 77 43 33 83 95 18 80 82 8 64 37 78 77 13 43 78 83 40 15 5 45 65 79 95 97 21 49 11 69 87 23 25 27 81 9 21 37 89 61 57 43 91 67 73 39 85 47 19 35 1 3 55 59 29 31 75 93 41 71 17 63 68
49
37 37
51 51
53 53
7 7
33 33
77 77
43 43
83 83
95 95
13 13
15 15
5 5
45 45
65 65
79 79
97 97
21 21
49 49
11 11
69 69
87 87
23 23
25 25
27 27
81 81
9 9
89 89
61 61
57 57
91 91
67 67
73 73
39 39
85 85
47 47
19 19
35 35
1 1
3 3
55 55
59 59
29 29
31 31
75 75
93 93
41 41
71 71
17 17
63 63
