Soda Bhutan Costa Eritrea Haiti Montserrat British Netherlands Kenya Oman Equatorial American Germany Sint Liechtenstein Cocos Jamaica Lesotho Kuwait Grenada Lesotho Lesotho Liechtenstein Belarus Germany Djibouti Nicaragua Iceland Bouvet Macedonia Christmas Liechtenstein Christmas Holy Kyrgyzstan Cocos Kenya Somalia Gibraltar Liechtenstein Solomon Equatorial China Cambodia Equatorial Papua Montenegro Cuba Senegal Qatar Mozambique Cocos Belarus Portugal Holy Malta Croatia Estonia Jamaica Sao Kyrgyzstan Niger United Albania Finland Lebanon Singapore Mayotte Saint New Moldova Latvia Hong Palau Pitcairn Japan Ireland Antigua Republic Algeria Burundi Congo Luxembourg Argentina Pakistan Aruba Liberia Belize Indonesia Bahamas Mexico Iraq Macao Lao Rwanda Nigeria Fiji Netherlands Kiribati Northern British Korea Egypt Sint Croatia Malawi Burkina Soda
50
British British
Netherlands Netherlands
Sint Sint
Jamaica Jamaica
Kyrgyzstan Kyrgyzstan
Cambodia Cambodia
Croatia Croatia
Sao Sao
Niger Niger
United United
Albania Albania
Finland Finland
Lebanon Lebanon
Singapore Singapore
Mayotte Mayotte
Saint Saint
New New
Moldova Moldova
Latvia Latvia
Hong Hong
Palau Palau
Pitcairn Pitcairn
Japan Japan
Ireland Ireland
Antigua Antigua
Republic Republic
Algeria Algeria
Burundi Burundi
Congo Congo
Luxembourg Luxembourg
Argentina Argentina
Pakistan Pakistan
Aruba Aruba
Liberia Liberia
Belize Belize
Indonesia Indonesia
Bahamas Bahamas
Mexico Mexico
Iraq Iraq
Macao Macao
Lao Lao
Rwanda Rwanda
Nigeria Nigeria
Fiji Fiji
Kiribati Kiribati
Northern Northern
Korea Korea
Egypt Egypt
Malawi Malawi
Burkina Burkina
