FleaBottom RockofKuthian TheSpine Toperhagen HighGarden Aerodenn TheBoilingRock SatishVille TheBoilingRock Vintas Carvahall TheGreatDivide Batcave IronIslands IronIslands Lorien Dagobah Urubaen UtgardMountain TheVale Tartarus Tartarus TheSpine Carvahall Carvahall Accrington Urubaen Toperhagen IronIslands Tartarus TheSpine Carvahall HighGarden Batcave HighGarden HighGarden BorginBurkes SatishVille Eggmanland HighGarden TheGreatDivide Batcave ShriekingShack CrastersKeep Olivanders TheBurningPlains Yll MinistryofMagic Accrington Westopolis Arkham Coalwatch ShriekingShack TheVale Glimthain UtgardMountain TheBoilingRock Batcave GringottsBank Ebonfall Ademre Vintas HighGarden TheGreatDivide Trebon SatishVille Eggmanland Urubaen Bobbingbourne FleaBottom
25
HighGarden HighGarden
TheBoilingRock TheBoilingRock
SatishVille SatishVille
Vintas Vintas
TheGreatDivide TheGreatDivide
Batcave Batcave
Urubaen Urubaen
UtgardMountain UtgardMountain
TheVale TheVale
Accrington Accrington
Eggmanland Eggmanland
ShriekingShack ShriekingShack
Olivanders Olivanders
TheBurningPlains TheBurningPlains
Yll Yll
MinistryofMagic MinistryofMagic
Westopolis Westopolis
Arkham Arkham
Coalwatch Coalwatch
Glimthain Glimthain
GringottsBank GringottsBank
Ebonfall Ebonfall
Ademre Ademre
Trebon Trebon
Bobbingbourne Bobbingbourne
