1FoundersRock 39SanFransisco 40Oaktown 36CasaZimbabwe 26ClarkKerr 31Hillegass 28SodaHall 30Stonefire 33Wada 32DeltaPhiEpsilon 35ChanningBowdwitch 38RajProperties 25Foothill 23Unit3 20Ehrman 17Wheeler 18NorthGate 21Unit1 16Giannini 19SouthHall 34Martinez 37OtherCoop 29VarsityBerkeley 27InternationalHouse 24Blackwell 22Unit2 1FoundersRock
25
39SanFransisco 39SanFransisco
40Oaktown 40Oaktown
36CasaZimbabwe 36CasaZimbabwe
26ClarkKerr 26ClarkKerr
31Hillegass 31Hillegass
28SodaHall 28SodaHall
30Stonefire 30Stonefire
33Wada 33Wada
32DeltaPhiEpsilon 32DeltaPhiEpsilon
35ChanningBowdwitch 35ChanningBowdwitch
38RajProperties 38RajProperties
25Foothill 25Foothill
23Unit3 23Unit3
20Ehrman 20Ehrman
17Wheeler 17Wheeler
18NorthGate 18NorthGate
21Unit1 21Unit1
16Giannini 16Giannini
19SouthHall 19SouthHall
34Martinez 34Martinez
37OtherCoop 37OtherCoop
29VarsityBerkeley 29VarsityBerkeley
27InternationalHouse 27InternationalHouse
24Blackwell 24Blackwell
22Unit2 22Unit2
