0 1 5 7 8 0 16 7 0 2 0 5 2 22 8 10 6 2 0 2 4 9 2 0 8 11 12 18 24 0 25 1 8 2 2 3 6 0 8 5 3 9 15 11 1 0 4 2 3 10 5 4 10 9 4 6 8 0 17 0 6 0 0 1 3 11 1 7 1 6 1 1 13 4 4 0 3 8 12 19 2 2 7 0 5 11 8 0 7 2 11 22 4 8 10 7 0 8 4 10 6 7 2 7 0 8 0 7 2 3 19 1 0 8 4 7 0 1 19 3 9 7 2 0 8 1 0 8 11 1 12 16 4 8 0 1 18 8 4 16 24 7 0 0 7 25 0 1 7 0 8 19 1 0 7 2 10 4 8 0 1 19 3 8 4 10 6 0 2 7 0 8 19 1 0 7 2 5 3 4 8 0 1 19 3 9 8 4 15 0 8 11 1 8 0 7 0 8 4 19 1 0 7 2 4 8 0 1 19 3 2 7 0 8 4 10 8 0 7 2 5 4 3 12 1 4 2 5 0 0 10 2 3 19 1 0 8 4 10 10 4 8 0 1 19 3 9 8 4 10 6 13 3 19 1 0 10 4 8 0 1 19 3 13 17 8 4 10 6 0 19 1 8 19 3 19 7 1 4 8 0 7 7 0 8 4 16 8 0 7 2 0 8 11 10 4 8 0 1 0 8 4 10 6 3 19 1 8 0 1 19 3 13 8 4 19 1 0 0 3 0 1 8 19 1 0 8 4 1 19 3 4 8 0 7 0 8 4 10 0 7 2 1 0 8 0 1 19 7 32 17 13 3 9 35 48 68 49 27 41 54 19 18 62 21 28 45 58 63 26 12 129 61 24 16 15 47 69 38 43 40 36 74 73 53 34 31 20 6 10 4 8 11 22 76 64 46 65 51 57 75 79 66 52 33 29 14 30 44 60 71 80 82 84 86 88 90 92 94 96 98 100 102 104 106 108 110 112 114 116 118 59 25 72 67 55 23 42 56 70 77 78 50 39 37 5 2 7 0
100
1 1
5 5
7 7
8 8
16 16
2 2
22 22
10 10
6 6
4 4
9 9
11 11
12 12
18 18
24 24
25 25
3 3
15 15
17 17
13 13
19 19
32 32
35 35
48 48
68 68
49 49
27 27
41 41
54 54
62 62
21 21
28 28
45 45
58 58
63 63
26 26
129 129
61 61
47 47
69 69
38 38
43 43
40 40
36 36
74 74
73 73
53 53
34 34
31 31
20 20
76 76
64 64
46 46
65 65
51 51
57 57
75 75
79 79
66 66
52 52
33 33
29 29
14 14
30 30
44 44
60 60
71 71
80 80
82 82
84 84
86 86
88 88
90 90
92 92
94 94
96 96
98 98
100 100
102 102
104 104
106 106
108 108
110 110
112 112
114 114
116 116
118 118
59 59
72 72
67 67
55 55
23 23
42 42
56 56
70 70
77 77
78 78
50 50
39 39
37 37
