USZWPSB GALHVZ PSCLAN NHNDWOH AXCWU RWAIFLUJG SIAFKK KRUSUHB HWJUZVNH JBHQVBXP TPDLFKGVB JBHQVBXP JXLFSOAT NIVCBBO TNHRK EJXSCSGM ZNZOQPE URZULNA FGSPX ZKGYGD ACYPAPBPW VWHRKOPZ JEGRK KFHZBOJXK AIGGLZT EHQRYBZ AIGGLZT GWDJBFTV YKOGGTNN FJQMKJNWE MNOXM MWXYLX ORCMU EFOWXJQKY ZGZQJZFA DIXXP GNXDBJSVR BCHOPGEE WEXBJV GGPIEJ NTZSZ XZUPVI MYDTJZPES NIVCBBO MOXGRP KRUSUHB MYDTJZPES KAUIIR TOAKXEQ JXLFSOAT PJXURKPC NTZSZ YFEZIO UDNWTRHT BDHKKLSE UZGTEP XENTNT FZNKCK RQWCFDHW HVERBTBS VBAQD RGLCPSJQE ANHOTJN QMOAKJJK JEGRK FPWMJC HNOOUELP XZUPVI UDNWTRHT HSAIPP KYSSK RGSOR NBRZI BLXWCB RVPJHZLQQ RLWAP AOVKACB BTMJSONW GILHCKNI DFFFG QCACRVPWK EMAAQWO YHITQ VFEEU HWJUZVNH HSJUMJH MRXNI FZGDAQKRC BNKNHMV NBRZI FLOTLYFG NBRZI DKINCMT TGPYEAP APIOYKU UDNWTRHT BHAMV TOAKXEQ QMHLIXVD VWNAJFRNG XSWDY GLYDZ LNDUQDYSK FCWRH UBODMUMJ NZJGYK OVKLH TTXGTNV JXLFSOAT XQOMNCXDB AXCWU RUGMYM ACYPAPBPW HEFYBKPUF YVIRIDDRA ZEZKNGTK CWLLCM JVWIZDBS JQHORKB CCTJZN WTQCHXQ YAETAC JOXQIX MSHZNEX RJDHJFNIN HWJUZVNH SICVXMLGL OLUPAJLP NCPEGX APBFJMOOF HNOOUELP LYRSZA TQSCIQTX AHZYCQM BCHOPGEE EPJHOESBB XHMMLM ORCMU VVSNO DFFFG ILXWSRIC GEGFOSJ YOUZA XENTNT RBNAR USZWPSB
100
USZWPSB USZWPSB
GALHVZ GALHVZ
NHNDWOH NHNDWOH
AXCWU AXCWU
SIAFKK SIAFKK
KRUSUHB KRUSUHB
HWJUZVNH HWJUZVNH
JXLFSOAT JXLFSOAT
NIVCBBO NIVCBBO
EJXSCSGM EJXSCSGM
ZNZOQPE ZNZOQPE
ZKGYGD ZKGYGD
ACYPAPBPW ACYPAPBPW
VWHRKOPZ VWHRKOPZ
JEGRK JEGRK
AIGGLZT AIGGLZT
EHQRYBZ EHQRYBZ
YKOGGTNN YKOGGTNN
FJQMKJNWE FJQMKJNWE
MWXYLX MWXYLX
ORCMU ORCMU
EFOWXJQKY EFOWXJQKY
DIXXP DIXXP
GNXDBJSVR GNXDBJSVR
BCHOPGEE BCHOPGEE
WEXBJV WEXBJV
NTZSZ NTZSZ
XZUPVI XZUPVI
MYDTJZPES MYDTJZPES
MOXGRP MOXGRP
KAUIIR KAUIIR
TOAKXEQ TOAKXEQ
PJXURKPC PJXURKPC
YFEZIO YFEZIO
UDNWTRHT UDNWTRHT
XENTNT XENTNT
FZNKCK FZNKCK
RQWCFDHW RQWCFDHW
HVERBTBS HVERBTBS
VBAQD VBAQD
RGLCPSJQE RGLCPSJQE
ANHOTJN ANHOTJN
FPWMJC FPWMJC
HNOOUELP HNOOUELP
HSAIPP HSAIPP
RGSOR RGSOR
NBRZI NBRZI
BLXWCB BLXWCB
RVPJHZLQQ RVPJHZLQQ
RLWAP RLWAP
AOVKACB AOVKACB
DFFFG DFFFG
EMAAQWO EMAAQWO
VFEEU VFEEU
HSJUMJH HSJUMJH
MRXNI MRXNI
FZGDAQKRC FZGDAQKRC
FLOTLYFG FLOTLYFG
DKINCMT DKINCMT
TGPYEAP TGPYEAP
APIOYKU APIOYKU
BHAMV BHAMV
QMHLIXVD QMHLIXVD
VWNAJFRNG VWNAJFRNG
XSWDY XSWDY
GLYDZ GLYDZ
LNDUQDYSK LNDUQDYSK
FCWRH FCWRH
UBODMUMJ UBODMUMJ
NZJGYK NZJGYK
OVKLH OVKLH
TTXGTNV TTXGTNV
XQOMNCXDB XQOMNCXDB
RUGMYM RUGMYM
HEFYBKPUF HEFYBKPUF
YVIRIDDRA YVIRIDDRA
ZEZKNGTK ZEZKNGTK
CWLLCM CWLLCM
JVWIZDBS JVWIZDBS
JQHORKB JQHORKB
CCTJZN CCTJZN
WTQCHXQ WTQCHXQ
YAETAC YAETAC
JOXQIX JOXQIX
MSHZNEX MSHZNEX
RJDHJFNIN RJDHJFNIN
SICVXMLGL SICVXMLGL
OLUPAJLP OLUPAJLP
NCPEGX NCPEGX
APBFJMOOF APBFJMOOF
LYRSZA LYRSZA
TQSCIQTX TQSCIQTX
AHZYCQM AHZYCQM
EPJHOESBB EPJHOESBB
XHMMLM XHMMLM
VVSNO VVSNO
ILXWSRIC ILXWSRIC
GEGFOSJ GEGFOSJ
YOUZA YOUZA
RBNAR RBNAR
