140 160 59 148 132 129 174 61 38 149 2 58 56 190 97 103 98 177 2 183 161 184 180 57 73 127 133 134 124 148 103 25 101 147 76 50 16 168 40 99 62 194 62 112 137 177 134 129 83 84 180 42 162 120 120 161 115 166 118 168 123 161 144 41 144 154 112 19 179 107 124 96 124 77 85 67 76 196 196 196 150 175 180 134 112 112 41 122 107 1 1 124 131 50 50 144 38 34 101 134 111 174 34 134 179 125 132 107 148 77 18 105 158 146 4 154 85 32 20 148 134 175 59 111 2 33 124 16 143 180 41 184 147 57 45 42 47 134 124 165 165 103 41 100 157 107 50 127 81 100 123 157 111 148 186 183 52 25 144 83 2 19 184 83 16 122 107 184 85 199 107 16 107 131 83 148 144 134 134 101 100 34 172 103 162 186 148 134 12 193 166 127 81 181 194 64 147 151 186 108 84 83 180 125 180 149 45 131 184 180 184 83 148 124 199 77 117 72 50 134 34 61 166 180 25 165 103 144 25 132 111 158 105 153 176 123 108 114 62 167 9 61 177 14 85 151 29 168 50 44 117 49 196 12 193 77 18 96 186 170 94 146 190 93 97 39 173 7 179 128 95 158 160 65 154 6 41 101 139 89 82 73 35 197 59 134 47 182 104 56 159 8 166 51 13 102 169 53 32 115 130 79 11 19 21 5 45 127 25 132 150 27 36 103 4 42 175 84 57 83 142 55 185 133 80 40 76 125 112 22 178 10 135 140
100
160 160
59 59
132 132
61 61
56 56
190 190
97 97
103 103
177 177
57 57
73 73
127 127
133 133
134 134
25 25
101 101
76 76
50 50
168 168
40 40
62 62
112 112
83 83
84 84
42 42
115 115
166 166
123 123
41 41
154 154
19 19
179 179
96 96
77 77
85 85
196 196
150 150
175 175
125 125
18 18
158 158
146 146
4 4
32 32
45 45
47 47
186 186
12 12
193 193
151 151
108 108
117 117
153 153
176 176
114 114
167 167
9 9
14 14
29 29
44 44
49 49
170 170
94 94
93 93
39 39
173 173
7 7
128 128
95 95
65 65
6 6
139 139
89 89
82 82
35 35
197 197
182 182
104 104
159 159
8 8
51 51
13 13
102 102
169 169
53 53
130 130
79 79
11 11
21 21
5 5
27 27
36 36
142 142
55 55
185 185
80 80
22 22
178 178
10 10
135 135
