Gastre Maidenhead Dongola Bovec Daloa Derby Charlestown Narva Gwadar Bell Woodinville Baicheng Allahabad Dongola Punakha Absecon Miandrivazo Baicheng Ralston Chepes Palu Coatzacoalcos Palu Aasiaat Dahuk Triesen Caen Bouar Forteau Hope Coatzacoalcos Tukchi Scottsdale Juliaca Clay Liuzhou Polevskoy Absecon Malolos Neryungri Prattville Winters Triesen Prattville Bungoma Narva Maidenhead Polatsk Kindu Bell Taungoo Winters Kalgoorlie Cocieri Coronel Luganville Visby Branson Channahon Kindu Sholapur Scranton Benha Pingtung Leo Bosilovo Caen Destrnik Cumming Polevskoy Coatzacoalcos Chepes Sambava Kyrenia Triesen Gastre
50
Maidenhead Maidenhead
Dongola Dongola
Bovec Bovec
Daloa Daloa
Derby Derby
Charlestown Charlestown
Narva Narva
Gwadar Gwadar
Bell Bell
Woodinville Woodinville
Baicheng Baicheng
Allahabad Allahabad
Punakha Punakha
Absecon Absecon
Chepes Chepes
Coatzacoalcos Coatzacoalcos
Aasiaat Aasiaat
Triesen Triesen
Caen Caen
Forteau Forteau
Hope Hope
Tukchi Tukchi
Scottsdale Scottsdale
Juliaca Juliaca
Clay Clay
Polevskoy Polevskoy
Malolos Malolos
Neryungri Neryungri
Winters Winters
Bungoma Bungoma
Polatsk Polatsk
Kindu Kindu
Taungoo Taungoo
Kalgoorlie Kalgoorlie
Cocieri Cocieri
Coronel Coronel
Luganville Luganville
Visby Visby
Branson Branson
Channahon Channahon
Sholapur Sholapur
Scranton Scranton
Benha Benha
Pingtung Pingtung
Leo Leo
Bosilovo Bosilovo
Destrnik Destrnik
Cumming Cumming
Sambava Sambava
Kyrenia Kyrenia
