0 26 73 59 179 74 146 54 20 8 150 16 40 61 20 106 31 119 18 91 37 46 6 112 21 186 189 33 188 72 199 71 59 44 41 76 98 69 150 187 67 52 191 100 37 51 66 146 17 118 73 30 17 19 152 23 11 132 181 111 162 23 63 130 154 28 56 42 97 102 22 72 136 119 36 82 6 50 33 38 48 76 64 78 62 44 9 10 1 29 70 47 37 66 45 34 8 15 51 58 18 46 24 21 39 61 7 5 55 12 31 11 25 23 27 69 65 53 14 6 71 67 59 2 54 35 30 3 32 43 41 72 77 33 68 75 4 60 57 13 49 52 0
78
0 0
26 26
73 73
59 59
74 74
54 54
20 20
8 8
16 16
61 61
31 31
18 18
37 37
46 46
6 6
21 21
33 33
72 72
71 71
44 44
41 41
76 76
69 69
67 67
52 52
51 51
66 66
17 17
30 30
19 19
23 23
11 11
63 63
28 28
56 56
42 42
22 22
36 36
50 50
38 38
48 48
64 64
78 78
62 62
9 9
10 10
1 1
29 29
70 70
47 47
45 45
34 34
15 15
58 58
24 24
39 39
7 7
5 5
55 55
12 12
25 25
27 27
65 65
53 53
14 14
2 2
35 35
3 3
32 32
43 43
77 77
68 68
75 75
4 4
60 60
57 57
13 13
49 49
