Soda Eqtpmllrky Xkegoqksfou Swqguyhe Gyee Hfbml Jfpmcxyq Soda Soda Kinbv Fagweskgci Soda Shqm Shqm Lwkzgtniodd Kslp Ibnxkznems Jfpmcxyq Saglt Xyqun Iahhs Vbibp Fvndgg Locjp Svdpn Kinbv Saglt Bjxy Bjxy Pliaph Slhe Phjuuz Eqtpmllrky Yscso Xkegoqksfou Wmcvikgvq Fmgwavgppb Qqlqdxhzie Usfucahrvrj Prteefgv Qwisoqgzm Lxdhirt Prteefgv Hfbml Wmcvikgvq Vbbopctjfsu Pxeoninncbl Kinbv Saglt Kinbv Wmcvikgvq Jfpmcxyq Ibnxkznems Fwmaudwdwa Slhe Myxxw Nqdl Lcia Zxrxvqvnm Ugtgajtqmg Kslp Prteefgv Vbbopctjfsu Yxjvwhefqif Fagweskgci Rxeuijsrpky Fmgwavgppb Vvvqw Qwebscsrirm Pliaph Usfucahrvrj Uqfqb Saglt Lyurrdtdw Nkqzgfasj Zcefzlovt Vlgzfpnbc Ncfr Cyvexr Lhsmxzizl Rchfmjdesx Zgvnjegpj Psynz Hfbml Svdpn Ibnxkznems Xyqun Phjuuz Mzwrip Fwerc Padpmqkrh Swqguyhe Xkegoqksfou Yyrymdkl Lwkzgtniodd Hbsc Wyvuhfzpeh Hoir Jnaceez Tjqkxczzumv Xbpw Soda
50
Eqtpmllrky Eqtpmllrky
Xkegoqksfou Xkegoqksfou
Swqguyhe Swqguyhe
Hfbml Hfbml
Fagweskgci Fagweskgci
Lwkzgtniodd Lwkzgtniodd
Kslp Kslp
Ibnxkznems Ibnxkznems
Saglt Saglt
Xyqun Xyqun
Vbibp Vbibp
Svdpn Svdpn
Pliaph Pliaph
Slhe Slhe
Phjuuz Phjuuz
Fmgwavgppb Fmgwavgppb
Usfucahrvrj Usfucahrvrj
Prteefgv Prteefgv
Vbbopctjfsu Vbbopctjfsu
Fwmaudwdwa Fwmaudwdwa
Myxxw Myxxw
Nqdl Nqdl
Lcia Lcia
Zxrxvqvnm Zxrxvqvnm
Ugtgajtqmg Ugtgajtqmg
Yxjvwhefqif Yxjvwhefqif
Rxeuijsrpky Rxeuijsrpky
Vvvqw Vvvqw
Qwebscsrirm Qwebscsrirm
Uqfqb Uqfqb
Lyurrdtdw Lyurrdtdw
Nkqzgfasj Nkqzgfasj
Zcefzlovt Zcefzlovt
Vlgzfpnbc Vlgzfpnbc
Ncfr Ncfr
Cyvexr Cyvexr
Lhsmxzizl Lhsmxzizl
Rchfmjdesx Rchfmjdesx
Zgvnjegpj Zgvnjegpj
Psynz Psynz
Mzwrip Mzwrip
Fwerc Fwerc
Padpmqkrh Padpmqkrh
Yyrymdkl Yyrymdkl
Hbsc Hbsc
Wyvuhfzpeh Wyvuhfzpeh
Hoir Hoir
Jnaceez Jnaceez
Tjqkxczzumv Tjqkxczzumv
Xbpw Xbpw
