0 86 35 134 179 33 21 53 24 164 34 13 23 88 199 104 27 15 32 118 52 40 29 152 42 144 153 131 145 50 188 197 90 160 108 3 97 93 140 55 102 57 106 124 6 98 154 80 8 125 61 45 12 92 156 149 46 130 181 173 58 0
60
86 86
35 35
134 134
179 179
33 33
21 21
53 53
24 24
164 164
34 34
13 13
23 23
88 88
199 199
104 104
27 27
15 15
32 32
118 118
52 52
40 40
29 29
152 152
42 42
144 144
153 153
131 131
145 145
50 50
188 188
197 197
90 90
160 160
108 108
3 3
97 97
93 93
140 140
55 55
102 102
57 57
106 106
124 124
6 6
98 98
154 154
80 80
8 8
125 125
61 61
45 45
12 12
92 92
156 156
149 149
46 46
130 130
181 181
173 173
58 58
