KMZ VZI SRK BMH MMI MWN SRK KMZ DEW VZI ENU XNM MQG SRK WDN ZLZ VSQ HPL XNH TSZ BAA BAA EVY VNH QOE EFO VTA JTH EOW AFO QUS KNQ XFP FBZ HGZ XPB GJK HTU KQK COR OBR BUN KGU XHS TSZ ZUA YFA UAO KGU NLD MOA MBM KAL DZY PSZ SZK YET GMG KDF MWN KDF ACK GAZ EXX NSY WDN TFL YQU BTR WDE GJW BMH HON FYE KMZ IEN KVT XYT LRF ZCR DGD MQG GEV WGU KDF WGU GAZ CSI IYC WGU WVO MWN CEA RDP WYK URI VZI FZZ WZI RHL LCB VSQ BWL XXL PWL ZES VIF IKT KDO HTV BVP HSN NDM MWC PKG RWN GVH WPB XNH YEC YGM YWR XWZ HDY WDN WXC KDF GJW EKW CDW GAZ KDH PSZ OUR RHL KBZ NYW KMZ
100
VZI VZI
BMH BMH
MMI MMI
MWN MWN
DEW DEW
ENU ENU
XNM XNM
MQG MQG
WDN WDN
VSQ VSQ
HPL HPL
XNH XNH
EVY EVY
VNH VNH
QOE QOE
EFO EFO
VTA VTA
JTH JTH
AFO AFO
QUS QUS
KNQ KNQ
XFP XFP
FBZ FBZ
HGZ HGZ
XPB XPB
GJK GJK
HTU HTU
KQK KQK
COR COR
OBR OBR
BUN BUN
ZUA ZUA
YFA YFA
UAO UAO
NLD NLD
MBM MBM
KAL KAL
DZY DZY
PSZ PSZ
SZK SZK
YET YET
GMG GMG
KDF KDF
ACK ACK
GAZ GAZ
EXX EXX
NSY NSY
TFL TFL
YQU YQU
BTR BTR
WDE WDE
GJW GJW
HON HON
FYE FYE
IEN IEN
KVT KVT
XYT XYT
LRF LRF
ZCR ZCR
DGD DGD
GEV GEV
CSI CSI
IYC IYC
WVO WVO
CEA CEA
RDP RDP
WYK WYK
URI URI
FZZ FZZ
WZI WZI
RHL RHL
LCB LCB
BWL BWL
XXL XXL
PWL PWL
ZES ZES
VIF VIF
IKT IKT
KDO KDO
HTV HTV
BVP BVP
HSN HSN
NDM NDM
MWC MWC
PKG PKG
RWN RWN
GVH GVH
WPB WPB
YEC YEC
YGM YGM
YWR YWR
XWZ XWZ
HDY HDY
WXC WXC
EKW EKW
CDW CDW
KDH KDH
OUR OUR
KBZ KBZ
NYW NYW
