59 25 57 6 64 4 4 76 46 6 10 66 92 1 2 50 8 50 27 9 30 10 18 1 57 9 26 30 99 54 83 100 61 80 88 75 22 51 79 10 9 57 1 18 66 57 9 10 79 51 22 75 88 80 61 100 92 46 100 61 80 88 75 22 51 79 10 9 57 1 20 66 18 1 57 55 10 79 51 22 75 88 80 61 100 46 2 79 10 55 57 1 18 66 20 58 20 66 18 1 57 9 10 64 8 92 100 61 80 88 75 22 51 79 10 9 57 1 18 66 20 50 79 51 22 75 88 80 61 100 92 27 26 26 30 46 100 61 80 88 75 22 51 34 83 54 11 30 26 9 10 79 51 22 75 88 80 61 100 92 19 100 61 80 88 75 22 51 79 10 9 26 30 99 54 83 34 76 9 10 79 51 84 75 88 80 61 100 46 56 4 46 100 61 80 88 75 22 51 79 10 9 57 77 44 20 50 14 58 66 95 68 93 94 0 23 15 86 5 1 53 42 18 59
20
66 66
1 1
50 50
18 18
20 20
58 58
77 77
44 44
14 14
95 95
68 68
93 93
94 94
0 0
23 23
15 15
86 86
5 5
53 53
42 42
