144 47 28 11 158 19 120 49 127 64 136 183 36 53 83 174 170 67 107 90 169 165 66 122 3 14 78 21 126 106 186 130 156 104 24 108 43 124 74 70 159 147 157 87 42 131 76 142 153 112 132 88 114 44 110 13 62 16 188 39 75 8 79 152 92 185 128 93 7 99 95 51 119 187 141 18 133 144
72
47 47
28 28
11 11
158 158
19 19
120 120
49 49
127 127
64 64
136 136
183 183
53 53
83 83
174 174
170 170
67 67
107 107
90 90
169 169
165 165
66 66
122 122
3 3
14 14
78 78
21 21
126 126
106 106
130 130
156 156
104 104
24 24
108 108
43 43
124 124
74 74
70 70
159 159
147 147
157 157
87 87
42 42
131 131
76 76
142 142
112 112
132 132
88 88
114 114
44 44
110 110
13 13
62 62
16 16
188 188
39 39
75 75
8 8
79 79
152 152
92 92
128 128
93 93
7 7
99 99
95 95
51 51
119 119
187 187
141 141
18 18
133 133
