0 21 63 82 11 178 28 110 92 64 101 108 54 20 130 13 32 77 47 23 1 42 22 45 35 7 139 93 142 164 146 75 186 24 55 35 23 26 14 42 30 12 78 120 73 36 101 67 115 15 108 106 1 77 60 70 77 97 56 76 2 189 0 150 15 168 132 140 118 66 117 170 43 136 105 133 100 87 29 50 192 172 189 195 50 121 170 126 141 16 7 103 183 91 2 143 5 56 155 9 177 175 127 44 38 27 2 34 10 31 52 146 85 104 72 79 68 94 59 99 62 71 131 46 39 49 162 179 139 149 194 193 152 163 178 5 51 0
98
21 21
63 63
82 82
11 11
178 178
28 28
110 110
64 64
101 101
108 108
130 130
13 13
77 77
47 47
23 23
1 1
42 42
22 22
45 45
35 35
139 139
93 93
142 142
164 164
146 146
186 186
24 24
26 26
14 14
30 30
12 12
78 78
120 120
73 73
67 67
115 115
97 97
56 56
76 76
2 2
189 189
150 150
168 168
132 132
140 140
66 66
170 170
136 136
105 105
133 133
100 100
87 87
29 29
50 50
192 192
172 172
195 195
121 121
126 126
141 141
103 103
183 183
91 91
143 143
5 5
155 155
177 177
175 175
127 127
44 44
38 38
27 27
34 34
10 10
31 31
52 52
85 85
104 104
72 72
79 79
68 68
94 94
59 59
99 99
62 62
71 71
131 131
46 46
39 39
49 49
162 162
179 179
149 149
194 194
193 193
152 152
163 163
51 51
