Soda Soda Soda Soda Boalt Soda Dwinelle HearstMiningCircle McLaughlin MLK Moses Haste Senior VLSB Soda Campbell Bowles DoeLibrary Foothill HearstFieldAnnex HaasPavilion Soda Koshland McCone NorthGate Pitzer Stanley Simon Morgan MemorialStadium Bechtel Boalt LeConte Insectary Soda Hertz Gilman EdwardsStadium ClarkKerr Blackwell Boalt BarkerHall Wheeler Bechtel Stern SproulPlaza Observatory Hildebrand KrutchTheater Jacobs LifeSciences GreekTheatre Giannini Haste Etcheverry Cory Cheit Bechtel Soda
45
Boalt Boalt
Dwinelle Dwinelle
HearstMiningCircle HearstMiningCircle
McLaughlin McLaughlin
MLK MLK
Moses Moses
Haste Haste
Senior Senior
VLSB VLSB
Campbell Campbell
Bowles Bowles
DoeLibrary DoeLibrary
Foothill Foothill
HearstFieldAnnex HearstFieldAnnex
HaasPavilion HaasPavilion
Koshland Koshland
McCone McCone
NorthGate NorthGate
Pitzer Pitzer
Stanley Stanley
Simon Simon
Morgan Morgan
MemorialStadium MemorialStadium
Bechtel Bechtel
LeConte LeConte
Insectary Insectary
Hertz Hertz
Gilman Gilman
EdwardsStadium EdwardsStadium
ClarkKerr ClarkKerr
Blackwell Blackwell
BarkerHall BarkerHall
Wheeler Wheeler
Stern Stern
SproulPlaza SproulPlaza
Observatory Observatory
Hildebrand Hildebrand
KrutchTheater KrutchTheater
Jacobs Jacobs
LifeSciences LifeSciences
GreekTheatre GreekTheatre
Giannini Giannini
Etcheverry Etcheverry
Cory Cory
Cheit Cheit
