71 9 27 73 39 52 86 89 87 61 39 52 86 56 49 54 75 61 39 3 74 88 41 54 67 94 48 31 52 91 11 2 84 81 14 42 65 38 79 86 64 16 36 95 30 36 42 67 47 43 84 41 3 39 61 87 7 99 43 84 81 95 21 36 30 43 9 57 98 22 64 91 37 60 73 26 47 67 56 8 10 47 3 39 2 42 70 57 98 60 35 11 5 88 41 79 28 13 49 54 39 61 87 7 30 36 2 33 84 95 21 50 6 55 77 66 45 94 15 19 74 78 18 59 29 24 69 10 47 26 85 42 70 53 0 65 96 38 64 71
50
39 39
87 87
61 61
49 49
54 54
74 74
88 88
41 41
94 94
11 11
2 2
84 84
42 42
65 65
38 38
79 79
64 64
36 36
95 95
30 30
47 47
7 7
21 21
60 60
26 26
10 10
70 70
35 35
5 5
28 28
13 13
33 33
50 50
6 6
55 55
77 77
66 66
45 45
15 15
19 19
78 78
18 18
59 59
29 29
24 24
69 69
85 85
53 53
0 0
96 96
