199 82 196 190 152 69 152 190 25 113 1 105 77 51 77 105 133 91 12 91 15 143 63 68 63 22 129 185 84 32 120 130 145 37 145 16 81 43 92 193 31 97 31 193 72 6 72 46 47 36 47 46 47 93 56 93 178 50 101 13 67 34 98 8 65 76 106 42 106 76 65 86 14 66 30 138 89 149 87 149 172 197 28 158 71 2 27 19 70 134 53 163 75 163 17 163 49 0 49 142 26 142 146 174 40 33 40 174 96 9 96 189 95 189 176 54 150 20 61 57 11 114 59 21 88 21 73 21 83 38 79 177 103 182 35 159 80 45 102 64 102 52 102 45 104 85 99 85 104 45 80 175 5 39 90 39 29 7 177 23 177 41 157 115 167 78 119 156 74 192 58 192 74 156 119 4 119 124 83 55 3 18 3 55 94 62 94 55 164 60 44 5 48 151 10 24 199
100
82 82
69 69
25 25
1 1
77 77
51 51
91 91
12 12
15 15
63 63
68 68
22 22
84 84
32 32
37 37
16 16
81 81
43 43
92 92
31 31
97 97
72 72
6 6
46 46
47 47
36 36
93 93
56 56
50 50
13 13
67 67
34 34
98 98
8 8
65 65
76 76
42 42
86 86
14 14
66 66
30 30
89 89
87 87
28 28
71 71
2 2
27 27
19 19
70 70
53 53
75 75
17 17
49 49
0 0
26 26
40 40
33 33
96 96
9 9
95 95
54 54
20 20
61 61
57 57
11 11
59 59
21 21
88 88
73 73
83 83
38 38
79 79
35 35
80 80
45 45
64 64
52 52
85 85
99 99
5 5
39 39
90 90
29 29
7 7
23 23
41 41
78 78
74 74
58 58
4 4
55 55
3 3
18 18
94 94
62 62
60 60
44 44
48 48
10 10
24 24
