Egsmith Whithall Sudtree Blanworth Whithall Wychbourne Burfield Durnell Durgrove Whittree Wychnell Aldover Wychsmith Chelmbeck Burfield Wychbourne Sudwell Wychnell Burfield Ashdown Stainby Waltditch Wenside Alfchester Egsmith Whittree Chelmwang Hornborough Ashbourne Sudwich Cookford Flitgrove Wenwold Sudtree Durnell Ashbourne Durnell Blanworth Burfield Waltditch Egsmith Chelmden Horsmoor Farnsmith Cookford Hornborough Durnell Barnton Egtree Wychnell Edgey Hurstlow Burbourne Stapbeck Penborne Shaftbridge Wywick Wychbeck Staplake Edgey Shaftbage Ashdown Farnsmith Wychsmith Chelmwang Wetwick Nortley Stainbrough Chelmden Egtree Wychnell Egavon Wychbourne Cookford Chelmbeck Flitgrove Sudtree Leathermere Wenwold Stainby Brackbrough Wenbeck Pemlow Ashbourne Barnton Egsmith
36
Sudtree Sudtree
Wychbourne Wychbourne
Wychnell Wychnell
Wychsmith Wychsmith
Chelmbeck Chelmbeck
Ashdown Ashdown
Stainby Stainby
Waltditch Waltditch
Wenside Wenside
Alfchester Alfchester
Chelmwang Chelmwang
Ashbourne Ashbourne
Cookford Cookford
Flitgrove Flitgrove
Wenwold Wenwold
Chelmden Chelmden
Farnsmith Farnsmith
Barnton Barnton
Egtree Egtree
Edgey Edgey
Burbourne Burbourne
Stapbeck Stapbeck
Penborne Penborne
Shaftbridge Shaftbridge
Wywick Wywick
Wychbeck Wychbeck
Staplake Staplake
Shaftbage Shaftbage
Wetwick Wetwick
Nortley Nortley
Stainbrough Stainbrough
Egavon Egavon
Leathermere Leathermere
Brackbrough Brackbrough
Wenbeck Wenbeck
Pemlow Pemlow
