qtq pxi uwp pxi blo sfp rju blo zgs ukh hxo tvy qnn uca llr lah xos lah mnv qbj dkn qbj rut yiz ili bsz iuz nfy tnl qbq nhr slq nhr fne wiq fne hxp brk ooc art idl mbx wpo tmd tro viv tro eqm htv jta rod hpb orc pkx orc nhk unf vlt ptq ynq nxr ooi xax tto txk thz pwa udq tmc udq unk pxs unk qfc qbe uoz kza krg ahv rwt wpq vsu wuf rcs pjx pta lbs jxq itg hba rxi hhe zbn vaf ase mmf qls qlo cpw lfh spp qyi bwq lnv qjm gak fgo bai egz vub egz cjp zqn cxu qoe nkx fib gup bpm qof lxt pvy osc pwa udq jno thd ahy xdz wju ifc plx ifc fsl ifc cnv zgf npu wuc uxr qtq
100
qtq qtq
uwp uwp
sfp sfp
rju rju
zgs zgs
ukh ukh
hxo hxo
qnn qnn
uca uca
lah lah
xos xos
mnv mnv
qbj qbj
dkn dkn
rut rut
yiz yiz
ili ili
bsz bsz
iuz iuz
nfy nfy
tnl tnl
nhr nhr
slq slq
wiq wiq
hxp hxp
brk brk
ooc ooc
idl idl
mbx mbx
tmd tmd
tro tro
viv viv
eqm eqm
htv htv
jta jta
rod rod
hpb hpb
orc orc
pkx pkx
nhk nhk
vlt vlt
ptq ptq
ynq ynq
ooi ooi
xax xax
txk txk
thz thz
pwa pwa
udq udq
tmc tmc
pxs pxs
qfc qfc
qbe qbe
uoz uoz
kza kza
krg krg
ahv ahv
rwt rwt
wpq wpq
vsu vsu
wuf wuf
pjx pjx
pta pta
itg itg
rxi rxi
hhe hhe
zbn zbn
vaf vaf
ase ase
qls qls
qlo qlo
cpw cpw
lfh lfh
spp spp
lnv lnv
qjm qjm
gak gak
fgo fgo
bai bai
egz egz
vub vub
cjp cjp
zqn zqn
cxu cxu
nkx nkx
gup gup
lxt lxt
jno jno
thd thd
ahy ahy
xdz xdz
wju wju
ifc ifc
plx plx
fsl fsl
cnv cnv
zgf zgf
npu npu
wuc wuc
uxr uxr
