FD AU BG DI GP DF AS DZ DM DU FG CA GH FE CK CG CM BT CM HH EE FU EJ DC EJ BE BN AZ GA CL BC GQ FP EL ET GM EW BQ FR GZ CT FB GR EO ED DH FT BM AJ DB EB HR AK BZ AD EY AD DK AM BK HP CI GF CW FM HF GC AT EQ AV GS EM HO EM FI ES GD CS GX CE AX CE DQ FS FQ EX DS EK FO EK CO EG BF DV HC FJ EZ FY HM FN HM DA ER DN CF EN FV EN CB CC GN BA GN BO DP GK AF GO HB HD AW DE AG BV AC FU CU FD
100
AU AU
BG BG
DI DI
GP GP
DF DF
DZ DZ
DM DM
DU DU
CA CA
CK CK
CG CG
BT BT
HH HH
EE EE
FU FU
EJ EJ
DC DC
BE BE
BN BN
AZ AZ
GA GA
CL CL
BC BC
GQ GQ
FP FP
EL EL
ET ET
EW EW
BQ BQ
FR FR
GZ GZ
CT CT
GR GR
EO EO
DH DH
FT FT
BM BM
AJ AJ
DB DB
HR HR
AK AK
BZ BZ
AD AD
EY EY
DK DK
AM AM
BK BK
HP HP
CI CI
GF GF
CW CW
FM FM
HF HF
GC GC
AT AT
AV AV
GS GS
EM EM
HO HO
FI FI
ES ES
GD GD
CS CS
GX GX
AX AX
DQ DQ
FS FS
EX EX
EK EK
FO FO
CO CO
EG EG
BF BF
HC HC
FJ FJ
EZ EZ
FY FY
FN FN
DA DA
ER ER
DN DN
CF CF
EN EN
FV FV
CB CB
CC CC
GN GN
BA BA
BO BO
DP DP
GK GK
AF AF
GO GO
HB HB
HD HD
AW AW
DE DE
AG AG
BV BV
CU CU
