Cleresmith Chippingwood Ketterwold Chillerlow Durblechester Dribbasborne Warrerbage Durblechester Warrerbage Durblechester Todderworth Durblechester Wydon Ketterwold Milditch Warrerbage Warrerbage Warrerbage Warrerbage Ketterwold Milditch Ketterwold Milditch Basfield Warrerbage Chedlake Durblechester Durblechester Ketterwold Milditch Ketterwold Milditch Ketterwold Milditch Ellingey Eggerrensling Hannerworth Pendrenslake Elfield Warblesdown Soddenreey Skelcastle Cannerrebeck Cammenenwich Reddenwell Suddlebrough Reddentree Elmsbrook Chilcompcester Shrivden Rockhead Bootworth Ribney Wetley Warringwood Cleresmith
27
Chippingwood Chippingwood
Ketterwold Ketterwold
Durblechester Durblechester
Warrerbage Warrerbage
Milditch Milditch
Basfield Basfield
Ellingey Ellingey
Eggerrensling Eggerrensling
Hannerworth Hannerworth
Pendrenslake Pendrenslake
Elfield Elfield
Warblesdown Warblesdown
Soddenreey Soddenreey
Skelcastle Skelcastle
Cannerrebeck Cannerrebeck
Cammenenwich Cammenenwich
Reddenwell Reddenwell
Suddlebrough Suddlebrough
Reddentree Reddentree
Elmsbrook Elmsbrook
Chilcompcester Chilcompcester
Shrivden Shrivden
Rockhead Rockhead
Bootworth Bootworth
Ribney Ribney
Wetley Wetley
Warringwood Warringwood
