0 99 12 18 72 78 20 59 39 98 15 21 37 12 4 50 81 25 76 37 37 34 43 73 37 37 74 86 51 45 34 76 7 3 22 77 11 23 23 33 71 13 9 87 19 9 76 49 66 54 77 99 86 15 3 15 6 10 86 13 60 87 99 12 13 1 36 22 24 95 41 63 51 3 20 83 90 48 71 42 93 64 2 62 33 47 54 34 30 16 74 72 32 89 80 79 75 10 86 7 4 35 84 50 11 81 56 0
50
99 99
12 12
72 72
20 20
59 59
39 39
98 98
4 4
50 50
81 81
34 34
74 74
86 86
51 51
7 7
3 3
22 22
11 11
33 33
71 71
13 13
87 87
54 54
10 10
60 60
1 1
36 36
24 24
95 95
41 41
63 63
83 83
90 90
48 48
42 42
93 93
64 64
2 2
62 62
47 47
30 30
16 16
32 32
89 89
80 80
79 79
75 75
35 35
84 84
56 56
