SantaClarita Carrollton Lubbock Concord Lubbock Frisco LexingtonFa Frisco PembrokePines Austin Indianapolis Stockton Pomona Allentown Omaha Ontario Boston Hartford LongBeach LouisvilleJefferson LongBeach SanDiego Paterson Chandler Akron Berkeley Stamford SanDiego StLouis SanDiego Waco SanDiego Henderson Portland Visalia Sunnyvale Surprise WestValleyCity Washington RanchoCucamonga Cary Orlando Brownsville Lafayette OklahomaCity LosAngeles OklahomaCity StPetersburg Newark Garland Worcester Alexandria Bellevue Scottsdale Irvine Fayetteville Independence SiouxFalls Wichita Memphis Yonkers Thornton NewportNews Beaumont Thornton Midland Thornton Huntsville Shreveport Victorville GardenGrove Carrollton SantaClarita
50
Carrollton Carrollton
Concord Concord
LexingtonFa LexingtonFa
PembrokePines PembrokePines
Austin Austin
Indianapolis Indianapolis
Stockton Stockton
Pomona Pomona
Allentown Allentown
Omaha Omaha
Ontario Ontario
Boston Boston
Hartford Hartford
LongBeach LongBeach
LouisvilleJefferson LouisvilleJefferson
Paterson Paterson
Stamford Stamford
StLouis StLouis
Waco Waco
Henderson Henderson
Visalia Visalia
Sunnyvale Sunnyvale
Surprise Surprise
WestValleyCity WestValleyCity
Washington Washington
RanchoCucamonga RanchoCucamonga
Orlando Orlando
Brownsville Brownsville
Lafayette Lafayette
OklahomaCity OklahomaCity
LosAngeles LosAngeles
StPetersburg StPetersburg
Newark Newark
Garland Garland
Worcester Worcester
Alexandria Alexandria
Bellevue Bellevue
Scottsdale Scottsdale
Fayetteville Fayetteville
Independence Independence
SiouxFalls SiouxFalls
Wichita Wichita
Yonkers Yonkers
NewportNews NewportNews
Beaumont Beaumont
Midland Midland
Huntsville Huntsville
Shreveport Shreveport
Victorville Victorville
GardenGrove GardenGrove
