Waco SaltLakeCity SantaClara OverlandPark Palmdale Waco Palmdale OWO SaltLakeCity SanAntonio MorenoValley Detroit OverlandPark Palmdale Newark Palmdale SterlingHeights Peoria SaltLakeCity Lincoln Detroit DesMoines Aurora OverlandPark SterlingHeights OverlandPark Waco Palmdale OverlandPark OverlandPark OverlandPark FortCollins StPaul SanBernardino Stamford Cary Clarksville FortWayne LexingtonFa Palmdale SterlingHeights OWO AthensClarkeCounty SanFrancisco Richmond Omaha Detroit Newark Lincoln ChulaVista Irving Rochester SaltLakeCity AnnArbor Waco
25
SaltLakeCity SaltLakeCity
Palmdale Palmdale
OWO OWO
SanAntonio SanAntonio
MorenoValley MorenoValley
Detroit Detroit
Newark Newark
SterlingHeights SterlingHeights
Lincoln Lincoln
FortCollins FortCollins
StPaul StPaul
SanBernardino SanBernardino
Stamford Stamford
Cary Cary
Clarksville Clarksville
FortWayne FortWayne
LexingtonFa LexingtonFa
AthensClarkeCounty AthensClarkeCounty
SanFrancisco SanFrancisco
Richmond Richmond
Omaha Omaha
ChulaVista ChulaVista
Irving Irving
Rochester Rochester
AnnArbor AnnArbor
