0 143 163 26 154 64 136 3 3 3 98 175 70 130 190 163 78 124 17 135 101 87 101 98 67 37 1 3 3 112 88 9 184 42 81 168 90 17 17 140 29 78 123 114 114 190 174 192 80 30 30 193 184 39 40 173 173 117 94 15 6 182 50 108 37 133 31 34 122 153 152 3 195 166 128 17 17 29 78 101 133 108 46 29 131 17 57 130 89 38 125 10 159 21 165 131 176 78 5 186 136 2 50 17 131 108 163 190 35 49 87 110 72 64 123 42 50 182 183 195 124 91 87 87 11 18 112 135 123 17 193 193 17 184 39 175 117 41 151 19 11 130 74 168 38 61 175 117 195 122 12 76 90 125 5 26 146 21 43 146 166 20 177 59 199 52 78 72 184 173 14 13 102 197 22 74 38 26 167 69 51 164 111 80 2 98 89 96 70 94 137 129 47 151 31 24 152 138 157 35 3 27 193 39 56 67 172 134 183 100 120 33 18 101 68 141 159 42 160 5 17 114 154 1 133 86 84 93 71 8 182 50 125 174 4 103 9 130 83 15 16 116 190 11 65 187 28 128 81 158 107 115 153 23 66 0
100
0 0
143 143
26 26
154 154
3 3
98 98
70 70
130 130
190 190
78 78
17 17
101 101
67 67
1 1
9 9
184 184
42 42
81 81
114 114
174 174
80 80
193 193
39 39
173 173
94 94
15 15
182 182
50 50
133 133
31 31
153 153
152 152
166 166
128 128
89 89
38 38
125 125
159 159
21 21
5 5
2 2
35 35
72 72
183 183
11 11
18 18
151 151
74 74
146 146
43 43
20 20
177 177
59 59
199 199
52 52
14 14
13 13
102 102
197 197
22 22
167 167
69 69
51 51
164 164
111 111
96 96
137 137
129 129
47 47
24 24
138 138
157 157
27 27
56 56
172 172
134 134
100 100
120 120
33 33
68 68
141 141
160 160
86 86
84 84
93 93
71 71
8 8
4 4
103 103
83 83
16 16
116 116
65 65
187 187
28 28
158 158
107 107
115 115
23 23
66 66
