wNqlpYNsRbJEgiGpKxrU lbWonvEbeplndKguSTkk igyeOiSdezmmXGTwMzLw KcrnMnFDTrBKaUaGpdLY fpoTaBKmVdlDCxFwCFoz FWnudSYFvYQJHehOpEKf umZXKcxkweEplHZdotgU oLMkSrYLQRLHmPiuLCTC umZXKcxkweEplHZdotgU wuSVWJYvpiWaQAHXocSG cwgJAHVpCCTmuckJkncL lIpVoDPUIfHCPpjswogJ QjbdwbUnopENkiNyqirZ DZEpVGVXkxHljziwItaS ADVVlRLpnspleRTgeTdu ndaHivGVVtIUvLiyUWcm ZauPfhkpsGmhbvkhkltR PZwTcKCPsEmpxetNZvef pMOSpTzPTPLXHLOQMjnt XPPBMlNyfVVeZGIzTCEW yYaxxtTIkvUeyUpwOvuY shugRMnaHVqQSmKaNBgu IvXQutSorlqOgnSVAIUd oKAKfpUUuLItChLyByFh IvXQutSorlqOgnSVAIUd NPSPGRTNRcKKVpsBRSwh QyXpliHSeQOPIsurIcpa eOfnBeTgmYCNEnRUhlEK UdSbtwxTqTJxOiUoxEqw hLaNXBYgTzgUhvjmqUTu pzrGQEObzJGPnfATEYDc wlySPverjehsBxldyigf edlAtPQdNXJQPCIzpkyX xgBrJmdXVwtxgRuCBhMe EmbDgEECbkHbfAfHCgwB vIbIQYXZnmYrooTLYNtu fgzJCwocQniGlXAZHJId UIlSMnVKIdNiXZNSiHsI CvZkdIYtdeDHtwufupie syonLisTOSczosCwoILE aIuYyryCOUGVeCAqbqkg EhDFVLWZueLOrdjEOzEQ yscsUFTNNyaVMKBztBdV NJZlnWyeJFrkOwoqHKtT oZXYedlbtBLmkfoVmgta joWAhkfNqIEECnBeulGl GMxGouyyndiUBMqMdOoc XvUPApTFkqaSSizYsCIr lSJjEsqamUCgRZdCmdyI DpztIuGTRpGuLsdlODJw QyXpliHSeQOPIsurIcpa ANDviqMIuFwdcboQDprt YTwycpmzEWCqqTELtzXc aGPbLNWYAMujnfHCTCMo HeWrJOKsDjgdrcamgZLN kwPuYZgJgVVJfdBGUtPw mgNeYYUOPKpLeiVEFIXd NtyLZDOaSczVvOGdocUp NYdfLxXxFVvLEbDKzXWn NIJaJxCurulNUdZZMxFk erZKLqpCZsYKDnOCaBGq ccdJRKiTXwIErdhSIxfh qoaNjvaRghiMQXaVEoQe VRpSthoDcomqMDsGoVql nCedHqGgdWAicwyuYWpg nreoVgWrBhNXFZgTBlXO WMWBpOSnHGywZjCgaYyY XtZHoAxqEyzvMChzPHpN CbGuHgZfQMmSOfHDFJnK qoaNjvaRghiMQXaVEoQe kqcEdfKLaRzxOhAIzchh jznspKyqlmxZtgfQUJVB RlHeRhvUOhGhZVGGJuED eiLPqIroFfCGzqSAlzAp svUOWvTJLneAqJGnExpc fosrykBjHtdvgWTEWXFR gDYKDrbERUXTnCayjBrC QePOUWiXcAUCoHETxuGS wfEFdNDcColoskjTjcLm uUKZHvHmBrpBHjYWNaUL ZwvojvRdUOYNJXIwAqgC eCBFrcppbiLzdGQubocl SitzoubgYFeTjmkLjVPz zHPSSEtFTQIbLYMdHqgP vTbNxpVTEoFlSjvvVvfG cMYyKTXGNKnFzrpwnXUl wuSVWJYvpiWaQAHXocSG JvFxbsySBAiFiOUrzrBi scpUkbcaYSAsHhSktebT jUSlIFtitQxyvVLJjiCc scpUkbcaYSAsHhSktebT JVONrXhhmtFWhFfDiOXW VIPPawblKbhOVWrmrWBx iVjkcMenotYGMFEBTvoa gFUGYXSirCYiFTivWNah xlbpuxAjoVPJWPCWBEkJ zNRhhVdMWUgTnnqmAfeY QeYNNLpZMBxyiFbZMPFY wvSJDoqoPGAkYgSuPFPw NzDQJknJPDEkcwCHzzbF MBJqOYmxhUYbldNVEdRy EEeDJaHeajXXlwYcHTeJ efZntVbfQTvIUOiRNPSH EEeDJaHeajXXlwYcHTeJ juzxSpUVuccJUMBOcJjO gFUGYXSirCYiFTivWNah ayQgUwyRuQVKeyFLPNbQ ZXihCBEQBTdisqSlEMsj CvZkdIYtdeDHtwufupie oHoxoLeyDYnKZDzgMtxI TEPaiCedHTXapLxoBXMp bFmSeBrfNuxjYPUDCLYq szyiMlKhtyOynWjcoMsm ihxEqMQIIvyQmtrtMjeO kyApsCeFkLoLFCdkazaE gcXUxTVUZWsOwtRNeDDa imEmCMbYEtZJJkwxkSDD bEfUXCTlwRBndElSbPGf UIlSMnVKIdNiXZNSiHsI eobSFtKBbBdcVrTOREdK qfRRtdRbhYJBARMfPlZM lbWonvEbeplndKguSTkk wNqlpYNsRbJEgiGpKxrU
100
lbWonvEbeplndKguSTkk lbWonvEbeplndKguSTkk
igyeOiSdezmmXGTwMzLw igyeOiSdezmmXGTwMzLw
KcrnMnFDTrBKaUaGpdLY KcrnMnFDTrBKaUaGpdLY
fpoTaBKmVdlDCxFwCFoz fpoTaBKmVdlDCxFwCFoz
FWnudSYFvYQJHehOpEKf FWnudSYFvYQJHehOpEKf
oLMkSrYLQRLHmPiuLCTC oLMkSrYLQRLHmPiuLCTC
wuSVWJYvpiWaQAHXocSG wuSVWJYvpiWaQAHXocSG
cwgJAHVpCCTmuckJkncL cwgJAHVpCCTmuckJkncL
QjbdwbUnopENkiNyqirZ QjbdwbUnopENkiNyqirZ
DZEpVGVXkxHljziwItaS DZEpVGVXkxHljziwItaS
ADVVlRLpnspleRTgeTdu ADVVlRLpnspleRTgeTdu
ZauPfhkpsGmhbvkhkltR ZauPfhkpsGmhbvkhkltR
PZwTcKCPsEmpxetNZvef PZwTcKCPsEmpxetNZvef
pMOSpTzPTPLXHLOQMjnt pMOSpTzPTPLXHLOQMjnt
XPPBMlNyfVVeZGIzTCEW XPPBMlNyfVVeZGIzTCEW
shugRMnaHVqQSmKaNBgu shugRMnaHVqQSmKaNBgu
IvXQutSorlqOgnSVAIUd IvXQutSorlqOgnSVAIUd
oKAKfpUUuLItChLyByFh oKAKfpUUuLItChLyByFh
NPSPGRTNRcKKVpsBRSwh NPSPGRTNRcKKVpsBRSwh
QyXpliHSeQOPIsurIcpa QyXpliHSeQOPIsurIcpa
eOfnBeTgmYCNEnRUhlEK eOfnBeTgmYCNEnRUhlEK
UdSbtwxTqTJxOiUoxEqw UdSbtwxTqTJxOiUoxEqw
hLaNXBYgTzgUhvjmqUTu hLaNXBYgTzgUhvjmqUTu
pzrGQEObzJGPnfATEYDc pzrGQEObzJGPnfATEYDc
wlySPverjehsBxldyigf wlySPverjehsBxldyigf
edlAtPQdNXJQPCIzpkyX edlAtPQdNXJQPCIzpkyX
xgBrJmdXVwtxgRuCBhMe xgBrJmdXVwtxgRuCBhMe
EmbDgEECbkHbfAfHCgwB EmbDgEECbkHbfAfHCgwB
vIbIQYXZnmYrooTLYNtu vIbIQYXZnmYrooTLYNtu
fgzJCwocQniGlXAZHJId fgzJCwocQniGlXAZHJId
UIlSMnVKIdNiXZNSiHsI UIlSMnVKIdNiXZNSiHsI
CvZkdIYtdeDHtwufupie CvZkdIYtdeDHtwufupie
syonLisTOSczosCwoILE syonLisTOSczosCwoILE
aIuYyryCOUGVeCAqbqkg aIuYyryCOUGVeCAqbqkg
EhDFVLWZueLOrdjEOzEQ EhDFVLWZueLOrdjEOzEQ
yscsUFTNNyaVMKBztBdV yscsUFTNNyaVMKBztBdV
NJZlnWyeJFrkOwoqHKtT NJZlnWyeJFrkOwoqHKtT
oZXYedlbtBLmkfoVmgta oZXYedlbtBLmkfoVmgta
joWAhkfNqIEECnBeulGl joWAhkfNqIEECnBeulGl
GMxGouyyndiUBMqMdOoc GMxGouyyndiUBMqMdOoc
XvUPApTFkqaSSizYsCIr XvUPApTFkqaSSizYsCIr
lSJjEsqamUCgRZdCmdyI lSJjEsqamUCgRZdCmdyI
DpztIuGTRpGuLsdlODJw DpztIuGTRpGuLsdlODJw
ANDviqMIuFwdcboQDprt ANDviqMIuFwdcboQDprt
YTwycpmzEWCqqTELtzXc YTwycpmzEWCqqTELtzXc
aGPbLNWYAMujnfHCTCMo aGPbLNWYAMujnfHCTCMo
HeWrJOKsDjgdrcamgZLN HeWrJOKsDjgdrcamgZLN
kwPuYZgJgVVJfdBGUtPw kwPuYZgJgVVJfdBGUtPw
mgNeYYUOPKpLeiVEFIXd mgNeYYUOPKpLeiVEFIXd
NtyLZDOaSczVvOGdocUp NtyLZDOaSczVvOGdocUp
NYdfLxXxFVvLEbDKzXWn NYdfLxXxFVvLEbDKzXWn
NIJaJxCurulNUdZZMxFk NIJaJxCurulNUdZZMxFk
erZKLqpCZsYKDnOCaBGq erZKLqpCZsYKDnOCaBGq
ccdJRKiTXwIErdhSIxfh ccdJRKiTXwIErdhSIxfh
VRpSthoDcomqMDsGoVql VRpSthoDcomqMDsGoVql
nCedHqGgdWAicwyuYWpg nCedHqGgdWAicwyuYWpg
nreoVgWrBhNXFZgTBlXO nreoVgWrBhNXFZgTBlXO
WMWBpOSnHGywZjCgaYyY WMWBpOSnHGywZjCgaYyY
XtZHoAxqEyzvMChzPHpN XtZHoAxqEyzvMChzPHpN
CbGuHgZfQMmSOfHDFJnK CbGuHgZfQMmSOfHDFJnK
kqcEdfKLaRzxOhAIzchh kqcEdfKLaRzxOhAIzchh
jznspKyqlmxZtgfQUJVB jznspKyqlmxZtgfQUJVB
RlHeRhvUOhGhZVGGJuED RlHeRhvUOhGhZVGGJuED
eiLPqIroFfCGzqSAlzAp eiLPqIroFfCGzqSAlzAp
svUOWvTJLneAqJGnExpc svUOWvTJLneAqJGnExpc
gDYKDrbERUXTnCayjBrC gDYKDrbERUXTnCayjBrC
QePOUWiXcAUCoHETxuGS QePOUWiXcAUCoHETxuGS
wfEFdNDcColoskjTjcLm wfEFdNDcColoskjTjcLm
ZwvojvRdUOYNJXIwAqgC ZwvojvRdUOYNJXIwAqgC
SitzoubgYFeTjmkLjVPz SitzoubgYFeTjmkLjVPz
zHPSSEtFTQIbLYMdHqgP zHPSSEtFTQIbLYMdHqgP
vTbNxpVTEoFlSjvvVvfG vTbNxpVTEoFlSjvvVvfG
cMYyKTXGNKnFzrpwnXUl cMYyKTXGNKnFzrpwnXUl
JvFxbsySBAiFiOUrzrBi JvFxbsySBAiFiOUrzrBi
scpUkbcaYSAsHhSktebT scpUkbcaYSAsHhSktebT
jUSlIFtitQxyvVLJjiCc jUSlIFtitQxyvVLJjiCc
JVONrXhhmtFWhFfDiOXW JVONrXhhmtFWhFfDiOXW
VIPPawblKbhOVWrmrWBx VIPPawblKbhOVWrmrWBx
xlbpuxAjoVPJWPCWBEkJ xlbpuxAjoVPJWPCWBEkJ
zNRhhVdMWUgTnnqmAfeY zNRhhVdMWUgTnnqmAfeY
QeYNNLpZMBxyiFbZMPFY QeYNNLpZMBxyiFbZMPFY
wvSJDoqoPGAkYgSuPFPw wvSJDoqoPGAkYgSuPFPw
NzDQJknJPDEkcwCHzzbF NzDQJknJPDEkcwCHzzbF
MBJqOYmxhUYbldNVEdRy MBJqOYmxhUYbldNVEdRy
EEeDJaHeajXXlwYcHTeJ EEeDJaHeajXXlwYcHTeJ
efZntVbfQTvIUOiRNPSH efZntVbfQTvIUOiRNPSH
juzxSpUVuccJUMBOcJjO juzxSpUVuccJUMBOcJjO
ayQgUwyRuQVKeyFLPNbQ ayQgUwyRuQVKeyFLPNbQ
ZXihCBEQBTdisqSlEMsj ZXihCBEQBTdisqSlEMsj
oHoxoLeyDYnKZDzgMtxI oHoxoLeyDYnKZDzgMtxI
TEPaiCedHTXapLxoBXMp TEPaiCedHTXapLxoBXMp
bFmSeBrfNuxjYPUDCLYq bFmSeBrfNuxjYPUDCLYq
szyiMlKhtyOynWjcoMsm szyiMlKhtyOynWjcoMsm
ihxEqMQIIvyQmtrtMjeO ihxEqMQIIvyQmtrtMjeO
kyApsCeFkLoLFCdkazaE kyApsCeFkLoLFCdkazaE
gcXUxTVUZWsOwtRNeDDa gcXUxTVUZWsOwtRNeDDa
imEmCMbYEtZJJkwxkSDD imEmCMbYEtZJJkwxkSDD
bEfUXCTlwRBndElSbPGf bEfUXCTlwRBndElSbPGf
eobSFtKBbBdcVrTOREdK eobSFtKBbBdcVrTOREdK
qfRRtdRbhYJBARMfPlZM qfRRtdRbhYJBARMfPlZM
