oUyBZvEHNPOWtAsHANHU XZRBuctXhYPbWardFSZS CcspnGXfrmzZRWjdMjLd cAvnOxZJtanpVvcAxJHM tItiZloipgPmLuONrNnZ oUyBZvEHNPOWtAsHANHU UcwddMmmNJxPoUiuiyvm oUyBZvEHNPOWtAsHANHU fDAbzsYfiXDxOIsITcQl CcspnGXfrmzZRWjdMjLd UMfDYlvFlUVuogMRkWNG eqwycKZriorIAbsUBjxu JKNUHFrXPStBWMuUOVkj VVzvLIOwARaWwhQTKPrx hpQFeVriPZmwKZcYFAWN eqwycKZriorIAbsUBjxu IYjdyvMygNfTgzjFTcfG UgaWwXBplvlUJzfeuZdN QMnEKXGwZYUlreveNjwA fDAbzsYfiXDxOIsITcQl IuNNJvHSmYKpVBzmzuJX rqqedkokePZFdhDbMNpX NBTlGJqSnWahMvuDlXAm ikjgYLaZRolSrbIYyKBd oMKDNkBacLxexXKHqXfF tItiZloipgPmLuONrNnZ ikjgYLaZRolSrbIYyKBd JGmrlhNqKarRJZMikIzR oUyBZvEHNPOWtAsHANHU rqqedkokePZFdhDbMNpX QFaSXENOfunmdZIBqDsS JKNUHFrXPStBWMuUOVkj tItiZloipgPmLuONrNnZ JKNUHFrXPStBWMuUOVkj QFaSXENOfunmdZIBqDsS UMfDYlvFlUVuogMRkWNG tItiZloipgPmLuONrNnZ eqwycKZriorIAbsUBjxu OWCblOtQanZakRLMqMxz UgaWwXBplvlUJzfeuZdN oMKDNkBacLxexXKHqXfF CcspnGXfrmzZRWjdMjLd PojKKQvEDmFOnJinujFi hpQFeVriPZmwKZcYFAWN NBTlGJqSnWahMvuDlXAm IUJDEWwYxhQimsCqnrFH NVPacTSrBMpDkMBotiWB IuNNJvHSmYKpVBzmzuJX znYRMYifzQwyixuIXDnz gUlgGYCPZjsRiFLqnVun lPMfQyVLDIZczBuDgsVQ UMfDYlvFlUVuogMRkWNG eWVKeYegIFOJxvfRkjek OWCblOtQanZakRLMqMxz VVzvLIOwARaWwhQTKPrx eqwycKZriorIAbsUBjxu cAvnOxZJtanpVvcAxJHM CXrruomvXfADUrHxMwZi JKNUHFrXPStBWMuUOVkj CCYBPFZgoOONzoEeTKzC MeohNnftDTzllMTGwxnG hNRcEeFjmsmOnuOdNAXl eWGFHgdBASXJbxQbYrCG oUyBZvEHNPOWtAsHANHU
25
oUyBZvEHNPOWtAsHANHU oUyBZvEHNPOWtAsHANHU
CcspnGXfrmzZRWjdMjLd CcspnGXfrmzZRWjdMjLd
cAvnOxZJtanpVvcAxJHM cAvnOxZJtanpVvcAxJHM
UMfDYlvFlUVuogMRkWNG UMfDYlvFlUVuogMRkWNG
eqwycKZriorIAbsUBjxu eqwycKZriorIAbsUBjxu
JKNUHFrXPStBWMuUOVkj JKNUHFrXPStBWMuUOVkj
VVzvLIOwARaWwhQTKPrx VVzvLIOwARaWwhQTKPrx
hpQFeVriPZmwKZcYFAWN hpQFeVriPZmwKZcYFAWN
QMnEKXGwZYUlreveNjwA QMnEKXGwZYUlreveNjwA
IuNNJvHSmYKpVBzmzuJX IuNNJvHSmYKpVBzmzuJX
NBTlGJqSnWahMvuDlXAm NBTlGJqSnWahMvuDlXAm
oMKDNkBacLxexXKHqXfF oMKDNkBacLxexXKHqXfF
OWCblOtQanZakRLMqMxz OWCblOtQanZakRLMqMxz
PojKKQvEDmFOnJinujFi PojKKQvEDmFOnJinujFi
IUJDEWwYxhQimsCqnrFH IUJDEWwYxhQimsCqnrFH
NVPacTSrBMpDkMBotiWB NVPacTSrBMpDkMBotiWB
znYRMYifzQwyixuIXDnz znYRMYifzQwyixuIXDnz
gUlgGYCPZjsRiFLqnVun gUlgGYCPZjsRiFLqnVun
lPMfQyVLDIZczBuDgsVQ lPMfQyVLDIZczBuDgsVQ
eWVKeYegIFOJxvfRkjek eWVKeYegIFOJxvfRkjek
CXrruomvXfADUrHxMwZi CXrruomvXfADUrHxMwZi
CCYBPFZgoOONzoEeTKzC CCYBPFZgoOONzoEeTKzC
MeohNnftDTzllMTGwxnG MeohNnftDTzllMTGwxnG
hNRcEeFjmsmOnuOdNAXl hNRcEeFjmsmOnuOdNAXl
eWGFHgdBASXJbxQbYrCG eWGFHgdBASXJbxQbYrCG
