Jingzhou TarguSecuiesc Thamaga CoonRapids Rangae Srinagar NovyyBuh Frosinone Frosinone NiagaraFalls NiagaraFalls Sanaa Veenendaal Shizunaifurukawacho Kheri Carouge KrasnoyeSelo Sapele Ronse NovyyBuh ZapadnoyeDegunino LaPossession Chittaranjan Fredericia Rembangan LaPossession Bejucal Chambly AbualMatamir NovyyBuh SaintMichael SanJosedeOcoa Khangarh Pundong Sapporo RioFormoso SaintMichael Khangarh KampLintfort Bodhan Ketrzyn Frosinone NiagaraFalls Chambly Veenendaal AbualMatamir Chambly Kabarnet NovyyBuh Ouarzazat BurgbeiMagdeburg Ouarzazat Junagarh NiagaraFalls Kheri Veenendaal Srinagar Kheri Ramjibanpur Sapele RioFormoso Xochimilco Falun SanJosedeOcoa KampLintfort SaintMichael SanJosedeOcoa Entroncamento Pundong NiagaraFalls Colachel Westmont Sanaa Colachel Tabatinga LondonderryCountyBor Ronse Veenendaal Srinagar Depok Rangae BurgbeiMagdeburg JabalosSaraj Manduria Sagalo CoonRapids Tabatinga Kabarnet BurgbeiMagdeburg Chittaranjan elCampello Carmichael Carouge Kheri Malnate Srinagar Kirovsk Ermelo Crespo Khabarovsk Chegem Entroncamento Ouarzazat Ketrzyn SanJosedeOcoa Tottori Thamaga Rembangan Gangtok BeneBeraq Ibri Colachel FortLauderdale Depok Bejucal TanahMerah LondonderryCountyBor Ghugus Veenendaal Shizunaifurukawacho Shumen Jeypore Sarzedo Sanaa JabalosSaraj Ronse AzZuwaytinah RioFormoso Radnor SaintMichael Rangae Shively Lysva Jingzhou
50
Thamaga Thamaga
CoonRapids CoonRapids
Rangae Rangae
Srinagar Srinagar
Sanaa Sanaa
Veenendaal Veenendaal
Shizunaifurukawacho Shizunaifurukawacho
Kheri Kheri
Carouge Carouge
Ronse Ronse
Chittaranjan Chittaranjan
Rembangan Rembangan
Bejucal Bejucal
SaintMichael SaintMichael
SanJosedeOcoa SanJosedeOcoa
RioFormoso RioFormoso
Ketrzyn Ketrzyn
Kabarnet Kabarnet
Ouarzazat Ouarzazat
BurgbeiMagdeburg BurgbeiMagdeburg
Entroncamento Entroncamento
Colachel Colachel
Tabatinga Tabatinga
LondonderryCountyBor LondonderryCountyBor
Depok Depok
JabalosSaraj JabalosSaraj
Manduria Manduria
Sagalo Sagalo
elCampello elCampello
Carmichael Carmichael
Malnate Malnate
Kirovsk Kirovsk
Ermelo Ermelo
Crespo Crespo
Khabarovsk Khabarovsk
Chegem Chegem
Tottori Tottori
Gangtok Gangtok
BeneBeraq BeneBeraq
Ibri Ibri
FortLauderdale FortLauderdale
TanahMerah TanahMerah
Ghugus Ghugus
Shumen Shumen
Jeypore Jeypore
Sarzedo Sarzedo
AzZuwaytinah AzZuwaytinah
Radnor Radnor
Shively Shively
Lysva Lysva
