Kaimganj Leixlip Mesa EncarnaciondeDiaz Marseille Yucheng Tsukawaki SantiagodeCuba Madurai SantiagodeCuba Novopokrovskaya Pilibhit Bhudgaon Madurai Xankandi Jalaun Albi Pilibhit Madurai PinhalNovo Racine Gobo Fandriana Tocache MilpaAlta Anahuac Novopokrovskaya Tsukawaki Karasuyama Albi Novopokrovskaya GobernadorGalvez Narangba Dankov MontecatiniTerme Isakogorka Yucheng Korolev Tsirang Brecht Irvine Pilibhit Fagaras Kaimganj
25
Leixlip Leixlip
EncarnaciondeDiaz EncarnaciondeDiaz
Yucheng Yucheng
Tsukawaki Tsukawaki
Novopokrovskaya Novopokrovskaya
Pilibhit Pilibhit
Albi Albi
PinhalNovo PinhalNovo
Racine Racine
Gobo Gobo
Fandriana Fandriana
Tocache Tocache
MilpaAlta MilpaAlta
Anahuac Anahuac
Karasuyama Karasuyama
GobernadorGalvez GobernadorGalvez
Narangba Narangba
Dankov Dankov
MontecatiniTerme MontecatiniTerme
Isakogorka Isakogorka
Korolev Korolev
Tsirang Tsirang
Brecht Brecht
Irvine Irvine
Fagaras Fagaras
