S 2Ek 2Ee 2Eh 2Ei 1Ab 1Ab 1Ab 2De 2Dd 1Ag 1M 1Ag 1Ea 1Ea 1Ag 2Fe 1Ba 1Ba 1Ba 1Ba 2Bb 1Bf 1Bf 1M 1Bf 1Bf 2Bi 2Bf 2Bj 2Aj 1Da 1Fa 1Fa 1Ed 1Ed 1M 1Ec 1Ec 1Ed 1Ec 1Ec 1Ea 1Ec 1Ea 1Ea 1Ea 1Da 1M 1Da 1Da 2Ah 2Ag 2Ai 2Ae 2Ac 2Ab 2Ad 2Aa 2Ca 2Cb 2Cc 2Cd 1Cd 1Cc 1Cb 1Ca 1Ek 1Ee 1Eh 1Ei 1De 1Dd 1Fe 1Bb 1Bi 1Bf 1Bj 1Aj 1Ah 1Ag 1Ai 1Ae 1Ac 1Ab 1Ad 1Aa S
48
2Ek 2Ek
2Ee 2Ee
2Eh 2Eh
2Ei 2Ei
1Ab 1Ab
2De 2De
2Dd 2Dd
1Ag 1Ag
2Fe 2Fe
2Bb 2Bb
1Bf 1Bf
2Bi 2Bi
2Bf 2Bf
2Bj 2Bj
2Aj 2Aj
2Ah 2Ah
2Ag 2Ag
2Ai 2Ai
2Ae 2Ae
2Ac 2Ac
2Ab 2Ab
2Ad 2Ad
2Aa 2Aa
2Ca 2Ca
2Cb 2Cb
2Cc 2Cc
2Cd 2Cd
1Cd 1Cd
1Cc 1Cc
1Cb 1Cb
1Ca 1Ca
1Ek 1Ek
1Ee 1Ee
1Eh 1Eh
1Ei 1Ei
1De 1De
1Dd 1Dd
1Fe 1Fe
1Bb 1Bb
1Bi 1Bi
1Bj 1Bj
1Aj 1Aj
1Ah 1Ah
1Ai 1Ai
1Ae 1Ae
1Ac 1Ac
1Ad 1Ad
1Aa 1Aa
