BY5DUgv6 H2BV5cDz Af1jBIly 2mQchaeu B0wYReom yqX5KOVJ S9dNuWxm ayFODfwg w3Radp7c FSF4Na2U KJQpAqYk Y93BYexY yYTqCbSD 7CrB3pCm tDh0gTYH ytwiYcJl ucMA0iSv Y93BYexY FPDwKJIj Ym8LPSnY 8KVhuJvd OpfVa1HT 0zB29H2A Ym8LPSnY FSF4Na2U xTHVuNZl yqX5KOVJ KuVHgP1J Pi99fmGL UmgiH1K9 Pi99fmGL KuVHgP1J yqX5KOVJ xTHVuNZl tDh0gTYH 7CrB3pCm yYTqCbSD Y93BYexY ucMA0iSv R4zDiMu3 0zB29H2A FPDwKJIj q1vN3eei T9nDSMXa c9Hgvc9w kkvcm3Qd vVYZOPt6 o1w8sSXK mXjWiYol 1cr6aFpX B0wYReom Rv8rDvqp KJQpAqYk Pi99fmGL KuVHgP1J yqX5KOVJ xTHVuNZl tDh0gTYH 7CrB3pCm yYTqCbSD Y93BYexY ucMA0iSv R4zDiMu3 0zB29H2A OpfVa1HT KuVHgP1J Pi99fmGL KJQpAqYk FSF4Na2U w3Radp7c ayFODfwg S9dNuWxm 8e8OWOIi sR6JAufL xULc5Xg4 1aJdK4y9 K3J88UDV 6nj6dyOK gbolqDJc UfRMeyI7 mXjWiYol o1w8sSXK c9Hgvc9w q1vN3eei FPDwKJIj OpfVa1HT 0zB29H2A R4zDiMu3 ucMA0iSv tDh0gTYH xTHVuNZl yqX5KOVJ ayFODfwg S9dNuWxm rGjz0gOd AMieum8U NL9qZEp0 UmgiH1K9 iT0t8noc 9IHe97Yy HEJxX3gA 7IV7YjRX JMul31yq WlxPulQd 8ni5D4t7 g5YhtPSt CrvusN6e lvlSObqb 8tOszPqV nKZTEeUl PagRRYIg 1cr6aFpX Rv8rDvqp aPSEsY2w rZiSDNtK gd207oOq hc6YxxqG QeSUIsQ1 BY5DUgv6
50
H2BV5cDz H2BV5cDz
Af1jBIly Af1jBIly
2mQchaeu 2mQchaeu
B0wYReom B0wYReom
yqX5KOVJ yqX5KOVJ
S9dNuWxm S9dNuWxm
ayFODfwg ayFODfwg
tDh0gTYH tDh0gTYH
ucMA0iSv ucMA0iSv
FPDwKJIj FPDwKJIj
OpfVa1HT OpfVa1HT
0zB29H2A 0zB29H2A
xTHVuNZl xTHVuNZl
UmgiH1K9 UmgiH1K9
R4zDiMu3 R4zDiMu3
q1vN3eei q1vN3eei
c9Hgvc9w c9Hgvc9w
o1w8sSXK o1w8sSXK
mXjWiYol mXjWiYol
1cr6aFpX 1cr6aFpX
Rv8rDvqp Rv8rDvqp
8e8OWOIi 8e8OWOIi
sR6JAufL sR6JAufL
xULc5Xg4 xULc5Xg4
1aJdK4y9 1aJdK4y9
K3J88UDV K3J88UDV
6nj6dyOK 6nj6dyOK
gbolqDJc gbolqDJc
UfRMeyI7 UfRMeyI7
rGjz0gOd rGjz0gOd
AMieum8U AMieum8U
NL9qZEp0 NL9qZEp0
iT0t8noc iT0t8noc
9IHe97Yy 9IHe97Yy
HEJxX3gA HEJxX3gA
7IV7YjRX 7IV7YjRX
JMul31yq JMul31yq
WlxPulQd WlxPulQd
8ni5D4t7 8ni5D4t7
g5YhtPSt g5YhtPSt
CrvusN6e CrvusN6e
lvlSObqb lvlSObqb
8tOszPqV 8tOszPqV
nKZTEeUl nKZTEeUl
PagRRYIg PagRRYIg
aPSEsY2w aPSEsY2w
rZiSDNtK rZiSDNtK
gd207oOq gd207oOq
hc6YxxqG hc6YxxqG
QeSUIsQ1 QeSUIsQ1
