74 5 45 38 41 64 23 33 35 46 19 17 54 48 52 65 50 2 63 36 11 12 39 28 32 25 15 47 40 59 58 55 49 6 20 34 51 10 27 29 43 57 9 22 0 60 1 62 3 4 21 8 42 13 16 44 53 61 24 30 14 56 26 37 18 7 31 74
66
5 5
45 45
38 38
41 41
64 64
23 23
33 33
35 35
46 46
19 19
17 17
54 54
48 48
52 52
65 65
50 50
2 2
63 63
36 36
11 11
12 12
39 39
28 28
32 32
25 25
15 15
47 47
40 40
59 59
58 58
55 55
49 49
6 6
20 20
34 34
51 51
10 10
27 27
29 29
43 43
57 57
9 9
22 22
0 0
60 60
1 1
62 62
3 3
4 4
21 21
8 8
42 42
13 13
16 16
44 44
53 53
61 61
24 24
30 30
14 14
56 56
26 26
37 37
18 18
7 7
31 31
