Acadia Mammoth Gunnison Yosemite Congaree Badlands Caverns Cuyahoga Congaree Acadia Glacier Acadia Guadalupe Olympic Basin Tortugas Cascades Acadia Voyageurs Gateway Redwood Guadalupe Kenai Lassen Isle Shenandoah Redwood Sequoia Pinnacles Kenai Isle Voyageurs Gunnison Saguaro Katmai Bend Everglades Katmai Clark Rocky Cuyahoga Biscayne Rocky Tortugas Acadia Gunnison Crater Sequoia Capitol Guadalupe Isle Teton Gateway Smoky Tortugas Bend Denali Everglades Congaree Caverns Arches Crater Badlands Basin Gunnison Glacier Brycecanyon Canyonlands Haleakala Indiana Channel Cuyahoga Biscayne Acadia
25
Gunnison Gunnison
Congaree Congaree
Badlands Badlands
Caverns Caverns
Cuyahoga Cuyahoga
Glacier Glacier
Guadalupe Guadalupe
Basin Basin
Tortugas Tortugas
Gateway Gateway
Isle Isle
Bend Bend
Everglades Everglades
Biscayne Biscayne
Crater Crater
Capitol Capitol
Teton Teton
Smoky Smoky
Denali Denali
Arches Arches
Brycecanyon Brycecanyon
Canyonlands Canyonlands
Haleakala Haleakala
Indiana Indiana
Channel Channel
