Soda Soda Soda Soda Soda Soda Soda Soda Soda Soda Soda Soda Soda Soda Soda Soda Soda Soda Soda Beauxbatons Soda Arda LonelyMountain Pentos Pentos Pentos Pentos Pentos Reach Dorne Sothoryos Khado Hobbiton Ormal KingsLanding Mereen Valyria Qohor Essos Braavos Qarth Ghis Sunspear Iluin Mordor Westeros Vale Mandos Rivendell Hogsmeade Hogwarts Soda
26
Beauxbatons Beauxbatons
Arda Arda
LonelyMountain LonelyMountain
Reach Reach
Dorne Dorne
Sothoryos Sothoryos
Khado Khado
Hobbiton Hobbiton
Ormal Ormal
KingsLanding KingsLanding
Mereen Mereen
Valyria Valyria
Qohor Qohor
Essos Essos
Braavos Braavos
Qarth Qarth
Ghis Ghis
Sunspear Sunspear
Iluin Iluin
Mordor Mordor
Westeros Westeros
Vale Vale
Mandos Mandos
Rivendell Rivendell
Hogsmeade Hogsmeade
Hogwarts Hogwarts
