6 4 4 6 5 6 189 13 11 11 13 12 13 190 20 18 18 20 19 20 194 27 25 25 27 26 27 184 34 32 32 34 33 34 186 182 39 39 41 40 41 179 48 46 46 48 47 48 177 55 53 53 55 54 55 181 62 60 60 62 61 62 169 172 174 67 69 68 69 161 165 74 74 76 75 76 166 83 81 81 83 82 83 160 90 88 155 154 149 150 148 145 142 140 133 136 134 126 128 129 124 122 120 91 96 94 106 105 110 115 116 112 103 100 101 87 88 90 83 77 80 75 74 76 65 69 64 61 60 62 51 53 50 44 47 43 41 39 38 31 30 32 22 25 27 17 19 18 11 12 10 2 1 6
84
6 6
189 189
11 11
12 12
190 190
18 18
19 19
194 194
27 27
25 25
184 184
32 32
186 186
182 182
39 39
41 41
179 179
47 47
177 177
53 53
181 181
62 62
60 60
61 61
169 169
172 172
174 174
69 69
161 161
165 165
74 74
76 76
75 75
166 166
83 83
160 160
90 90
88 88
155 155
154 154
149 149
150 150
148 148
145 145
142 142
140 140
133 133
136 136
134 134
126 126
128 128
129 129
124 124
122 122
120 120
91 91
96 96
94 94
106 106
105 105
110 110
115 115
116 116
112 112
103 103
100 100
101 101
87 87
77 77
80 80
65 65
64 64
51 51
50 50
44 44
43 43
38 38
31 31
30 30
22 22
17 17
10 10
2 2
1 1
