Greenhouse Greenhouse Greenhouse Greenhouse Greenhouse Greenhouse Greenhouse Greenhouse Greenhouse Greenhouse Greenhouse Greenhouse Greenhouse Greenhouse Greenhouse Greenhouse Greenhouse Greenhouse Greenhouse Greenhouse Greenhouse Greenhouse Greenhouse Greenhouse Greenhouse Greenhouse Greenhouse Greenhouse Greenhouse Greenhouse Greenhouse Greenhouse Greenhouse Greenhouse Greenhouse Greenhouse Greenhouse Greenhouse Greenhouse Greenhouse Greenhouse Greenhouse Greenhouse Greenhouse Greenhouse Greenhouse Greenhouse Greenhouse Greenhouse Greenhouse BerkeleyWest Greenhouse BlackwellHall BoaltHall ImagingCenter CaliforniaHall CalvinLaboratory CareerCenter ChavezCenter ChouHall ClassFountain CNMAT CyclotronRd DoeLibrary DurantHall DwinelleAnnex EastGate EnergyBuilding EtcheverryHall EvansHall FacultyClub FoundersRock FrankWay GeneticsPlantBldg HertzHall unit3 Cafe3 GianniniHall GayleyRd FoxCottage FacultyGlade EyeCenter EvansDiamond EshlemanHall EdwardsStadium DwinelleHall DurhamTheatre DonnerLab DavisHall CoryHall ClassGate ClarkCampus CheitHall ChanAuditorium CampbellHall CaliforniaStadium StarrLibrary BotanGarden BlumHall BirgeHall BerkeleyMuseum Greenhouse
50
BerkeleyWest BerkeleyWest
BlackwellHall BlackwellHall
BoaltHall BoaltHall
ImagingCenter ImagingCenter
CaliforniaHall CaliforniaHall
CalvinLaboratory CalvinLaboratory
CareerCenter CareerCenter
ChavezCenter ChavezCenter
ChouHall ChouHall
ClassFountain ClassFountain
CNMAT CNMAT
CyclotronRd CyclotronRd
DoeLibrary DoeLibrary
DurantHall DurantHall
DwinelleAnnex DwinelleAnnex
EastGate EastGate
EnergyBuilding EnergyBuilding
EtcheverryHall EtcheverryHall
EvansHall EvansHall
FacultyClub FacultyClub
FoundersRock FoundersRock
FrankWay FrankWay
GeneticsPlantBldg GeneticsPlantBldg
HertzHall HertzHall
unit3 unit3
Cafe3 Cafe3
GianniniHall GianniniHall
GayleyRd GayleyRd
FoxCottage FoxCottage
FacultyGlade FacultyGlade
EyeCenter EyeCenter
EvansDiamond EvansDiamond
EshlemanHall EshlemanHall
EdwardsStadium EdwardsStadium
DwinelleHall DwinelleHall
DurhamTheatre DurhamTheatre
DonnerLab DonnerLab
DavisHall DavisHall
CoryHall CoryHall
ClassGate ClassGate
ClarkCampus ClarkCampus
CheitHall CheitHall
ChanAuditorium ChanAuditorium
CampbellHall CampbellHall
CaliforniaStadium CaliforniaStadium
StarrLibrary StarrLibrary
BotanGarden BotanGarden
BlumHall BlumHall
BirgeHall BirgeHall
BerkeleyMuseum BerkeleyMuseum
