pace certain forge mystery shy chair shiver banana due class page enhance mature buffet excuse tolerate shy assume rob shy write stress bitter figure interactive mystery deposit miserable imposter shiver skeleton class thumb interactive shy shy market banana deposit disclose straighten solve approval banana circulation judicial guarantee certain throne king respect pace page demand tolerate stress prison solve market miserable environment market shy chair skeleton disclose injury guarantee king banana chair mystery approval demand joint dip pain demand page enhance mature buffet enhance tablet cigarette vegetarian miserable bitter respect mystery banana king injection figure paper mystery market shy nationalist fortune honor financial guarantee bitter respect imposter sunrise title fortune banana king guarantee skeleton understand romantic sign prison dialogue romantic straighten gate paper figure market miserable exclusive buffet king guarantee buffet exclusive class injury figure paper circulation output autonomy glasses tool prison likely seize sunrise title shy nationalist dip pain demand cigarette tablet swear other mystery enter brake headline quality sign legislation thumb enhance dough linger tolerate vegetarian winner honor throne imposter page lake rob bitter financial voice pace
50
mystery mystery
shy shy
class class
page page
enhance enhance
buffet buffet
tolerate tolerate
rob rob
bitter bitter
figure figure
imposter imposter
thumb thumb
circulation circulation
guarantee guarantee
throne throne
king king
demand demand
prison prison
injury injury
dip dip
pain pain
tablet tablet
cigarette cigarette
vegetarian vegetarian
paper paper
nationalist nationalist
honor honor
financial financial
sunrise sunrise
title title
sign sign
exclusive exclusive
output output
autonomy autonomy
glasses glasses
tool tool
likely likely
seize seize
swear swear
other other
enter enter
brake brake
headline headline
quality quality
legislation legislation
dough dough
linger linger
winner winner
lake lake
voice voice
