0 67 66 1 5 5 1 70 1 69 8 14 8 75 8 8 8 71 16 76 18 33 28 79 28 28 28 25 78 25 18 77 18 18 18 18 64 62 33 80 38 38 84 81 41 82 41 60 41 85 48 48 61 63 58 56 55 57 53 51 49 50 47 46 43 42 44 45 39 40 37 36 35 34 32 30 29 31 27 26 24 22 20 19 21 23 17 15 12 10 9 11 13 7 6 4 2 3 0
50
66 66
64 64
62 62
60 60
61 61
63 63
58 58
56 56
55 55
57 57
53 53
51 51
49 49
50 50
47 47
46 46
43 43
42 42
44 44
45 45
39 39
40 40
37 37
36 36
35 35
34 34
32 32
30 30
29 29
31 31
27 27
26 26
24 24
22 22
20 20
19 19
21 21
23 23
17 17
15 15
12 12
10 10
9 9
11 11
13 13
7 7
6 6
4 4
2 2
3 3
