9iIwk WJNpN HOs1b 9iIwk 5ioW1 9iIwk 1uRw3 5R5Xa 9iIwk 5ioW1 ZgtaX ZgtaX rrNj1 ZgtaX jASvw oqPYQ 0GdkR Ew56P jYfXn MA43U QVYVG HOs1b jT5CK 6EWVx 9iIwk 6EWVx jT5CK 6EWVx jT5CK rrNj1 5R5Xa WJNpN YH6mk jT5CK q0lus Esl6u QVYVG Esl6u rrNj1 6EWVx jT5CK WJNpN YH6mk 5ioW1 YH6mk 6EWVx fS0W8 WJNpN jT5CK 6EWVx 9iIwk 5R5Xa rrNj1 Esl6u fS0W8 k64Ok RKW0P 9iIwk jASvw k64Ok ZgtaX pXCjI k6V9L vrNke 5ioW1 Esl6u fS0W8 k64Ok ZgtaX k64Ok fS0W8 Esl6u rrNj1 5BDPJ jT5CK qkJ6b 1xmtC XYzcU Mj2eQ ZzWHp iEXNY jYfXn SgDk6 LZomt RhUVQ kmzhT aHGHb WGJpQ vE0Pj jAwQw 1uRw3 y89SK Ri2t4 1pxZM 5VT1H tnjfN AgYPL YH6mk Y7IDR 4a0W8 5ioW1 Be0ab XZKtP dw7aX bXinH 7G74f h2rea 1eRkH ChXAd p9vQm fS0W8 BnAjj JgjFI Vake4 pXCjI ZgtaX veOJ7 iCgvV 5R5Xa 9iIwk
50
9iIwk 9iIwk
5ioW1 5ioW1
1uRw3 1uRw3
5R5Xa 5R5Xa
ZgtaX ZgtaX
jASvw jASvw
oqPYQ oqPYQ
0GdkR 0GdkR
jYfXn jYfXn
jT5CK jT5CK
YH6mk YH6mk
fS0W8 fS0W8
pXCjI pXCjI
5BDPJ 5BDPJ
qkJ6b qkJ6b
1xmtC 1xmtC
XYzcU XYzcU
Mj2eQ Mj2eQ
ZzWHp ZzWHp
iEXNY iEXNY
SgDk6 SgDk6
LZomt LZomt
RhUVQ RhUVQ
kmzhT kmzhT
aHGHb aHGHb
WGJpQ WGJpQ
vE0Pj vE0Pj
jAwQw jAwQw
y89SK y89SK
Ri2t4 Ri2t4
1pxZM 1pxZM
5VT1H 5VT1H
tnjfN tnjfN
AgYPL AgYPL
Y7IDR Y7IDR
4a0W8 4a0W8
Be0ab Be0ab
XZKtP XZKtP
dw7aX dw7aX
bXinH bXinH
7G74f 7G74f
h2rea h2rea
1eRkH 1eRkH
ChXAd ChXAd
p9vQm p9vQm
BnAjj BnAjj
JgjFI JgjFI
Vake4 Vake4
veOJ7 veOJ7
iCgvV iCgvV
