Ilesa Resplendor Great Ada Tyoply GernikaLumo LonsleSaunier Calauan Rhosllanerchrugog Milagro Azrou Uran Alfenas Polohy WaltonontheNaze Memmingen Tupelo Milledgeville Puerto Onex Tiruppuvanam Claremont Malden Viewpark Palafrugell Villaquilambre Stupino Jagna Aleshtar Hermsdorf Sceaux Valletta Itacoatiara Sirsi Ponta Lodwar Puducherry American Bavly Gariadhar Kyzylorda Brzeg Clermont Perth Niort UlanUde Tak Talipparamba Lille Marburg Palm Oberhausen Sorsogon MitryMory PortVila Alexandria Jashpurnagar Magomeni Valday Tupiza DehiwalaMount Calauan Tharu Ventimiglia Shaowu Chacabuco Ramla Yingkou Barracas Aurora Perth Paredes Skalica Guli New Dahlem Mouscron Bogovinje MitryMory Copperas Bobigny Sillanwali Sishui Landshut Bon An Bang Shagamu Brunswick Jiangyan Davis Toledo Meizhou Mexborough Oulmes Bensheim PointeClaire MitryMory Campobasso Bensheim Zaozhuang Rutland Stuttgart Aklera Foshan Ilesa
100
Ilesa Ilesa
Resplendor Resplendor
Great Great
Ada Ada
Tyoply Tyoply
GernikaLumo GernikaLumo
LonsleSaunier LonsleSaunier
Calauan Calauan
Rhosllanerchrugog Rhosllanerchrugog
Milagro Milagro
Azrou Azrou
Uran Uran
Alfenas Alfenas
Polohy Polohy
WaltonontheNaze WaltonontheNaze
Memmingen Memmingen
Tupelo Tupelo
Milledgeville Milledgeville
Puerto Puerto
Onex Onex
Tiruppuvanam Tiruppuvanam
Claremont Claremont
Malden Malden
Viewpark Viewpark
Palafrugell Palafrugell
Villaquilambre Villaquilambre
Stupino Stupino
Jagna Jagna
Aleshtar Aleshtar
Hermsdorf Hermsdorf
Sceaux Sceaux
Valletta Valletta
Itacoatiara Itacoatiara
Sirsi Sirsi
Ponta Ponta
Lodwar Lodwar
Puducherry Puducherry
American American
Bavly Bavly
Gariadhar Gariadhar
Kyzylorda Kyzylorda
Brzeg Brzeg
Clermont Clermont
Perth Perth
Niort Niort
UlanUde UlanUde
Tak Tak
Talipparamba Talipparamba
Lille Lille
Marburg Marburg
Palm Palm
Oberhausen Oberhausen
Sorsogon Sorsogon
MitryMory MitryMory
PortVila PortVila
Alexandria Alexandria
Jashpurnagar Jashpurnagar
Magomeni Magomeni
Valday Valday
Tupiza Tupiza
DehiwalaMount DehiwalaMount
Tharu Tharu
Ventimiglia Ventimiglia
Shaowu Shaowu
Chacabuco Chacabuco
Ramla Ramla
Yingkou Yingkou
Barracas Barracas
Aurora Aurora
Paredes Paredes
Skalica Skalica
Guli Guli
New New
Dahlem Dahlem
Mouscron Mouscron
Bogovinje Bogovinje
Copperas Copperas
Bobigny Bobigny
Sillanwali Sillanwali
Sishui Sishui
Landshut Landshut
Bon Bon
An An
Bang Bang
Shagamu Shagamu
Brunswick Brunswick
Jiangyan Jiangyan
Davis Davis
Toledo Toledo
Meizhou Meizhou
Mexborough Mexborough
Oulmes Oulmes
Bensheim Bensheim
PointeClaire PointeClaire
Campobasso Campobasso
Zaozhuang Zaozhuang
Rutland Rutland
Stuttgart Stuttgart
Aklera Aklera
Foshan Foshan
