create childish company suffer predict steward think belief dose merit hide cancel scrap top skip adult minimize exotic direct perception basketball celebration prove mechanism colon line accessible ballot crew farewell pupil fuss magnitude concern battery contract absorption tin transmission craftsman linear maze community nationalism pastel creation pride bracket breakin deck feign appear create
50
childish childish
company company
suffer suffer
predict predict
steward steward
think think
belief belief
dose dose
merit merit
hide hide
cancel cancel
scrap scrap
top top
skip skip
adult adult
minimize minimize
exotic exotic
direct direct
perception perception
basketball basketball
celebration celebration
prove prove
mechanism mechanism
colon colon
line line
accessible accessible
ballot ballot
crew crew
farewell farewell
pupil pupil
fuss fuss
magnitude magnitude
concern concern
battery battery
contract contract
absorption absorption
tin tin
transmission transmission
linear linear
maze maze
community community
nationalism nationalism
pastel pastel
creation creation
pride pride
bracket bracket
breakin breakin
deck deck
feign feign
appear appear
