steward exotic basketball battery ballot crew creation perception appear scrap linear community company hide concern pastel minimize tin think deck belief skip adult farewell childish top childish steward
25
exotic exotic
basketball basketball
battery battery
ballot ballot
crew crew
creation creation
perception perception
appear appear
scrap scrap
linear linear
community community
company company
hide hide
concern concern
pastel pastel
minimize minimize
tin tin
think think
deck deck
belief belief
skip skip
adult adult
farewell farewell
childish childish
top top
