CH AZ BL CS BC CU DD AQ AQ DS BF CP AY DG AP DN DQ BZ BU CA AM DA DN AV AT AD AH AT BJ AT BS AU CL CL CX DB DT BX AQ CF DL AR CM AV DK AT AD CY AX AX BA CU DN CF CF CQ DU CN AJ AF DO AN BZ AM BP DF DQ BI DP BV AT DL DC AL BN BG CW CF BD DV AV AU DI CB DM CL CD CZ DD BY AP CV CH
50
AZ AZ
BL BL
CS CS
BC BC
CU CU
DD DD
BF BF
CP CP
AY AY
DG DG
AP AP
DQ DQ
BZ BZ
BU BU
CA CA
AM AM
AV AV
AT AT
BS BS
AU AU
CL CL
DB DB
CF CF
DL DL
CQ CQ
DU DU
CN CN
AJ AJ
AF AF
DO DO
AN AN
BP BP
DF DF
BI BI
DP DP
BV BV
DC DC
AL AL
BN BN
BG BG
CW CW
BD BD
DV DV
DI DI
CB CB
DM DM
CD CD
CZ CZ
BY BY
CV CV
