Zo0umr3KFWOZJQPm OMjRZA0G6vbBxKd5 HAZt9xslXTTIQrh6 bpy0VAq3GZuO2R8U ziJdi0Y4mj4TIJZ9 ziJdi0Y4mj4TIJZ9 RnvIh4TOetAfG82E J5iqQt6wukvg6KLY tZ46uZudk7AfSXt1 ziJdi0Y4mj4TIJZ9 RnvIh4TOetAfG82E WVwd9ExLXa3zphJn 9pH9xdreYrmVM1JI J5iqQt6wukvg6KLY rvadWwbDVrEOdUmt ZsdU4FLz0FoJAHOC asqla05DvWvndrgH uuhviI1p7F0sChqp ZsdU4FLz0FoJAHOC e9DWnoEu0mxMb9VK qeVT6FbNKHRizFU8 asqla05DvWvndrgH eRAtRmExinGYKjYs 9dVIdmIqrww8IL0A HqZKcXPbTIsIN6eT drsNw5E8nXGgcxxE eRAtRmExinGYKjYs xlWntBwCLfHgHam8 9L0zlmq9jRh6nd1I tZ46uZudk7AfSXt1 qQzEeIfIOpoI9qKk 5TjXpBJuIWCWGZis jVrty3u6KGOjBg80 HqZKcXPbTIsIN6eT e9DWnoEu0mxMb9VK ZsdU4FLz0FoJAHOC KHBd51v9Lk79JoNu W4POX5YqpnnI3x1U 3PEg9lFbqEimkqjc drsNw5E8nXGgcxxE 0Pfip4BXzoRzyFv2 drsNw5E8nXGgcxxE 3PEg9lFbqEimkqjc jVrty3u6KGOjBg80 z6aHWvfWV1YcOU3s 9dVIdmIqrww8IL0A drsNw5E8nXGgcxxE CvZWFxoaMZYhwHYj 2yhNJ9fcTz8hRVDj PDtM7hU3L1QjW9eR HqZKcXPbTIsIN6eT QSabhET5tNnXgX60 asqla05DvWvndrgH K5TJWlCDC2GiIJEC xlWntBwCLfHgHam8 1bDI0W7o3Pb2zYhB uuhviI1p7F0sChqp eRAtRmExinGYKjYs fBCH5yXHMW5jQJjk LI7uFZ34s97AeNpk 5TjXpBJuIWCWGZis 8pFqGmxaOhvFeBf4 Gypke7sesv6WDuj9 jVrty3u6KGOjBg80 W4POX5YqpnnI3x1U Byr8ftz6Pn4uac3K LdwRPFzBNqStC5X8 1yeDQmwUGYi8LEVC 0Pfip4BXzoRzyFv2 3PEg9lFbqEimkqjc 3SYpu8y7n2lFaEgA kWAnmn2xV4T8moWO 2hsCdf5s2NPqItPy HqZKcXPbTIsIN6eT drsNw5E8nXGgcxxE CvZWFxoaMZYhwHYj 2yhNJ9fcTz8hRVDj EotYPttMvJbBfyaO Dg4uIWuVD7Xd3FfI PDtM7hU3L1QjW9eR uRc2j178KRm3sVAY fg0WyZdFGAAZWRqK PmJZCdR41rbLgXgi Zo0umr3KFWOZJQPm
50
OMjRZA0G6vbBxKd5 OMjRZA0G6vbBxKd5
HAZt9xslXTTIQrh6 HAZt9xslXTTIQrh6
bpy0VAq3GZuO2R8U bpy0VAq3GZuO2R8U
ziJdi0Y4mj4TIJZ9 ziJdi0Y4mj4TIJZ9
RnvIh4TOetAfG82E RnvIh4TOetAfG82E
J5iqQt6wukvg6KLY J5iqQt6wukvg6KLY
tZ46uZudk7AfSXt1 tZ46uZudk7AfSXt1
WVwd9ExLXa3zphJn WVwd9ExLXa3zphJn
9pH9xdreYrmVM1JI 9pH9xdreYrmVM1JI
rvadWwbDVrEOdUmt rvadWwbDVrEOdUmt
ZsdU4FLz0FoJAHOC ZsdU4FLz0FoJAHOC
asqla05DvWvndrgH asqla05DvWvndrgH
uuhviI1p7F0sChqp uuhviI1p7F0sChqp
e9DWnoEu0mxMb9VK e9DWnoEu0mxMb9VK
qeVT6FbNKHRizFU8 qeVT6FbNKHRizFU8
eRAtRmExinGYKjYs eRAtRmExinGYKjYs
9dVIdmIqrww8IL0A 9dVIdmIqrww8IL0A
HqZKcXPbTIsIN6eT HqZKcXPbTIsIN6eT
drsNw5E8nXGgcxxE drsNw5E8nXGgcxxE
xlWntBwCLfHgHam8 xlWntBwCLfHgHam8
9L0zlmq9jRh6nd1I 9L0zlmq9jRh6nd1I
qQzEeIfIOpoI9qKk qQzEeIfIOpoI9qKk
5TjXpBJuIWCWGZis 5TjXpBJuIWCWGZis
jVrty3u6KGOjBg80 jVrty3u6KGOjBg80
KHBd51v9Lk79JoNu KHBd51v9Lk79JoNu
W4POX5YqpnnI3x1U W4POX5YqpnnI3x1U
3PEg9lFbqEimkqjc 3PEg9lFbqEimkqjc
0Pfip4BXzoRzyFv2 0Pfip4BXzoRzyFv2
z6aHWvfWV1YcOU3s z6aHWvfWV1YcOU3s
CvZWFxoaMZYhwHYj CvZWFxoaMZYhwHYj
2yhNJ9fcTz8hRVDj 2yhNJ9fcTz8hRVDj
PDtM7hU3L1QjW9eR PDtM7hU3L1QjW9eR
QSabhET5tNnXgX60 QSabhET5tNnXgX60
K5TJWlCDC2GiIJEC K5TJWlCDC2GiIJEC
1bDI0W7o3Pb2zYhB 1bDI0W7o3Pb2zYhB
fBCH5yXHMW5jQJjk fBCH5yXHMW5jQJjk
LI7uFZ34s97AeNpk LI7uFZ34s97AeNpk
8pFqGmxaOhvFeBf4 8pFqGmxaOhvFeBf4
Gypke7sesv6WDuj9 Gypke7sesv6WDuj9
Byr8ftz6Pn4uac3K Byr8ftz6Pn4uac3K
LdwRPFzBNqStC5X8 LdwRPFzBNqStC5X8
1yeDQmwUGYi8LEVC 1yeDQmwUGYi8LEVC
3SYpu8y7n2lFaEgA 3SYpu8y7n2lFaEgA
kWAnmn2xV4T8moWO kWAnmn2xV4T8moWO
2hsCdf5s2NPqItPy 2hsCdf5s2NPqItPy
EotYPttMvJbBfyaO EotYPttMvJbBfyaO
Dg4uIWuVD7Xd3FfI Dg4uIWuVD7Xd3FfI
uRc2j178KRm3sVAY uRc2j178KRm3sVAY
fg0WyZdFGAAZWRqK fg0WyZdFGAAZWRqK
PmJZCdR41rbLgXgi PmJZCdR41rbLgXgi
